<?xml version="1.0" encoding="UTF-8"?>
<testsuite name="com.susu.movies.search.adapter.DefaultSearchMoviesAdapterTest" tests="2" skipped="0" failures="0" errors="0" timestamp="2016-06-21T08:53:51" hostname="Susanas-MacBook-Pro.local" time="0.029">
  <properties/>
  <testcase name="should send request to flight stats client" classname="com.susu.movies.search.adapter.DefaultSearchMoviesAdapterTest" time="0.026"/>
  <testcase name="should throw error" classname="com.susu.movies.search.adapter.DefaultSearchMoviesAdapterTest" time="0.003"/>
  <system-out><![CDATA[]]></system-out>
  <system-err><![CDATA[]]></system-err>
</testsuite>
