<?xml version="1.0" encoding="UTF-8"?>
<testsuite name="com.susu.movies.search.adapter.SearchMoviesUrlBuilderTest" tests="1" skipped="0" failures="0" errors="0" timestamp="2016-06-21T08:53:51" hostname="Susanas-MacBook-Pro.local" time="0.024">
  <properties/>
  <testcase name="should build url" classname="com.susu.movies.search.adapter.SearchMoviesUrlBuilderTest" time="0.024"/>
  <system-out><![CDATA[]]></system-out>
  <system-err><![CDATA[]]></system-err>
</testsuite>
