<?xml version="1.0" encoding="UTF-8"?>
<testsuite name="com.susu.movies.integration.SearchMoviesIntegrationTest" tests="1" skipped="0" failures="1" errors="0" timestamp="2016-06-21T08:50:14" hostname="Susanas-MacBook-Pro.local" time="9.659">
  <properties/>
  <testcase name="should find movies for a query" classname="com.susu.movies.integration.SearchMoviesIntegrationTest" time="9.659">
    <failure message="com.susu.movies.search.adapter.SearchMoviesException: Error response from Movies API" type="com.susu.movies.search.adapter.SearchMoviesException">com.susu.movies.search.adapter.SearchMoviesException: Error response from Movies API
	at com.susu.movies.search.adapter.SearchMoviesClient.searchMovies(SearchMoviesClient.groovy:29)
	at org.springframework.cglib.proxy.MethodProxy.invoke(MethodProxy.java:204)
	at org.springframework.aop.framework.CglibAopProxy$CglibMethodInvocation.invokeJoinpoint(CglibAopProxy.java:717)
	at org.springframework.aop.framework.ReflectiveMethodInvocation.proceed(ReflectiveMethodInvocation.java:157)
	at org.springframework.retry.interceptor.RetryOperationsInterceptor$1.doWithRetry(RetryOperationsInterceptor.java:74)
	at org.springframework.retry.support.RetryTemplate.doExecute(RetryTemplate.java:263)
	at org.springframework.retry.support.RetryTemplate.execute(RetryTemplate.java:154)
	at org.springframework.retry.interceptor.RetryOperationsInterceptor.invoke(RetryOperationsInterceptor.java:101)
	at org.springframework.retry.annotation.AnnotationAwareRetryOperationsInterceptor.invoke(AnnotationAwareRetryOperationsInterceptor.java:118)
	at org.springframework.aop.framework.ReflectiveMethodInvocation.proceed(ReflectiveMethodInvocation.java:179)
	at org.springframework.aop.framework.CglibAopProxy$DynamicAdvisedInterceptor.intercept(CglibAopProxy.java:653)
	at com.susu.movies.search.adapter.DefaultSearchMoviesAdapter.searchMovies(DefaultSearchMoviesAdapter.groovy:27)
	at com.susu.movies.integration.SearchMoviesIntegrationTest.should find movies for a query(SearchMoviesIntegrationTest.groovy:33)
Caused by: org.springframework.web.client.HttpClientErrorException: 401 Unauthorized
	at org.springframework.web.client.DefaultResponseErrorHandler.handleError(DefaultResponseErrorHandler.java:91)
	at org.springframework.web.client.RestTemplate.handleResponse(RestTemplate.java:614)
	at org.springframework.web.client.RestTemplate.doExecute(RestTemplate.java:570)
	at org.springframework.web.client.RestTemplate.execute(RestTemplate.java:530)
	at org.springframework.web.client.RestTemplate.getForObject(RestTemplate.java:237)
	at com.susu.movies.search.adapter.SearchMoviesClient.searchMovies(SearchMoviesClient.groovy:27)
	... 12 more
</failure>
  </testcase>
  <system-out><![CDATA[15:50:14.389 [Test worker] DEBUG o.s.t.annotation.ProfileValueUtils - Retrieved @ProfileValueSourceConfiguration [null] for test class [com.susu.movies.integration.SearchMoviesIntegrationTest]
15:50:14.397 [Test worker] DEBUG o.s.t.annotation.ProfileValueUtils - Retrieved ProfileValueSource type [class org.springframework.test.annotation.SystemProfileValueSource] for class [com.susu.movies.integration.SearchMoviesIntegrationTest]
15:50:14.398 [Test worker] DEBUG o.s.t.annotation.ProfileValueUtils - Retrieved @ProfileValueSourceConfiguration [null] for test class [com.susu.movies.integration.SearchMoviesIntegrationTest]
15:50:14.398 [Test worker] DEBUG o.s.t.annotation.ProfileValueUtils - Retrieved ProfileValueSource type [class org.springframework.test.annotation.SystemProfileValueSource] for class [com.susu.movies.integration.SearchMoviesIntegrationTest]
15:50:14.412 [Test worker] DEBUG o.s.test.context.BootstrapUtils - Instantiating TestContextBootstrapper from class [org.springframework.test.context.support.DefaultTestContextBootstrapper]
15:50:14.440 [Test worker] DEBUG o.s.t.c.s.AbstractDelegatingSmartContextLoader - Delegating to AnnotationConfigContextLoader to process context configuration [ContextConfigurationAttributes@47ba6b68 declaringClass = 'com.susu.movies.integration.SearchMoviesIntegrationTest', classes = '{class com.susu.movies.integration.IntegrationTestConfiguration, class com.susu.movies.Application}', locations = '{}', inheritLocations = true, initializers = '{}', inheritInitializers = true, name = [null], contextLoaderClass = 'org.springframework.test.context.ContextLoader'].
15:50:14.443 [Test worker] DEBUG o.s.t.c.support.ActiveProfilesUtils - Could not find an 'annotation declaring class' for annotation type [org.springframework.test.context.ActiveProfiles] and class [com.susu.movies.integration.SearchMoviesIntegrationTest]
15:50:14.449 [Test worker] DEBUG o.s.t.c.s.DefaultTestContextBootstrapper - @TestExecutionListeners is not present for class [com.susu.movies.integration.SearchMoviesIntegrationTest]: using defaults.
15:50:14.459 [Test worker] INFO  o.s.t.c.s.DefaultTestContextBootstrapper - Loaded default TestExecutionListener class names from location [META-INF/spring.factories]: [org.springframework.test.context.web.ServletTestExecutionListener, org.springframework.test.context.support.DependencyInjectionTestExecutionListener, org.springframework.test.context.support.DirtiesContextTestExecutionListener, org.springframework.test.context.transaction.TransactionalTestExecutionListener, org.springframework.test.context.jdbc.SqlScriptsTestExecutionListener]
15:50:14.473 [Test worker] INFO  o.s.t.c.s.DefaultTestContextBootstrapper - Could not instantiate TestExecutionListener [org.springframework.test.context.transaction.TransactionalTestExecutionListener]. Specify custom listener classes or make the default listener classes (and their required dependencies) available. Offending class: [org/springframework/transaction/interceptor/TransactionAttributeSource]
15:50:14.479 [Test worker] INFO  o.s.t.c.s.DefaultTestContextBootstrapper - Could not instantiate TestExecutionListener [org.springframework.test.context.jdbc.SqlScriptsTestExecutionListener]. Specify custom listener classes or make the default listener classes (and their required dependencies) available. Offending class: [org/springframework/transaction/interceptor/TransactionAttribute]
15:50:14.482 [Test worker] INFO  o.s.t.c.s.DefaultTestContextBootstrapper - Using TestExecutionListeners: [org.springframework.test.context.web.ServletTestExecutionListener@63f98da2, org.springframework.test.context.support.DependencyInjectionTestExecutionListener@c662856, org.springframework.test.context.support.DirtiesContextTestExecutionListener@72e7d2ca]
15:50:14.810 [Test worker] DEBUG o.s.t.c.s.DependencyInjectionTestExecutionListener - Performing dependency injection for test context [[DefaultTestContext@6335caa testClass = SearchMoviesIntegrationTest, testInstance = com.susu.movies.integration.SearchMoviesIntegrationTest@42fe8260, testMethod = [null], testException = [null], mergedContextConfiguration = [MergedContextConfiguration@501aee8 testClass = SearchMoviesIntegrationTest, locations = '{}', classes = '{class com.susu.movies.integration.IntegrationTestConfiguration, class com.susu.movies.Application}', contextInitializerClasses = '[]', activeProfiles = '{}', propertySourceLocations = '{}', propertySourceProperties = '{}', contextLoader = 'org.springframework.test.context.support.DelegatingSmartContextLoader', parent = [null]]]].
15:50:14.812 [Test worker] DEBUG o.s.t.c.s.AbstractDelegatingSmartContextLoader - Delegating to AnnotationConfigContextLoader to load context from [MergedContextConfiguration@501aee8 testClass = SearchMoviesIntegrationTest, locations = '{}', classes = '{class com.susu.movies.integration.IntegrationTestConfiguration, class com.susu.movies.Application}', contextInitializerClasses = '[]', activeProfiles = '{}', propertySourceLocations = '{}', propertySourceProperties = '{}', contextLoader = 'org.springframework.test.context.support.DelegatingSmartContextLoader', parent = [null]].
15:50:14.812 [Test worker] DEBUG o.s.t.c.s.AbstractGenericContextLoader - Loading ApplicationContext for merged context configuration [[MergedContextConfiguration@501aee8 testClass = SearchMoviesIntegrationTest, locations = '{}', classes = '{class com.susu.movies.integration.IntegrationTestConfiguration, class com.susu.movies.Application}', contextInitializerClasses = '[]', activeProfiles = '{}', propertySourceLocations = '{}', propertySourceProperties = '{}', contextLoader = 'org.springframework.test.context.support.DelegatingSmartContextLoader', parent = [null]]].
15:50:14.825 [Test worker] DEBUG o.s.c.i.s.PathMatchingResourcePatternResolver - Found Equinox FileLocator for OSGi bundle URL resolution
15:50:14.907 [Test worker] DEBUG o.s.core.env.StandardEnvironment - Adding [systemProperties] PropertySource with lowest search precedence
15:50:14.909 [Test worker] DEBUG o.s.core.env.StandardEnvironment - Adding [systemEnvironment] PropertySource with lowest search precedence
15:50:14.909 [Test worker] DEBUG o.s.core.env.StandardEnvironment - Initialized StandardEnvironment with PropertySources [systemProperties,systemEnvironment]
15:50:14.909 [Test worker] DEBUG o.s.t.c.s.AnnotationConfigContextLoader - Registering annotated classes: {class com.susu.movies.integration.IntegrationTestConfiguration, class com.susu.movies.Application}
15:50:14.949 [Test worker] INFO  o.s.c.s.GenericApplicationContext - Refreshing org.springframework.context.support.GenericApplicationContext@2b1c45e3: startup date [Tue Jun 21 15:50:14 ICT 2016]; root of context hierarchy
15:50:14.949 [Test worker] DEBUG o.s.c.s.GenericApplicationContext - Bean factory for org.springframework.context.support.GenericApplicationContext@2b1c45e3: org.springframework.beans.factory.support.DefaultListableBeanFactory@463d99c0: defining beans [org.springframework.context.annotation.internalConfigurationAnnotationProcessor,org.springframework.context.annotation.internalAutowiredAnnotationProcessor,org.springframework.context.annotation.internalRequiredAnnotationProcessor,org.springframework.context.annotation.internalCommonAnnotationProcessor,integrationTestConfiguration,application]; root of factory hierarchy
15:50:14.960 [Test worker] DEBUG o.s.b.f.s.DefaultListableBeanFactory - Creating shared instance of singleton bean 'org.springframework.context.annotation.internalConfigurationAnnotationProcessor'
15:50:14.961 [Test worker] DEBUG o.s.b.f.s.DefaultListableBeanFactory - Creating instance of bean 'org.springframework.context.annotation.internalConfigurationAnnotationProcessor'
15:50:14.981 [Test worker] DEBUG o.s.b.f.s.DefaultListableBeanFactory - Eagerly caching bean 'org.springframework.context.annotation.internalConfigurationAnnotationProcessor' to allow for resolving potential circular references
15:50:14.983 [Test worker] DEBUG o.s.b.f.s.DefaultListableBeanFactory - Finished creating instance of bean 'org.springframework.context.annotation.internalConfigurationAnnotationProcessor'
15:50:15.002 [Test worker] DEBUG o.s.core.env.StandardEnvironment - Adding [class path resource [application-test.properties]] PropertySource with lowest search precedence
15:50:15.005 [Test worker] DEBUG o.s.core.env.StandardEnvironment - Adding [systemProperties] PropertySource with lowest search precedence
15:50:15.005 [Test worker] DEBUG o.s.core.env.StandardEnvironment - Adding [systemEnvironment] PropertySource with lowest search precedence
15:50:15.005 [Test worker] DEBUG o.s.core.env.StandardEnvironment - Initialized StandardEnvironment with PropertySources [systemProperties,systemEnvironment]
15:50:15.007 [Test worker] DEBUG o.s.c.a.ClassPathBeanDefinitionScanner - JSR-250 'javax.annotation.ManagedBean' found and supported for component scanning
15:50:15.008 [Test worker] DEBUG o.s.c.a.ClassPathBeanDefinitionScanner - JSR-330 'javax.inject.Named' annotation found and supported for component scanning
15:50:15.011 [Test worker] DEBUG o.s.c.i.s.PathMatchingResourcePatternResolver - Looking for matching resources in directory tree [/Users/Susana/IdeaProjects/movies/movies-adapter/build/classes/test/com/susu/movies]
15:50:15.011 [Test worker] DEBUG o.s.c.i.s.PathMatchingResourcePatternResolver - Searching directory [/Users/Susana/IdeaProjects/movies/movies-adapter/build/classes/test/com/susu/movies] for files matching pattern [/Users/Susana/IdeaProjects/movies/movies-adapter/build/classes/test/com/susu/movies/**/*.class]
15:50:15.013 [Test worker] DEBUG o.s.c.i.s.PathMatchingResourcePatternResolver - Searching directory [/Users/Susana/IdeaProjects/movies/movies-adapter/build/classes/test/com/susu/movies/acceptance] for files matching pattern [/Users/Susana/IdeaProjects/movies/movies-adapter/build/classes/test/com/susu/movies/**/*.class]
15:50:15.013 [Test worker] DEBUG o.s.c.i.s.PathMatchingResourcePatternResolver - Searching directory [/Users/Susana/IdeaProjects/movies/movies-adapter/build/classes/test/com/susu/movies/acceptance/common] for files matching pattern [/Users/Susana/IdeaProjects/movies/movies-adapter/build/classes/test/com/susu/movies/**/*.class]
15:50:15.014 [Test worker] DEBUG o.s.c.i.s.PathMatchingResourcePatternResolver - Searching directory [/Users/Susana/IdeaProjects/movies/movies-adapter/build/classes/test/com/susu/movies/integration] for files matching pattern [/Users/Susana/IdeaProjects/movies/movies-adapter/build/classes/test/com/susu/movies/**/*.class]
15:50:15.015 [Test worker] DEBUG o.s.c.i.s.PathMatchingResourcePatternResolver - Searching directory [/Users/Susana/IdeaProjects/movies/movies-adapter/build/classes/test/com/susu/movies/search] for files matching pattern [/Users/Susana/IdeaProjects/movies/movies-adapter/build/classes/test/com/susu/movies/**/*.class]
15:50:15.015 [Test worker] DEBUG o.s.c.i.s.PathMatchingResourcePatternResolver - Searching directory [/Users/Susana/IdeaProjects/movies/movies-adapter/build/classes/test/com/susu/movies/search/adapter] for files matching pattern [/Users/Susana/IdeaProjects/movies/movies-adapter/build/classes/test/com/susu/movies/**/*.class]
15:50:15.018 [Test worker] DEBUG o.s.c.i.s.PathMatchingResourcePatternResolver - Looking for matching resources in directory tree [/Users/Susana/IdeaProjects/movies/movies-adapter/build/classes/main/com/susu/movies]
15:50:15.018 [Test worker] DEBUG o.s.c.i.s.PathMatchingResourcePatternResolver - Searching directory [/Users/Susana/IdeaProjects/movies/movies-adapter/build/classes/main/com/susu/movies] for files matching pattern [/Users/Susana/IdeaProjects/movies/movies-adapter/build/classes/main/com/susu/movies/**/*.class]
15:50:15.018 [Test worker] DEBUG o.s.c.i.s.PathMatchingResourcePatternResolver - Searching directory [/Users/Susana/IdeaProjects/movies/movies-adapter/build/classes/main/com/susu/movies/model] for files matching pattern [/Users/Susana/IdeaProjects/movies/movies-adapter/build/classes/main/com/susu/movies/**/*.class]
15:50:15.019 [Test worker] DEBUG o.s.c.i.s.PathMatchingResourcePatternResolver - Searching directory [/Users/Susana/IdeaProjects/movies/movies-adapter/build/classes/main/com/susu/movies/search] for files matching pattern [/Users/Susana/IdeaProjects/movies/movies-adapter/build/classes/main/com/susu/movies/**/*.class]
15:50:15.019 [Test worker] DEBUG o.s.c.i.s.PathMatchingResourcePatternResolver - Searching directory [/Users/Susana/IdeaProjects/movies/movies-adapter/build/classes/main/com/susu/movies/search/adapter] for files matching pattern [/Users/Susana/IdeaProjects/movies/movies-adapter/build/classes/main/com/susu/movies/**/*.class]
15:50:15.020 [Test worker] DEBUG o.s.c.i.s.PathMatchingResourcePatternResolver - Searching directory [/Users/Susana/IdeaProjects/movies/movies-adapter/build/classes/main/com/susu/movies/status] for files matching pattern [/Users/Susana/IdeaProjects/movies/movies-adapter/build/classes/main/com/susu/movies/**/*.class]
15:50:15.020 [Test worker] DEBUG o.s.c.i.s.PathMatchingResourcePatternResolver - Looking for matching resources in jar file [file:/Users/Susana/IdeaProjects/movies/movies-model/build/libs/movies-model-master-SNAPSHOT.jar]
15:50:15.021 [Test worker] DEBUG o.s.c.i.s.PathMatchingResourcePatternResolver - Resolved location pattern [classpath*:com/susu/movies/**/*.class] to resources [file [/Users/Susana/IdeaProjects/movies/movies-adapter/build/classes/test/com/susu/movies/acceptance/common/BaseApiClient.class], file [/Users/Susana/IdeaProjects/movies/movies-adapter/build/classes/test/com/susu/movies/acceptance/common/RestAssuredObjectMapperWrapper.class], file [/Users/Susana/IdeaProjects/movies/movies-adapter/build/classes/test/com/susu/movies/acceptance/common/StoryContext$Fields.class], file [/Users/Susana/IdeaProjects/movies/movies-adapter/build/classes/test/com/susu/movies/acceptance/common/StoryContext.class], file [/Users/Susana/IdeaProjects/movies/movies-adapter/build/classes/test/com/susu/movies/acceptance/CommonSteps$_run_closure1.class], file [/Users/Susana/IdeaProjects/movies/movies-adapter/build/classes/test/com/susu/movies/acceptance/CommonSteps$_run_closure2.class], file [/Users/Susana/IdeaProjects/movies/movies-adapter/build/classes/test/com/susu/movies/acceptance/CommonSteps$_run_closure3.class], file [/Users/Susana/IdeaProjects/movies/movies-adapter/build/classes/test/com/susu/movies/acceptance/CommonSteps$_run_closure4.class], file [/Users/Susana/IdeaProjects/movies/movies-adapter/build/classes/test/com/susu/movies/acceptance/CommonSteps.class], file [/Users/Susana/IdeaProjects/movies/movies-adapter/build/classes/test/com/susu/movies/acceptance/SearchMoviesSteps$_buildSearchMoviesRequest_closure2.class], file [/Users/Susana/IdeaProjects/movies/movies-adapter/build/classes/test/com/susu/movies/acceptance/SearchMoviesSteps$_run_closure1.class], file [/Users/Susana/IdeaProjects/movies/movies-adapter/build/classes/test/com/susu/movies/acceptance/SearchMoviesSteps.class], file [/Users/Susana/IdeaProjects/movies/movies-adapter/build/classes/test/com/susu/movies/acceptance/StatusSteps$_run_closure1.class], file [/Users/Susana/IdeaProjects/movies/movies-adapter/build/classes/test/com/susu/movies/acceptance/StatusSteps$_run_closure2.class], file [/Users/Susana/IdeaProjects/movies/movies-adapter/build/classes/test/com/susu/movies/acceptance/StatusSteps$_run_closure3.class], file [/Users/Susana/IdeaProjects/movies/movies-adapter/build/classes/test/com/susu/movies/acceptance/StatusSteps$_run_closure4.class], file [/Users/Susana/IdeaProjects/movies/movies-adapter/build/classes/test/com/susu/movies/acceptance/StatusSteps$_run_closure5.class], file [/Users/Susana/IdeaProjects/movies/movies-adapter/build/classes/test/com/susu/movies/acceptance/StatusSteps$_run_closure6.class], file [/Users/Susana/IdeaProjects/movies/movies-adapter/build/classes/test/com/susu/movies/acceptance/StatusSteps.class], file [/Users/Susana/IdeaProjects/movies/movies-adapter/build/classes/test/com/susu/movies/integration/IntegrationTestConfiguration.class], file [/Users/Susana/IdeaProjects/movies/movies-adapter/build/classes/test/com/susu/movies/integration/SearchMoviesIntegrationTest.class], file [/Users/Susana/IdeaProjects/movies/movies-adapter/build/classes/test/com/susu/movies/search/adapter/DefaultSearchMoviesAdapterTest$_$spock_feature_0_1_closure1.class], file [/Users/Susana/IdeaProjects/movies/movies-adapter/build/classes/test/com/susu/movies/search/adapter/DefaultSearchMoviesAdapterTest$__spock_feature_0_1_closure1.class], file [/Users/Susana/IdeaProjects/movies/movies-adapter/build/classes/test/com/susu/movies/search/adapter/DefaultSearchMoviesAdapterTest.class], file [/Users/Susana/IdeaProjects/movies/movies-adapter/build/classes/test/com/susu/movies/search/adapter/SearchMoviesUrlBuilderTest.class], file [/Users/Susana/IdeaProjects/movies/movies-adapter/build/classes/test/com/susu/movies/search/SearchMoviesControllerTest$_$spock_feature_0_0_closure1.class], file [/Users/Susana/IdeaProjects/movies/movies-adapter/build/classes/test/com/susu/movies/search/SearchMoviesControllerTest$_$spock_feature_0_0prov2_closure2.class], file [/Users/Susana/IdeaProjects/movies/movies-adapter/build/classes/test/com/susu/movies/search/SearchMoviesControllerTest$_$spock_feature_0_0prov2_closure3.class], file [/Users/Susana/IdeaProjects/movies/movies-adapter/build/classes/test/com/susu/movies/search/SearchMoviesControllerTest$_$spock_feature_0_0prov2_closure4.class], file [/Users/Susana/IdeaProjects/movies/movies-adapter/build/classes/test/com/susu/movies/search/SearchMoviesControllerTest$_$spock_feature_0_0prov2_closure5.class], file [/Users/Susana/IdeaProjects/movies/movies-adapter/build/classes/test/com/susu/movies/search/SearchMoviesControllerTest$__spock_feature_0_0_closure1.class], file [/Users/Susana/IdeaProjects/movies/movies-adapter/build/classes/test/com/susu/movies/search/SearchMoviesControllerTest$__spock_feature_0_0prov2_closure2.class], file [/Users/Susana/IdeaProjects/movies/movies-adapter/build/classes/test/com/susu/movies/search/SearchMoviesControllerTest$__spock_feature_0_0prov2_closure3.class], file [/Users/Susana/IdeaProjects/movies/movies-adapter/build/classes/test/com/susu/movies/search/SearchMoviesControllerTest$__spock_feature_0_0prov2_closure4.class], file [/Users/Susana/IdeaProjects/movies/movies-adapter/build/classes/test/com/susu/movies/search/SearchMoviesControllerTest$__spock_feature_0_0prov2_closure5.class], file [/Users/Susana/IdeaProjects/movies/movies-adapter/build/classes/test/com/susu/movies/search/SearchMoviesControllerTest.class], file [/Users/Susana/IdeaProjects/movies/movies-adapter/build/classes/main/com/susu/movies/Application.class], file [/Users/Susana/IdeaProjects/movies/movies-adapter/build/classes/main/com/susu/movies/ApplicationConfiguration.class], file [/Users/Susana/IdeaProjects/movies/movies-adapter/build/classes/main/com/susu/movies/model/SearchMoviesRequest.class], file [/Users/Susana/IdeaProjects/movies/movies-adapter/build/classes/main/com/susu/movies/MoviesProperties.class], file [/Users/Susana/IdeaProjects/movies/movies-adapter/build/classes/main/com/susu/movies/search/adapter/DefaultSearchMoviesAdapter.class], file [/Users/Susana/IdeaProjects/movies/movies-adapter/build/classes/main/com/susu/movies/search/adapter/MockSearchSearchMoviesAdapter.class], file [/Users/Susana/IdeaProjects/movies/movies-adapter/build/classes/main/com/susu/movies/search/adapter/SearchMoviesAdapter.class], file [/Users/Susana/IdeaProjects/movies/movies-adapter/build/classes/main/com/susu/movies/search/adapter/SearchMoviesClient.class], file [/Users/Susana/IdeaProjects/movies/movies-adapter/build/classes/main/com/susu/movies/search/adapter/SearchMoviesException.class], file [/Users/Susana/IdeaProjects/movies/movies-adapter/build/classes/main/com/susu/movies/search/adapter/SearchMoviesUrlBuilder.class], file [/Users/Susana/IdeaProjects/movies/movies-adapter/build/classes/main/com/susu/movies/search/SearchMoviesController.class], file [/Users/Susana/IdeaProjects/movies/movies-adapter/build/classes/main/com/susu/movies/status/Status.class], file [/Users/Susana/IdeaProjects/movies/movies-adapter/build/classes/main/com/susu/movies/status/StatusController.class], URL [jar:file:/Users/Susana/IdeaProjects/movies/movies-model/build/libs/movies-model-master-SNAPSHOT.jar!/com/susu/movies/Movie.class], URL [jar:file:/Users/Susana/IdeaProjects/movies/movies-model/build/libs/movies-model-master-SNAPSHOT.jar!/com/susu/movies/SearchMoviesResponse.class]]
15:50:15.065 [Test worker] DEBUG o.s.c.a.ClassPathBeanDefinitionScanner - Identified candidate component class: file [/Users/Susana/IdeaProjects/movies/movies-adapter/build/classes/main/com/susu/movies/ApplicationConfiguration.class]
15:50:15.069 [Test worker] DEBUG o.s.c.a.ClassPathBeanDefinitionScanner - Identified candidate component class: file [/Users/Susana/IdeaProjects/movies/movies-adapter/build/classes/main/com/susu/movies/MoviesProperties.class]
15:50:15.070 [Test worker] DEBUG o.s.c.e.PropertySourcesPropertyResolver - Searching for key 'spring.profiles.active' in [systemProperties]
15:50:15.070 [Test worker] DEBUG o.s.c.e.PropertySourcesPropertyResolver - Searching for key 'spring.profiles.active' in [systemEnvironment]
15:50:15.071 [Test worker] DEBUG o.s.c.e.PropertySourcesPropertyResolver - Searching for key 'spring.profiles.active' in [class path resource [application-test.properties]]
15:50:15.071 [Test worker] DEBUG o.s.c.e.PropertySourcesPropertyResolver - Could not find key 'spring.profiles.active' in any property source. Returning [null]
15:50:15.071 [Test worker] DEBUG o.s.c.e.PropertySourcesPropertyResolver - Searching for key 'spring.profiles.active' in [systemProperties]
15:50:15.071 [Test worker] DEBUG o.s.c.e.PropertySourcesPropertyResolver - Searching for key 'spring.profiles.active' in [systemEnvironment]
15:50:15.071 [Test worker] DEBUG o.s.c.e.PropertySourcesPropertyResolver - Searching for key 'spring.profiles.active' in [class path resource [application-test.properties]]
15:50:15.071 [Test worker] DEBUG o.s.c.e.PropertySourcesPropertyResolver - Could not find key 'spring.profiles.active' in any property source. Returning [null]
15:50:15.071 [Test worker] DEBUG o.s.c.e.PropertySourcesPropertyResolver - Searching for key 'spring.profiles.default' in [systemProperties]
15:50:15.071 [Test worker] DEBUG o.s.c.e.PropertySourcesPropertyResolver - Searching for key 'spring.profiles.default' in [systemEnvironment]
15:50:15.071 [Test worker] DEBUG o.s.c.e.PropertySourcesPropertyResolver - Searching for key 'spring.profiles.default' in [class path resource [application-test.properties]]
15:50:15.072 [Test worker] DEBUG o.s.c.e.PropertySourcesPropertyResolver - Could not find key 'spring.profiles.default' in any property source. Returning [null]
15:50:15.072 [Test worker] DEBUG o.s.c.a.ClassPathBeanDefinitionScanner - Identified candidate component class: file [/Users/Susana/IdeaProjects/movies/movies-adapter/build/classes/main/com/susu/movies/search/adapter/DefaultSearchMoviesAdapter.class]
15:50:15.072 [Test worker] DEBUG o.s.c.e.PropertySourcesPropertyResolver - Searching for key 'spring.profiles.active' in [systemProperties]
15:50:15.073 [Test worker] DEBUG o.s.c.e.PropertySourcesPropertyResolver - Searching for key 'spring.profiles.active' in [systemEnvironment]
15:50:15.073 [Test worker] DEBUG o.s.c.e.PropertySourcesPropertyResolver - Searching for key 'spring.profiles.active' in [class path resource [application-test.properties]]
15:50:15.073 [Test worker] DEBUG o.s.c.e.PropertySourcesPropertyResolver - Could not find key 'spring.profiles.active' in any property source. Returning [null]
15:50:15.073 [Test worker] DEBUG o.s.c.e.PropertySourcesPropertyResolver - Searching for key 'spring.profiles.active' in [systemProperties]
15:50:15.073 [Test worker] DEBUG o.s.c.e.PropertySourcesPropertyResolver - Searching for key 'spring.profiles.active' in [systemEnvironment]
15:50:15.073 [Test worker] DEBUG o.s.c.e.PropertySourcesPropertyResolver - Searching for key 'spring.profiles.active' in [class path resource [application-test.properties]]
15:50:15.073 [Test worker] DEBUG o.s.c.e.PropertySourcesPropertyResolver - Could not find key 'spring.profiles.active' in any property source. Returning [null]
15:50:15.073 [Test worker] DEBUG o.s.c.e.PropertySourcesPropertyResolver - Searching for key 'spring.profiles.default' in [systemProperties]
15:50:15.073 [Test worker] DEBUG o.s.c.e.PropertySourcesPropertyResolver - Searching for key 'spring.profiles.default' in [systemEnvironment]
15:50:15.073 [Test worker] DEBUG o.s.c.e.PropertySourcesPropertyResolver - Searching for key 'spring.profiles.default' in [class path resource [application-test.properties]]
15:50:15.073 [Test worker] DEBUG o.s.c.e.PropertySourcesPropertyResolver - Could not find key 'spring.profiles.default' in any property source. Returning [null]
15:50:15.076 [Test worker] DEBUG o.s.c.a.ClassPathBeanDefinitionScanner - Identified candidate component class: file [/Users/Susana/IdeaProjects/movies/movies-adapter/build/classes/main/com/susu/movies/search/adapter/SearchMoviesClient.class]
15:50:15.077 [Test worker] DEBUG o.s.c.a.ClassPathBeanDefinitionScanner - Identified candidate component class: file [/Users/Susana/IdeaProjects/movies/movies-adapter/build/classes/main/com/susu/movies/search/adapter/SearchMoviesUrlBuilder.class]
15:50:15.083 [Test worker] DEBUG o.s.c.a.ClassPathBeanDefinitionScanner - Identified candidate component class: file [/Users/Susana/IdeaProjects/movies/movies-adapter/build/classes/main/com/susu/movies/search/SearchMoviesController.class]
15:50:15.084 [Test worker] DEBUG o.s.c.a.ClassPathBeanDefinitionScanner - Identified candidate component class: file [/Users/Susana/IdeaProjects/movies/movies-adapter/build/classes/main/com/susu/movies/status/StatusController.class]
15:50:15.090 [Test worker] DEBUG o.s.c.i.s.PathMatchingResourcePatternResolver - Looking for matching resources in directory tree [/Users/Susana/IdeaProjects/movies/movies-adapter/build/classes/main/platform]
15:50:15.090 [Test worker] DEBUG o.s.c.i.s.PathMatchingResourcePatternResolver - Searching directory [/Users/Susana/IdeaProjects/movies/movies-adapter/build/classes/main/platform] for files matching pattern [/Users/Susana/IdeaProjects/movies/movies-adapter/build/classes/main/platform/**/*.class]
15:50:15.090 [Test worker] DEBUG o.s.c.i.s.PathMatchingResourcePatternResolver - Resolved location pattern [classpath*:platform/**/*.class] to resources [file [/Users/Susana/IdeaProjects/movies/movies-adapter/build/classes/main/platform/PlatformConfiguration$1$2.class], file [/Users/Susana/IdeaProjects/movies/movies-adapter/build/classes/main/platform/PlatformConfiguration$1.class], file [/Users/Susana/IdeaProjects/movies/movies-adapter/build/classes/main/platform/PlatformConfiguration.class], file [/Users/Susana/IdeaProjects/movies/movies-adapter/build/classes/main/platform/WebConfiguration.class]]
15:50:15.092 [Test worker] DEBUG o.s.c.a.ClassPathBeanDefinitionScanner - Identified candidate component class: file [/Users/Susana/IdeaProjects/movies/movies-adapter/build/classes/main/platform/PlatformConfiguration.class]
15:50:15.092 [Test worker] DEBUG o.s.c.a.ClassPathBeanDefinitionScanner - Identified candidate component class: file [/Users/Susana/IdeaProjects/movies/movies-adapter/build/classes/main/platform/WebConfiguration.class]
15:50:15.118 [Test worker] DEBUG o.s.c.e.PropertySourcesPropertyResolver - Searching for key 'spring.profiles.active' in [systemProperties]
15:50:15.118 [Test worker] DEBUG o.s.c.e.PropertySourcesPropertyResolver - Searching for key 'spring.profiles.active' in [systemEnvironment]
15:50:15.118 [Test worker] DEBUG o.s.c.e.PropertySourcesPropertyResolver - Searching for key 'spring.profiles.active' in [class path resource [application-test.properties]]
15:50:15.119 [Test worker] DEBUG o.s.c.e.PropertySourcesPropertyResolver - Could not find key 'spring.profiles.active' in any property source. Returning [null]
15:50:15.119 [Test worker] DEBUG o.s.c.e.PropertySourcesPropertyResolver - Searching for key 'spring.profiles.active' in [systemProperties]
15:50:15.119 [Test worker] DEBUG o.s.c.e.PropertySourcesPropertyResolver - Searching for key 'spring.profiles.active' in [systemEnvironment]
15:50:15.119 [Test worker] DEBUG o.s.c.e.PropertySourcesPropertyResolver - Searching for key 'spring.profiles.active' in [class path resource [application-test.properties]]
15:50:15.119 [Test worker] DEBUG o.s.c.e.PropertySourcesPropertyResolver - Could not find key 'spring.profiles.active' in any property source. Returning [null]
15:50:15.119 [Test worker] DEBUG o.s.c.e.PropertySourcesPropertyResolver - Searching for key 'spring.profiles.default' in [systemProperties]
15:50:15.119 [Test worker] DEBUG o.s.c.e.PropertySourcesPropertyResolver - Searching for key 'spring.profiles.default' in [systemEnvironment]
15:50:15.119 [Test worker] DEBUG o.s.c.e.PropertySourcesPropertyResolver - Searching for key 'spring.profiles.default' in [class path resource [application-test.properties]]
15:50:15.119 [Test worker] DEBUG o.s.c.e.PropertySourcesPropertyResolver - Could not find key 'spring.profiles.default' in any property source. Returning [null]
15:50:15.141 [Test worker] DEBUG o.s.core.env.StandardEnvironment - Adding [systemProperties] PropertySource with lowest search precedence
15:50:15.142 [Test worker] DEBUG o.s.core.env.StandardEnvironment - Adding [systemEnvironment] PropertySource with lowest search precedence
15:50:15.142 [Test worker] DEBUG o.s.core.env.StandardEnvironment - Initialized StandardEnvironment with PropertySources [systemProperties,systemEnvironment]
15:50:15.142 [Test worker] DEBUG o.s.c.a.ClassPathBeanDefinitionScanner - JSR-250 'javax.annotation.ManagedBean' found and supported for component scanning
15:50:15.142 [Test worker] DEBUG o.s.c.a.ClassPathBeanDefinitionScanner - JSR-330 'javax.inject.Named' annotation found and supported for component scanning
15:50:15.142 [Test worker] DEBUG o.s.c.i.s.PathMatchingResourcePatternResolver - Looking for matching resources in directory tree [/Users/Susana/IdeaProjects/movies/movies-adapter/build/classes/test/com/susu/movies]
15:50:15.142 [Test worker] DEBUG o.s.c.i.s.PathMatchingResourcePatternResolver - Searching directory [/Users/Susana/IdeaProjects/movies/movies-adapter/build/classes/test/com/susu/movies] for files matching pattern [/Users/Susana/IdeaProjects/movies/movies-adapter/build/classes/test/com/susu/movies/**/*.class]
15:50:15.143 [Test worker] DEBUG o.s.c.i.s.PathMatchingResourcePatternResolver - Searching directory [/Users/Susana/IdeaProjects/movies/movies-adapter/build/classes/test/com/susu/movies/acceptance] for files matching pattern [/Users/Susana/IdeaProjects/movies/movies-adapter/build/classes/test/com/susu/movies/**/*.class]
15:50:15.143 [Test worker] DEBUG o.s.c.i.s.PathMatchingResourcePatternResolver - Searching directory [/Users/Susana/IdeaProjects/movies/movies-adapter/build/classes/test/com/susu/movies/acceptance/common] for files matching pattern [/Users/Susana/IdeaProjects/movies/movies-adapter/build/classes/test/com/susu/movies/**/*.class]
15:50:15.144 [Test worker] DEBUG o.s.c.i.s.PathMatchingResourcePatternResolver - Searching directory [/Users/Susana/IdeaProjects/movies/movies-adapter/build/classes/test/com/susu/movies/integration] for files matching pattern [/Users/Susana/IdeaProjects/movies/movies-adapter/build/classes/test/com/susu/movies/**/*.class]
15:50:15.144 [Test worker] DEBUG o.s.c.i.s.PathMatchingResourcePatternResolver - Searching directory [/Users/Susana/IdeaProjects/movies/movies-adapter/build/classes/test/com/susu/movies/search] for files matching pattern [/Users/Susana/IdeaProjects/movies/movies-adapter/build/classes/test/com/susu/movies/**/*.class]
15:50:15.144 [Test worker] DEBUG o.s.c.i.s.PathMatchingResourcePatternResolver - Searching directory [/Users/Susana/IdeaProjects/movies/movies-adapter/build/classes/test/com/susu/movies/search/adapter] for files matching pattern [/Users/Susana/IdeaProjects/movies/movies-adapter/build/classes/test/com/susu/movies/**/*.class]
15:50:15.145 [Test worker] DEBUG o.s.c.i.s.PathMatchingResourcePatternResolver - Looking for matching resources in directory tree [/Users/Susana/IdeaProjects/movies/movies-adapter/build/classes/main/com/susu/movies]
15:50:15.145 [Test worker] DEBUG o.s.c.i.s.PathMatchingResourcePatternResolver - Searching directory [/Users/Susana/IdeaProjects/movies/movies-adapter/build/classes/main/com/susu/movies] for files matching pattern [/Users/Susana/IdeaProjects/movies/movies-adapter/build/classes/main/com/susu/movies/**/*.class]
15:50:15.146 [Test worker] DEBUG o.s.c.i.s.PathMatchingResourcePatternResolver - Searching directory [/Users/Susana/IdeaProjects/movies/movies-adapter/build/classes/main/com/susu/movies/model] for files matching pattern [/Users/Susana/IdeaProjects/movies/movies-adapter/build/classes/main/com/susu/movies/**/*.class]
15:50:15.146 [Test worker] DEBUG o.s.c.i.s.PathMatchingResourcePatternResolver - Searching directory [/Users/Susana/IdeaProjects/movies/movies-adapter/build/classes/main/com/susu/movies/search] for files matching pattern [/Users/Susana/IdeaProjects/movies/movies-adapter/build/classes/main/com/susu/movies/**/*.class]
15:50:15.146 [Test worker] DEBUG o.s.c.i.s.PathMatchingResourcePatternResolver - Searching directory [/Users/Susana/IdeaProjects/movies/movies-adapter/build/classes/main/com/susu/movies/search/adapter] for files matching pattern [/Users/Susana/IdeaProjects/movies/movies-adapter/build/classes/main/com/susu/movies/**/*.class]
15:50:15.146 [Test worker] DEBUG o.s.c.i.s.PathMatchingResourcePatternResolver - Searching directory [/Users/Susana/IdeaProjects/movies/movies-adapter/build/classes/main/com/susu/movies/status] for files matching pattern [/Users/Susana/IdeaProjects/movies/movies-adapter/build/classes/main/com/susu/movies/**/*.class]
15:50:15.147 [Test worker] DEBUG o.s.c.i.s.PathMatchingResourcePatternResolver - Looking for matching resources in jar file [file:/Users/Susana/IdeaProjects/movies/movies-model/build/libs/movies-model-master-SNAPSHOT.jar]
15:50:15.147 [Test worker] DEBUG o.s.c.i.s.PathMatchingResourcePatternResolver - Resolved location pattern [classpath*:com/susu/movies/**/*.class] to resources [file [/Users/Susana/IdeaProjects/movies/movies-adapter/build/classes/test/com/susu/movies/acceptance/common/BaseApiClient.class], file [/Users/Susana/IdeaProjects/movies/movies-adapter/build/classes/test/com/susu/movies/acceptance/common/RestAssuredObjectMapperWrapper.class], file [/Users/Susana/IdeaProjects/movies/movies-adapter/build/classes/test/com/susu/movies/acceptance/common/StoryContext$Fields.class], file [/Users/Susana/IdeaProjects/movies/movies-adapter/build/classes/test/com/susu/movies/acceptance/common/StoryContext.class], file [/Users/Susana/IdeaProjects/movies/movies-adapter/build/classes/test/com/susu/movies/acceptance/CommonSteps$_run_closure1.class], file [/Users/Susana/IdeaProjects/movies/movies-adapter/build/classes/test/com/susu/movies/acceptance/CommonSteps$_run_closure2.class], file [/Users/Susana/IdeaProjects/movies/movies-adapter/build/classes/test/com/susu/movies/acceptance/CommonSteps$_run_closure3.class], file [/Users/Susana/IdeaProjects/movies/movies-adapter/build/classes/test/com/susu/movies/acceptance/CommonSteps$_run_closure4.class], file [/Users/Susana/IdeaProjects/movies/movies-adapter/build/classes/test/com/susu/movies/acceptance/CommonSteps.class], file [/Users/Susana/IdeaProjects/movies/movies-adapter/build/classes/test/com/susu/movies/acceptance/SearchMoviesSteps$_buildSearchMoviesRequest_closure2.class], file [/Users/Susana/IdeaProjects/movies/movies-adapter/build/classes/test/com/susu/movies/acceptance/SearchMoviesSteps$_run_closure1.class], file [/Users/Susana/IdeaProjects/movies/movies-adapter/build/classes/test/com/susu/movies/acceptance/SearchMoviesSteps.class], file [/Users/Susana/IdeaProjects/movies/movies-adapter/build/classes/test/com/susu/movies/acceptance/StatusSteps$_run_closure1.class], file [/Users/Susana/IdeaProjects/movies/movies-adapter/build/classes/test/com/susu/movies/acceptance/StatusSteps$_run_closure2.class], file [/Users/Susana/IdeaProjects/movies/movies-adapter/build/classes/test/com/susu/movies/acceptance/StatusSteps$_run_closure3.class], file [/Users/Susana/IdeaProjects/movies/movies-adapter/build/classes/test/com/susu/movies/acceptance/StatusSteps$_run_closure4.class], file [/Users/Susana/IdeaProjects/movies/movies-adapter/build/classes/test/com/susu/movies/acceptance/StatusSteps$_run_closure5.class], file [/Users/Susana/IdeaProjects/movies/movies-adapter/build/classes/test/com/susu/movies/acceptance/StatusSteps$_run_closure6.class], file [/Users/Susana/IdeaProjects/movies/movies-adapter/build/classes/test/com/susu/movies/acceptance/StatusSteps.class], file [/Users/Susana/IdeaProjects/movies/movies-adapter/build/classes/test/com/susu/movies/integration/IntegrationTestConfiguration.class], file [/Users/Susana/IdeaProjects/movies/movies-adapter/build/classes/test/com/susu/movies/integration/SearchMoviesIntegrationTest.class], file [/Users/Susana/IdeaProjects/movies/movies-adapter/build/classes/test/com/susu/movies/search/adapter/DefaultSearchMoviesAdapterTest$_$spock_feature_0_1_closure1.class], file [/Users/Susana/IdeaProjects/movies/movies-adapter/build/classes/test/com/susu/movies/search/adapter/DefaultSearchMoviesAdapterTest$__spock_feature_0_1_closure1.class], file [/Users/Susana/IdeaProjects/movies/movies-adapter/build/classes/test/com/susu/movies/search/adapter/DefaultSearchMoviesAdapterTest.class], file [/Users/Susana/IdeaProjects/movies/movies-adapter/build/classes/test/com/susu/movies/search/adapter/SearchMoviesUrlBuilderTest.class], file [/Users/Susana/IdeaProjects/movies/movies-adapter/build/classes/test/com/susu/movies/search/SearchMoviesControllerTest$_$spock_feature_0_0_closure1.class], file [/Users/Susana/IdeaProjects/movies/movies-adapter/build/classes/test/com/susu/movies/search/SearchMoviesControllerTest$_$spock_feature_0_0prov2_closure2.class], file [/Users/Susana/IdeaProjects/movies/movies-adapter/build/classes/test/com/susu/movies/search/SearchMoviesControllerTest$_$spock_feature_0_0prov2_closure3.class], file [/Users/Susana/IdeaProjects/movies/movies-adapter/build/classes/test/com/susu/movies/search/SearchMoviesControllerTest$_$spock_feature_0_0prov2_closure4.class], file [/Users/Susana/IdeaProjects/movies/movies-adapter/build/classes/test/com/susu/movies/search/SearchMoviesControllerTest$_$spock_feature_0_0prov2_closure5.class], file [/Users/Susana/IdeaProjects/movies/movies-adapter/build/classes/test/com/susu/movies/search/SearchMoviesControllerTest$__spock_feature_0_0_closure1.class], file [/Users/Susana/IdeaProjects/movies/movies-adapter/build/classes/test/com/susu/movies/search/SearchMoviesControllerTest$__spock_feature_0_0prov2_closure2.class], file [/Users/Susana/IdeaProjects/movies/movies-adapter/build/classes/test/com/susu/movies/search/SearchMoviesControllerTest$__spock_feature_0_0prov2_closure3.class], file [/Users/Susana/IdeaProjects/movies/movies-adapter/build/classes/test/com/susu/movies/search/SearchMoviesControllerTest$__spock_feature_0_0prov2_closure4.class], file [/Users/Susana/IdeaProjects/movies/movies-adapter/build/classes/test/com/susu/movies/search/SearchMoviesControllerTest$__spock_feature_0_0prov2_closure5.class], file [/Users/Susana/IdeaProjects/movies/movies-adapter/build/classes/test/com/susu/movies/search/SearchMoviesControllerTest.class], file [/Users/Susana/IdeaProjects/movies/movies-adapter/build/classes/main/com/susu/movies/Application.class], file [/Users/Susana/IdeaProjects/movies/movies-adapter/build/classes/main/com/susu/movies/ApplicationConfiguration.class], file [/Users/Susana/IdeaProjects/movies/movies-adapter/build/classes/main/com/susu/movies/model/SearchMoviesRequest.class], file [/Users/Susana/IdeaProjects/movies/movies-adapter/build/classes/main/com/susu/movies/MoviesProperties.class], file [/Users/Susana/IdeaProjects/movies/movies-adapter/build/classes/main/com/susu/movies/search/adapter/DefaultSearchMoviesAdapter.class], file [/Users/Susana/IdeaProjects/movies/movies-adapter/build/classes/main/com/susu/movies/search/adapter/MockSearchSearchMoviesAdapter.class], file [/Users/Susana/IdeaProjects/movies/movies-adapter/build/classes/main/com/susu/movies/search/adapter/SearchMoviesAdapter.class], file [/Users/Susana/IdeaProjects/movies/movies-adapter/build/classes/main/com/susu/movies/search/adapter/SearchMoviesClient.class], file [/Users/Susana/IdeaProjects/movies/movies-adapter/build/classes/main/com/susu/movies/search/adapter/SearchMoviesException.class], file [/Users/Susana/IdeaProjects/movies/movies-adapter/build/classes/main/com/susu/movies/search/adapter/SearchMoviesUrlBuilder.class], file [/Users/Susana/IdeaProjects/movies/movies-adapter/build/classes/main/com/susu/movies/search/SearchMoviesController.class], file [/Users/Susana/IdeaProjects/movies/movies-adapter/build/classes/main/com/susu/movies/status/Status.class], file [/Users/Susana/IdeaProjects/movies/movies-adapter/build/classes/main/com/susu/movies/status/StatusController.class], URL [jar:file:/Users/Susana/IdeaProjects/movies/movies-model/build/libs/movies-model-master-SNAPSHOT.jar!/com/susu/movies/Movie.class], URL [jar:file:/Users/Susana/IdeaProjects/movies/movies-model/build/libs/movies-model-master-SNAPSHOT.jar!/com/susu/movies/SearchMoviesResponse.class]]
15:50:15.150 [Test worker] DEBUG o.s.c.a.ClassPathBeanDefinitionScanner - Identified candidate component class: file [/Users/Susana/IdeaProjects/movies/movies-adapter/build/classes/test/com/susu/movies/integration/IntegrationTestConfiguration.class]
15:50:15.153 [Test worker] DEBUG o.s.c.a.ClassPathBeanDefinitionScanner - Identified candidate component class: file [/Users/Susana/IdeaProjects/movies/movies-adapter/build/classes/main/com/susu/movies/ApplicationConfiguration.class]
15:50:15.154 [Test worker] DEBUG o.s.c.a.ClassPathBeanDefinitionScanner - Identified candidate component class: file [/Users/Susana/IdeaProjects/movies/movies-adapter/build/classes/main/com/susu/movies/MoviesProperties.class]
15:50:15.155 [Test worker] DEBUG o.s.c.e.PropertySourcesPropertyResolver - Searching for key 'spring.profiles.active' in [systemProperties]
15:50:15.155 [Test worker] DEBUG o.s.c.e.PropertySourcesPropertyResolver - Searching for key 'spring.profiles.active' in [systemEnvironment]
15:50:15.155 [Test worker] DEBUG o.s.c.e.PropertySourcesPropertyResolver - Searching for key 'spring.profiles.active' in [class path resource [application-test.properties]]
15:50:15.155 [Test worker] DEBUG o.s.c.e.PropertySourcesPropertyResolver - Could not find key 'spring.profiles.active' in any property source. Returning [null]
15:50:15.155 [Test worker] DEBUG o.s.c.e.PropertySourcesPropertyResolver - Searching for key 'spring.profiles.active' in [systemProperties]
15:50:15.155 [Test worker] DEBUG o.s.c.e.PropertySourcesPropertyResolver - Searching for key 'spring.profiles.active' in [systemEnvironment]
15:50:15.155 [Test worker] DEBUG o.s.c.e.PropertySourcesPropertyResolver - Searching for key 'spring.profiles.active' in [class path resource [application-test.properties]]
15:50:15.155 [Test worker] DEBUG o.s.c.e.PropertySourcesPropertyResolver - Could not find key 'spring.profiles.active' in any property source. Returning [null]
15:50:15.155 [Test worker] DEBUG o.s.c.e.PropertySourcesPropertyResolver - Searching for key 'spring.profiles.default' in [systemProperties]
15:50:15.155 [Test worker] DEBUG o.s.c.e.PropertySourcesPropertyResolver - Searching for key 'spring.profiles.default' in [systemEnvironment]
15:50:15.156 [Test worker] DEBUG o.s.c.e.PropertySourcesPropertyResolver - Searching for key 'spring.profiles.default' in [class path resource [application-test.properties]]
15:50:15.156 [Test worker] DEBUG o.s.c.e.PropertySourcesPropertyResolver - Could not find key 'spring.profiles.default' in any property source. Returning [null]
15:50:15.156 [Test worker] DEBUG o.s.c.a.ClassPathBeanDefinitionScanner - Identified candidate component class: file [/Users/Susana/IdeaProjects/movies/movies-adapter/build/classes/main/com/susu/movies/search/adapter/DefaultSearchMoviesAdapter.class]
15:50:15.156 [Test worker] DEBUG o.s.c.e.PropertySourcesPropertyResolver - Searching for key 'spring.profiles.active' in [systemProperties]
15:50:15.156 [Test worker] DEBUG o.s.c.e.PropertySourcesPropertyResolver - Searching for key 'spring.profiles.active' in [systemEnvironment]
15:50:15.156 [Test worker] DEBUG o.s.c.e.PropertySourcesPropertyResolver - Searching for key 'spring.profiles.active' in [class path resource [application-test.properties]]
15:50:15.157 [Test worker] DEBUG o.s.c.e.PropertySourcesPropertyResolver - Could not find key 'spring.profiles.active' in any property source. Returning [null]
15:50:15.157 [Test worker] DEBUG o.s.c.e.PropertySourcesPropertyResolver - Searching for key 'spring.profiles.active' in [systemProperties]
15:50:15.157 [Test worker] DEBUG o.s.c.e.PropertySourcesPropertyResolver - Searching for key 'spring.profiles.active' in [systemEnvironment]
15:50:15.157 [Test worker] DEBUG o.s.c.e.PropertySourcesPropertyResolver - Searching for key 'spring.profiles.active' in [class path resource [application-test.properties]]
15:50:15.157 [Test worker] DEBUG o.s.c.e.PropertySourcesPropertyResolver - Could not find key 'spring.profiles.active' in any property source. Returning [null]
15:50:15.157 [Test worker] DEBUG o.s.c.e.PropertySourcesPropertyResolver - Searching for key 'spring.profiles.default' in [systemProperties]
15:50:15.157 [Test worker] DEBUG o.s.c.e.PropertySourcesPropertyResolver - Searching for key 'spring.profiles.default' in [systemEnvironment]
15:50:15.157 [Test worker] DEBUG o.s.c.e.PropertySourcesPropertyResolver - Searching for key 'spring.profiles.default' in [class path resource [application-test.properties]]
15:50:15.157 [Test worker] DEBUG o.s.c.e.PropertySourcesPropertyResolver - Could not find key 'spring.profiles.default' in any property source. Returning [null]
15:50:15.158 [Test worker] DEBUG o.s.c.a.ClassPathBeanDefinitionScanner - Identified candidate component class: file [/Users/Susana/IdeaProjects/movies/movies-adapter/build/classes/main/com/susu/movies/search/adapter/SearchMoviesClient.class]
15:50:15.158 [Test worker] DEBUG o.s.c.a.ClassPathBeanDefinitionScanner - Identified candidate component class: file [/Users/Susana/IdeaProjects/movies/movies-adapter/build/classes/main/com/susu/movies/search/adapter/SearchMoviesUrlBuilder.class]
15:50:15.159 [Test worker] DEBUG o.s.c.a.ClassPathBeanDefinitionScanner - Identified candidate component class: file [/Users/Susana/IdeaProjects/movies/movies-adapter/build/classes/main/com/susu/movies/search/SearchMoviesController.class]
15:50:15.160 [Test worker] DEBUG o.s.c.a.ClassPathBeanDefinitionScanner - Identified candidate component class: file [/Users/Susana/IdeaProjects/movies/movies-adapter/build/classes/main/com/susu/movies/status/StatusController.class]
15:50:15.162 [Test worker] DEBUG o.s.c.i.s.PathMatchingResourcePatternResolver - Looking for matching resources in directory tree [/Users/Susana/IdeaProjects/movies/movies-adapter/build/classes/main/platform]
15:50:15.163 [Test worker] DEBUG o.s.c.i.s.PathMatchingResourcePatternResolver - Searching directory [/Users/Susana/IdeaProjects/movies/movies-adapter/build/classes/main/platform] for files matching pattern [/Users/Susana/IdeaProjects/movies/movies-adapter/build/classes/main/platform/**/*.class]
15:50:15.163 [Test worker] DEBUG o.s.c.i.s.PathMatchingResourcePatternResolver - Resolved location pattern [classpath*:platform/**/*.class] to resources [file [/Users/Susana/IdeaProjects/movies/movies-adapter/build/classes/main/platform/PlatformConfiguration$1$2.class], file [/Users/Susana/IdeaProjects/movies/movies-adapter/build/classes/main/platform/PlatformConfiguration$1.class], file [/Users/Susana/IdeaProjects/movies/movies-adapter/build/classes/main/platform/PlatformConfiguration.class], file [/Users/Susana/IdeaProjects/movies/movies-adapter/build/classes/main/platform/WebConfiguration.class]]
15:50:15.164 [Test worker] DEBUG o.s.c.a.ClassPathBeanDefinitionScanner - Identified candidate component class: file [/Users/Susana/IdeaProjects/movies/movies-adapter/build/classes/main/platform/PlatformConfiguration.class]
15:50:15.164 [Test worker] DEBUG o.s.c.a.ClassPathBeanDefinitionScanner - Identified candidate component class: file [/Users/Susana/IdeaProjects/movies/movies-adapter/build/classes/main/platform/WebConfiguration.class]
15:50:15.203 [Test worker] DEBUG o.s.c.t.c.AnnotationAttributesReadingVisitor - Failed to class-load type while reading annotation metadata. This is a non-fatal error, but certain annotation metadata may be unavailable.
java.lang.ClassNotFoundException: org.springframework.data.web.config.EnableSpringDataWebSupport
	at java.net.URLClassLoader.findClass(URLClassLoader.java:381) ~[na:1.8.0_45]
	at java.lang.ClassLoader.loadClass(ClassLoader.java:424) ~[na:1.8.0_45]
	at sun.misc.Launcher$AppClassLoader.loadClass(Launcher.java:331) ~[na:1.8.0_45]
	at java.lang.ClassLoader.loadClass(ClassLoader.java:357) ~[na:1.8.0_45]
	at org.springframework.core.type.classreading.RecursiveAnnotationAttributesVisitor.visitEnd(RecursiveAnnotationAttributesVisitor.java:47) ~[spring-core-4.1.6.RELEASE.jar:4.1.6.RELEASE]
	at org.springframework.asm.ClassReader.readAnnotationValues(ClassReader.java:1802) [spring-core-4.1.6.RELEASE.jar:4.1.6.RELEASE]
	at org.springframework.asm.ClassReader.accept(ClassReader.java:642) [spring-core-4.1.6.RELEASE.jar:4.1.6.RELEASE]
	at org.springframework.asm.ClassReader.accept(ClassReader.java:508) [spring-core-4.1.6.RELEASE.jar:4.1.6.RELEASE]
	at org.springframework.core.type.classreading.SimpleMetadataReader.<init>(SimpleMetadataReader.java:64) [spring-core-4.1.6.RELEASE.jar:4.1.6.RELEASE]
	at org.springframework.core.type.classreading.SimpleMetadataReaderFactory.getMetadataReader(SimpleMetadataReaderFactory.java:98) [spring-core-4.1.6.RELEASE.jar:4.1.6.RELEASE]
	at org.springframework.core.type.classreading.CachingMetadataReaderFactory.getMetadataReader(CachingMetadataReaderFactory.java:102) [spring-core-4.1.6.RELEASE.jar:4.1.6.RELEASE]
	at org.springframework.core.type.classreading.SimpleMetadataReaderFactory.getMetadataReader(SimpleMetadataReaderFactory.java:93) [spring-core-4.1.6.RELEASE.jar:4.1.6.RELEASE]
	at org.springframework.boot.autoconfigure.AutoConfigurationSorter$AutoConfigurationClasses.<init>(AutoConfigurationSorter.java:112) [spring-boot-autoconfigure-1.2.3.RELEASE.jar:1.2.3.RELEASE]
	at org.springframework.boot.autoconfigure.AutoConfigurationSorter.getInPriorityOrder(AutoConfigurationSorter.java:57) [spring-boot-autoconfigure-1.2.3.RELEASE.jar:1.2.3.RELEASE]
	at org.springframework.boot.autoconfigure.EnableAutoConfigurationImportSelector.selectImports(EnableAutoConfigurationImportSelector.java:72) [spring-boot-autoconfigure-1.2.3.RELEASE.jar:1.2.3.RELEASE]
	at org.springframework.context.annotation.ConfigurationClassParser.processDeferredImportSelectors(ConfigurationClassParser.java:429) [spring-context-4.1.6.RELEASE.jar:4.1.6.RELEASE]
	at org.springframework.context.annotation.ConfigurationClassParser.parse(ConfigurationClassParser.java:183) [spring-context-4.1.6.RELEASE.jar:4.1.6.RELEASE]
	at org.springframework.context.annotation.ConfigurationClassPostProcessor.processConfigBeanDefinitions(ConfigurationClassPostProcessor.java:306) [spring-context-4.1.6.RELEASE.jar:4.1.6.RELEASE]
	at org.springframework.context.annotation.ConfigurationClassPostProcessor.postProcessBeanDefinitionRegistry(ConfigurationClassPostProcessor.java:239) [spring-context-4.1.6.RELEASE.jar:4.1.6.RELEASE]
	at org.springframework.context.support.PostProcessorRegistrationDelegate.invokeBeanDefinitionRegistryPostProcessors(PostProcessorRegistrationDelegate.java:254) [spring-context-4.1.6.RELEASE.jar:4.1.6.RELEASE]
	at org.springframework.context.support.PostProcessorRegistrationDelegate.invokeBeanFactoryPostProcessors(PostProcessorRegistrationDelegate.java:94) [spring-context-4.1.6.RELEASE.jar:4.1.6.RELEASE]
	at org.springframework.context.support.AbstractApplicationContext.invokeBeanFactoryPostProcessors(AbstractApplicationContext.java:606) [spring-context-4.1.6.RELEASE.jar:4.1.6.RELEASE]
	at org.springframework.context.support.AbstractApplicationContext.refresh(AbstractApplicationContext.java:462) [spring-context-4.1.6.RELEASE.jar:4.1.6.RELEASE]
	at org.springframework.test.context.support.AbstractGenericContextLoader.loadContext(AbstractGenericContextLoader.java:125) [spring-test-4.1.6.RELEASE.jar:4.1.6.RELEASE]
	at org.springframework.test.context.support.AbstractGenericContextLoader.loadContext(AbstractGenericContextLoader.java:60) [spring-test-4.1.6.RELEASE.jar:4.1.6.RELEASE]
	at org.springframework.test.context.support.AbstractDelegatingSmartContextLoader.delegateLoading(AbstractDelegatingSmartContextLoader.java:109) [spring-test-4.1.6.RELEASE.jar:4.1.6.RELEASE]
	at org.springframework.test.context.support.AbstractDelegatingSmartContextLoader.loadContext(AbstractDelegatingSmartContextLoader.java:261) [spring-test-4.1.6.RELEASE.jar:4.1.6.RELEASE]
	at org.springframework.test.context.DefaultCacheAwareContextLoaderDelegate.loadContextInternal(DefaultCacheAwareContextLoaderDelegate.java:68) [spring-test-4.1.6.RELEASE.jar:4.1.6.RELEASE]
	at org.springframework.test.context.DefaultCacheAwareContextLoaderDelegate.loadContext(DefaultCacheAwareContextLoaderDelegate.java:86) [spring-test-4.1.6.RELEASE.jar:4.1.6.RELEASE]
	at org.springframework.test.context.DefaultTestContext.getApplicationContext(DefaultTestContext.java:72) [spring-test-4.1.6.RELEASE.jar:4.1.6.RELEASE]
	at org.springframework.test.context.support.DependencyInjectionTestExecutionListener.injectDependencies(DependencyInjectionTestExecutionListener.java:117) [spring-test-4.1.6.RELEASE.jar:4.1.6.RELEASE]
	at org.springframework.test.context.support.DependencyInjectionTestExecutionListener.prepareTestInstance(DependencyInjectionTestExecutionListener.java:83) [spring-test-4.1.6.RELEASE.jar:4.1.6.RELEASE]
	at org.springframework.test.context.TestContextManager.prepareTestInstance(TestContextManager.java:212) [spring-test-4.1.6.RELEASE.jar:4.1.6.RELEASE]
	at org.spockframework.spring.SpringTestContextManager.prepareTestInstance(SpringTestContextManager.java:49) [spock-spring-0.7-groovy-2.0.jar:na]
	at org.spockframework.spring.SpringInterceptor.interceptSetupMethod(SpringInterceptor.java:42) [spock-spring-0.7-groovy-2.0.jar:na]
	at org.spockframework.runtime.extension.AbstractMethodInterceptor.intercept(AbstractMethodInterceptor.java:28) [spock-core-0.7-groovy-2.0.jar:na]
	at org.spockframework.runtime.extension.MethodInvocation.proceed(MethodInvocation.java:84) [spock-core-0.7-groovy-2.0.jar:na]
	at org.spockframework.runtime.BaseSpecRunner.invoke(BaseSpecRunner.java:319) [spock-core-0.7-groovy-2.0.jar:na]
	at org.spockframework.runtime.BaseSpecRunner.invokeSetup(BaseSpecRunner.java:279) [spock-core-0.7-groovy-2.0.jar:na]
	at org.spockframework.runtime.BaseSpecRunner.doRunIteration(BaseSpecRunner.java:255) [spock-core-0.7-groovy-2.0.jar:na]
	at sun.reflect.NativeMethodAccessorImpl.invoke0(Native Method) ~[na:1.8.0_45]
	at sun.reflect.NativeMethodAccessorImpl.invoke(NativeMethodAccessorImpl.java:62) ~[na:1.8.0_45]
	at sun.reflect.DelegatingMethodAccessorImpl.invoke(DelegatingMethodAccessorImpl.java:43) ~[na:1.8.0_45]
	at java.lang.reflect.Method.invoke(Method.java:497) ~[na:1.8.0_45]
	at org.spockframework.util.ReflectionUtil.invokeMethod(ReflectionUtil.java:138) [spock-core-0.7-groovy-2.0.jar:na]
	at org.spockframework.runtime.BaseSpecRunner.invokeRaw(BaseSpecRunner.java:330) [spock-core-0.7-groovy-2.0.jar:na]
	at org.spockframework.runtime.BaseSpecRunner.invoke(BaseSpecRunner.java:311) [spock-core-0.7-groovy-2.0.jar:na]
	at org.spockframework.runtime.BaseSpecRunner.runIteration(BaseSpecRunner.java:223) [spock-core-0.7-groovy-2.0.jar:na]
	at org.spockframework.runtime.BaseSpecRunner.initializeAndRunIteration(BaseSpecRunner.java:214) [spock-core-0.7-groovy-2.0.jar:na]
	at org.spockframework.runtime.BaseSpecRunner.runSimpleFeature(BaseSpecRunner.java:205) [spock-core-0.7-groovy-2.0.jar:na]
	at org.spockframework.runtime.BaseSpecRunner.doRunFeature(BaseSpecRunner.java:199) [spock-core-0.7-groovy-2.0.jar:na]
	at sun.reflect.NativeMethodAccessorImpl.invoke0(Native Method) ~[na:1.8.0_45]
	at sun.reflect.NativeMethodAccessorImpl.invoke(NativeMethodAccessorImpl.java:62) ~[na:1.8.0_45]
	at sun.reflect.DelegatingMethodAccessorImpl.invoke(DelegatingMethodAccessorImpl.java:43) ~[na:1.8.0_45]
	at java.lang.reflect.Method.invoke(Method.java:497) ~[na:1.8.0_45]
	at org.spockframework.util.ReflectionUtil.invokeMethod(ReflectionUtil.java:138) [spock-core-0.7-groovy-2.0.jar:na]
	at org.spockframework.runtime.BaseSpecRunner.invokeRaw(BaseSpecRunner.java:330) [spock-core-0.7-groovy-2.0.jar:na]
	at org.spockframework.runtime.BaseSpecRunner.invoke(BaseSpecRunner.java:311) [spock-core-0.7-groovy-2.0.jar:na]
	at org.spockframework.runtime.BaseSpecRunner.runFeature(BaseSpecRunner.java:175) [spock-core-0.7-groovy-2.0.jar:na]
	at org.spockframework.runtime.BaseSpecRunner.runFeatures(BaseSpecRunner.java:152) [spock-core-0.7-groovy-2.0.jar:na]
	at org.spockframework.runtime.BaseSpecRunner.doRunSpec(BaseSpecRunner.java:112) [spock-core-0.7-groovy-2.0.jar:na]
	at sun.reflect.NativeMethodAccessorImpl.invoke0(Native Method) ~[na:1.8.0_45]
	at sun.reflect.NativeMethodAccessorImpl.invoke(NativeMethodAccessorImpl.java:62) ~[na:1.8.0_45]
	at sun.reflect.DelegatingMethodAccessorImpl.invoke(DelegatingMethodAccessorImpl.java:43) ~[na:1.8.0_45]
	at java.lang.reflect.Method.invoke(Method.java:497) ~[na:1.8.0_45]
	at org.spockframework.util.ReflectionUtil.invokeMethod(ReflectionUtil.java:138) [spock-core-0.7-groovy-2.0.jar:na]
	at org.spockframework.runtime.BaseSpecRunner.invokeRaw(BaseSpecRunner.java:330) [spock-core-0.7-groovy-2.0.jar:na]
	at org.spockframework.runtime.BaseSpecRunner.invoke(BaseSpecRunner.java:311) [spock-core-0.7-groovy-2.0.jar:na]
	at org.spockframework.runtime.BaseSpecRunner.runSpec(BaseSpecRunner.java:91) [spock-core-0.7-groovy-2.0.jar:na]
	at org.spockframework.runtime.BaseSpecRunner.run(BaseSpecRunner.java:82) [spock-core-0.7-groovy-2.0.jar:na]
	at org.spockframework.runtime.Sputnik.run(Sputnik.java:63) [spock-core-0.7-groovy-2.0.jar:na]
	at org.gradle.api.internal.tasks.testing.junit.JUnitTestClassExecuter.runTestClass(JUnitTestClassExecuter.java:86) [gradle-plugins-2.3.jar:2.3]
	at org.gradle.api.internal.tasks.testing.junit.JUnitTestClassExecuter.execute(JUnitTestClassExecuter.java:49) [gradle-plugins-2.3.jar:2.3]
	at org.gradle.api.internal.tasks.testing.junit.JUnitTestClassProcessor.processTestClass(JUnitTestClassProcessor.java:64) [gradle-plugins-2.3.jar:2.3]
	at org.gradle.api.internal.tasks.testing.SuiteTestClassProcessor.processTestClass(SuiteTestClassProcessor.java:50) [gradle-plugins-2.3.jar:2.3]
	at sun.reflect.NativeMethodAccessorImpl.invoke0(Native Method) ~[na:1.8.0_45]
	at sun.reflect.NativeMethodAccessorImpl.invoke(NativeMethodAccessorImpl.java:62) ~[na:1.8.0_45]
	at sun.reflect.DelegatingMethodAccessorImpl.invoke(DelegatingMethodAccessorImpl.java:43) ~[na:1.8.0_45]
	at java.lang.reflect.Method.invoke(Method.java:497) ~[na:1.8.0_45]
	at org.gradle.messaging.dispatch.ReflectionDispatch.dispatch(ReflectionDispatch.java:35) [gradle-messaging-2.3.jar:2.3]
	at org.gradle.messaging.dispatch.ReflectionDispatch.dispatch(ReflectionDispatch.java:24) [gradle-messaging-2.3.jar:2.3]
	at org.gradle.messaging.dispatch.ContextClassLoaderDispatch.dispatch(ContextClassLoaderDispatch.java:32) [gradle-messaging-2.3.jar:2.3]
	at org.gradle.messaging.dispatch.ProxyDispatchAdapter$DispatchingInvocationHandler.invoke(ProxyDispatchAdapter.java:93) [gradle-messaging-2.3.jar:2.3]
	at com.sun.proxy.$Proxy2.processTestClass(Unknown Source) [na:na]
	at org.gradle.api.internal.tasks.testing.worker.TestWorker.processTestClass(TestWorker.java:106) [gradle-plugins-2.3.jar:2.3]
	at sun.reflect.NativeMethodAccessorImpl.invoke0(Native Method) ~[na:1.8.0_45]
	at sun.reflect.NativeMethodAccessorImpl.invoke(NativeMethodAccessorImpl.java:62) ~[na:1.8.0_45]
	at sun.reflect.DelegatingMethodAccessorImpl.invoke(DelegatingMethodAccessorImpl.java:43) ~[na:1.8.0_45]
	at java.lang.reflect.Method.invoke(Method.java:497) ~[na:1.8.0_45]
	at org.gradle.messaging.dispatch.ReflectionDispatch.dispatch(ReflectionDispatch.java:35) [gradle-messaging-2.3.jar:2.3]
	at org.gradle.messaging.dispatch.ReflectionDispatch.dispatch(ReflectionDispatch.java:24) [gradle-messaging-2.3.jar:2.3]
	at org.gradle.messaging.remote.internal.hub.MessageHub$Handler.run(MessageHub.java:360) [gradle-messaging-2.3.jar:2.3]
	at org.gradle.internal.concurrent.DefaultExecutorFactory$StoppableExecutorImpl$1.run(DefaultExecutorFactory.java:64) [gradle-base-services-2.3.jar:2.3]
	at java.util.concurrent.ThreadPoolExecutor.runWorker(ThreadPoolExecutor.java:1142) [na:1.8.0_45]
	at java.util.concurrent.ThreadPoolExecutor$Worker.run(ThreadPoolExecutor.java:617) [na:1.8.0_45]
	at java.lang.Thread.run(Thread.java:745) [na:1.8.0_45]
15:50:15.224 [Test worker] DEBUG o.s.c.t.c.AnnotationAttributesReadingVisitor - Failed to class-load type while reading annotation metadata. This is a non-fatal error, but certain annotation metadata may be unavailable.
java.lang.ClassNotFoundException: org.springframework.security.config.annotation.web.configuration.EnableWebSecurity
	at java.net.URLClassLoader.findClass(URLClassLoader.java:381) ~[na:1.8.0_45]
	at java.lang.ClassLoader.loadClass(ClassLoader.java:424) ~[na:1.8.0_45]
	at sun.misc.Launcher$AppClassLoader.loadClass(Launcher.java:331) ~[na:1.8.0_45]
	at java.lang.ClassLoader.loadClass(ClassLoader.java:357) ~[na:1.8.0_45]
	at org.springframework.core.type.classreading.RecursiveAnnotationAttributesVisitor.visitEnd(RecursiveAnnotationAttributesVisitor.java:47) ~[spring-core-4.1.6.RELEASE.jar:4.1.6.RELEASE]
	at org.springframework.asm.ClassReader.readAnnotationValues(ClassReader.java:1802) [spring-core-4.1.6.RELEASE.jar:4.1.6.RELEASE]
	at org.springframework.asm.ClassReader.accept(ClassReader.java:642) [spring-core-4.1.6.RELEASE.jar:4.1.6.RELEASE]
	at org.springframework.asm.ClassReader.accept(ClassReader.java:508) [spring-core-4.1.6.RELEASE.jar:4.1.6.RELEASE]
	at org.springframework.core.type.classreading.SimpleMetadataReader.<init>(SimpleMetadataReader.java:64) [spring-core-4.1.6.RELEASE.jar:4.1.6.RELEASE]
	at org.springframework.core.type.classreading.SimpleMetadataReaderFactory.getMetadataReader(SimpleMetadataReaderFactory.java:98) [spring-core-4.1.6.RELEASE.jar:4.1.6.RELEASE]
	at org.springframework.core.type.classreading.CachingMetadataReaderFactory.getMetadataReader(CachingMetadataReaderFactory.java:102) [spring-core-4.1.6.RELEASE.jar:4.1.6.RELEASE]
	at org.springframework.core.type.classreading.SimpleMetadataReaderFactory.getMetadataReader(SimpleMetadataReaderFactory.java:93) [spring-core-4.1.6.RELEASE.jar:4.1.6.RELEASE]
	at org.springframework.boot.autoconfigure.AutoConfigurationSorter$AutoConfigurationClasses.<init>(AutoConfigurationSorter.java:112) [spring-boot-autoconfigure-1.2.3.RELEASE.jar:1.2.3.RELEASE]
	at org.springframework.boot.autoconfigure.AutoConfigurationSorter.getInPriorityOrder(AutoConfigurationSorter.java:57) [spring-boot-autoconfigure-1.2.3.RELEASE.jar:1.2.3.RELEASE]
	at org.springframework.boot.autoconfigure.EnableAutoConfigurationImportSelector.selectImports(EnableAutoConfigurationImportSelector.java:72) [spring-boot-autoconfigure-1.2.3.RELEASE.jar:1.2.3.RELEASE]
	at org.springframework.context.annotation.ConfigurationClassParser.processDeferredImportSelectors(ConfigurationClassParser.java:429) [spring-context-4.1.6.RELEASE.jar:4.1.6.RELEASE]
	at org.springframework.context.annotation.ConfigurationClassParser.parse(ConfigurationClassParser.java:183) [spring-context-4.1.6.RELEASE.jar:4.1.6.RELEASE]
	at org.springframework.context.annotation.ConfigurationClassPostProcessor.processConfigBeanDefinitions(ConfigurationClassPostProcessor.java:306) [spring-context-4.1.6.RELEASE.jar:4.1.6.RELEASE]
	at org.springframework.context.annotation.ConfigurationClassPostProcessor.postProcessBeanDefinitionRegistry(ConfigurationClassPostProcessor.java:239) [spring-context-4.1.6.RELEASE.jar:4.1.6.RELEASE]
	at org.springframework.context.support.PostProcessorRegistrationDelegate.invokeBeanDefinitionRegistryPostProcessors(PostProcessorRegistrationDelegate.java:254) [spring-context-4.1.6.RELEASE.jar:4.1.6.RELEASE]
	at org.springframework.context.support.PostProcessorRegistrationDelegate.invokeBeanFactoryPostProcessors(PostProcessorRegistrationDelegate.java:94) [spring-context-4.1.6.RELEASE.jar:4.1.6.RELEASE]
	at org.springframework.context.support.AbstractApplicationContext.invokeBeanFactoryPostProcessors(AbstractApplicationContext.java:606) [spring-context-4.1.6.RELEASE.jar:4.1.6.RELEASE]
	at org.springframework.context.support.AbstractApplicationContext.refresh(AbstractApplicationContext.java:462) [spring-context-4.1.6.RELEASE.jar:4.1.6.RELEASE]
	at org.springframework.test.context.support.AbstractGenericContextLoader.loadContext(AbstractGenericContextLoader.java:125) [spring-test-4.1.6.RELEASE.jar:4.1.6.RELEASE]
	at org.springframework.test.context.support.AbstractGenericContextLoader.loadContext(AbstractGenericContextLoader.java:60) [spring-test-4.1.6.RELEASE.jar:4.1.6.RELEASE]
	at org.springframework.test.context.support.AbstractDelegatingSmartContextLoader.delegateLoading(AbstractDelegatingSmartContextLoader.java:109) [spring-test-4.1.6.RELEASE.jar:4.1.6.RELEASE]
	at org.springframework.test.context.support.AbstractDelegatingSmartContextLoader.loadContext(AbstractDelegatingSmartContextLoader.java:261) [spring-test-4.1.6.RELEASE.jar:4.1.6.RELEASE]
	at org.springframework.test.context.DefaultCacheAwareContextLoaderDelegate.loadContextInternal(DefaultCacheAwareContextLoaderDelegate.java:68) [spring-test-4.1.6.RELEASE.jar:4.1.6.RELEASE]
	at org.springframework.test.context.DefaultCacheAwareContextLoaderDelegate.loadContext(DefaultCacheAwareContextLoaderDelegate.java:86) [spring-test-4.1.6.RELEASE.jar:4.1.6.RELEASE]
	at org.springframework.test.context.DefaultTestContext.getApplicationContext(DefaultTestContext.java:72) [spring-test-4.1.6.RELEASE.jar:4.1.6.RELEASE]
	at org.springframework.test.context.support.DependencyInjectionTestExecutionListener.injectDependencies(DependencyInjectionTestExecutionListener.java:117) [spring-test-4.1.6.RELEASE.jar:4.1.6.RELEASE]
	at org.springframework.test.context.support.DependencyInjectionTestExecutionListener.prepareTestInstance(DependencyInjectionTestExecutionListener.java:83) [spring-test-4.1.6.RELEASE.jar:4.1.6.RELEASE]
	at org.springframework.test.context.TestContextManager.prepareTestInstance(TestContextManager.java:212) [spring-test-4.1.6.RELEASE.jar:4.1.6.RELEASE]
	at org.spockframework.spring.SpringTestContextManager.prepareTestInstance(SpringTestContextManager.java:49) [spock-spring-0.7-groovy-2.0.jar:na]
	at org.spockframework.spring.SpringInterceptor.interceptSetupMethod(SpringInterceptor.java:42) [spock-spring-0.7-groovy-2.0.jar:na]
	at org.spockframework.runtime.extension.AbstractMethodInterceptor.intercept(AbstractMethodInterceptor.java:28) [spock-core-0.7-groovy-2.0.jar:na]
	at org.spockframework.runtime.extension.MethodInvocation.proceed(MethodInvocation.java:84) [spock-core-0.7-groovy-2.0.jar:na]
	at org.spockframework.runtime.BaseSpecRunner.invoke(BaseSpecRunner.java:319) [spock-core-0.7-groovy-2.0.jar:na]
	at org.spockframework.runtime.BaseSpecRunner.invokeSetup(BaseSpecRunner.java:279) [spock-core-0.7-groovy-2.0.jar:na]
	at org.spockframework.runtime.BaseSpecRunner.doRunIteration(BaseSpecRunner.java:255) [spock-core-0.7-groovy-2.0.jar:na]
	at sun.reflect.NativeMethodAccessorImpl.invoke0(Native Method) ~[na:1.8.0_45]
	at sun.reflect.NativeMethodAccessorImpl.invoke(NativeMethodAccessorImpl.java:62) ~[na:1.8.0_45]
	at sun.reflect.DelegatingMethodAccessorImpl.invoke(DelegatingMethodAccessorImpl.java:43) ~[na:1.8.0_45]
	at java.lang.reflect.Method.invoke(Method.java:497) ~[na:1.8.0_45]
	at org.spockframework.util.ReflectionUtil.invokeMethod(ReflectionUtil.java:138) [spock-core-0.7-groovy-2.0.jar:na]
	at org.spockframework.runtime.BaseSpecRunner.invokeRaw(BaseSpecRunner.java:330) [spock-core-0.7-groovy-2.0.jar:na]
	at org.spockframework.runtime.BaseSpecRunner.invoke(BaseSpecRunner.java:311) [spock-core-0.7-groovy-2.0.jar:na]
	at org.spockframework.runtime.BaseSpecRunner.runIteration(BaseSpecRunner.java:223) [spock-core-0.7-groovy-2.0.jar:na]
	at org.spockframework.runtime.BaseSpecRunner.initializeAndRunIteration(BaseSpecRunner.java:214) [spock-core-0.7-groovy-2.0.jar:na]
	at org.spockframework.runtime.BaseSpecRunner.runSimpleFeature(BaseSpecRunner.java:205) [spock-core-0.7-groovy-2.0.jar:na]
	at org.spockframework.runtime.BaseSpecRunner.doRunFeature(BaseSpecRunner.java:199) [spock-core-0.7-groovy-2.0.jar:na]
	at sun.reflect.NativeMethodAccessorImpl.invoke0(Native Method) ~[na:1.8.0_45]
	at sun.reflect.NativeMethodAccessorImpl.invoke(NativeMethodAccessorImpl.java:62) ~[na:1.8.0_45]
	at sun.reflect.DelegatingMethodAccessorImpl.invoke(DelegatingMethodAccessorImpl.java:43) ~[na:1.8.0_45]
	at java.lang.reflect.Method.invoke(Method.java:497) ~[na:1.8.0_45]
	at org.spockframework.util.ReflectionUtil.invokeMethod(ReflectionUtil.java:138) [spock-core-0.7-groovy-2.0.jar:na]
	at org.spockframework.runtime.BaseSpecRunner.invokeRaw(BaseSpecRunner.java:330) [spock-core-0.7-groovy-2.0.jar:na]
	at org.spockframework.runtime.BaseSpecRunner.invoke(BaseSpecRunner.java:311) [spock-core-0.7-groovy-2.0.jar:na]
	at org.spockframework.runtime.BaseSpecRunner.runFeature(BaseSpecRunner.java:175) [spock-core-0.7-groovy-2.0.jar:na]
	at org.spockframework.runtime.BaseSpecRunner.runFeatures(BaseSpecRunner.java:152) [spock-core-0.7-groovy-2.0.jar:na]
	at org.spockframework.runtime.BaseSpecRunner.doRunSpec(BaseSpecRunner.java:112) [spock-core-0.7-groovy-2.0.jar:na]
	at sun.reflect.NativeMethodAccessorImpl.invoke0(Native Method) ~[na:1.8.0_45]
	at sun.reflect.NativeMethodAccessorImpl.invoke(NativeMethodAccessorImpl.java:62) ~[na:1.8.0_45]
	at sun.reflect.DelegatingMethodAccessorImpl.invoke(DelegatingMethodAccessorImpl.java:43) ~[na:1.8.0_45]
	at java.lang.reflect.Method.invoke(Method.java:497) ~[na:1.8.0_45]
	at org.spockframework.util.ReflectionUtil.invokeMethod(ReflectionUtil.java:138) [spock-core-0.7-groovy-2.0.jar:na]
	at org.spockframework.runtime.BaseSpecRunner.invokeRaw(BaseSpecRunner.java:330) [spock-core-0.7-groovy-2.0.jar:na]
	at org.spockframework.runtime.BaseSpecRunner.invoke(BaseSpecRunner.java:311) [spock-core-0.7-groovy-2.0.jar:na]
	at org.spockframework.runtime.BaseSpecRunner.runSpec(BaseSpecRunner.java:91) [spock-core-0.7-groovy-2.0.jar:na]
	at org.spockframework.runtime.BaseSpecRunner.run(BaseSpecRunner.java:82) [spock-core-0.7-groovy-2.0.jar:na]
	at org.spockframework.runtime.Sputnik.run(Sputnik.java:63) [spock-core-0.7-groovy-2.0.jar:na]
	at org.gradle.api.internal.tasks.testing.junit.JUnitTestClassExecuter.runTestClass(JUnitTestClassExecuter.java:86) [gradle-plugins-2.3.jar:2.3]
	at org.gradle.api.internal.tasks.testing.junit.JUnitTestClassExecuter.execute(JUnitTestClassExecuter.java:49) [gradle-plugins-2.3.jar:2.3]
	at org.gradle.api.internal.tasks.testing.junit.JUnitTestClassProcessor.processTestClass(JUnitTestClassProcessor.java:64) [gradle-plugins-2.3.jar:2.3]
	at org.gradle.api.internal.tasks.testing.SuiteTestClassProcessor.processTestClass(SuiteTestClassProcessor.java:50) [gradle-plugins-2.3.jar:2.3]
	at sun.reflect.NativeMethodAccessorImpl.invoke0(Native Method) ~[na:1.8.0_45]
	at sun.reflect.NativeMethodAccessorImpl.invoke(NativeMethodAccessorImpl.java:62) ~[na:1.8.0_45]
	at sun.reflect.DelegatingMethodAccessorImpl.invoke(DelegatingMethodAccessorImpl.java:43) ~[na:1.8.0_45]
	at java.lang.reflect.Method.invoke(Method.java:497) ~[na:1.8.0_45]
	at org.gradle.messaging.dispatch.ReflectionDispatch.dispatch(ReflectionDispatch.java:35) [gradle-messaging-2.3.jar:2.3]
	at org.gradle.messaging.dispatch.ReflectionDispatch.dispatch(ReflectionDispatch.java:24) [gradle-messaging-2.3.jar:2.3]
	at org.gradle.messaging.dispatch.ContextClassLoaderDispatch.dispatch(ContextClassLoaderDispatch.java:32) [gradle-messaging-2.3.jar:2.3]
	at org.gradle.messaging.dispatch.ProxyDispatchAdapter$DispatchingInvocationHandler.invoke(ProxyDispatchAdapter.java:93) [gradle-messaging-2.3.jar:2.3]
	at com.sun.proxy.$Proxy2.processTestClass(Unknown Source) [na:na]
	at org.gradle.api.internal.tasks.testing.worker.TestWorker.processTestClass(TestWorker.java:106) [gradle-plugins-2.3.jar:2.3]
	at sun.reflect.NativeMethodAccessorImpl.invoke0(Native Method) ~[na:1.8.0_45]
	at sun.reflect.NativeMethodAccessorImpl.invoke(NativeMethodAccessorImpl.java:62) ~[na:1.8.0_45]
	at sun.reflect.DelegatingMethodAccessorImpl.invoke(DelegatingMethodAccessorImpl.java:43) ~[na:1.8.0_45]
	at java.lang.reflect.Method.invoke(Method.java:497) ~[na:1.8.0_45]
	at org.gradle.messaging.dispatch.ReflectionDispatch.dispatch(ReflectionDispatch.java:35) [gradle-messaging-2.3.jar:2.3]
	at org.gradle.messaging.dispatch.ReflectionDispatch.dispatch(ReflectionDispatch.java:24) [gradle-messaging-2.3.jar:2.3]
	at org.gradle.messaging.remote.internal.hub.MessageHub$Handler.run(MessageHub.java:360) [gradle-messaging-2.3.jar:2.3]
	at org.gradle.internal.concurrent.DefaultExecutorFactory$StoppableExecutorImpl$1.run(DefaultExecutorFactory.java:64) [gradle-base-services-2.3.jar:2.3]
	at java.util.concurrent.ThreadPoolExecutor.runWorker(ThreadPoolExecutor.java:1142) [na:1.8.0_45]
	at java.util.concurrent.ThreadPoolExecutor$Worker.run(ThreadPoolExecutor.java:617) [na:1.8.0_45]
	at java.lang.Thread.run(Thread.java:745) [na:1.8.0_45]
15:50:15.269 [Test worker] DEBUG o.s.c.t.c.AnnotationAttributesReadingVisitor - Failed to class-load type while reading annotation metadata. This is a non-fatal error, but certain annotation metadata may be unavailable.
java.lang.ClassNotFoundException: org.springframework.data.web.config.EnableSpringDataWebSupport
	at java.net.URLClassLoader.findClass(URLClassLoader.java:381) ~[na:1.8.0_45]
	at java.lang.ClassLoader.loadClass(ClassLoader.java:424) ~[na:1.8.0_45]
	at sun.misc.Launcher$AppClassLoader.loadClass(Launcher.java:331) ~[na:1.8.0_45]
	at java.lang.ClassLoader.loadClass(ClassLoader.java:357) ~[na:1.8.0_45]
	at org.springframework.core.type.classreading.RecursiveAnnotationAttributesVisitor.visitEnd(RecursiveAnnotationAttributesVisitor.java:47) ~[spring-core-4.1.6.RELEASE.jar:4.1.6.RELEASE]
	at org.springframework.asm.ClassReader.readAnnotationValues(ClassReader.java:1802) [spring-core-4.1.6.RELEASE.jar:4.1.6.RELEASE]
	at org.springframework.asm.ClassReader.accept(ClassReader.java:642) [spring-core-4.1.6.RELEASE.jar:4.1.6.RELEASE]
	at org.springframework.asm.ClassReader.accept(ClassReader.java:508) [spring-core-4.1.6.RELEASE.jar:4.1.6.RELEASE]
	at org.springframework.core.type.classreading.SimpleMetadataReader.<init>(SimpleMetadataReader.java:64) [spring-core-4.1.6.RELEASE.jar:4.1.6.RELEASE]
	at org.springframework.core.type.classreading.SimpleMetadataReaderFactory.getMetadataReader(SimpleMetadataReaderFactory.java:98) [spring-core-4.1.6.RELEASE.jar:4.1.6.RELEASE]
	at org.springframework.core.type.classreading.CachingMetadataReaderFactory.getMetadataReader(CachingMetadataReaderFactory.java:102) [spring-core-4.1.6.RELEASE.jar:4.1.6.RELEASE]
	at org.springframework.core.type.classreading.SimpleMetadataReaderFactory.getMetadataReader(SimpleMetadataReaderFactory.java:93) [spring-core-4.1.6.RELEASE.jar:4.1.6.RELEASE]
	at org.springframework.context.annotation.ConfigurationClassParser.asSourceClass(ConfigurationClassParser.java:596) [spring-context-4.1.6.RELEASE.jar:4.1.6.RELEASE]
	at org.springframework.context.annotation.ConfigurationClassParser.asSourceClasses(ConfigurationClassParser.java:578) [spring-context-4.1.6.RELEASE.jar:4.1.6.RELEASE]
	at org.springframework.context.annotation.ConfigurationClassParser.processDeferredImportSelectors(ConfigurationClassParser.java:430) [spring-context-4.1.6.RELEASE.jar:4.1.6.RELEASE]
	at org.springframework.context.annotation.ConfigurationClassParser.parse(ConfigurationClassParser.java:183) [spring-context-4.1.6.RELEASE.jar:4.1.6.RELEASE]
	at org.springframework.context.annotation.ConfigurationClassPostProcessor.processConfigBeanDefinitions(ConfigurationClassPostProcessor.java:306) [spring-context-4.1.6.RELEASE.jar:4.1.6.RELEASE]
	at org.springframework.context.annotation.ConfigurationClassPostProcessor.postProcessBeanDefinitionRegistry(ConfigurationClassPostProcessor.java:239) [spring-context-4.1.6.RELEASE.jar:4.1.6.RELEASE]
	at org.springframework.context.support.PostProcessorRegistrationDelegate.invokeBeanDefinitionRegistryPostProcessors(PostProcessorRegistrationDelegate.java:254) [spring-context-4.1.6.RELEASE.jar:4.1.6.RELEASE]
	at org.springframework.context.support.PostProcessorRegistrationDelegate.invokeBeanFactoryPostProcessors(PostProcessorRegistrationDelegate.java:94) [spring-context-4.1.6.RELEASE.jar:4.1.6.RELEASE]
	at org.springframework.context.support.AbstractApplicationContext.invokeBeanFactoryPostProcessors(AbstractApplicationContext.java:606) [spring-context-4.1.6.RELEASE.jar:4.1.6.RELEASE]
	at org.springframework.context.support.AbstractApplicationContext.refresh(AbstractApplicationContext.java:462) [spring-context-4.1.6.RELEASE.jar:4.1.6.RELEASE]
	at org.springframework.test.context.support.AbstractGenericContextLoader.loadContext(AbstractGenericContextLoader.java:125) [spring-test-4.1.6.RELEASE.jar:4.1.6.RELEASE]
	at org.springframework.test.context.support.AbstractGenericContextLoader.loadContext(AbstractGenericContextLoader.java:60) [spring-test-4.1.6.RELEASE.jar:4.1.6.RELEASE]
	at org.springframework.test.context.support.AbstractDelegatingSmartContextLoader.delegateLoading(AbstractDelegatingSmartContextLoader.java:109) [spring-test-4.1.6.RELEASE.jar:4.1.6.RELEASE]
	at org.springframework.test.context.support.AbstractDelegatingSmartContextLoader.loadContext(AbstractDelegatingSmartContextLoader.java:261) [spring-test-4.1.6.RELEASE.jar:4.1.6.RELEASE]
	at org.springframework.test.context.DefaultCacheAwareContextLoaderDelegate.loadContextInternal(DefaultCacheAwareContextLoaderDelegate.java:68) [spring-test-4.1.6.RELEASE.jar:4.1.6.RELEASE]
	at org.springframework.test.context.DefaultCacheAwareContextLoaderDelegate.loadContext(DefaultCacheAwareContextLoaderDelegate.java:86) [spring-test-4.1.6.RELEASE.jar:4.1.6.RELEASE]
	at org.springframework.test.context.DefaultTestContext.getApplicationContext(DefaultTestContext.java:72) [spring-test-4.1.6.RELEASE.jar:4.1.6.RELEASE]
	at org.springframework.test.context.support.DependencyInjectionTestExecutionListener.injectDependencies(DependencyInjectionTestExecutionListener.java:117) [spring-test-4.1.6.RELEASE.jar:4.1.6.RELEASE]
	at org.springframework.test.context.support.DependencyInjectionTestExecutionListener.prepareTestInstance(DependencyInjectionTestExecutionListener.java:83) [spring-test-4.1.6.RELEASE.jar:4.1.6.RELEASE]
	at org.springframework.test.context.TestContextManager.prepareTestInstance(TestContextManager.java:212) [spring-test-4.1.6.RELEASE.jar:4.1.6.RELEASE]
	at org.spockframework.spring.SpringTestContextManager.prepareTestInstance(SpringTestContextManager.java:49) [spock-spring-0.7-groovy-2.0.jar:na]
	at org.spockframework.spring.SpringInterceptor.interceptSetupMethod(SpringInterceptor.java:42) [spock-spring-0.7-groovy-2.0.jar:na]
	at org.spockframework.runtime.extension.AbstractMethodInterceptor.intercept(AbstractMethodInterceptor.java:28) [spock-core-0.7-groovy-2.0.jar:na]
	at org.spockframework.runtime.extension.MethodInvocation.proceed(MethodInvocation.java:84) [spock-core-0.7-groovy-2.0.jar:na]
	at org.spockframework.runtime.BaseSpecRunner.invoke(BaseSpecRunner.java:319) [spock-core-0.7-groovy-2.0.jar:na]
	at org.spockframework.runtime.BaseSpecRunner.invokeSetup(BaseSpecRunner.java:279) [spock-core-0.7-groovy-2.0.jar:na]
	at org.spockframework.runtime.BaseSpecRunner.doRunIteration(BaseSpecRunner.java:255) [spock-core-0.7-groovy-2.0.jar:na]
	at sun.reflect.NativeMethodAccessorImpl.invoke0(Native Method) ~[na:1.8.0_45]
	at sun.reflect.NativeMethodAccessorImpl.invoke(NativeMethodAccessorImpl.java:62) ~[na:1.8.0_45]
	at sun.reflect.DelegatingMethodAccessorImpl.invoke(DelegatingMethodAccessorImpl.java:43) ~[na:1.8.0_45]
	at java.lang.reflect.Method.invoke(Method.java:497) ~[na:1.8.0_45]
	at org.spockframework.util.ReflectionUtil.invokeMethod(ReflectionUtil.java:138) [spock-core-0.7-groovy-2.0.jar:na]
	at org.spockframework.runtime.BaseSpecRunner.invokeRaw(BaseSpecRunner.java:330) [spock-core-0.7-groovy-2.0.jar:na]
	at org.spockframework.runtime.BaseSpecRunner.invoke(BaseSpecRunner.java:311) [spock-core-0.7-groovy-2.0.jar:na]
	at org.spockframework.runtime.BaseSpecRunner.runIteration(BaseSpecRunner.java:223) [spock-core-0.7-groovy-2.0.jar:na]
	at org.spockframework.runtime.BaseSpecRunner.initializeAndRunIteration(BaseSpecRunner.java:214) [spock-core-0.7-groovy-2.0.jar:na]
	at org.spockframework.runtime.BaseSpecRunner.runSimpleFeature(BaseSpecRunner.java:205) [spock-core-0.7-groovy-2.0.jar:na]
	at org.spockframework.runtime.BaseSpecRunner.doRunFeature(BaseSpecRunner.java:199) [spock-core-0.7-groovy-2.0.jar:na]
	at sun.reflect.NativeMethodAccessorImpl.invoke0(Native Method) ~[na:1.8.0_45]
	at sun.reflect.NativeMethodAccessorImpl.invoke(NativeMethodAccessorImpl.java:62) ~[na:1.8.0_45]
	at sun.reflect.DelegatingMethodAccessorImpl.invoke(DelegatingMethodAccessorImpl.java:43) ~[na:1.8.0_45]
	at java.lang.reflect.Method.invoke(Method.java:497) ~[na:1.8.0_45]
	at org.spockframework.util.ReflectionUtil.invokeMethod(ReflectionUtil.java:138) [spock-core-0.7-groovy-2.0.jar:na]
	at org.spockframework.runtime.BaseSpecRunner.invokeRaw(BaseSpecRunner.java:330) [spock-core-0.7-groovy-2.0.jar:na]
	at org.spockframework.runtime.BaseSpecRunner.invoke(BaseSpecRunner.java:311) [spock-core-0.7-groovy-2.0.jar:na]
	at org.spockframework.runtime.BaseSpecRunner.runFeature(BaseSpecRunner.java:175) [spock-core-0.7-groovy-2.0.jar:na]
	at org.spockframework.runtime.BaseSpecRunner.runFeatures(BaseSpecRunner.java:152) [spock-core-0.7-groovy-2.0.jar:na]
	at org.spockframework.runtime.BaseSpecRunner.doRunSpec(BaseSpecRunner.java:112) [spock-core-0.7-groovy-2.0.jar:na]
	at sun.reflect.NativeMethodAccessorImpl.invoke0(Native Method) ~[na:1.8.0_45]
	at sun.reflect.NativeMethodAccessorImpl.invoke(NativeMethodAccessorImpl.java:62) ~[na:1.8.0_45]
	at sun.reflect.DelegatingMethodAccessorImpl.invoke(DelegatingMethodAccessorImpl.java:43) ~[na:1.8.0_45]
	at java.lang.reflect.Method.invoke(Method.java:497) ~[na:1.8.0_45]
	at org.spockframework.util.ReflectionUtil.invokeMethod(ReflectionUtil.java:138) [spock-core-0.7-groovy-2.0.jar:na]
	at org.spockframework.runtime.BaseSpecRunner.invokeRaw(BaseSpecRunner.java:330) [spock-core-0.7-groovy-2.0.jar:na]
	at org.spockframework.runtime.BaseSpecRunner.invoke(BaseSpecRunner.java:311) [spock-core-0.7-groovy-2.0.jar:na]
	at org.spockframework.runtime.BaseSpecRunner.runSpec(BaseSpecRunner.java:91) [spock-core-0.7-groovy-2.0.jar:na]
	at org.spockframework.runtime.BaseSpecRunner.run(BaseSpecRunner.java:82) [spock-core-0.7-groovy-2.0.jar:na]
	at org.spockframework.runtime.Sputnik.run(Sputnik.java:63) [spock-core-0.7-groovy-2.0.jar:na]
	at org.gradle.api.internal.tasks.testing.junit.JUnitTestClassExecuter.runTestClass(JUnitTestClassExecuter.java:86) [gradle-plugins-2.3.jar:2.3]
	at org.gradle.api.internal.tasks.testing.junit.JUnitTestClassExecuter.execute(JUnitTestClassExecuter.java:49) [gradle-plugins-2.3.jar:2.3]
	at org.gradle.api.internal.tasks.testing.junit.JUnitTestClassProcessor.processTestClass(JUnitTestClassProcessor.java:64) [gradle-plugins-2.3.jar:2.3]
	at org.gradle.api.internal.tasks.testing.SuiteTestClassProcessor.processTestClass(SuiteTestClassProcessor.java:50) [gradle-plugins-2.3.jar:2.3]
	at sun.reflect.NativeMethodAccessorImpl.invoke0(Native Method) ~[na:1.8.0_45]
	at sun.reflect.NativeMethodAccessorImpl.invoke(NativeMethodAccessorImpl.java:62) ~[na:1.8.0_45]
	at sun.reflect.DelegatingMethodAccessorImpl.invoke(DelegatingMethodAccessorImpl.java:43) ~[na:1.8.0_45]
	at java.lang.reflect.Method.invoke(Method.java:497) ~[na:1.8.0_45]
	at org.gradle.messaging.dispatch.ReflectionDispatch.dispatch(ReflectionDispatch.java:35) [gradle-messaging-2.3.jar:2.3]
	at org.gradle.messaging.dispatch.ReflectionDispatch.dispatch(ReflectionDispatch.java:24) [gradle-messaging-2.3.jar:2.3]
	at org.gradle.messaging.dispatch.ContextClassLoaderDispatch.dispatch(ContextClassLoaderDispatch.java:32) [gradle-messaging-2.3.jar:2.3]
	at org.gradle.messaging.dispatch.ProxyDispatchAdapter$DispatchingInvocationHandler.invoke(ProxyDispatchAdapter.java:93) [gradle-messaging-2.3.jar:2.3]
	at com.sun.proxy.$Proxy2.processTestClass(Unknown Source) [na:na]
	at org.gradle.api.internal.tasks.testing.worker.TestWorker.processTestClass(TestWorker.java:106) [gradle-plugins-2.3.jar:2.3]
	at sun.reflect.NativeMethodAccessorImpl.invoke0(Native Method) ~[na:1.8.0_45]
	at sun.reflect.NativeMethodAccessorImpl.invoke(NativeMethodAccessorImpl.java:62) ~[na:1.8.0_45]
	at sun.reflect.DelegatingMethodAccessorImpl.invoke(DelegatingMethodAccessorImpl.java:43) ~[na:1.8.0_45]
	at java.lang.reflect.Method.invoke(Method.java:497) ~[na:1.8.0_45]
	at org.gradle.messaging.dispatch.ReflectionDispatch.dispatch(ReflectionDispatch.java:35) [gradle-messaging-2.3.jar:2.3]
	at org.gradle.messaging.dispatch.ReflectionDispatch.dispatch(ReflectionDispatch.java:24) [gradle-messaging-2.3.jar:2.3]
	at org.gradle.messaging.remote.internal.hub.MessageHub$Handler.run(MessageHub.java:360) [gradle-messaging-2.3.jar:2.3]
	at org.gradle.internal.concurrent.DefaultExecutorFactory$StoppableExecutorImpl$1.run(DefaultExecutorFactory.java:64) [gradle-base-services-2.3.jar:2.3]
	at java.util.concurrent.ThreadPoolExecutor.runWorker(ThreadPoolExecutor.java:1142) [na:1.8.0_45]
	at java.util.concurrent.ThreadPoolExecutor$Worker.run(ThreadPoolExecutor.java:617) [na:1.8.0_45]
	at java.lang.Thread.run(Thread.java:745) [na:1.8.0_45]
15:50:15.280 [Test worker] DEBUG o.s.c.t.c.AnnotationAttributesReadingVisitor - Failed to class-load type while reading annotation metadata. This is a non-fatal error, but certain annotation metadata may be unavailable.
java.lang.ClassNotFoundException: org.springframework.security.config.annotation.web.configuration.EnableWebSecurity
	at java.net.URLClassLoader.findClass(URLClassLoader.java:381) ~[na:1.8.0_45]
	at java.lang.ClassLoader.loadClass(ClassLoader.java:424) ~[na:1.8.0_45]
	at sun.misc.Launcher$AppClassLoader.loadClass(Launcher.java:331) ~[na:1.8.0_45]
	at java.lang.ClassLoader.loadClass(ClassLoader.java:357) ~[na:1.8.0_45]
	at org.springframework.core.type.classreading.RecursiveAnnotationAttributesVisitor.visitEnd(RecursiveAnnotationAttributesVisitor.java:47) ~[spring-core-4.1.6.RELEASE.jar:4.1.6.RELEASE]
	at org.springframework.asm.ClassReader.readAnnotationValues(ClassReader.java:1802) [spring-core-4.1.6.RELEASE.jar:4.1.6.RELEASE]
	at org.springframework.asm.ClassReader.accept(ClassReader.java:642) [spring-core-4.1.6.RELEASE.jar:4.1.6.RELEASE]
	at org.springframework.asm.ClassReader.accept(ClassReader.java:508) [spring-core-4.1.6.RELEASE.jar:4.1.6.RELEASE]
	at org.springframework.core.type.classreading.SimpleMetadataReader.<init>(SimpleMetadataReader.java:64) [spring-core-4.1.6.RELEASE.jar:4.1.6.RELEASE]
	at org.springframework.core.type.classreading.SimpleMetadataReaderFactory.getMetadataReader(SimpleMetadataReaderFactory.java:98) [spring-core-4.1.6.RELEASE.jar:4.1.6.RELEASE]
	at org.springframework.core.type.classreading.CachingMetadataReaderFactory.getMetadataReader(CachingMetadataReaderFactory.java:102) [spring-core-4.1.6.RELEASE.jar:4.1.6.RELEASE]
	at org.springframework.core.type.classreading.SimpleMetadataReaderFactory.getMetadataReader(SimpleMetadataReaderFactory.java:93) [spring-core-4.1.6.RELEASE.jar:4.1.6.RELEASE]
	at org.springframework.context.annotation.ConfigurationClassParser.asSourceClass(ConfigurationClassParser.java:596) [spring-context-4.1.6.RELEASE.jar:4.1.6.RELEASE]
	at org.springframework.context.annotation.ConfigurationClassParser.asSourceClasses(ConfigurationClassParser.java:578) [spring-context-4.1.6.RELEASE.jar:4.1.6.RELEASE]
	at org.springframework.context.annotation.ConfigurationClassParser.processDeferredImportSelectors(ConfigurationClassParser.java:430) [spring-context-4.1.6.RELEASE.jar:4.1.6.RELEASE]
	at org.springframework.context.annotation.ConfigurationClassParser.parse(ConfigurationClassParser.java:183) [spring-context-4.1.6.RELEASE.jar:4.1.6.RELEASE]
	at org.springframework.context.annotation.ConfigurationClassPostProcessor.processConfigBeanDefinitions(ConfigurationClassPostProcessor.java:306) [spring-context-4.1.6.RELEASE.jar:4.1.6.RELEASE]
	at org.springframework.context.annotation.ConfigurationClassPostProcessor.postProcessBeanDefinitionRegistry(ConfigurationClassPostProcessor.java:239) [spring-context-4.1.6.RELEASE.jar:4.1.6.RELEASE]
	at org.springframework.context.support.PostProcessorRegistrationDelegate.invokeBeanDefinitionRegistryPostProcessors(PostProcessorRegistrationDelegate.java:254) [spring-context-4.1.6.RELEASE.jar:4.1.6.RELEASE]
	at org.springframework.context.support.PostProcessorRegistrationDelegate.invokeBeanFactoryPostProcessors(PostProcessorRegistrationDelegate.java:94) [spring-context-4.1.6.RELEASE.jar:4.1.6.RELEASE]
	at org.springframework.context.support.AbstractApplicationContext.invokeBeanFactoryPostProcessors(AbstractApplicationContext.java:606) [spring-context-4.1.6.RELEASE.jar:4.1.6.RELEASE]
	at org.springframework.context.support.AbstractApplicationContext.refresh(AbstractApplicationContext.java:462) [spring-context-4.1.6.RELEASE.jar:4.1.6.RELEASE]
	at org.springframework.test.context.support.AbstractGenericContextLoader.loadContext(AbstractGenericContextLoader.java:125) [spring-test-4.1.6.RELEASE.jar:4.1.6.RELEASE]
	at org.springframework.test.context.support.AbstractGenericContextLoader.loadContext(AbstractGenericContextLoader.java:60) [spring-test-4.1.6.RELEASE.jar:4.1.6.RELEASE]
	at org.springframework.test.context.support.AbstractDelegatingSmartContextLoader.delegateLoading(AbstractDelegatingSmartContextLoader.java:109) [spring-test-4.1.6.RELEASE.jar:4.1.6.RELEASE]
	at org.springframework.test.context.support.AbstractDelegatingSmartContextLoader.loadContext(AbstractDelegatingSmartContextLoader.java:261) [spring-test-4.1.6.RELEASE.jar:4.1.6.RELEASE]
	at org.springframework.test.context.DefaultCacheAwareContextLoaderDelegate.loadContextInternal(DefaultCacheAwareContextLoaderDelegate.java:68) [spring-test-4.1.6.RELEASE.jar:4.1.6.RELEASE]
	at org.springframework.test.context.DefaultCacheAwareContextLoaderDelegate.loadContext(DefaultCacheAwareContextLoaderDelegate.java:86) [spring-test-4.1.6.RELEASE.jar:4.1.6.RELEASE]
	at org.springframework.test.context.DefaultTestContext.getApplicationContext(DefaultTestContext.java:72) [spring-test-4.1.6.RELEASE.jar:4.1.6.RELEASE]
	at org.springframework.test.context.support.DependencyInjectionTestExecutionListener.injectDependencies(DependencyInjectionTestExecutionListener.java:117) [spring-test-4.1.6.RELEASE.jar:4.1.6.RELEASE]
	at org.springframework.test.context.support.DependencyInjectionTestExecutionListener.prepareTestInstance(DependencyInjectionTestExecutionListener.java:83) [spring-test-4.1.6.RELEASE.jar:4.1.6.RELEASE]
	at org.springframework.test.context.TestContextManager.prepareTestInstance(TestContextManager.java:212) [spring-test-4.1.6.RELEASE.jar:4.1.6.RELEASE]
	at org.spockframework.spring.SpringTestContextManager.prepareTestInstance(SpringTestContextManager.java:49) [spock-spring-0.7-groovy-2.0.jar:na]
	at org.spockframework.spring.SpringInterceptor.interceptSetupMethod(SpringInterceptor.java:42) [spock-spring-0.7-groovy-2.0.jar:na]
	at org.spockframework.runtime.extension.AbstractMethodInterceptor.intercept(AbstractMethodInterceptor.java:28) [spock-core-0.7-groovy-2.0.jar:na]
	at org.spockframework.runtime.extension.MethodInvocation.proceed(MethodInvocation.java:84) [spock-core-0.7-groovy-2.0.jar:na]
	at org.spockframework.runtime.BaseSpecRunner.invoke(BaseSpecRunner.java:319) [spock-core-0.7-groovy-2.0.jar:na]
	at org.spockframework.runtime.BaseSpecRunner.invokeSetup(BaseSpecRunner.java:279) [spock-core-0.7-groovy-2.0.jar:na]
	at org.spockframework.runtime.BaseSpecRunner.doRunIteration(BaseSpecRunner.java:255) [spock-core-0.7-groovy-2.0.jar:na]
	at sun.reflect.NativeMethodAccessorImpl.invoke0(Native Method) ~[na:1.8.0_45]
	at sun.reflect.NativeMethodAccessorImpl.invoke(NativeMethodAccessorImpl.java:62) ~[na:1.8.0_45]
	at sun.reflect.DelegatingMethodAccessorImpl.invoke(DelegatingMethodAccessorImpl.java:43) ~[na:1.8.0_45]
	at java.lang.reflect.Method.invoke(Method.java:497) ~[na:1.8.0_45]
	at org.spockframework.util.ReflectionUtil.invokeMethod(ReflectionUtil.java:138) [spock-core-0.7-groovy-2.0.jar:na]
	at org.spockframework.runtime.BaseSpecRunner.invokeRaw(BaseSpecRunner.java:330) [spock-core-0.7-groovy-2.0.jar:na]
	at org.spockframework.runtime.BaseSpecRunner.invoke(BaseSpecRunner.java:311) [spock-core-0.7-groovy-2.0.jar:na]
	at org.spockframework.runtime.BaseSpecRunner.runIteration(BaseSpecRunner.java:223) [spock-core-0.7-groovy-2.0.jar:na]
	at org.spockframework.runtime.BaseSpecRunner.initializeAndRunIteration(BaseSpecRunner.java:214) [spock-core-0.7-groovy-2.0.jar:na]
	at org.spockframework.runtime.BaseSpecRunner.runSimpleFeature(BaseSpecRunner.java:205) [spock-core-0.7-groovy-2.0.jar:na]
	at org.spockframework.runtime.BaseSpecRunner.doRunFeature(BaseSpecRunner.java:199) [spock-core-0.7-groovy-2.0.jar:na]
	at sun.reflect.NativeMethodAccessorImpl.invoke0(Native Method) ~[na:1.8.0_45]
	at sun.reflect.NativeMethodAccessorImpl.invoke(NativeMethodAccessorImpl.java:62) ~[na:1.8.0_45]
	at sun.reflect.DelegatingMethodAccessorImpl.invoke(DelegatingMethodAccessorImpl.java:43) ~[na:1.8.0_45]
	at java.lang.reflect.Method.invoke(Method.java:497) ~[na:1.8.0_45]
	at org.spockframework.util.ReflectionUtil.invokeMethod(ReflectionUtil.java:138) [spock-core-0.7-groovy-2.0.jar:na]
	at org.spockframework.runtime.BaseSpecRunner.invokeRaw(BaseSpecRunner.java:330) [spock-core-0.7-groovy-2.0.jar:na]
	at org.spockframework.runtime.BaseSpecRunner.invoke(BaseSpecRunner.java:311) [spock-core-0.7-groovy-2.0.jar:na]
	at org.spockframework.runtime.BaseSpecRunner.runFeature(BaseSpecRunner.java:175) [spock-core-0.7-groovy-2.0.jar:na]
	at org.spockframework.runtime.BaseSpecRunner.runFeatures(BaseSpecRunner.java:152) [spock-core-0.7-groovy-2.0.jar:na]
	at org.spockframework.runtime.BaseSpecRunner.doRunSpec(BaseSpecRunner.java:112) [spock-core-0.7-groovy-2.0.jar:na]
	at sun.reflect.NativeMethodAccessorImpl.invoke0(Native Method) ~[na:1.8.0_45]
	at sun.reflect.NativeMethodAccessorImpl.invoke(NativeMethodAccessorImpl.java:62) ~[na:1.8.0_45]
	at sun.reflect.DelegatingMethodAccessorImpl.invoke(DelegatingMethodAccessorImpl.java:43) ~[na:1.8.0_45]
	at java.lang.reflect.Method.invoke(Method.java:497) ~[na:1.8.0_45]
	at org.spockframework.util.ReflectionUtil.invokeMethod(ReflectionUtil.java:138) [spock-core-0.7-groovy-2.0.jar:na]
	at org.spockframework.runtime.BaseSpecRunner.invokeRaw(BaseSpecRunner.java:330) [spock-core-0.7-groovy-2.0.jar:na]
	at org.spockframework.runtime.BaseSpecRunner.invoke(BaseSpecRunner.java:311) [spock-core-0.7-groovy-2.0.jar:na]
	at org.spockframework.runtime.BaseSpecRunner.runSpec(BaseSpecRunner.java:91) [spock-core-0.7-groovy-2.0.jar:na]
	at org.spockframework.runtime.BaseSpecRunner.run(BaseSpecRunner.java:82) [spock-core-0.7-groovy-2.0.jar:na]
	at org.spockframework.runtime.Sputnik.run(Sputnik.java:63) [spock-core-0.7-groovy-2.0.jar:na]
	at org.gradle.api.internal.tasks.testing.junit.JUnitTestClassExecuter.runTestClass(JUnitTestClassExecuter.java:86) [gradle-plugins-2.3.jar:2.3]
	at org.gradle.api.internal.tasks.testing.junit.JUnitTestClassExecuter.execute(JUnitTestClassExecuter.java:49) [gradle-plugins-2.3.jar:2.3]
	at org.gradle.api.internal.tasks.testing.junit.JUnitTestClassProcessor.processTestClass(JUnitTestClassProcessor.java:64) [gradle-plugins-2.3.jar:2.3]
	at org.gradle.api.internal.tasks.testing.SuiteTestClassProcessor.processTestClass(SuiteTestClassProcessor.java:50) [gradle-plugins-2.3.jar:2.3]
	at sun.reflect.NativeMethodAccessorImpl.invoke0(Native Method) ~[na:1.8.0_45]
	at sun.reflect.NativeMethodAccessorImpl.invoke(NativeMethodAccessorImpl.java:62) ~[na:1.8.0_45]
	at sun.reflect.DelegatingMethodAccessorImpl.invoke(DelegatingMethodAccessorImpl.java:43) ~[na:1.8.0_45]
	at java.lang.reflect.Method.invoke(Method.java:497) ~[na:1.8.0_45]
	at org.gradle.messaging.dispatch.ReflectionDispatch.dispatch(ReflectionDispatch.java:35) [gradle-messaging-2.3.jar:2.3]
	at org.gradle.messaging.dispatch.ReflectionDispatch.dispatch(ReflectionDispatch.java:24) [gradle-messaging-2.3.jar:2.3]
	at org.gradle.messaging.dispatch.ContextClassLoaderDispatch.dispatch(ContextClassLoaderDispatch.java:32) [gradle-messaging-2.3.jar:2.3]
	at org.gradle.messaging.dispatch.ProxyDispatchAdapter$DispatchingInvocationHandler.invoke(ProxyDispatchAdapter.java:93) [gradle-messaging-2.3.jar:2.3]
	at com.sun.proxy.$Proxy2.processTestClass(Unknown Source) [na:na]
	at org.gradle.api.internal.tasks.testing.worker.TestWorker.processTestClass(TestWorker.java:106) [gradle-plugins-2.3.jar:2.3]
	at sun.reflect.NativeMethodAccessorImpl.invoke0(Native Method) ~[na:1.8.0_45]
	at sun.reflect.NativeMethodAccessorImpl.invoke(NativeMethodAccessorImpl.java:62) ~[na:1.8.0_45]
	at sun.reflect.DelegatingMethodAccessorImpl.invoke(DelegatingMethodAccessorImpl.java:43) ~[na:1.8.0_45]
	at java.lang.reflect.Method.invoke(Method.java:497) ~[na:1.8.0_45]
	at org.gradle.messaging.dispatch.ReflectionDispatch.dispatch(ReflectionDispatch.java:35) [gradle-messaging-2.3.jar:2.3]
	at org.gradle.messaging.dispatch.ReflectionDispatch.dispatch(ReflectionDispatch.java:24) [gradle-messaging-2.3.jar:2.3]
	at org.gradle.messaging.remote.internal.hub.MessageHub$Handler.run(MessageHub.java:360) [gradle-messaging-2.3.jar:2.3]
	at org.gradle.internal.concurrent.DefaultExecutorFactory$StoppableExecutorImpl$1.run(DefaultExecutorFactory.java:64) [gradle-base-services-2.3.jar:2.3]
	at java.util.concurrent.ThreadPoolExecutor.runWorker(ThreadPoolExecutor.java:1142) [na:1.8.0_45]
	at java.util.concurrent.ThreadPoolExecutor$Worker.run(ThreadPoolExecutor.java:617) [na:1.8.0_45]
	at java.lang.Thread.run(Thread.java:745) [na:1.8.0_45]
15:50:15.286 [Test worker] DEBUG o.s.c.e.PropertySourcesPropertyResolver - Searching for key 'spring.messages.basename' in [systemProperties]
15:50:15.287 [Test worker] DEBUG o.s.c.e.PropertySourcesPropertyResolver - Searching for key 'spring.messages.basename' in [systemEnvironment]
15:50:15.287 [Test worker] DEBUG o.s.c.e.PropertySourcesPropertyResolver - Searching for key 'spring.messages.basename' in [class path resource [application-test.properties]]
15:50:15.287 [Test worker] DEBUG o.s.c.e.PropertySourcesPropertyResolver - Could not find key 'spring.messages.basename' in any property source. Returning [null]
15:50:15.309 [Test worker] DEBUG o.s.c.i.s.PathMatchingResourcePatternResolver - Looking for matching resources in directory tree [/Users/Susana/IdeaProjects/movies/movies-adapter/build/classes/test]
15:50:15.310 [Test worker] DEBUG o.s.c.i.s.PathMatchingResourcePatternResolver - Searching directory [/Users/Susana/IdeaProjects/movies/movies-adapter/build/classes/test] for files matching pattern [/Users/Susana/IdeaProjects/movies/movies-adapter/build/classes/test/messages*.properties]
15:50:15.310 [Test worker] DEBUG o.s.c.i.s.PathMatchingResourcePatternResolver - Looking for matching resources in directory tree [/Users/Susana/IdeaProjects/movies/movies-adapter/build/resources/test]
15:50:15.310 [Test worker] DEBUG o.s.c.i.s.PathMatchingResourcePatternResolver - Searching directory [/Users/Susana/IdeaProjects/movies/movies-adapter/build/resources/test] for files matching pattern [/Users/Susana/IdeaProjects/movies/movies-adapter/build/resources/test/messages*.properties]
15:50:15.311 [Test worker] DEBUG o.s.c.i.s.PathMatchingResourcePatternResolver - Looking for matching resources in directory tree [/Users/Susana/IdeaProjects/movies/movies-adapter/build/classes/main]
15:50:15.311 [Test worker] DEBUG o.s.c.i.s.PathMatchingResourcePatternResolver - Searching directory [/Users/Susana/IdeaProjects/movies/movies-adapter/build/classes/main] for files matching pattern [/Users/Susana/IdeaProjects/movies/movies-adapter/build/classes/main/messages*.properties]
15:50:15.311 [Test worker] DEBUG o.s.c.i.s.PathMatchingResourcePatternResolver - Looking for matching resources in directory tree [/Users/Susana/IdeaProjects/movies/movies-adapter/build/resources/main]
15:50:15.311 [Test worker] DEBUG o.s.c.i.s.PathMatchingResourcePatternResolver - Searching directory [/Users/Susana/IdeaProjects/movies/movies-adapter/build/resources/main] for files matching pattern [/Users/Susana/IdeaProjects/movies/movies-adapter/build/resources/main/messages*.properties]
15:50:15.311 [Test worker] DEBUG o.s.c.i.s.PathMatchingResourcePatternResolver - Looking for matching resources in jar file [file:/Users/Susana/programs/gradle-2.3/bin/caches/2.3/workerMain/gradle-worker.jar]
15:50:15.312 [Test worker] DEBUG o.s.c.i.s.PathMatchingResourcePatternResolver - Looking for matching resources in jar file [file:/Users/Susana/programs/gradle-2.3/bin/caches/modules-2/files-2.1/org.jacoco/org.jacoco.agent/0.7.2.201409121644/2a10d827753bc54f57108dcf320fa89da0de0c44/org.jacoco.agent-0.7.2.201409121644-runtime.jar]
15:50:15.313 [Test worker] DEBUG o.s.c.i.s.PathMatchingResourcePatternResolver - Looking for matching resources in jar file [file:/Users/Susana/IdeaProjects/movies/movies-model/build/libs/movies-model-master-SNAPSHOT.jar]
15:50:15.314 [Test worker] DEBUG o.s.c.i.s.PathMatchingResourcePatternResolver - Looking for matching resources in jar file [file:/Users/Susana/programs/gradle-2.3/bin/caches/modules-2/files-2.1/org.codehaus.groovy/groovy/2.4.3/9c8664435dd00c5316a344eea4b86dc46601d416/groovy-2.4.3.jar]
15:50:15.327 [Test worker] DEBUG o.s.c.i.s.PathMatchingResourcePatternResolver - Looking for matching resources in jar file [file:/Users/Susana/programs/gradle-2.3/bin/caches/modules-2/files-2.1/org.codehaus.groovy/groovy-json/2.4.3/3f7b89d3512a001e4e3472cd7b4e29005b00fe4c/groovy-json-2.4.3.jar]
15:50:15.328 [Test worker] DEBUG o.s.c.i.s.PathMatchingResourcePatternResolver - Looking for matching resources in jar file [file:/Users/Susana/programs/gradle-2.3/bin/caches/modules-2/files-2.1/cz.jirutka.validator/validator-collection/2.1.3/480378f5da571e35cef0e407bd42ea373db3082/validator-collection-2.1.3.jar]
15:50:15.328 [Test worker] DEBUG o.s.c.i.s.PathMatchingResourcePatternResolver - Looking for matching resources in jar file [file:/Users/Susana/programs/gradle-2.3/bin/caches/modules-2/files-2.1/org.apache.httpcomponents/httpclient/4.3.5/9783d89b8eea20a517a4afc5f979bd2882b54c44/httpclient-4.3.5.jar]
15:50:15.330 [Test worker] DEBUG o.s.c.i.s.PathMatchingResourcePatternResolver - Looking for matching resources in jar file [file:/Users/Susana/programs/gradle-2.3/bin/caches/modules-2/files-2.1/com.ryantenney.metrics/metrics-spring/3.0.3/976b143a4f63b83330a06b2f081e53cc35437ca0/metrics-spring-3.0.3.jar]
15:50:15.330 [Test worker] DEBUG o.s.c.i.s.PathMatchingResourcePatternResolver - Looking for matching resources in jar file [file:/Users/Susana/programs/gradle-2.3/bin/caches/modules-2/files-2.1/org.springframework.retry/spring-retry/1.1.2.RELEASE/949a23beb82ebe31d7a1d47022353b8338c4da11/spring-retry-1.1.2.RELEASE.jar]
15:50:15.331 [Test worker] DEBUG o.s.c.i.s.PathMatchingResourcePatternResolver - Looking for matching resources in jar file [file:/Users/Susana/programs/gradle-2.3/bin/caches/modules-2/files-2.1/org.springframework/spring-oxm/4.1.6.RELEASE/8bbdfa69006c090de9a4569c5858c2c2b97f184c/spring-oxm-4.1.6.RELEASE.jar]
15:50:15.331 [Test worker] DEBUG o.s.c.i.s.PathMatchingResourcePatternResolver - Looking for matching resources in jar file [file:/Users/Susana/programs/gradle-2.3/bin/caches/modules-2/files-2.1/org.aspectj/aspectjtools/1.8.6/16732c1a7a16b8563812e8aec77500550901c37/aspectjtools-1.8.6.jar]
15:50:15.347 [Test worker] DEBUG o.s.c.i.s.PathMatchingResourcePatternResolver - Looking for matching resources in jar file [file:/Users/Susana/programs/gradle-2.3/bin/caches/modules-2/files-2.1/info.cukes/cucumber-groovy/1.1.5/26e4de218c15fbe3989dc49e247fb8c54e68016e/cucumber-groovy-1.1.5.jar]
15:50:15.348 [Test worker] DEBUG o.s.c.i.s.PathMatchingResourcePatternResolver - Looking for matching resources in jar file [file:/Users/Susana/programs/gradle-2.3/bin/caches/modules-2/files-2.1/info.cukes/cucumber-junit/1.1.5/c855ba6ff533fd9066bc626e1c9a3cfc467a8ff6/cucumber-junit-1.1.5.jar]
15:50:15.348 [Test worker] DEBUG o.s.c.i.s.PathMatchingResourcePatternResolver - Looking for matching resources in jar file [file:/Users/Susana/programs/gradle-2.3/bin/caches/modules-2/files-2.1/com.jayway.restassured/rest-assured/2.3.2/da47d1d25bed757e14f2d9d8035d05bfd23e740e/rest-assured-2.3.2.jar]
15:50:15.349 [Test worker] DEBUG o.s.c.i.s.PathMatchingResourcePatternResolver - Looking for matching resources in jar file [file:/Users/Susana/programs/gradle-2.3/bin/caches/modules-2/files-2.1/org.spockframework/spock-core/0.7-groovy-2.0/4de0b428de0c14b6eb6375d8174f71848cbfc1d7/spock-core-0.7-groovy-2.0.jar]
15:50:15.351 [Test worker] DEBUG o.s.c.i.s.PathMatchingResourcePatternResolver - Looking for matching resources in jar file [file:/Users/Susana/programs/gradle-2.3/bin/caches/modules-2/files-2.1/org.spockframework/spock-spring/0.7-groovy-2.0/8297fc66ffabd6943d5bda003ecd94cfaaac408e/spock-spring-0.7-groovy-2.0.jar]
15:50:15.351 [Test worker] DEBUG o.s.c.i.s.PathMatchingResourcePatternResolver - Looking for matching resources in jar file [file:/Users/Susana/programs/gradle-2.3/bin/caches/modules-2/files-2.1/cglib/cglib-nodep/3.1/aa83efbd1aedc4f26bdf00e7ea78191483f2c9b3/cglib-nodep-3.1.jar]
15:50:15.352 [Test worker] DEBUG o.s.c.i.s.PathMatchingResourcePatternResolver - Looking for matching resources in jar file [file:/Users/Susana/programs/gradle-2.3/bin/caches/modules-2/files-2.1/javax.inject/javax.inject/1/6975da39a7040257bd51d21a231b76c915872d38/javax.inject-1.jar]
15:50:15.352 [Test worker] DEBUG o.s.c.i.s.PathMatchingResourcePatternResolver - Looking for matching resources in jar file [file:/Users/Susana/programs/gradle-2.3/bin/caches/modules-2/files-2.1/org.apache.httpcomponents/httpcore/4.3.2/31fbbff1ddbf98f3aa7377c94d33b0447c646b6e/httpcore-4.3.2.jar]
15:50:15.353 [Test worker] DEBUG o.s.c.i.s.PathMatchingResourcePatternResolver - Looking for matching resources in jar file [file:/Users/Susana/programs/gradle-2.3/bin/caches/modules-2/files-2.1/commons-codec/commons-codec/1.6/b7f0fc8f61ecadeb3695f0b9464755eee44374d4/commons-codec-1.6.jar]
15:50:15.354 [Test worker] DEBUG o.s.c.i.s.PathMatchingResourcePatternResolver - Looking for matching resources in jar file [file:/Users/Susana/programs/gradle-2.3/bin/caches/modules-2/files-2.1/com.codahale.metrics/metrics-core/3.0.2/c6a7fb32776e984b64ff1a548e3044238ea5a931/metrics-core-3.0.2.jar]
15:50:15.355 [Test worker] DEBUG o.s.c.i.s.PathMatchingResourcePatternResolver - Looking for matching resources in jar file [file:/Users/Susana/programs/gradle-2.3/bin/caches/modules-2/files-2.1/com.codahale.metrics/metrics-healthchecks/3.0.2/d99c34c33eceb7bc0e23c5b63fc517b0a53871c4/metrics-healthchecks-3.0.2.jar]
15:50:15.355 [Test worker] DEBUG o.s.c.i.s.PathMatchingResourcePatternResolver - Looking for matching resources in jar file [file:/Users/Susana/programs/gradle-2.3/bin/caches/modules-2/files-2.1/com.codahale.metrics/metrics-annotation/3.0.2/49cee8ba1d76f67c59146546448fc0f3eef32b75/metrics-annotation-3.0.2.jar]
15:50:15.355 [Test worker] DEBUG o.s.c.i.s.PathMatchingResourcePatternResolver - Looking for matching resources in jar file [file:/Users/Susana/programs/gradle-2.3/bin/caches/modules-2/files-2.1/org.json/json/20140107/d1ffca6e2482b002702c6a576166fd685e3370e3/json-20140107.jar]
15:50:15.356 [Test worker] DEBUG o.s.c.i.s.PathMatchingResourcePatternResolver - Looking for matching resources in jar file [file:/Users/Susana/programs/gradle-2.3/bin/caches/modules-2/files-2.1/junit/junit/4.12/2973d150c0dc1fefe998f834810d68f278ea58ec/junit-4.12.jar]
15:50:15.357 [Test worker] DEBUG o.s.c.i.s.PathMatchingResourcePatternResolver - Looking for matching resources in jar file [file:/Users/Susana/programs/gradle-2.3/bin/caches/modules-2/files-2.1/org.mockito/mockito-core/1.10.19/e8546f5bef4e061d8dd73895b4e8f40e3fe6effe/mockito-core-1.10.19.jar]
15:50:15.361 [Test worker] DEBUG o.s.c.i.s.PathMatchingResourcePatternResolver - Looking for matching resources in jar file [file:/Users/Susana/programs/gradle-2.3/bin/caches/modules-2/files-2.1/org.hamcrest/hamcrest-core/1.3/42a25dc3219429f0e5d060061f71acb49bf010a0/hamcrest-core-1.3.jar]
15:50:15.361 [Test worker] DEBUG o.s.c.i.s.PathMatchingResourcePatternResolver - Looking for matching resources in jar file [file:/Users/Susana/programs/gradle-2.3/bin/caches/modules-2/files-2.1/org.hamcrest/hamcrest-library/1.3/4785a3c21320980282f9f33d0d1264a69040538f/hamcrest-library-1.3.jar]
15:50:15.361 [Test worker] DEBUG o.s.c.i.s.PathMatchingResourcePatternResolver - Looking for matching resources in jar file [file:/Users/Susana/programs/gradle-2.3/bin/caches/modules-2/files-2.1/org.springframework/spring-test/4.1.6.RELEASE/89612cafdac51bc92d9bd512e1863a9111a08b4e/spring-test-4.1.6.RELEASE.jar]
15:50:15.364 [Test worker] DEBUG o.s.c.i.s.PathMatchingResourcePatternResolver - Looking for matching resources in jar file [file:/Users/Susana/programs/gradle-2.3/bin/caches/modules-2/files-2.1/info.cukes/cucumber-core/1.1.5/1fe72c294ef028c6dd6b5137e86e29c6e80de38a/cucumber-core-1.1.5.jar]
15:50:15.365 [Test worker] DEBUG o.s.c.i.s.PathMatchingResourcePatternResolver - Looking for matching resources in jar file [file:/Users/Susana/programs/gradle-2.3/bin/caches/modules-2/files-2.1/info.cukes/cucumber-jvm-deps/1.0.3/cccdeff234db8b12e91ae2529812f1240b4d5603/cucumber-jvm-deps-1.0.3.jar]
15:50:15.368 [Test worker] DEBUG o.s.c.i.s.PathMatchingResourcePatternResolver - Looking for matching resources in jar file [file:/Users/Susana/programs/gradle-2.3/bin/caches/modules-2/files-2.1/info.cukes/gherkin/2.12.1/90e5176962f64d0e183fd2bf8f3a191decb01ff2/gherkin-2.12.1.jar]
15:50:15.369 [Test worker] DEBUG o.s.c.i.s.PathMatchingResourcePatternResolver - Looking for matching resources in jar file [file:/Users/Susana/programs/gradle-2.3/bin/caches/modules-2/files-2.1/org.codehaus.groovy/groovy-xml/2.3.2/1a77604fcaed552d99f378c05eac64aae61f6cd2/groovy-xml-2.3.2.jar]
15:50:15.370 [Test worker] DEBUG o.s.c.i.s.PathMatchingResourcePatternResolver - Looking for matching resources in jar file [file:/Users/Susana/programs/gradle-2.3/bin/caches/modules-2/files-2.1/org.apache.httpcomponents/httpmime/4.2.6/270386011895bc6c7ee6496fd87511d6a98093c1/httpmime-4.2.6.jar]
15:50:15.370 [Test worker] DEBUG o.s.c.i.s.PathMatchingResourcePatternResolver - Looking for matching resources in jar file [file:/Users/Susana/programs/gradle-2.3/bin/caches/modules-2/files-2.1/org.ccil.cowan.tagsoup/tagsoup/1.2.1/5584627487e984c03456266d3f8802eb85a9ce97/tagsoup-1.2.1.jar]
15:50:15.370 [Test worker] DEBUG o.s.c.i.s.PathMatchingResourcePatternResolver - Looking for matching resources in jar file [file:/Users/Susana/programs/gradle-2.3/bin/caches/modules-2/files-2.1/com.jayway.restassured/json-path/2.3.2/c68f51abd0c982f1748db5739b959e8db20ba2c7/json-path-2.3.2.jar]
15:50:15.371 [Test worker] DEBUG o.s.c.i.s.PathMatchingResourcePatternResolver - Looking for matching resources in jar file [file:/Users/Susana/programs/gradle-2.3/bin/caches/modules-2/files-2.1/com.jayway.restassured/xml-path/2.3.2/580220e8a749b82b78f978caf979ea1981047940/xml-path-2.3.2.jar]
15:50:15.371 [Test worker] DEBUG o.s.c.i.s.PathMatchingResourcePatternResolver - Looking for matching resources in jar file [file:/Users/Susana/programs/gradle-2.3/bin/caches/modules-2/files-2.1/junit/junit-dep/4.10/64417b3bafdecd366afa514bd5beeae6c1f85ece/junit-dep-4.10.jar]
15:50:15.372 [Test worker] DEBUG o.s.c.i.s.PathMatchingResourcePatternResolver - Looking for matching resources in jar file [file:/Users/Susana/programs/gradle-2.3/bin/caches/modules-2/files-2.1/org.objenesis/objenesis/2.1/87c0ea803b69252868d09308b4618f766f135a96/objenesis-2.1.jar]
15:50:15.373 [Test worker] DEBUG o.s.c.i.s.PathMatchingResourcePatternResolver - Looking for matching resources in jar file [file:/Users/Susana/programs/gradle-2.3/bin/caches/modules-2/files-2.1/info.cukes/cucumber-html/0.2.3/624a0c986088e32910336dd77aee5191c04a8201/cucumber-html-0.2.3.jar]
15:50:15.373 [Test worker] DEBUG o.s.c.i.s.PathMatchingResourcePatternResolver - Looking for matching resources in jar file [file:/Users/Susana/programs/gradle-2.3/bin/caches/modules-2/files-2.1/com.jayway.restassured/rest-assured-common/2.3.2/c6e0899e87ad5602fbee6ca072ae6d778c3f6bda/rest-assured-common-2.3.2.jar]
15:50:15.373 [Test worker] DEBUG o.s.c.i.s.PathMatchingResourcePatternResolver - Looking for matching resources in jar file [file:/Users/Susana/programs/gradle-2.3/bin/caches/modules-2/files-2.1/org.codehaus.groovy/groovy-all/2.0.5/caef1126e5358bf1327e8b4381a827da9accbb47/groovy-all-2.0.5.jar]
15:50:15.387 [Test worker] DEBUG o.s.c.i.s.PathMatchingResourcePatternResolver - Looking for matching resources in jar file [file:/Users/Susana/programs/gradle-2.3/bin/caches/modules-2/files-2.1/org.slf4j/jcl-over-slf4j/1.7.11/180246b7809ffae6293eea3d34e668ee948f0dc8/jcl-over-slf4j-1.7.11.jar]
15:50:15.387 [Test worker] DEBUG o.s.c.i.s.PathMatchingResourcePatternResolver - Looking for matching resources in jar file [file:/Users/Susana/programs/gradle-2.3/bin/caches/modules-2/files-2.1/org.slf4j/jul-to-slf4j/1.7.11/87a1d59c837c57396bc20f433ee24ad3a59c7812/jul-to-slf4j-1.7.11.jar]
15:50:15.387 [Test worker] DEBUG o.s.c.i.s.PathMatchingResourcePatternResolver - Looking for matching resources in jar file [file:/Users/Susana/programs/gradle-2.3/bin/caches/modules-2/files-2.1/org.slf4j/log4j-over-slf4j/1.7.11/4f51599470151c7b8ebec1d36767138f7fb7d427/log4j-over-slf4j-1.7.11.jar]
15:50:15.388 [Test worker] DEBUG o.s.c.i.s.PathMatchingResourcePatternResolver - Looking for matching resources in jar file [file:/Users/Susana/programs/gradle-2.3/bin/caches/modules-2/files-2.1/javax.validation/validation-api/1.1.0.Final/8613ae82954779d518631e05daa73a6a954817d5/validation-api-1.1.0.Final.jar]
15:50:15.388 [Test worker] DEBUG o.s.c.i.s.PathMatchingResourcePatternResolver - Looking for matching resources in jar file [file:/Users/Susana/programs/gradle-2.3/bin/caches/modules-2/files-2.1/org.jboss.logging/jboss-logging/3.3.0.Final/3616bb87707910296e2c195dc016287080bba5af/jboss-logging-3.3.0.Final.jar]
15:50:15.388 [Test worker] DEBUG o.s.c.i.s.PathMatchingResourcePatternResolver - Looking for matching resources in jar file [file:/Users/Susana/programs/gradle-2.3/bin/caches/modules-2/files-2.1/com.fasterxml/classmate/1.1.0/dbbd699a1486ad0f2ed6f5af6cfed66acacb9056/classmate-1.1.0.jar]
15:50:15.389 [Test worker] DEBUG o.s.c.i.s.PathMatchingResourcePatternResolver - Looking for matching resources in jar file [file:/Users/Susana/programs/gradle-2.3/bin/caches/modules-2/files-2.1/commons-logging/commons-logging/1.2/4bfc12adfe4842bf07b657f0369c4cb522955686/commons-logging-1.2.jar]
15:50:15.389 [Test worker] DEBUG o.s.c.i.s.PathMatchingResourcePatternResolver - Looking for matching resources in jar file [file:/Users/Susana/programs/gradle-2.3/bin/caches/modules-2/files-2.1/org.slf4j/slf4j-api/1.7.11/7eaaaf2238f324e2b02dbd4d6ced6778b99328/slf4j-api-1.7.11.jar]
15:50:15.389 [Test worker] DEBUG o.s.c.i.s.PathMatchingResourcePatternResolver - Looking for matching resources in jar file [file:/Users/Susana/programs/gradle-2.3/bin/caches/modules-2/files-2.1/aopalliance/aopalliance/1.0/235ba8b489512805ac13a8f9ea77a1ca5ebe3e8/aopalliance-1.0.jar]
15:50:15.390 [Test worker] DEBUG o.s.c.i.s.PathMatchingResourcePatternResolver - Looking for matching resources in jar file [file:/Users/Susana/programs/gradle-2.3/bin/caches/modules-2/files-2.1/org.apache.commons/commons-lang3/3.3.2/90a3822c38ec8c996e84c16a3477ef632cbc87a3/commons-lang3-3.3.2.jar]
15:50:15.390 [Test worker] DEBUG o.s.c.i.s.PathMatchingResourcePatternResolver - Resolved location pattern [classpath*:messages*.properties] to resources []
15:50:15.397 [Test worker] DEBUG o.s.b.f.s.DefaultListableBeanFactory - Returning cached instance of singleton bean 'autoConfigurationReport'
15:50:15.398 [Test worker] DEBUG o.s.b.f.s.DefaultListableBeanFactory - Returning cached instance of singleton bean 'autoConfigurationReport'
15:50:15.399 [Test worker] DEBUG o.s.b.f.s.DefaultListableBeanFactory - Returning cached instance of singleton bean 'autoConfigurationReport'
15:50:15.400 [Test worker] DEBUG o.s.b.f.s.DefaultListableBeanFactory - Returning cached instance of singleton bean 'autoConfigurationReport'
15:50:15.403 [Test worker] DEBUG o.s.b.f.s.DefaultListableBeanFactory - Returning cached instance of singleton bean 'autoConfigurationReport'
15:50:15.407 [Test worker] DEBUG o.s.b.f.s.DefaultListableBeanFactory - Returning cached instance of singleton bean 'autoConfigurationReport'
15:50:15.415 [Test worker] DEBUG o.s.b.f.s.DefaultListableBeanFactory - Returning cached instance of singleton bean 'autoConfigurationReport'
15:50:15.415 [Test worker] DEBUG o.s.b.f.s.DefaultListableBeanFactory - Returning cached instance of singleton bean 'autoConfigurationReport'
15:50:15.416 [Test worker] DEBUG o.s.b.f.s.DefaultListableBeanFactory - Returning cached instance of singleton bean 'autoConfigurationReport'
15:50:15.416 [Test worker] DEBUG o.s.b.f.s.DefaultListableBeanFactory - Returning cached instance of singleton bean 'autoConfigurationReport'
15:50:15.417 [Test worker] DEBUG o.s.b.f.s.DefaultListableBeanFactory - Returning cached instance of singleton bean 'autoConfigurationReport'
15:50:15.417 [Test worker] DEBUG o.s.b.f.s.DefaultListableBeanFactory - Returning cached instance of singleton bean 'autoConfigurationReport'
15:50:15.418 [Test worker] DEBUG o.s.b.f.s.DefaultListableBeanFactory - Returning cached instance of singleton bean 'autoConfigurationReport'
15:50:15.420 [Test worker] DEBUG o.s.b.f.s.DefaultListableBeanFactory - Returning cached instance of singleton bean 'autoConfigurationReport'
15:50:15.420 [Test worker] DEBUG o.s.b.f.s.DefaultListableBeanFactory - Returning cached instance of singleton bean 'autoConfigurationReport'
15:50:15.421 [Test worker] DEBUG o.s.b.f.s.DefaultListableBeanFactory - Returning cached instance of singleton bean 'autoConfigurationReport'
15:50:15.421 [Test worker] DEBUG o.s.b.f.s.DefaultListableBeanFactory - Returning cached instance of singleton bean 'autoConfigurationReport'
15:50:15.422 [Test worker] DEBUG o.s.b.f.s.DefaultListableBeanFactory - Returning cached instance of singleton bean 'autoConfigurationReport'
15:50:15.422 [Test worker] DEBUG o.s.b.f.s.DefaultListableBeanFactory - Returning cached instance of singleton bean 'autoConfigurationReport'
15:50:15.424 [Test worker] DEBUG o.s.b.f.s.DefaultListableBeanFactory - Returning cached instance of singleton bean 'autoConfigurationReport'
15:50:15.425 [Test worker] DEBUG o.s.b.f.s.DefaultListableBeanFactory - Returning cached instance of singleton bean 'autoConfigurationReport'
15:50:15.428 [Test worker] DEBUG o.s.b.f.s.DefaultListableBeanFactory - Returning cached instance of singleton bean 'autoConfigurationReport'
15:50:15.429 [Test worker] DEBUG o.s.b.f.s.DefaultListableBeanFactory - Returning cached instance of singleton bean 'autoConfigurationReport'
15:50:15.431 [Test worker] DEBUG o.s.b.f.s.DefaultListableBeanFactory - Returning cached instance of singleton bean 'autoConfigurationReport'
15:50:15.432 [Test worker] DEBUG o.s.b.f.s.DefaultListableBeanFactory - Returning cached instance of singleton bean 'autoConfigurationReport'
15:50:15.434 [Test worker] DEBUG o.s.b.f.s.DefaultListableBeanFactory - Returning cached instance of singleton bean 'autoConfigurationReport'
15:50:15.435 [Test worker] DEBUG o.s.b.f.s.DefaultListableBeanFactory - Returning cached instance of singleton bean 'autoConfigurationReport'
15:50:15.436 [Test worker] DEBUG o.s.b.f.s.DefaultListableBeanFactory - Returning cached instance of singleton bean 'autoConfigurationReport'
15:50:15.437 [Test worker] DEBUG o.s.b.f.s.DefaultListableBeanFactory - Returning cached instance of singleton bean 'autoConfigurationReport'
15:50:15.438 [Test worker] DEBUG o.s.b.f.s.DefaultListableBeanFactory - Returning cached instance of singleton bean 'autoConfigurationReport'
15:50:15.448 [Test worker] DEBUG o.s.b.f.s.DefaultListableBeanFactory - Returning cached instance of singleton bean 'autoConfigurationReport'
15:50:15.450 [Test worker] DEBUG o.s.b.f.s.DefaultListableBeanFactory - Returning cached instance of singleton bean 'autoConfigurationReport'
15:50:15.452 [Test worker] DEBUG o.s.b.f.s.DefaultListableBeanFactory - Returning cached instance of singleton bean 'autoConfigurationReport'
15:50:15.454 [Test worker] DEBUG o.s.b.f.s.DefaultListableBeanFactory - Returning cached instance of singleton bean 'autoConfigurationReport'
15:50:15.455 [Test worker] DEBUG o.s.b.f.s.DefaultListableBeanFactory - Returning cached instance of singleton bean 'autoConfigurationReport'
15:50:15.457 [Test worker] DEBUG o.s.b.f.s.DefaultListableBeanFactory - Returning cached instance of singleton bean 'autoConfigurationReport'
15:50:15.468 [Test worker] DEBUG o.s.b.f.s.DefaultListableBeanFactory - Returning cached instance of singleton bean 'autoConfigurationReport'
15:50:15.473 [Test worker] DEBUG o.s.b.f.s.DefaultListableBeanFactory - Returning cached instance of singleton bean 'autoConfigurationReport'
15:50:15.474 [Test worker] DEBUG o.s.b.f.s.DefaultListableBeanFactory - Returning cached instance of singleton bean 'autoConfigurationReport'
15:50:15.475 [Test worker] DEBUG o.s.c.e.PropertySourcesPropertyResolver - Searching for key 'endpoints.jmx.enabled:true' in [systemProperties]
15:50:15.475 [Test worker] DEBUG o.s.c.e.PropertySourcesPropertyResolver - Searching for key 'endpoints.jmx.enabled:true' in [systemEnvironment]
15:50:15.475 [Test worker] DEBUG o.s.c.e.PropertySourcesPropertyResolver - Searching for key 'endpoints.jmx.enabled:true' in [class path resource [application-test.properties]]
15:50:15.475 [Test worker] DEBUG o.s.c.e.PropertySourcesPropertyResolver - Could not find key 'endpoints.jmx.enabled:true' in any property source. Returning [null]
15:50:15.475 [Test worker] DEBUG o.s.c.e.PropertySourcesPropertyResolver - Searching for key 'endpoints.jmx.enabled' in [systemProperties]
15:50:15.475 [Test worker] DEBUG o.s.c.e.PropertySourcesPropertyResolver - Searching for key 'endpoints.jmx.enabled' in [systemEnvironment]
15:50:15.475 [Test worker] DEBUG o.s.c.e.PropertySourcesPropertyResolver - Searching for key 'endpoints.jmx.enabled' in [class path resource [application-test.properties]]
15:50:15.475 [Test worker] DEBUG o.s.c.e.PropertySourcesPropertyResolver - Could not find key 'endpoints.jmx.enabled' in any property source. Returning [null]
15:50:15.475 [Test worker] DEBUG o.s.c.e.PropertySourcesPropertyResolver - Searching for key 'spring.jmx.enabled:true' in [systemProperties]
15:50:15.476 [Test worker] DEBUG o.s.c.e.PropertySourcesPropertyResolver - Searching for key 'spring.jmx.enabled:true' in [systemEnvironment]
15:50:15.476 [Test worker] DEBUG o.s.c.e.PropertySourcesPropertyResolver - Searching for key 'spring.jmx.enabled:true' in [class path resource [application-test.properties]]
15:50:15.476 [Test worker] DEBUG o.s.c.e.PropertySourcesPropertyResolver - Could not find key 'spring.jmx.enabled:true' in any property source. Returning [null]
15:50:15.476 [Test worker] DEBUG o.s.c.e.PropertySourcesPropertyResolver - Searching for key 'spring.jmx.enabled' in [systemProperties]
15:50:15.476 [Test worker] DEBUG o.s.c.e.PropertySourcesPropertyResolver - Searching for key 'spring.jmx.enabled' in [systemEnvironment]
15:50:15.476 [Test worker] DEBUG o.s.c.e.PropertySourcesPropertyResolver - Searching for key 'spring.jmx.enabled' in [class path resource [application-test.properties]]
15:50:15.476 [Test worker] DEBUG o.s.c.e.PropertySourcesPropertyResolver - Could not find key 'spring.jmx.enabled' in any property source. Returning [null]
15:50:15.528 [Test worker] DEBUG o.s.b.f.s.DefaultListableBeanFactory - Returning cached instance of singleton bean 'autoConfigurationReport'
15:50:15.532 [Test worker] DEBUG o.s.b.f.s.DefaultListableBeanFactory - Returning cached instance of singleton bean 'autoConfigurationReport'
15:50:15.534 [Test worker] DEBUG o.s.b.f.s.DefaultListableBeanFactory - Returning cached instance of singleton bean 'autoConfigurationReport'
15:50:15.535 [Test worker] DEBUG o.s.b.f.s.DefaultListableBeanFactory - Returning cached instance of singleton bean 'autoConfigurationReport'
15:50:15.536 [Test worker] DEBUG o.s.b.f.s.DefaultListableBeanFactory - Returning cached instance of singleton bean 'autoConfigurationReport'
15:50:15.538 [Test worker] DEBUG o.s.b.f.s.DefaultListableBeanFactory - Returning cached instance of singleton bean 'autoConfigurationReport'
15:50:15.539 [Test worker] DEBUG o.s.b.f.s.DefaultListableBeanFactory - Returning cached instance of singleton bean 'autoConfigurationReport'
15:50:15.540 [Test worker] DEBUG o.s.b.f.s.DefaultListableBeanFactory - Returning cached instance of singleton bean 'autoConfigurationReport'
15:50:15.542 [Test worker] DEBUG o.s.b.f.s.DefaultListableBeanFactory - Returning cached instance of singleton bean 'autoConfigurationReport'
15:50:15.543 [Test worker] DEBUG o.s.b.f.s.DefaultListableBeanFactory - Returning cached instance of singleton bean 'autoConfigurationReport'
15:50:15.548 [Test worker] DEBUG o.s.b.f.s.DefaultListableBeanFactory - Returning cached instance of singleton bean 'autoConfigurationReport'
15:50:15.548 [Test worker] DEBUG o.s.b.f.s.DefaultListableBeanFactory - Returning cached instance of singleton bean 'autoConfigurationReport'
15:50:15.549 [Test worker] DEBUG o.s.b.f.s.DefaultListableBeanFactory - Returning cached instance of singleton bean 'autoConfigurationReport'
15:50:15.550 [Test worker] DEBUG o.s.b.f.s.DefaultListableBeanFactory - Returning cached instance of singleton bean 'autoConfigurationReport'
15:50:15.551 [Test worker] DEBUG o.s.b.f.s.DefaultListableBeanFactory - Returning cached instance of singleton bean 'autoConfigurationReport'
15:50:15.552 [Test worker] DEBUG o.s.b.f.s.DefaultListableBeanFactory - Returning cached instance of singleton bean 'autoConfigurationReport'
15:50:15.552 [Test worker] DEBUG o.s.b.f.s.DefaultListableBeanFactory - Returning cached instance of singleton bean 'autoConfigurationReport'
15:50:15.552 [Test worker] DEBUG o.s.b.f.s.DefaultListableBeanFactory - Returning cached instance of singleton bean 'autoConfigurationReport'
15:50:15.556 [Test worker] DEBUG o.s.b.f.s.DefaultListableBeanFactory - Returning cached instance of singleton bean 'autoConfigurationReport'
15:50:15.560 [Test worker] DEBUG o.s.b.f.s.DefaultListableBeanFactory - Returning cached instance of singleton bean 'autoConfigurationReport'
15:50:15.560 [Test worker] DEBUG o.s.b.f.s.DefaultListableBeanFactory - Returning cached instance of singleton bean 'autoConfigurationReport'
15:50:15.561 [Test worker] DEBUG o.s.b.f.s.DefaultListableBeanFactory - Returning cached instance of singleton bean 'autoConfigurationReport'
15:50:15.563 [Test worker] DEBUG o.s.b.f.s.DefaultListableBeanFactory - Returning cached instance of singleton bean 'autoConfigurationReport'
15:50:15.577 [Test worker] DEBUG o.s.b.f.s.DefaultListableBeanFactory - Returning cached instance of singleton bean 'autoConfigurationReport'
15:50:15.578 [Test worker] DEBUG o.s.b.f.s.DefaultListableBeanFactory - Returning cached instance of singleton bean 'autoConfigurationReport'
15:50:15.579 [Test worker] DEBUG o.s.b.f.s.DefaultListableBeanFactory - Returning cached instance of singleton bean 'autoConfigurationReport'
15:50:15.582 [Test worker] DEBUG o.s.b.f.s.DefaultListableBeanFactory - Returning cached instance of singleton bean 'autoConfigurationReport'
15:50:15.583 [Test worker] DEBUG o.s.b.f.s.DefaultListableBeanFactory - Returning cached instance of singleton bean 'autoConfigurationReport'
15:50:15.584 [Test worker] DEBUG o.s.b.f.s.DefaultListableBeanFactory - Returning cached instance of singleton bean 'autoConfigurationReport'
15:50:15.584 [Test worker] DEBUG o.s.b.f.s.DefaultListableBeanFactory - Returning cached instance of singleton bean 'autoConfigurationReport'
15:50:15.585 [Test worker] DEBUG o.s.b.f.s.DefaultListableBeanFactory - Returning cached instance of singleton bean 'autoConfigurationReport'
15:50:15.586 [Test worker] DEBUG o.s.b.f.s.DefaultListableBeanFactory - Returning cached instance of singleton bean 'autoConfigurationReport'
15:50:15.586 [Test worker] DEBUG o.s.b.f.s.DefaultListableBeanFactory - Returning cached instance of singleton bean 'autoConfigurationReport'
15:50:15.588 [Test worker] DEBUG o.s.b.f.s.DefaultListableBeanFactory - Returning cached instance of singleton bean 'autoConfigurationReport'
15:50:15.588 [Test worker] DEBUG o.s.b.f.s.DefaultListableBeanFactory - Returning cached instance of singleton bean 'autoConfigurationReport'
15:50:15.589 [Test worker] DEBUG o.s.b.f.s.DefaultListableBeanFactory - Returning cached instance of singleton bean 'autoConfigurationReport'
15:50:15.589 [Test worker] DEBUG o.s.b.f.s.DefaultListableBeanFactory - Returning cached instance of singleton bean 'autoConfigurationReport'
15:50:15.590 [Test worker] DEBUG o.s.b.f.s.DefaultListableBeanFactory - Returning cached instance of singleton bean 'autoConfigurationReport'
15:50:15.591 [Test worker] DEBUG o.s.b.f.s.DefaultListableBeanFactory - Returning cached instance of singleton bean 'autoConfigurationReport'
15:50:15.591 [Test worker] DEBUG o.s.b.f.s.DefaultListableBeanFactory - Returning cached instance of singleton bean 'autoConfigurationReport'
15:50:15.592 [Test worker] DEBUG o.s.b.f.s.DefaultListableBeanFactory - Returning cached instance of singleton bean 'autoConfigurationReport'
15:50:15.592 [Test worker] DEBUG o.s.b.f.s.DefaultListableBeanFactory - Returning cached instance of singleton bean 'autoConfigurationReport'
15:50:15.593 [Test worker] DEBUG o.s.b.f.s.DefaultListableBeanFactory - Returning cached instance of singleton bean 'autoConfigurationReport'
15:50:15.594 [Test worker] DEBUG o.s.b.f.s.DefaultListableBeanFactory - Returning cached instance of singleton bean 'autoConfigurationReport'
15:50:15.594 [Test worker] DEBUG o.s.b.f.s.DefaultListableBeanFactory - Returning cached instance of singleton bean 'autoConfigurationReport'
15:50:15.595 [Test worker] DEBUG o.s.b.f.s.DefaultListableBeanFactory - Returning cached instance of singleton bean 'autoConfigurationReport'
15:50:15.596 [Test worker] DEBUG o.s.b.f.s.DefaultListableBeanFactory - Returning cached instance of singleton bean 'autoConfigurationReport'
15:50:15.596 [Test worker] DEBUG o.s.b.f.s.DefaultListableBeanFactory - Returning cached instance of singleton bean 'autoConfigurationReport'
15:50:15.597 [Test worker] DEBUG o.s.b.f.s.DefaultListableBeanFactory - Returning cached instance of singleton bean 'autoConfigurationReport'
15:50:15.597 [Test worker] DEBUG o.s.b.f.s.DefaultListableBeanFactory - Returning cached instance of singleton bean 'autoConfigurationReport'
15:50:15.598 [Test worker] DEBUG o.s.b.f.s.DefaultListableBeanFactory - Returning cached instance of singleton bean 'autoConfigurationReport'
15:50:15.598 [Test worker] DEBUG o.s.b.f.s.DefaultListableBeanFactory - Returning cached instance of singleton bean 'autoConfigurationReport'
15:50:15.599 [Test worker] DEBUG o.s.b.f.s.DefaultListableBeanFactory - Returning cached instance of singleton bean 'autoConfigurationReport'
15:50:15.599 [Test worker] DEBUG o.s.b.f.s.DefaultListableBeanFactory - Returning cached instance of singleton bean 'autoConfigurationReport'
15:50:15.600 [Test worker] DEBUG o.s.b.f.s.DefaultListableBeanFactory - Returning cached instance of singleton bean 'autoConfigurationReport'
15:50:15.601 [Test worker] DEBUG o.s.b.f.s.DefaultListableBeanFactory - Returning cached instance of singleton bean 'autoConfigurationReport'
15:50:15.601 [Test worker] DEBUG o.s.b.f.s.DefaultListableBeanFactory - Returning cached instance of singleton bean 'autoConfigurationReport'
15:50:15.602 [Test worker] DEBUG o.s.b.f.s.DefaultListableBeanFactory - Returning cached instance of singleton bean 'autoConfigurationReport'
15:50:15.603 [Test worker] DEBUG o.s.b.f.s.DefaultListableBeanFactory - Returning cached instance of singleton bean 'autoConfigurationReport'
15:50:15.606 [Test worker] DEBUG o.s.b.f.s.DefaultListableBeanFactory - Returning cached instance of singleton bean 'autoConfigurationReport'
15:50:15.606 [Test worker] DEBUG o.s.b.f.s.DefaultListableBeanFactory - Returning cached instance of singleton bean 'autoConfigurationReport'
15:50:15.646 [Test worker] DEBUG o.s.c.a.ConfigurationClassBeanDefinitionReader - Registered bean definition for imported @Configuration class org.springframework.retry.annotation.RetryConfiguration
15:50:15.646 [Test worker] DEBUG o.s.c.e.PropertySourcesPropertyResolver - Searching for key 'spring.profiles.active' in [systemProperties]
15:50:15.646 [Test worker] DEBUG o.s.c.e.PropertySourcesPropertyResolver - Searching for key 'spring.profiles.active' in [systemEnvironment]
15:50:15.646 [Test worker] DEBUG o.s.c.e.PropertySourcesPropertyResolver - Searching for key 'spring.profiles.active' in [class path resource [application-test.properties]]
15:50:15.646 [Test worker] DEBUG o.s.c.e.PropertySourcesPropertyResolver - Could not find key 'spring.profiles.active' in any property source. Returning [null]
15:50:15.647 [Test worker] DEBUG o.s.c.e.PropertySourcesPropertyResolver - Searching for key 'spring.profiles.active' in [systemProperties]
15:50:15.647 [Test worker] DEBUG o.s.c.e.PropertySourcesPropertyResolver - Searching for key 'spring.profiles.active' in [systemEnvironment]
15:50:15.647 [Test worker] DEBUG o.s.c.e.PropertySourcesPropertyResolver - Searching for key 'spring.profiles.active' in [class path resource [application-test.properties]]
15:50:15.647 [Test worker] DEBUG o.s.c.e.PropertySourcesPropertyResolver - Could not find key 'spring.profiles.active' in any property source. Returning [null]
15:50:15.647 [Test worker] DEBUG o.s.c.e.PropertySourcesPropertyResolver - Searching for key 'spring.profiles.default' in [systemProperties]
15:50:15.647 [Test worker] DEBUG o.s.c.e.PropertySourcesPropertyResolver - Searching for key 'spring.profiles.default' in [systemEnvironment]
15:50:15.647 [Test worker] DEBUG o.s.c.e.PropertySourcesPropertyResolver - Searching for key 'spring.profiles.default' in [class path resource [application-test.properties]]
15:50:15.647 [Test worker] DEBUG o.s.c.e.PropertySourcesPropertyResolver - Could not find key 'spring.profiles.default' in any property source. Returning [null]
15:50:15.652 [Test worker] DEBUG o.s.c.e.PropertySourcesPropertyResolver - Searching for key 'spring.profiles.active' in [systemProperties]
15:50:15.652 [Test worker] DEBUG o.s.c.e.PropertySourcesPropertyResolver - Searching for key 'spring.profiles.active' in [systemEnvironment]
15:50:15.652 [Test worker] DEBUG o.s.c.e.PropertySourcesPropertyResolver - Searching for key 'spring.profiles.active' in [class path resource [application-test.properties]]
15:50:15.652 [Test worker] DEBUG o.s.c.e.PropertySourcesPropertyResolver - Could not find key 'spring.profiles.active' in any property source. Returning [null]
15:50:15.652 [Test worker] DEBUG o.s.c.e.PropertySourcesPropertyResolver - Searching for key 'spring.profiles.active' in [systemProperties]
15:50:15.652 [Test worker] DEBUG o.s.c.e.PropertySourcesPropertyResolver - Searching for key 'spring.profiles.active' in [systemEnvironment]
15:50:15.652 [Test worker] DEBUG o.s.c.e.PropertySourcesPropertyResolver - Searching for key 'spring.profiles.active' in [class path resource [application-test.properties]]
15:50:15.652 [Test worker] DEBUG o.s.c.e.PropertySourcesPropertyResolver - Could not find key 'spring.profiles.active' in any property source. Returning [null]
15:50:15.652 [Test worker] DEBUG o.s.c.e.PropertySourcesPropertyResolver - Searching for key 'spring.profiles.default' in [systemProperties]
15:50:15.652 [Test worker] DEBUG o.s.c.e.PropertySourcesPropertyResolver - Searching for key 'spring.profiles.default' in [systemEnvironment]
15:50:15.652 [Test worker] DEBUG o.s.c.e.PropertySourcesPropertyResolver - Searching for key 'spring.profiles.default' in [class path resource [application-test.properties]]
15:50:15.652 [Test worker] DEBUG o.s.c.e.PropertySourcesPropertyResolver - Could not find key 'spring.profiles.default' in any property source. Returning [null]
15:50:15.653 [Test worker] DEBUG o.s.c.a.ConfigurationClassBeanDefinitionReader - Registering bean definition for @Bean method platform.PlatformConfiguration.restTemplate()
15:50:15.653 [Test worker] DEBUG o.s.c.a.ConfigurationClassBeanDefinitionReader - Registering bean definition for @Bean method platform.PlatformConfiguration.objectMapper()
15:50:15.653 [Test worker] DEBUG o.s.c.a.ConfigurationClassBeanDefinitionReader - Registering bean definition for @Bean method com.susu.movies.integration.IntegrationTestConfiguration.placeHolderConfigurer()
15:50:15.654 [Test worker] DEBUG o.s.c.a.ConfigurationClassBeanDefinitionReader - Registering bean definition for @Bean method com.susu.movies.integration.IntegrationTestConfiguration.objectMapper()
15:50:15.654 [Test worker] INFO  o.s.b.f.s.DefaultListableBeanFactory - Overriding bean definition for bean 'objectMapper': replacing [Root bean: class [platform.PlatformConfiguration]; scope=; abstract=false; lazyInit=false; autowireMode=3; dependencyCheck=0; autowireCandidate=true; primary=false; factoryBeanName=null; factoryMethodName=objectMapper; initMethodName=null; destroyMethodName=(inferred); defined in class path resource [platform/PlatformConfiguration.class]] with [Root bean: class [com.susu.movies.integration.IntegrationTestConfiguration]; scope=; abstract=false; lazyInit=false; autowireMode=3; dependencyCheck=0; autowireCandidate=true; primary=false; factoryBeanName=null; factoryMethodName=objectMapper; initMethodName=null; destroyMethodName=(inferred); defined in com.susu.movies.integration.IntegrationTestConfiguration]
15:50:15.654 [Test worker] DEBUG o.s.c.a.ConfigurationClassBeanDefinitionReader - Registering bean definition for @Bean method com.susu.movies.integration.IntegrationTestConfiguration.restTemplate()
15:50:15.654 [Test worker] INFO  o.s.b.f.s.DefaultListableBeanFactory - Overriding bean definition for bean 'restTemplate': replacing [Root bean: class [null]; scope=; abstract=false; lazyInit=false; autowireMode=3; dependencyCheck=0; autowireCandidate=true; primary=false; factoryBeanName=platformConfiguration; factoryMethodName=restTemplate; initMethodName=null; destroyMethodName=(inferred); defined in class path resource [platform/PlatformConfiguration.class]] with [Root bean: class [null]; scope=; abstract=false; lazyInit=false; autowireMode=3; dependencyCheck=0; autowireCandidate=true; primary=false; factoryBeanName=integrationTestConfiguration; factoryMethodName=restTemplate; initMethodName=null; destroyMethodName=(inferred); defined in com.susu.movies.integration.IntegrationTestConfiguration]
15:50:15.657 [Test worker] DEBUG o.s.c.a.ConfigurationClassBeanDefinitionReader - Registered bean definition for imported @Configuration class org.springframework.boot.autoconfigure.PropertyPlaceholderAutoConfiguration
15:50:15.660 [Test worker] DEBUG o.s.b.f.s.DefaultListableBeanFactory - Creating shared instance of singleton bean 'org.springframework.boot.autoconfigure.condition.BeanTypeRegistry'
15:50:15.660 [Test worker] DEBUG o.s.b.f.s.DefaultListableBeanFactory - Creating instance of bean 'org.springframework.boot.autoconfigure.condition.BeanTypeRegistry'
15:50:15.674 [Test worker] DEBUG o.s.b.f.s.DefaultListableBeanFactory - Eagerly caching bean 'org.springframework.boot.autoconfigure.condition.BeanTypeRegistry' to allow for resolving potential circular references
15:50:15.674 [Test worker] DEBUG o.s.b.f.s.DefaultListableBeanFactory - Finished creating instance of bean 'org.springframework.boot.autoconfigure.condition.BeanTypeRegistry'
15:50:15.681 [Test worker] DEBUG o.s.b.f.s.DefaultListableBeanFactory - Returning cached instance of singleton bean 'autoConfigurationReport'
15:50:15.682 [Test worker] DEBUG o.s.b.f.s.DefaultListableBeanFactory - Returning cached instance of singleton bean 'autoConfigurationReport'
15:50:15.682 [Test worker] DEBUG o.s.b.f.s.DefaultListableBeanFactory - Returning cached instance of singleton bean 'autoConfigurationReport'
15:50:15.682 [Test worker] DEBUG o.s.c.a.ConfigurationClassBeanDefinitionReader - Registered bean definition for imported @Configuration class org.springframework.boot.autoconfigure.websocket.WebSocketAutoConfiguration$TomcatWebSocketConfiguration
15:50:15.682 [Test worker] DEBUG o.s.b.f.s.DefaultListableBeanFactory - Returning cached instance of singleton bean 'autoConfigurationReport'
15:50:15.682 [Test worker] DEBUG o.s.c.a.ConfigurationClassBeanDefinitionReader - Registering bean definition for @Bean method org.springframework.boot.autoconfigure.websocket.WebSocketAutoConfiguration$TomcatWebSocketConfiguration.websocketContainerCustomizer()
15:50:15.683 [Test worker] DEBUG o.s.c.a.ConfigurationClassBeanDefinitionReader - Registered bean definition for imported @Configuration class org.springframework.boot.autoconfigure.websocket.WebSocketAutoConfiguration
15:50:15.683 [Test worker] DEBUG o.s.b.f.s.DefaultListableBeanFactory - Returning cached instance of singleton bean 'org.springframework.boot.autoconfigure.condition.BeanTypeRegistry'
15:50:15.684 [Test worker] DEBUG o.s.b.f.s.DefaultListableBeanFactory - Returning cached instance of singleton bean 'autoConfigurationReport'
15:50:15.685 [Test worker] DEBUG o.s.c.a.ConfigurationClassBeanDefinitionReader - Registered bean definition for imported @Configuration class org.springframework.boot.actuate.autoconfigure.AuditAutoConfiguration$AuditEventRepositoryConfiguration
15:50:15.685 [Test worker] DEBUG o.s.c.a.ConfigurationClassBeanDefinitionReader - Registering bean definition for @Bean method org.springframework.boot.actuate.autoconfigure.AuditAutoConfiguration$AuditEventRepositoryConfiguration.auditEventRepository()
15:50:15.685 [Test worker] DEBUG o.s.c.a.ConfigurationClassBeanDefinitionReader - Registered bean definition for imported @Configuration class org.springframework.boot.actuate.autoconfigure.AuditAutoConfiguration
15:50:15.685 [Test worker] DEBUG o.s.c.a.ConfigurationClassBeanDefinitionReader - Registering bean definition for @Bean method org.springframework.boot.actuate.autoconfigure.AuditAutoConfiguration.auditListener()
15:50:15.685 [Test worker] DEBUG o.s.b.f.s.DefaultListableBeanFactory - Returning cached instance of singleton bean 'autoConfigurationReport'
15:50:15.686 [Test worker] DEBUG o.s.b.f.s.DefaultListableBeanFactory - Returning cached instance of singleton bean 'autoConfigurationReport'
15:50:15.686 [Test worker] DEBUG o.s.b.f.s.DefaultListableBeanFactory - Returning cached instance of singleton bean 'autoConfigurationReport'
15:50:15.686 [Test worker] DEBUG o.s.c.a.ConfigurationClassBeanDefinitionReader - Registered bean definition for imported @Configuration class org.springframework.boot.actuate.autoconfigure.MetricRepositoryAutoConfiguration$DropwizardMetricRegistryConfiguration
15:50:15.688 [Test worker] DEBUG o.s.b.f.s.DefaultListableBeanFactory - Returning cached instance of singleton bean 'org.springframework.boot.autoconfigure.condition.BeanTypeRegistry'
15:50:15.690 [Test worker] DEBUG o.s.b.f.s.DefaultListableBeanFactory - Returning cached instance of singleton bean 'autoConfigurationReport'
15:50:15.690 [Test worker] DEBUG o.s.c.a.ConfigurationClassBeanDefinitionReader - Registering bean definition for @Bean method org.springframework.boot.actuate.autoconfigure.MetricRepositoryAutoConfiguration$DropwizardMetricRegistryConfiguration.metricRegistry()
15:50:15.691 [Test worker] DEBUG o.s.c.a.ConfigurationClassBeanDefinitionReader - Registering bean definition for @Bean method org.springframework.boot.actuate.autoconfigure.MetricRepositoryAutoConfiguration$DropwizardMetricRegistryConfiguration.dropwizardMetricWriter()
15:50:15.691 [Test worker] DEBUG o.s.b.f.s.DefaultListableBeanFactory - Returning cached instance of singleton bean 'autoConfigurationReport'
15:50:15.691 [Test worker] DEBUG o.s.b.f.s.DefaultListableBeanFactory - Returning cached instance of singleton bean 'autoConfigurationReport'
15:50:15.692 [Test worker] DEBUG o.s.c.a.ConfigurationClassBeanDefinitionReader - Registering bean definition for @Bean method org.springframework.boot.actuate.autoconfigure.MetricRepositoryAutoConfiguration$DropwizardMetricRegistryConfiguration.primaryMetricWriter()
15:50:15.692 [Test worker] DEBUG o.s.c.a.ConfigurationClassBeanDefinitionReader - Registering bean definition for @Bean method org.springframework.boot.actuate.autoconfigure.MetricRepositoryAutoConfiguration$DropwizardMetricRegistryConfiguration.dropwizardPublicMetrics()
15:50:15.692 [Test worker] DEBUG o.s.b.f.s.DefaultListableBeanFactory - Returning cached instance of singleton bean 'org.springframework.boot.autoconfigure.condition.BeanTypeRegistry'
15:50:15.693 [Test worker] DEBUG o.s.b.f.s.DefaultListableBeanFactory - Returning cached instance of singleton bean 'autoConfigurationReport'
15:50:15.693 [Test worker] DEBUG o.s.c.a.ConfigurationClassBeanDefinitionReader - Registered bean definition for imported @Configuration class org.springframework.boot.actuate.autoconfigure.MetricRepositoryAutoConfiguration$MetricRepositoryConfiguration
15:50:15.694 [Test worker] DEBUG o.s.c.a.ConfigurationClassBeanDefinitionReader - Registering bean definition for @Bean method org.springframework.boot.actuate.autoconfigure.MetricRepositoryAutoConfiguration$MetricRepositoryConfiguration.actuatorMetricRepository()
15:50:15.694 [Test worker] DEBUG o.s.c.a.ConfigurationClassBeanDefinitionReader - Registered bean definition for imported @Configuration class org.springframework.boot.actuate.autoconfigure.MetricRepositoryAutoConfiguration
15:50:15.695 [Test worker] DEBUG o.s.b.f.s.DefaultListableBeanFactory - Returning cached instance of singleton bean 'org.springframework.boot.autoconfigure.condition.BeanTypeRegistry'
15:50:15.697 [Test worker] DEBUG o.s.b.f.s.DefaultListableBeanFactory - Returning cached instance of singleton bean 'autoConfigurationReport'
15:50:15.697 [Test worker] DEBUG o.s.c.a.ConfigurationClassBeanDefinitionReader - Registering bean definition for @Bean method org.springframework.boot.actuate.autoconfigure.MetricRepositoryAutoConfiguration.counterService()
15:50:15.697 [Test worker] DEBUG o.s.b.f.s.DefaultListableBeanFactory - Returning cached instance of singleton bean 'org.springframework.boot.autoconfigure.condition.BeanTypeRegistry'
15:50:15.697 [Test worker] DEBUG o.s.b.f.s.DefaultListableBeanFactory - Returning cached instance of singleton bean 'autoConfigurationReport'
15:50:15.698 [Test worker] DEBUG o.s.c.a.ConfigurationClassBeanDefinitionReader - Registering bean definition for @Bean method org.springframework.boot.actuate.autoconfigure.MetricRepositoryAutoConfiguration.gaugeService()
15:50:15.698 [Test worker] DEBUG o.s.b.f.s.DefaultListableBeanFactory - Returning cached instance of singleton bean 'autoConfigurationReport'
15:50:15.698 [Test worker] DEBUG o.s.c.a.ConfigurationClassBeanDefinitionReader - Registered bean definition for imported @Configuration class org.springframework.boot.actuate.autoconfigure.PublicMetricsAutoConfiguration$TomcatMetricsConfiguration
15:50:15.699 [Test worker] DEBUG o.s.b.f.s.DefaultListableBeanFactory - Returning cached instance of singleton bean 'org.springframework.boot.autoconfigure.condition.BeanTypeRegistry'
15:50:15.699 [Test worker] DEBUG o.s.b.f.s.DefaultListableBeanFactory - Returning cached instance of singleton bean 'autoConfigurationReport'
15:50:15.699 [Test worker] DEBUG o.s.c.a.ConfigurationClassBeanDefinitionReader - Registering bean definition for @Bean method org.springframework.boot.actuate.autoconfigure.PublicMetricsAutoConfiguration$TomcatMetricsConfiguration.tomcatPublicMetrics()
15:50:15.699 [Test worker] DEBUG o.s.b.f.s.DefaultListableBeanFactory - Returning cached instance of singleton bean 'autoConfigurationReport'
15:50:15.700 [Test worker] DEBUG o.s.b.f.s.DefaultListableBeanFactory - Returning cached instance of singleton bean 'org.springframework.boot.autoconfigure.condition.BeanTypeRegistry'
15:50:15.700 [Test worker] DEBUG o.s.b.f.s.DefaultListableBeanFactory - Returning cached instance of singleton bean 'autoConfigurationReport'
15:50:15.701 [Test worker] DEBUG o.s.c.a.ConfigurationClassBeanDefinitionReader - Registered bean definition for imported @Configuration class org.springframework.boot.actuate.autoconfigure.PublicMetricsAutoConfiguration
15:50:15.701 [Test worker] DEBUG o.s.c.a.ConfigurationClassBeanDefinitionReader - Registering bean definition for @Bean method org.springframework.boot.actuate.autoconfigure.PublicMetricsAutoConfiguration.systemPublicMetrics()
15:50:15.702 [Test worker] DEBUG o.s.c.a.ConfigurationClassBeanDefinitionReader - Registering bean definition for @Bean method org.springframework.boot.actuate.autoconfigure.PublicMetricsAutoConfiguration.metricReaderPublicMetrics()
15:50:15.702 [Test worker] DEBUG o.s.b.f.s.DefaultListableBeanFactory - Returning cached instance of singleton bean 'org.springframework.boot.autoconfigure.condition.BeanTypeRegistry'
15:50:15.704 [Test worker] DEBUG o.s.b.f.s.DefaultListableBeanFactory - Returning cached instance of singleton bean 'autoConfigurationReport'
15:50:15.705 [Test worker] DEBUG o.s.b.f.s.DefaultListableBeanFactory - Returning cached instance of singleton bean 'autoConfigurationReport'
15:50:15.705 [Test worker] DEBUG o.s.c.a.ConfigurationClassBeanDefinitionReader - Registered bean definition for imported @Configuration class org.springframework.boot.actuate.autoconfigure.HealthIndicatorAutoConfiguration$DiskSpaceHealthIndicatorConfiguration
15:50:15.705 [Test worker] DEBUG o.s.b.f.s.DefaultListableBeanFactory - Returning cached instance of singleton bean 'autoConfigurationReport'
15:50:15.705 [Test worker] DEBUG o.s.c.a.ConfigurationClassBeanDefinitionReader - Registering bean definition for @Bean method org.springframework.boot.actuate.autoconfigure.HealthIndicatorAutoConfiguration$DiskSpaceHealthIndicatorConfiguration.diskSpaceHealthIndicator()
15:50:15.705 [Test worker] DEBUG o.s.c.a.ConfigurationClassBeanDefinitionReader - Registering bean definition for @Bean method org.springframework.boot.actuate.autoconfigure.HealthIndicatorAutoConfiguration$DiskSpaceHealthIndicatorConfiguration.diskSpaceHealthIndicatorProperties()
15:50:15.706 [Test worker] DEBUG o.s.b.f.s.DefaultListableBeanFactory - Returning cached instance of singleton bean 'autoConfigurationReport'
15:50:15.706 [Test worker] DEBUG o.s.b.f.s.DefaultListableBeanFactory - Returning cached instance of singleton bean 'autoConfigurationReport'
15:50:15.707 [Test worker] DEBUG o.s.b.f.s.DefaultListableBeanFactory - Returning cached instance of singleton bean 'autoConfigurationReport'
15:50:15.707 [Test worker] DEBUG o.s.b.f.s.DefaultListableBeanFactory - Returning cached instance of singleton bean 'autoConfigurationReport'
15:50:15.707 [Test worker] DEBUG o.s.b.f.s.DefaultListableBeanFactory - Returning cached instance of singleton bean 'org.springframework.boot.autoconfigure.condition.BeanTypeRegistry'
15:50:15.709 [Test worker] DEBUG o.s.b.f.s.DefaultListableBeanFactory - Returning cached instance of singleton bean 'autoConfigurationReport'
15:50:15.710 [Test worker] DEBUG o.s.c.a.ConfigurationClassBeanDefinitionReader - Registered bean definition for imported @Configuration class org.springframework.boot.actuate.autoconfigure.HealthIndicatorAutoConfiguration
15:50:15.712 [Test worker] DEBUG o.s.b.f.s.DefaultListableBeanFactory - Returning cached instance of singleton bean 'org.springframework.boot.autoconfigure.condition.BeanTypeRegistry'
15:50:15.712 [Test worker] DEBUG o.s.b.f.s.DefaultListableBeanFactory - Returning cached instance of singleton bean 'autoConfigurationReport'
15:50:15.712 [Test worker] DEBUG o.s.c.a.ConfigurationClassBeanDefinitionReader - Registering bean definition for @Bean method org.springframework.boot.actuate.autoconfigure.HealthIndicatorAutoConfiguration.healthAggregator()
15:50:15.712 [Test worker] DEBUG o.s.b.f.s.DefaultListableBeanFactory - Returning cached instance of singleton bean 'org.springframework.boot.autoconfigure.condition.BeanTypeRegistry'
15:50:15.713 [Test worker] DEBUG o.s.b.f.s.DefaultListableBeanFactory - Returning cached instance of singleton bean 'autoConfigurationReport'
15:50:15.716 [Test worker] DEBUG o.s.c.a.ConfigurationClassBeanDefinitionReader - Registered bean definition for imported @Configuration class org.springframework.boot.actuate.autoconfigure.EndpointAutoConfiguration$InfoPropertiesConfiguration
15:50:15.717 [Test worker] DEBUG o.s.b.f.s.DefaultListableBeanFactory - Returning cached instance of singleton bean 'autoConfigurationReport'
15:50:15.717 [Test worker] DEBUG o.s.c.a.ConfigurationClassBeanDefinitionReader - Registered bean definition for imported @Configuration class org.springframework.boot.actuate.autoconfigure.EndpointAutoConfiguration$RequestMappingEndpointConfiguration
15:50:15.718 [Test worker] DEBUG o.s.b.f.s.DefaultListableBeanFactory - Returning cached instance of singleton bean 'org.springframework.boot.autoconfigure.condition.BeanTypeRegistry'
15:50:15.719 [Test worker] DEBUG o.s.b.f.s.DefaultListableBeanFactory - Returning cached instance of singleton bean 'autoConfigurationReport'
15:50:15.719 [Test worker] DEBUG o.s.c.a.ConfigurationClassBeanDefinitionReader - Registering bean definition for @Bean method org.springframework.boot.actuate.autoconfigure.EndpointAutoConfiguration$RequestMappingEndpointConfiguration.requestMappingEndpoint()
15:50:15.719 [Test worker] DEBUG o.s.c.a.ConfigurationClassBeanDefinitionReader - Registered bean definition for imported @Configuration class org.springframework.boot.actuate.autoconfigure.EndpointAutoConfiguration
15:50:15.723 [Test worker] DEBUG o.s.b.f.s.DefaultListableBeanFactory - Returning cached instance of singleton bean 'org.springframework.boot.autoconfigure.condition.BeanTypeRegistry'
15:50:15.723 [Test worker] DEBUG o.s.b.f.s.DefaultListableBeanFactory - Returning cached instance of singleton bean 'autoConfigurationReport'
15:50:15.724 [Test worker] DEBUG o.s.c.a.ConfigurationClassBeanDefinitionReader - Registering bean definition for @Bean method org.springframework.boot.actuate.autoconfigure.EndpointAutoConfiguration.environmentEndpoint()
15:50:15.724 [Test worker] DEBUG o.s.b.f.s.DefaultListableBeanFactory - Returning cached instance of singleton bean 'org.springframework.boot.autoconfigure.condition.BeanTypeRegistry'
15:50:15.724 [Test worker] DEBUG o.s.b.f.s.DefaultListableBeanFactory - Returning cached instance of singleton bean 'autoConfigurationReport'
15:50:15.724 [Test worker] DEBUG o.s.c.a.ConfigurationClassBeanDefinitionReader - Registering bean definition for @Bean method org.springframework.boot.actuate.autoconfigure.EndpointAutoConfiguration.healthEndpoint()
15:50:15.725 [Test worker] DEBUG o.s.b.f.s.DefaultListableBeanFactory - Returning cached instance of singleton bean 'org.springframework.boot.autoconfigure.condition.BeanTypeRegistry'
15:50:15.725 [Test worker] DEBUG o.s.b.f.s.DefaultListableBeanFactory - Returning cached instance of singleton bean 'autoConfigurationReport'
15:50:15.725 [Test worker] DEBUG o.s.c.a.ConfigurationClassBeanDefinitionReader - Registering bean definition for @Bean method org.springframework.boot.actuate.autoconfigure.EndpointAutoConfiguration.beansEndpoint()
15:50:15.725 [Test worker] DEBUG o.s.b.f.s.DefaultListableBeanFactory - Returning cached instance of singleton bean 'org.springframework.boot.autoconfigure.condition.BeanTypeRegistry'
15:50:15.726 [Test worker] DEBUG o.s.b.f.s.DefaultListableBeanFactory - Returning cached instance of singleton bean 'autoConfigurationReport'
15:50:15.726 [Test worker] DEBUG o.s.c.a.ConfigurationClassBeanDefinitionReader - Registering bean definition for @Bean method org.springframework.boot.actuate.autoconfigure.EndpointAutoConfiguration.infoEndpoint()
15:50:15.726 [Test worker] DEBUG o.s.b.f.s.DefaultListableBeanFactory - Returning cached instance of singleton bean 'org.springframework.boot.autoconfigure.condition.BeanTypeRegistry'
15:50:15.726 [Test worker] DEBUG o.s.b.f.s.DefaultListableBeanFactory - Returning cached instance of singleton bean 'autoConfigurationReport'
15:50:15.726 [Test worker] DEBUG o.s.c.a.ConfigurationClassBeanDefinitionReader - Registering bean definition for @Bean method org.springframework.boot.actuate.autoconfigure.EndpointAutoConfiguration.metricsEndpoint()
15:50:15.727 [Test worker] DEBUG o.s.b.f.s.DefaultListableBeanFactory - Returning cached instance of singleton bean 'org.springframework.boot.autoconfigure.condition.BeanTypeRegistry'
15:50:15.727 [Test worker] DEBUG o.s.b.f.s.DefaultListableBeanFactory - Returning cached instance of singleton bean 'autoConfigurationReport'
15:50:15.727 [Test worker] DEBUG o.s.c.a.ConfigurationClassBeanDefinitionReader - Registering bean definition for @Bean method org.springframework.boot.actuate.autoconfigure.EndpointAutoConfiguration.traceEndpoint()
15:50:15.727 [Test worker] DEBUG o.s.b.f.s.DefaultListableBeanFactory - Returning cached instance of singleton bean 'org.springframework.boot.autoconfigure.condition.BeanTypeRegistry'
15:50:15.728 [Test worker] DEBUG o.s.b.f.s.DefaultListableBeanFactory - Returning cached instance of singleton bean 'autoConfigurationReport'
15:50:15.728 [Test worker] DEBUG o.s.c.a.ConfigurationClassBeanDefinitionReader - Registering bean definition for @Bean method org.springframework.boot.actuate.autoconfigure.EndpointAutoConfiguration.dumpEndpoint()
15:50:15.728 [Test worker] DEBUG o.s.b.f.s.DefaultListableBeanFactory - Returning cached instance of singleton bean 'org.springframework.boot.autoconfigure.condition.BeanTypeRegistry'
15:50:15.728 [Test worker] DEBUG o.s.b.f.s.DefaultListableBeanFactory - Returning cached instance of singleton bean 'org.springframework.boot.autoconfigure.condition.BeanTypeRegistry'
15:50:15.728 [Test worker] DEBUG o.s.b.f.s.DefaultListableBeanFactory - Returning cached instance of singleton bean 'autoConfigurationReport'
15:50:15.728 [Test worker] DEBUG o.s.b.f.s.DefaultListableBeanFactory - Returning cached instance of singleton bean 'org.springframework.boot.autoconfigure.condition.BeanTypeRegistry'
15:50:15.728 [Test worker] DEBUG o.s.b.f.s.DefaultListableBeanFactory - Returning cached instance of singleton bean 'org.springframework.boot.autoconfigure.condition.BeanTypeRegistry'
15:50:15.729 [Test worker] DEBUG o.s.b.f.s.DefaultListableBeanFactory - Returning cached instance of singleton bean 'autoConfigurationReport'
15:50:15.729 [Test worker] DEBUG o.s.c.a.ConfigurationClassBeanDefinitionReader - Registering bean definition for @Bean method org.springframework.boot.actuate.autoconfigure.EndpointAutoConfiguration.autoConfigurationAuditEndpoint()
15:50:15.729 [Test worker] DEBUG o.s.b.f.s.DefaultListableBeanFactory - Returning cached instance of singleton bean 'org.springframework.boot.autoconfigure.condition.BeanTypeRegistry'
15:50:15.729 [Test worker] DEBUG o.s.b.f.s.DefaultListableBeanFactory - Returning cached instance of singleton bean 'autoConfigurationReport'
15:50:15.729 [Test worker] DEBUG o.s.c.a.ConfigurationClassBeanDefinitionReader - Registering bean definition for @Bean method org.springframework.boot.actuate.autoconfigure.EndpointAutoConfiguration.shutdownEndpoint()
15:50:15.729 [Test worker] DEBUG o.s.b.f.s.DefaultListableBeanFactory - Returning cached instance of singleton bean 'org.springframework.boot.autoconfigure.condition.BeanTypeRegistry'
15:50:15.730 [Test worker] DEBUG o.s.b.f.s.DefaultListableBeanFactory - Returning cached instance of singleton bean 'autoConfigurationReport'
15:50:15.730 [Test worker] DEBUG o.s.c.a.ConfigurationClassBeanDefinitionReader - Registering bean definition for @Bean method org.springframework.boot.actuate.autoconfigure.EndpointAutoConfiguration.configurationPropertiesReportEndpoint()
15:50:15.730 [Test worker] DEBUG o.s.b.f.s.DefaultListableBeanFactory - Returning cached instance of singleton bean 'autoConfigurationReport'
15:50:15.731 [Test worker] DEBUG o.s.b.f.s.DefaultListableBeanFactory - Returning cached instance of singleton bean 'autoConfigurationReport'
15:50:15.731 [Test worker] DEBUG o.s.c.a.ConfigurationClassBeanDefinitionReader - Registered bean definition for imported @Configuration class org.springframework.boot.autoconfigure.jmx.JmxAutoConfiguration
15:50:15.731 [Test worker] DEBUG o.s.b.f.s.DefaultListableBeanFactory - Returning cached instance of singleton bean 'org.springframework.boot.autoconfigure.condition.BeanTypeRegistry'
15:50:15.732 [Test worker] DEBUG o.s.b.f.s.DefaultListableBeanFactory - Returning cached instance of singleton bean 'autoConfigurationReport'
15:50:15.732 [Test worker] DEBUG o.s.c.a.ConfigurationClassBeanDefinitionReader - Registering bean definition for @Bean method org.springframework.boot.autoconfigure.jmx.JmxAutoConfiguration.mbeanExporter()
15:50:15.733 [Test worker] DEBUG o.s.b.f.s.DefaultListableBeanFactory - Returning cached instance of singleton bean 'org.springframework.boot.autoconfigure.condition.BeanTypeRegistry'
15:50:15.735 [Test worker] DEBUG o.s.b.f.s.DefaultListableBeanFactory - Returning cached instance of singleton bean 'autoConfigurationReport'
15:50:15.735 [Test worker] DEBUG o.s.c.a.ConfigurationClassBeanDefinitionReader - Registering bean definition for @Bean method org.springframework.boot.autoconfigure.jmx.JmxAutoConfiguration.objectNamingStrategy()
15:50:15.735 [Test worker] DEBUG o.s.b.f.s.DefaultListableBeanFactory - Returning cached instance of singleton bean 'org.springframework.boot.autoconfigure.condition.BeanTypeRegistry'
15:50:15.735 [Test worker] DEBUG o.s.b.f.s.DefaultListableBeanFactory - Returning cached instance of singleton bean 'autoConfigurationReport'
15:50:15.736 [Test worker] DEBUG o.s.c.a.ConfigurationClassBeanDefinitionReader - Registering bean definition for @Bean method org.springframework.boot.autoconfigure.jmx.JmxAutoConfiguration.mbeanServer()
15:50:15.736 [Test worker] DEBUG o.s.c.e.PropertySourcesPropertyResolver - Searching for key 'endpoints.jmx.enabled:true' in [systemProperties]
15:50:15.736 [Test worker] DEBUG o.s.c.e.PropertySourcesPropertyResolver - Searching for key 'endpoints.jmx.enabled:true' in [systemEnvironment]
15:50:15.736 [Test worker] DEBUG o.s.c.e.PropertySourcesPropertyResolver - Searching for key 'endpoints.jmx.enabled:true' in [class path resource [application-test.properties]]
15:50:15.736 [Test worker] DEBUG o.s.c.e.PropertySourcesPropertyResolver - Could not find key 'endpoints.jmx.enabled:true' in any property source. Returning [null]
15:50:15.736 [Test worker] DEBUG o.s.c.e.PropertySourcesPropertyResolver - Searching for key 'endpoints.jmx.enabled' in [systemProperties]
15:50:15.736 [Test worker] DEBUG o.s.c.e.PropertySourcesPropertyResolver - Searching for key 'endpoints.jmx.enabled' in [systemEnvironment]
15:50:15.736 [Test worker] DEBUG o.s.c.e.PropertySourcesPropertyResolver - Searching for key 'endpoints.jmx.enabled' in [class path resource [application-test.properties]]
15:50:15.736 [Test worker] DEBUG o.s.c.e.PropertySourcesPropertyResolver - Could not find key 'endpoints.jmx.enabled' in any property source. Returning [null]
15:50:15.736 [Test worker] DEBUG o.s.c.e.PropertySourcesPropertyResolver - Searching for key 'spring.jmx.enabled:true' in [systemProperties]
15:50:15.736 [Test worker] DEBUG o.s.c.e.PropertySourcesPropertyResolver - Searching for key 'spring.jmx.enabled:true' in [systemEnvironment]
15:50:15.736 [Test worker] DEBUG o.s.c.e.PropertySourcesPropertyResolver - Searching for key 'spring.jmx.enabled:true' in [class path resource [application-test.properties]]
15:50:15.736 [Test worker] DEBUG o.s.c.e.PropertySourcesPropertyResolver - Could not find key 'spring.jmx.enabled:true' in any property source. Returning [null]
15:50:15.736 [Test worker] DEBUG o.s.c.e.PropertySourcesPropertyResolver - Searching for key 'spring.jmx.enabled' in [systemProperties]
15:50:15.737 [Test worker] DEBUG o.s.c.e.PropertySourcesPropertyResolver - Searching for key 'spring.jmx.enabled' in [systemEnvironment]
15:50:15.737 [Test worker] DEBUG o.s.c.e.PropertySourcesPropertyResolver - Searching for key 'spring.jmx.enabled' in [class path resource [application-test.properties]]
15:50:15.737 [Test worker] DEBUG o.s.c.e.PropertySourcesPropertyResolver - Could not find key 'spring.jmx.enabled' in any property source. Returning [null]
15:50:15.737 [Test worker] DEBUG o.s.b.f.s.DefaultListableBeanFactory - Returning cached instance of singleton bean 'autoConfigurationReport'
15:50:15.737 [Test worker] DEBUG o.s.c.a.ConfigurationClassBeanDefinitionReader - Registered bean definition for imported @Configuration class org.springframework.boot.actuate.autoconfigure.EndpointMBeanExportAutoConfiguration
15:50:15.737 [Test worker] DEBUG o.s.c.a.ConfigurationClassBeanDefinitionReader - Registering bean definition for @Bean method org.springframework.boot.actuate.autoconfigure.EndpointMBeanExportAutoConfiguration.endpointMBeanExporter()
15:50:15.737 [Test worker] DEBUG o.s.b.f.s.DefaultListableBeanFactory - Returning cached instance of singleton bean 'org.springframework.boot.autoconfigure.condition.BeanTypeRegistry'
15:50:15.740 [Test worker] DEBUG o.s.b.f.s.DefaultListableBeanFactory - Returning cached instance of singleton bean 'autoConfigurationReport'
15:50:15.741 [Test worker] DEBUG o.s.c.a.ConfigurationClassBeanDefinitionReader - Registered bean definition for imported @Configuration class org.springframework.boot.actuate.autoconfigure.ManagementServerPropertiesAutoConfiguration
15:50:15.743 [Test worker] DEBUG o.s.b.f.s.DefaultListableBeanFactory - Returning cached instance of singleton bean 'org.springframework.boot.autoconfigure.condition.BeanTypeRegistry'
15:50:15.744 [Test worker] DEBUG o.s.b.f.s.DefaultListableBeanFactory - Returning cached instance of singleton bean 'autoConfigurationReport'
15:50:15.744 [Test worker] DEBUG o.s.c.a.ConfigurationClassBeanDefinitionReader - Registering bean definition for @Bean method org.springframework.boot.actuate.autoconfigure.ManagementServerPropertiesAutoConfiguration.managementServerProperties()
15:50:15.744 [Test worker] DEBUG o.s.b.f.s.DefaultListableBeanFactory - Returning cached instance of singleton bean 'autoConfigurationReport'
15:50:15.744 [Test worker] DEBUG o.s.b.f.s.DefaultListableBeanFactory - Returning cached instance of singleton bean 'autoConfigurationReport'
15:50:15.745 [Test worker] DEBUG o.s.b.f.s.DefaultListableBeanFactory - Returning cached instance of singleton bean 'autoConfigurationReport'
15:50:15.745 [Test worker] DEBUG o.s.b.f.s.DefaultListableBeanFactory - Returning cached instance of singleton bean 'org.springframework.boot.autoconfigure.condition.BeanTypeRegistry'
15:50:15.745 [Test worker] DEBUG o.s.b.f.s.DefaultListableBeanFactory - Returning cached instance of singleton bean 'org.springframework.boot.autoconfigure.condition.BeanTypeRegistry'
15:50:15.745 [Test worker] DEBUG o.s.b.f.s.DefaultListableBeanFactory - Returning cached instance of singleton bean 'autoConfigurationReport'
15:50:15.745 [Test worker] DEBUG o.s.c.a.ConfigurationClassBeanDefinitionReader - Registered bean definition for imported @Configuration class org.springframework.boot.actuate.autoconfigure.MetricFilterAutoConfiguration
15:50:15.746 [Test worker] DEBUG o.s.c.a.ConfigurationClassBeanDefinitionReader - Registering bean definition for @Bean method org.springframework.boot.actuate.autoconfigure.MetricFilterAutoConfiguration.metricFilter()
15:50:15.746 [Test worker] DEBUG o.s.c.a.ConfigurationClassBeanDefinitionReader - Registered bean definition for imported @Configuration class org.springframework.boot.actuate.autoconfigure.TraceRepositoryAutoConfiguration
15:50:15.746 [Test worker] DEBUG o.s.b.f.s.DefaultListableBeanFactory - Returning cached instance of singleton bean 'org.springframework.boot.autoconfigure.condition.BeanTypeRegistry'
15:50:15.747 [Test worker] DEBUG o.s.b.f.s.DefaultListableBeanFactory - Returning cached instance of singleton bean 'autoConfigurationReport'
15:50:15.747 [Test worker] DEBUG o.s.c.a.ConfigurationClassBeanDefinitionReader - Registering bean definition for @Bean method org.springframework.boot.actuate.autoconfigure.TraceRepositoryAutoConfiguration.traceRepository()
15:50:15.747 [Test worker] DEBUG o.s.b.f.s.DefaultListableBeanFactory - Returning cached instance of singleton bean 'autoConfigurationReport'
15:50:15.747 [Test worker] DEBUG o.s.c.a.ConfigurationClassBeanDefinitionReader - Registered bean definition for imported @Configuration class org.springframework.boot.actuate.autoconfigure.TraceWebFilterAutoConfiguration
15:50:15.748 [Test worker] DEBUG o.s.c.a.ConfigurationClassBeanDefinitionReader - Registering bean definition for @Bean method org.springframework.boot.actuate.autoconfigure.TraceWebFilterAutoConfiguration.webRequestLoggingFilter()
15:50:15.748 [Test worker] DEBUG o.s.b.f.s.DefaultListableBeanFactory - Returning cached instance of singleton bean 'autoConfigurationReport'
15:50:15.748 [Test worker] DEBUG o.s.b.f.s.DefaultListableBeanFactory - Returning cached instance of singleton bean 'autoConfigurationReport'
15:50:15.749 [Test worker] DEBUG o.s.b.f.s.DefaultListableBeanFactory - Returning cached instance of singleton bean 'autoConfigurationReport'
15:50:15.749 [Test worker] DEBUG o.s.c.a.ConfigurationClassBeanDefinitionReader - Registered bean definition for imported @Configuration class org.springframework.boot.autoconfigure.aop.AopAutoConfiguration$JdkDynamicAutoProxyConfiguration
15:50:15.749 [Test worker] DEBUG o.s.c.a.ConfigurationClassBeanDefinitionReader - Registered bean definition for imported @Configuration class org.springframework.boot.autoconfigure.aop.AopAutoConfiguration
15:50:15.749 [Test worker] DEBUG o.s.b.f.s.DefaultListableBeanFactory - Returning cached instance of singleton bean 'autoConfigurationReport'
15:50:15.750 [Test worker] DEBUG o.s.b.f.s.DefaultListableBeanFactory - Returning cached instance of singleton bean 'autoConfigurationReport'
15:50:15.750 [Test worker] DEBUG o.s.c.a.ConfigurationClassBeanDefinitionReader - Registered bean definition for imported @Configuration class org.springframework.boot.autoconfigure.jackson.JacksonAutoConfiguration$JacksonObjectMapperBuilderConfiguration
15:50:15.750 [Test worker] DEBUG o.s.b.f.s.DefaultListableBeanFactory - Returning cached instance of singleton bean 'org.springframework.boot.autoconfigure.condition.BeanTypeRegistry'
15:50:15.753 [Test worker] DEBUG o.s.b.f.s.DefaultListableBeanFactory - Returning cached instance of singleton bean 'autoConfigurationReport'
15:50:15.753 [Test worker] DEBUG o.s.c.a.ConfigurationClassBeanDefinitionReader - Registering bean definition for @Bean method org.springframework.boot.autoconfigure.jackson.JacksonAutoConfiguration$JacksonObjectMapperBuilderConfiguration.jacksonObjectMapperBuilder()
15:50:15.754 [Test worker] DEBUG o.s.b.f.s.DefaultListableBeanFactory - Returning cached instance of singleton bean 'autoConfigurationReport'
15:50:15.755 [Test worker] DEBUG o.s.c.a.ConfigurationClassBeanDefinitionReader - Registered bean definition for imported @Configuration class org.springframework.boot.autoconfigure.jackson.JacksonAutoConfiguration$JacksonObjectMapperConfiguration
15:50:15.755 [Test worker] DEBUG o.s.b.f.s.DefaultListableBeanFactory - Returning cached instance of singleton bean 'org.springframework.boot.autoconfigure.condition.BeanTypeRegistry'
15:50:15.756 [Test worker] DEBUG o.s.b.f.s.DefaultListableBeanFactory - Returning cached instance of singleton bean 'autoConfigurationReport'
15:50:15.756 [Test worker] DEBUG o.s.c.a.ConfigurationClassBeanDefinitionReader - Registered bean definition for imported @Configuration class org.springframework.boot.autoconfigure.jackson.JacksonAutoConfiguration
15:50:15.757 [Test worker] DEBUG o.s.b.f.s.DefaultListableBeanFactory - Returning cached instance of singleton bean 'autoConfigurationReport'
15:50:15.757 [Test worker] DEBUG o.s.b.f.s.DefaultListableBeanFactory - Returning cached instance of singleton bean 'autoConfigurationReport'
15:50:15.757 [Test worker] DEBUG o.s.c.a.ConfigurationClassBeanDefinitionReader - Registered bean definition for imported @Configuration class org.springframework.boot.autoconfigure.web.HttpMessageConvertersAutoConfiguration$StringHttpMessageConverterConfiguration
15:50:15.757 [Test worker] DEBUG o.s.b.f.s.DefaultListableBeanFactory - Returning cached instance of singleton bean 'org.springframework.boot.autoconfigure.condition.BeanTypeRegistry'
15:50:15.758 [Test worker] DEBUG o.s.b.f.s.DefaultListableBeanFactory - Returning cached instance of singleton bean 'autoConfigurationReport'
15:50:15.758 [Test worker] DEBUG o.s.c.a.ConfigurationClassBeanDefinitionReader - Registering bean definition for @Bean method org.springframework.boot.autoconfigure.web.HttpMessageConvertersAutoConfiguration$StringHttpMessageConverterConfiguration.stringHttpMessageConverter()
15:50:15.759 [Test worker] DEBUG o.s.b.f.s.DefaultListableBeanFactory - Returning cached instance of singleton bean 'autoConfigurationReport'
15:50:15.759 [Test worker] DEBUG o.s.b.f.s.DefaultListableBeanFactory - Returning cached instance of singleton bean 'org.springframework.boot.autoconfigure.condition.BeanTypeRegistry'
15:50:15.759 [Test worker] DEBUG o.s.b.f.s.DefaultListableBeanFactory - Returning cached instance of singleton bean 'autoConfigurationReport'
15:50:15.760 [Test worker] DEBUG o.s.b.f.s.DefaultListableBeanFactory - Returning cached instance of singleton bean 'autoConfigurationReport'
15:50:15.760 [Test worker] DEBUG o.s.c.a.ConfigurationClassBeanDefinitionReader - Registered bean definition for imported @Configuration class org.springframework.boot.autoconfigure.web.JacksonHttpMessageConvertersConfiguration$MappingJackson2HttpMessageConverterConfiguration
15:50:15.761 [Test worker] DEBUG o.s.b.f.s.DefaultListableBeanFactory - Returning cached instance of singleton bean 'org.springframework.boot.autoconfigure.condition.BeanTypeRegistry'
15:50:15.761 [Test worker] DEBUG o.s.b.f.s.DefaultListableBeanFactory - Returning cached instance of singleton bean 'autoConfigurationReport'
15:50:15.761 [Test worker] DEBUG o.s.c.a.ConfigurationClassBeanDefinitionReader - Registering bean definition for @Bean method org.springframework.boot.autoconfigure.web.JacksonHttpMessageConvertersConfiguration$MappingJackson2HttpMessageConverterConfiguration.mappingJackson2HttpMessageConverter()
15:50:15.761 [Test worker] DEBUG o.s.c.a.ConfigurationClassBeanDefinitionReader - Registered bean definition for imported @Configuration class org.springframework.boot.autoconfigure.web.JacksonHttpMessageConvertersConfiguration
15:50:15.761 [Test worker] DEBUG o.s.c.a.ConfigurationClassBeanDefinitionReader - Registered bean definition for imported @Configuration class org.springframework.boot.autoconfigure.web.GsonHttpMessageConvertersConfiguration
15:50:15.762 [Test worker] DEBUG o.s.c.a.ConfigurationClassBeanDefinitionReader - Registered bean definition for imported @Configuration class org.springframework.boot.autoconfigure.web.HttpMessageConvertersAutoConfiguration
15:50:15.764 [Test worker] DEBUG o.s.b.f.s.DefaultListableBeanFactory - Returning cached instance of singleton bean 'org.springframework.boot.autoconfigure.condition.BeanTypeRegistry'
15:50:15.764 [Test worker] DEBUG o.s.b.f.s.DefaultListableBeanFactory - Returning cached instance of singleton bean 'autoConfigurationReport'
15:50:15.764 [Test worker] DEBUG o.s.c.a.ConfigurationClassBeanDefinitionReader - Registering bean definition for @Bean method org.springframework.boot.autoconfigure.web.HttpMessageConvertersAutoConfiguration.messageConverters()
15:50:15.764 [Test worker] DEBUG o.s.b.f.s.DefaultListableBeanFactory - Returning cached instance of singleton bean 'autoConfigurationReport'
15:50:15.765 [Test worker] DEBUG o.s.b.f.s.DefaultListableBeanFactory - Returning cached instance of singleton bean 'autoConfigurationReport'
15:50:15.765 [Test worker] DEBUG o.s.c.a.ConfigurationClassBeanDefinitionReader - Registered bean definition for imported @Configuration class org.springframework.boot.autoconfigure.web.HttpEncodingAutoConfiguration
15:50:15.765 [Test worker] DEBUG o.s.b.f.s.DefaultListableBeanFactory - Returning cached instance of singleton bean 'org.springframework.boot.autoconfigure.condition.BeanTypeRegistry'
15:50:15.766 [Test worker] DEBUG o.s.b.f.s.DefaultListableBeanFactory - Returning cached instance of singleton bean 'autoConfigurationReport'
15:50:15.766 [Test worker] DEBUG o.s.c.a.ConfigurationClassBeanDefinitionReader - Registering bean definition for @Bean method org.springframework.boot.autoconfigure.web.HttpEncodingAutoConfiguration.characterEncodingFilter()
15:50:15.766 [Test worker] DEBUG o.s.b.f.s.DefaultListableBeanFactory - Returning cached instance of singleton bean 'autoConfigurationReport'
15:50:15.767 [Test worker] DEBUG o.s.b.f.s.DefaultListableBeanFactory - Returning cached instance of singleton bean 'autoConfigurationReport'
15:50:15.767 [Test worker] DEBUG o.s.c.a.ConfigurationClassBeanDefinitionReader - Registered bean definition for imported @Configuration class org.springframework.boot.autoconfigure.web.MultipartAutoConfiguration
15:50:15.768 [Test worker] DEBUG o.s.b.f.s.DefaultListableBeanFactory - Returning cached instance of singleton bean 'org.springframework.boot.autoconfigure.condition.BeanTypeRegistry'
15:50:15.769 [Test worker] DEBUG o.s.b.f.s.DefaultListableBeanFactory - Returning cached instance of singleton bean 'autoConfigurationReport'
15:50:15.769 [Test worker] DEBUG o.s.c.a.ConfigurationClassBeanDefinitionReader - Registering bean definition for @Bean method org.springframework.boot.autoconfigure.web.MultipartAutoConfiguration.multipartConfigElement()
15:50:15.769 [Test worker] DEBUG o.s.b.f.s.DefaultListableBeanFactory - Returning cached instance of singleton bean 'org.springframework.boot.autoconfigure.condition.BeanTypeRegistry'
15:50:15.769 [Test worker] DEBUG o.s.b.f.s.DefaultListableBeanFactory - Returning cached instance of singleton bean 'autoConfigurationReport'
15:50:15.769 [Test worker] DEBUG o.s.c.a.ConfigurationClassBeanDefinitionReader - Registering bean definition for @Bean method org.springframework.boot.autoconfigure.web.MultipartAutoConfiguration.multipartResolver()
15:50:15.853 [Test worker] DEBUG o.s.c.a.ConfigurationClassEnhancer - Successfully enhanced com.susu.movies.integration.IntegrationTestConfiguration; enhanced class name is: com.susu.movies.integration.IntegrationTestConfiguration$$EnhancerBySpringCGLIB$$99036dc7
15:50:15.853 [Test worker] DEBUG o.s.c.a.ConfigurationClassPostProcessor - Replacing bean definition 'integrationTestConfiguration' existing class name 'com.susu.movies.integration.IntegrationTestConfiguration' with enhanced class name 'com.susu.movies.integration.IntegrationTestConfiguration$$EnhancerBySpringCGLIB$$99036dc7'
15:50:15.855 [Test worker] DEBUG o.s.c.a.ConfigurationClassEnhancer - Successfully enhanced com.susu.movies.ApplicationConfiguration; enhanced class name is: com.susu.movies.ApplicationConfiguration$$EnhancerBySpringCGLIB$$b3ff0b63
15:50:15.855 [Test worker] DEBUG o.s.c.a.ConfigurationClassPostProcessor - Replacing bean definition 'applicationConfiguration' existing class name 'com.susu.movies.ApplicationConfiguration' with enhanced class name 'com.susu.movies.ApplicationConfiguration$$EnhancerBySpringCGLIB$$b3ff0b63'
15:50:15.858 [Test worker] DEBUG o.s.c.a.ConfigurationClassEnhancer - Successfully enhanced platform.PlatformConfiguration; enhanced class name is: platform.PlatformConfiguration$$EnhancerBySpringCGLIB$$584cf6b7
15:50:15.858 [Test worker] DEBUG o.s.c.a.ConfigurationClassPostProcessor - Replacing bean definition 'platformConfiguration' existing class name 'platform.PlatformConfiguration' with enhanced class name 'platform.PlatformConfiguration$$EnhancerBySpringCGLIB$$584cf6b7'
15:50:15.864 [Test worker] DEBUG o.s.c.a.ConfigurationClassEnhancer - Successfully enhanced platform.WebConfiguration; enhanced class name is: platform.WebConfiguration$$EnhancerBySpringCGLIB$$2538540c
15:50:15.864 [Test worker] DEBUG o.s.c.a.ConfigurationClassPostProcessor - Replacing bean definition 'webConfiguration' existing class name 'platform.WebConfiguration' with enhanced class name 'platform.WebConfiguration$$EnhancerBySpringCGLIB$$2538540c'
15:50:15.868 [Test worker] DEBUG o.s.c.a.ConfigurationClassEnhancer - Successfully enhanced org.springframework.retry.annotation.RetryConfiguration; enhanced class name is: org.springframework.retry.annotation.RetryConfiguration$$EnhancerBySpringCGLIB$$4a34478f
15:50:15.868 [Test worker] DEBUG o.s.c.a.ConfigurationClassPostProcessor - Replacing bean definition 'org.springframework.retry.annotation.RetryConfiguration' existing class name 'org.springframework.retry.annotation.RetryConfiguration' with enhanced class name 'org.springframework.retry.annotation.RetryConfiguration$$EnhancerBySpringCGLIB$$4a34478f'
15:50:15.868 [Test worker] DEBUG o.s.c.a.ConfigurationClassEnhancer - Successfully enhanced com.susu.movies.integration.IntegrationTestConfiguration; enhanced class name is: com.susu.movies.integration.IntegrationTestConfiguration$$EnhancerBySpringCGLIB$$99036dc7
15:50:15.868 [Test worker] DEBUG o.s.c.a.ConfigurationClassPostProcessor - Replacing bean definition 'objectMapper' existing class name 'com.susu.movies.integration.IntegrationTestConfiguration' with enhanced class name 'com.susu.movies.integration.IntegrationTestConfiguration$$EnhancerBySpringCGLIB$$99036dc7'
15:50:15.869 [Test worker] DEBUG o.s.c.a.ConfigurationClassEnhancer - Successfully enhanced com.susu.movies.integration.IntegrationTestConfiguration; enhanced class name is: com.susu.movies.integration.IntegrationTestConfiguration$$EnhancerBySpringCGLIB$$99036dc7
15:50:15.869 [Test worker] DEBUG o.s.c.a.ConfigurationClassPostProcessor - Replacing bean definition 'placeHolderConfigurer' existing class name 'com.susu.movies.integration.IntegrationTestConfiguration' with enhanced class name 'com.susu.movies.integration.IntegrationTestConfiguration$$EnhancerBySpringCGLIB$$99036dc7'
15:50:15.870 [Test worker] DEBUG o.s.c.a.ConfigurationClassEnhancer - Successfully enhanced org.springframework.boot.autoconfigure.PropertyPlaceholderAutoConfiguration; enhanced class name is: org.springframework.boot.autoconfigure.PropertyPlaceholderAutoConfiguration$$EnhancerBySpringCGLIB$$e415f144
15:50:15.870 [Test worker] DEBUG o.s.c.a.ConfigurationClassPostProcessor - Replacing bean definition 'org.springframework.boot.autoconfigure.PropertyPlaceholderAutoConfiguration' existing class name 'org.springframework.boot.autoconfigure.PropertyPlaceholderAutoConfiguration' with enhanced class name 'org.springframework.boot.autoconfigure.PropertyPlaceholderAutoConfiguration$$EnhancerBySpringCGLIB$$e415f144'
15:50:15.874 [Test worker] DEBUG o.s.c.a.ConfigurationClassEnhancer - Successfully enhanced org.springframework.boot.autoconfigure.websocket.WebSocketAutoConfiguration$TomcatWebSocketConfiguration; enhanced class name is: org.springframework.boot.autoconfigure.websocket.WebSocketAutoConfiguration$TomcatWebSocketConfiguration$$EnhancerBySpringCGLIB$$37d67f13
15:50:15.874 [Test worker] DEBUG o.s.c.a.ConfigurationClassPostProcessor - Replacing bean definition 'org.springframework.boot.autoconfigure.websocket.WebSocketAutoConfiguration$TomcatWebSocketConfiguration' existing class name 'org.springframework.boot.autoconfigure.websocket.WebSocketAutoConfiguration$TomcatWebSocketConfiguration' with enhanced class name 'org.springframework.boot.autoconfigure.websocket.WebSocketAutoConfiguration$TomcatWebSocketConfiguration$$EnhancerBySpringCGLIB$$37d67f13'
15:50:15.876 [Test worker] DEBUG o.s.c.a.ConfigurationClassEnhancer - Successfully enhanced org.springframework.boot.autoconfigure.websocket.WebSocketAutoConfiguration; enhanced class name is: org.springframework.boot.autoconfigure.websocket.WebSocketAutoConfiguration$$EnhancerBySpringCGLIB$$ba31b962
15:50:15.876 [Test worker] DEBUG o.s.c.a.ConfigurationClassPostProcessor - Replacing bean definition 'org.springframework.boot.autoconfigure.websocket.WebSocketAutoConfiguration' existing class name 'org.springframework.boot.autoconfigure.websocket.WebSocketAutoConfiguration' with enhanced class name 'org.springframework.boot.autoconfigure.websocket.WebSocketAutoConfiguration$$EnhancerBySpringCGLIB$$ba31b962'
15:50:15.880 [Test worker] DEBUG o.s.c.a.ConfigurationClassEnhancer - Successfully enhanced org.springframework.boot.actuate.autoconfigure.AuditAutoConfiguration; enhanced class name is: org.springframework.boot.actuate.autoconfigure.AuditAutoConfiguration$$EnhancerBySpringCGLIB$$f16e3a66
15:50:15.880 [Test worker] DEBUG o.s.c.a.ConfigurationClassPostProcessor - Replacing bean definition 'org.springframework.boot.actuate.autoconfigure.AuditAutoConfiguration' existing class name 'org.springframework.boot.actuate.autoconfigure.AuditAutoConfiguration' with enhanced class name 'org.springframework.boot.actuate.autoconfigure.AuditAutoConfiguration$$EnhancerBySpringCGLIB$$f16e3a66'
15:50:15.884 [Test worker] DEBUG o.s.c.a.ConfigurationClassEnhancer - Successfully enhanced org.springframework.boot.actuate.autoconfigure.MetricRepositoryAutoConfiguration$DropwizardMetricRegistryConfiguration; enhanced class name is: org.springframework.boot.actuate.autoconfigure.MetricRepositoryAutoConfiguration$DropwizardMetricRegistryConfiguration$$EnhancerBySpringCGLIB$$3f9e17fc
15:50:15.884 [Test worker] DEBUG o.s.c.a.ConfigurationClassPostProcessor - Replacing bean definition 'org.springframework.boot.actuate.autoconfigure.MetricRepositoryAutoConfiguration$DropwizardMetricRegistryConfiguration' existing class name 'org.springframework.boot.actuate.autoconfigure.MetricRepositoryAutoConfiguration$DropwizardMetricRegistryConfiguration' with enhanced class name 'org.springframework.boot.actuate.autoconfigure.MetricRepositoryAutoConfiguration$DropwizardMetricRegistryConfiguration$$EnhancerBySpringCGLIB$$3f9e17fc'
15:50:15.886 [Test worker] DEBUG o.s.c.a.ConfigurationClassEnhancer - Successfully enhanced org.springframework.boot.actuate.autoconfigure.MetricRepositoryAutoConfiguration$MetricRepositoryConfiguration; enhanced class name is: org.springframework.boot.actuate.autoconfigure.MetricRepositoryAutoConfiguration$MetricRepositoryConfiguration$$EnhancerBySpringCGLIB$$3b1ed089
15:50:15.886 [Test worker] DEBUG o.s.c.a.ConfigurationClassPostProcessor - Replacing bean definition 'org.springframework.boot.actuate.autoconfigure.MetricRepositoryAutoConfiguration$MetricRepositoryConfiguration' existing class name 'org.springframework.boot.actuate.autoconfigure.MetricRepositoryAutoConfiguration$MetricRepositoryConfiguration' with enhanced class name 'org.springframework.boot.actuate.autoconfigure.MetricRepositoryAutoConfiguration$MetricRepositoryConfiguration$$EnhancerBySpringCGLIB$$3b1ed089'
15:50:15.888 [Test worker] DEBUG o.s.c.a.ConfigurationClassEnhancer - Successfully enhanced org.springframework.boot.actuate.autoconfigure.MetricRepositoryAutoConfiguration; enhanced class name is: org.springframework.boot.actuate.autoconfigure.MetricRepositoryAutoConfiguration$$EnhancerBySpringCGLIB$$5eb1d7d1
15:50:15.888 [Test worker] DEBUG o.s.c.a.ConfigurationClassPostProcessor - Replacing bean definition 'org.springframework.boot.actuate.autoconfigure.MetricRepositoryAutoConfiguration' existing class name 'org.springframework.boot.actuate.autoconfigure.MetricRepositoryAutoConfiguration' with enhanced class name 'org.springframework.boot.actuate.autoconfigure.MetricRepositoryAutoConfiguration$$EnhancerBySpringCGLIB$$5eb1d7d1'
15:50:15.892 [Test worker] DEBUG o.s.c.a.ConfigurationClassEnhancer - Successfully enhanced org.springframework.boot.actuate.autoconfigure.PublicMetricsAutoConfiguration; enhanced class name is: org.springframework.boot.actuate.autoconfigure.PublicMetricsAutoConfiguration$$EnhancerBySpringCGLIB$$60dfc607
15:50:15.892 [Test worker] DEBUG o.s.c.a.ConfigurationClassPostProcessor - Replacing bean definition 'org.springframework.boot.actuate.autoconfigure.PublicMetricsAutoConfiguration' existing class name 'org.springframework.boot.actuate.autoconfigure.PublicMetricsAutoConfiguration' with enhanced class name 'org.springframework.boot.actuate.autoconfigure.PublicMetricsAutoConfiguration$$EnhancerBySpringCGLIB$$60dfc607'
15:50:15.895 [Test worker] DEBUG o.s.c.a.ConfigurationClassEnhancer - Successfully enhanced org.springframework.boot.actuate.autoconfigure.HealthIndicatorAutoConfiguration$DiskSpaceHealthIndicatorConfiguration; enhanced class name is: org.springframework.boot.actuate.autoconfigure.HealthIndicatorAutoConfiguration$DiskSpaceHealthIndicatorConfiguration$$EnhancerBySpringCGLIB$$5a6fba16
15:50:15.895 [Test worker] DEBUG o.s.c.a.ConfigurationClassPostProcessor - Replacing bean definition 'org.springframework.boot.actuate.autoconfigure.HealthIndicatorAutoConfiguration$DiskSpaceHealthIndicatorConfiguration' existing class name 'org.springframework.boot.actuate.autoconfigure.HealthIndicatorAutoConfiguration$DiskSpaceHealthIndicatorConfiguration' with enhanced class name 'org.springframework.boot.actuate.autoconfigure.HealthIndicatorAutoConfiguration$DiskSpaceHealthIndicatorConfiguration$$EnhancerBySpringCGLIB$$5a6fba16'
15:50:15.898 [Test worker] DEBUG o.s.c.a.ConfigurationClassEnhancer - Successfully enhanced org.springframework.boot.actuate.autoconfigure.HealthIndicatorAutoConfiguration; enhanced class name is: org.springframework.boot.actuate.autoconfigure.HealthIndicatorAutoConfiguration$$EnhancerBySpringCGLIB$$62c8286e
15:50:15.898 [Test worker] DEBUG o.s.c.a.ConfigurationClassPostProcessor - Replacing bean definition 'org.springframework.boot.actuate.autoconfigure.HealthIndicatorAutoConfiguration' existing class name 'org.springframework.boot.actuate.autoconfigure.HealthIndicatorAutoConfiguration' with enhanced class name 'org.springframework.boot.actuate.autoconfigure.HealthIndicatorAutoConfiguration$$EnhancerBySpringCGLIB$$62c8286e'
15:50:15.900 [Test worker] DEBUG o.s.c.a.ConfigurationClassEnhancer - Successfully enhanced org.springframework.boot.actuate.autoconfigure.EndpointAutoConfiguration$InfoPropertiesConfiguration; enhanced class name is: org.springframework.boot.actuate.autoconfigure.EndpointAutoConfiguration$InfoPropertiesConfiguration$$EnhancerBySpringCGLIB$$9ab3aa67
15:50:15.900 [Test worker] DEBUG o.s.c.a.ConfigurationClassPostProcessor - Replacing bean definition 'org.springframework.boot.actuate.autoconfigure.EndpointAutoConfiguration$InfoPropertiesConfiguration' existing class name 'org.springframework.boot.actuate.autoconfigure.EndpointAutoConfiguration$InfoPropertiesConfiguration' with enhanced class name 'org.springframework.boot.actuate.autoconfigure.EndpointAutoConfiguration$InfoPropertiesConfiguration$$EnhancerBySpringCGLIB$$9ab3aa67'
15:50:15.903 [Test worker] DEBUG o.s.c.a.ConfigurationClassEnhancer - Successfully enhanced org.springframework.boot.actuate.autoconfigure.EndpointAutoConfiguration$RequestMappingEndpointConfiguration; enhanced class name is: org.springframework.boot.actuate.autoconfigure.EndpointAutoConfiguration$RequestMappingEndpointConfiguration$$EnhancerBySpringCGLIB$$352cbd4
15:50:15.903 [Test worker] DEBUG o.s.c.a.ConfigurationClassPostProcessor - Replacing bean definition 'org.springframework.boot.actuate.autoconfigure.EndpointAutoConfiguration$RequestMappingEndpointConfiguration' existing class name 'org.springframework.boot.actuate.autoconfigure.EndpointAutoConfiguration$RequestMappingEndpointConfiguration' with enhanced class name 'org.springframework.boot.actuate.autoconfigure.EndpointAutoConfiguration$RequestMappingEndpointConfiguration$$EnhancerBySpringCGLIB$$352cbd4'
15:50:15.907 [Test worker] DEBUG o.s.c.a.ConfigurationClassEnhancer - Successfully enhanced org.springframework.boot.actuate.autoconfigure.EndpointAutoConfiguration; enhanced class name is: org.springframework.boot.actuate.autoconfigure.EndpointAutoConfiguration$$EnhancerBySpringCGLIB$$27fa34b6
15:50:15.907 [Test worker] DEBUG o.s.c.a.ConfigurationClassPostProcessor - Replacing bean definition 'org.springframework.boot.actuate.autoconfigure.EndpointAutoConfiguration' existing class name 'org.springframework.boot.actuate.autoconfigure.EndpointAutoConfiguration' with enhanced class name 'org.springframework.boot.actuate.autoconfigure.EndpointAutoConfiguration$$EnhancerBySpringCGLIB$$27fa34b6'
15:50:15.909 [Test worker] DEBUG o.s.c.a.ConfigurationClassEnhancer - Successfully enhanced org.springframework.boot.autoconfigure.jmx.JmxAutoConfiguration; enhanced class name is: org.springframework.boot.autoconfigure.jmx.JmxAutoConfiguration$$EnhancerBySpringCGLIB$$bf88ba6
15:50:15.910 [Test worker] DEBUG o.s.c.a.ConfigurationClassPostProcessor - Replacing bean definition 'org.springframework.boot.autoconfigure.jmx.JmxAutoConfiguration' existing class name 'org.springframework.boot.autoconfigure.jmx.JmxAutoConfiguration' with enhanced class name 'org.springframework.boot.autoconfigure.jmx.JmxAutoConfiguration$$EnhancerBySpringCGLIB$$bf88ba6'
15:50:15.911 [Test worker] DEBUG o.s.c.a.ConfigurationClassEnhancer - Successfully enhanced org.springframework.boot.actuate.autoconfigure.EndpointMBeanExportAutoConfiguration; enhanced class name is: org.springframework.boot.actuate.autoconfigure.EndpointMBeanExportAutoConfiguration$$EnhancerBySpringCGLIB$$160e4f25
15:50:15.911 [Test worker] DEBUG o.s.c.a.ConfigurationClassPostProcessor - Replacing bean definition 'org.springframework.boot.actuate.autoconfigure.EndpointMBeanExportAutoConfiguration' existing class name 'org.springframework.boot.actuate.autoconfigure.EndpointMBeanExportAutoConfiguration' with enhanced class name 'org.springframework.boot.actuate.autoconfigure.EndpointMBeanExportAutoConfiguration$$EnhancerBySpringCGLIB$$160e4f25'
15:50:15.915 [Test worker] DEBUG o.s.c.a.ConfigurationClassEnhancer - Successfully enhanced org.springframework.boot.actuate.autoconfigure.ManagementServerPropertiesAutoConfiguration; enhanced class name is: org.springframework.boot.actuate.autoconfigure.ManagementServerPropertiesAutoConfiguration$$EnhancerBySpringCGLIB$$24869852
15:50:15.915 [Test worker] DEBUG o.s.c.a.ConfigurationClassPostProcessor - Replacing bean definition 'org.springframework.boot.actuate.autoconfigure.ManagementServerPropertiesAutoConfiguration' existing class name 'org.springframework.boot.actuate.autoconfigure.ManagementServerPropertiesAutoConfiguration' with enhanced class name 'org.springframework.boot.actuate.autoconfigure.ManagementServerPropertiesAutoConfiguration$$EnhancerBySpringCGLIB$$24869852'
15:50:15.917 [Test worker] DEBUG o.s.c.a.ConfigurationClassEnhancer - Successfully enhanced org.springframework.boot.actuate.autoconfigure.MetricFilterAutoConfiguration; enhanced class name is: org.springframework.boot.actuate.autoconfigure.MetricFilterAutoConfiguration$$EnhancerBySpringCGLIB$$5a79f9e3
15:50:15.917 [Test worker] DEBUG o.s.c.a.ConfigurationClassPostProcessor - Replacing bean definition 'org.springframework.boot.actuate.autoconfigure.MetricFilterAutoConfiguration' existing class name 'org.springframework.boot.actuate.autoconfigure.MetricFilterAutoConfiguration' with enhanced class name 'org.springframework.boot.actuate.autoconfigure.MetricFilterAutoConfiguration$$EnhancerBySpringCGLIB$$5a79f9e3'
15:50:15.918 [Test worker] DEBUG o.s.c.a.ConfigurationClassEnhancer - Successfully enhanced org.springframework.boot.actuate.autoconfigure.TraceRepositoryAutoConfiguration; enhanced class name is: org.springframework.boot.actuate.autoconfigure.TraceRepositoryAutoConfiguration$$EnhancerBySpringCGLIB$$c75ba492
15:50:15.918 [Test worker] DEBUG o.s.c.a.ConfigurationClassPostProcessor - Replacing bean definition 'org.springframework.boot.actuate.autoconfigure.TraceRepositoryAutoConfiguration' existing class name 'org.springframework.boot.actuate.autoconfigure.TraceRepositoryAutoConfiguration' with enhanced class name 'org.springframework.boot.actuate.autoconfigure.TraceRepositoryAutoConfiguration$$EnhancerBySpringCGLIB$$c75ba492'
15:50:15.919 [Test worker] DEBUG o.s.c.a.ConfigurationClassEnhancer - Successfully enhanced org.springframework.boot.autoconfigure.aop.AopAutoConfiguration$JdkDynamicAutoProxyConfiguration; enhanced class name is: org.springframework.boot.autoconfigure.aop.AopAutoConfiguration$JdkDynamicAutoProxyConfiguration$$EnhancerBySpringCGLIB$$55cdfd5b
15:50:15.919 [Test worker] DEBUG o.s.c.a.ConfigurationClassPostProcessor - Replacing bean definition 'org.springframework.boot.autoconfigure.aop.AopAutoConfiguration$JdkDynamicAutoProxyConfiguration' existing class name 'org.springframework.boot.autoconfigure.aop.AopAutoConfiguration$JdkDynamicAutoProxyConfiguration' with enhanced class name 'org.springframework.boot.autoconfigure.aop.AopAutoConfiguration$JdkDynamicAutoProxyConfiguration$$EnhancerBySpringCGLIB$$55cdfd5b'
15:50:15.921 [Test worker] DEBUG o.s.c.a.ConfigurationClassEnhancer - Successfully enhanced org.springframework.boot.autoconfigure.aop.AopAutoConfiguration; enhanced class name is: org.springframework.boot.autoconfigure.aop.AopAutoConfiguration$$EnhancerBySpringCGLIB$$22b29e8c
15:50:15.921 [Test worker] DEBUG o.s.c.a.ConfigurationClassPostProcessor - Replacing bean definition 'org.springframework.boot.autoconfigure.aop.AopAutoConfiguration' existing class name 'org.springframework.boot.autoconfigure.aop.AopAutoConfiguration' with enhanced class name 'org.springframework.boot.autoconfigure.aop.AopAutoConfiguration$$EnhancerBySpringCGLIB$$22b29e8c'
15:50:15.923 [Test worker] DEBUG o.s.c.a.ConfigurationClassEnhancer - Successfully enhanced org.springframework.boot.autoconfigure.jackson.JacksonAutoConfiguration$JacksonObjectMapperBuilderConfiguration; enhanced class name is: org.springframework.boot.autoconfigure.jackson.JacksonAutoConfiguration$JacksonObjectMapperBuilderConfiguration$$EnhancerBySpringCGLIB$$495e2474
15:50:15.923 [Test worker] DEBUG o.s.c.a.ConfigurationClassPostProcessor - Replacing bean definition 'org.springframework.boot.autoconfigure.jackson.JacksonAutoConfiguration$JacksonObjectMapperBuilderConfiguration' existing class name 'org.springframework.boot.autoconfigure.jackson.JacksonAutoConfiguration$JacksonObjectMapperBuilderConfiguration' with enhanced class name 'org.springframework.boot.autoconfigure.jackson.JacksonAutoConfiguration$JacksonObjectMapperBuilderConfiguration$$EnhancerBySpringCGLIB$$495e2474'
15:50:15.925 [Test worker] DEBUG o.s.c.a.ConfigurationClassEnhancer - Successfully enhanced org.springframework.boot.autoconfigure.jackson.JacksonAutoConfiguration$JacksonObjectMapperConfiguration; enhanced class name is: org.springframework.boot.autoconfigure.jackson.JacksonAutoConfiguration$JacksonObjectMapperConfiguration$$EnhancerBySpringCGLIB$$c8bb17b
15:50:15.925 [Test worker] DEBUG o.s.c.a.ConfigurationClassPostProcessor - Replacing bean definition 'org.springframework.boot.autoconfigure.jackson.JacksonAutoConfiguration$JacksonObjectMapperConfiguration' existing class name 'org.springframework.boot.autoconfigure.jackson.JacksonAutoConfiguration$JacksonObjectMapperConfiguration' with enhanced class name 'org.springframework.boot.autoconfigure.jackson.JacksonAutoConfiguration$JacksonObjectMapperConfiguration$$EnhancerBySpringCGLIB$$c8bb17b'
15:50:15.926 [Test worker] DEBUG o.s.c.a.ConfigurationClassEnhancer - Successfully enhanced org.springframework.boot.autoconfigure.jackson.JacksonAutoConfiguration; enhanced class name is: org.springframework.boot.autoconfigure.jackson.JacksonAutoConfiguration$$EnhancerBySpringCGLIB$$319ec92a
15:50:15.926 [Test worker] DEBUG o.s.c.a.ConfigurationClassPostProcessor - Replacing bean definition 'org.springframework.boot.autoconfigure.jackson.JacksonAutoConfiguration' existing class name 'org.springframework.boot.autoconfigure.jackson.JacksonAutoConfiguration' with enhanced class name 'org.springframework.boot.autoconfigure.jackson.JacksonAutoConfiguration$$EnhancerBySpringCGLIB$$319ec92a'
15:50:15.927 [Test worker] DEBUG o.s.c.a.ConfigurationClassEnhancer - Successfully enhanced org.springframework.boot.autoconfigure.web.HttpMessageConvertersAutoConfiguration$StringHttpMessageConverterConfiguration; enhanced class name is: org.springframework.boot.autoconfigure.web.HttpMessageConvertersAutoConfiguration$StringHttpMessageConverterConfiguration$$EnhancerBySpringCGLIB$$9b9d90a
15:50:15.927 [Test worker] DEBUG o.s.c.a.ConfigurationClassPostProcessor - Replacing bean definition 'org.springframework.boot.autoconfigure.web.HttpMessageConvertersAutoConfiguration$StringHttpMessageConverterConfiguration' existing class name 'org.springframework.boot.autoconfigure.web.HttpMessageConvertersAutoConfiguration$StringHttpMessageConverterConfiguration' with enhanced class name 'org.springframework.boot.autoconfigure.web.HttpMessageConvertersAutoConfiguration$StringHttpMessageConverterConfiguration$$EnhancerBySpringCGLIB$$9b9d90a'
15:50:15.929 [Test worker] DEBUG o.s.c.a.ConfigurationClassEnhancer - Successfully enhanced org.springframework.boot.autoconfigure.web.JacksonHttpMessageConvertersConfiguration$MappingJackson2HttpMessageConverterConfiguration; enhanced class name is: org.springframework.boot.autoconfigure.web.JacksonHttpMessageConvertersConfiguration$MappingJackson2HttpMessageConverterConfiguration$$EnhancerBySpringCGLIB$$394ac30a
15:50:15.929 [Test worker] DEBUG o.s.c.a.ConfigurationClassPostProcessor - Replacing bean definition 'org.springframework.boot.autoconfigure.web.JacksonHttpMessageConvertersConfiguration$MappingJackson2HttpMessageConverterConfiguration' existing class name 'org.springframework.boot.autoconfigure.web.JacksonHttpMessageConvertersConfiguration$MappingJackson2HttpMessageConverterConfiguration' with enhanced class name 'org.springframework.boot.autoconfigure.web.JacksonHttpMessageConvertersConfiguration$MappingJackson2HttpMessageConverterConfiguration$$EnhancerBySpringCGLIB$$394ac30a'
15:50:15.931 [Test worker] DEBUG o.s.c.a.ConfigurationClassEnhancer - Successfully enhanced org.springframework.boot.autoconfigure.web.JacksonHttpMessageConvertersConfiguration; enhanced class name is: org.springframework.boot.autoconfigure.web.JacksonHttpMessageConvertersConfiguration$$EnhancerBySpringCGLIB$$89a684c0
15:50:15.931 [Test worker] DEBUG o.s.c.a.ConfigurationClassPostProcessor - Replacing bean definition 'org.springframework.boot.autoconfigure.web.JacksonHttpMessageConvertersConfiguration' existing class name 'org.springframework.boot.autoconfigure.web.JacksonHttpMessageConvertersConfiguration' with enhanced class name 'org.springframework.boot.autoconfigure.web.JacksonHttpMessageConvertersConfiguration$$EnhancerBySpringCGLIB$$89a684c0'
15:50:15.932 [Test worker] DEBUG o.s.c.a.ConfigurationClassEnhancer - Successfully enhanced org.springframework.boot.autoconfigure.web.GsonHttpMessageConvertersConfiguration; enhanced class name is: org.springframework.boot.autoconfigure.web.GsonHttpMessageConvertersConfiguration$$EnhancerBySpringCGLIB$$da659a04
15:50:15.932 [Test worker] DEBUG o.s.c.a.ConfigurationClassPostProcessor - Replacing bean definition 'org.springframework.boot.autoconfigure.web.GsonHttpMessageConvertersConfiguration' existing class name 'org.springframework.boot.autoconfigure.web.GsonHttpMessageConvertersConfiguration' with enhanced class name 'org.springframework.boot.autoconfigure.web.GsonHttpMessageConvertersConfiguration$$EnhancerBySpringCGLIB$$da659a04'
15:50:15.934 [Test worker] DEBUG o.s.c.a.ConfigurationClassEnhancer - Successfully enhanced org.springframework.boot.autoconfigure.web.HttpMessageConvertersAutoConfiguration; enhanced class name is: org.springframework.boot.autoconfigure.web.HttpMessageConvertersAutoConfiguration$$EnhancerBySpringCGLIB$$eeb0a26a
15:50:15.934 [Test worker] DEBUG o.s.c.a.ConfigurationClassPostProcessor - Replacing bean definition 'org.springframework.boot.autoconfigure.web.HttpMessageConvertersAutoConfiguration' existing class name 'org.springframework.boot.autoconfigure.web.HttpMessageConvertersAutoConfiguration' with enhanced class name 'org.springframework.boot.autoconfigure.web.HttpMessageConvertersAutoConfiguration$$EnhancerBySpringCGLIB$$eeb0a26a'
15:50:15.935 [Test worker] DEBUG o.s.c.a.ConfigurationClassEnhancer - Successfully enhanced org.springframework.boot.autoconfigure.web.HttpEncodingAutoConfiguration; enhanced class name is: org.springframework.boot.autoconfigure.web.HttpEncodingAutoConfiguration$$EnhancerBySpringCGLIB$$2addbd55
15:50:15.935 [Test worker] DEBUG o.s.c.a.ConfigurationClassPostProcessor - Replacing bean definition 'org.springframework.boot.autoconfigure.web.HttpEncodingAutoConfiguration' existing class name 'org.springframework.boot.autoconfigure.web.HttpEncodingAutoConfiguration' with enhanced class name 'org.springframework.boot.autoconfigure.web.HttpEncodingAutoConfiguration$$EnhancerBySpringCGLIB$$2addbd55'
15:50:15.937 [Test worker] DEBUG o.s.c.a.ConfigurationClassEnhancer - Successfully enhanced org.springframework.boot.autoconfigure.web.MultipartAutoConfiguration; enhanced class name is: org.springframework.boot.autoconfigure.web.MultipartAutoConfiguration$$EnhancerBySpringCGLIB$$9d8d9290
15:50:15.937 [Test worker] DEBUG o.s.c.a.ConfigurationClassPostProcessor - Replacing bean definition 'org.springframework.boot.autoconfigure.web.MultipartAutoConfiguration' existing class name 'org.springframework.boot.autoconfigure.web.MultipartAutoConfiguration' with enhanced class name 'org.springframework.boot.autoconfigure.web.MultipartAutoConfiguration$$EnhancerBySpringCGLIB$$9d8d9290'
15:50:15.941 [Test worker] DEBUG o.s.b.f.s.DefaultListableBeanFactory - Creating shared instance of singleton bean 'placeHolderConfigurer'
15:50:15.941 [Test worker] DEBUG o.s.b.f.s.DefaultListableBeanFactory - Creating instance of bean 'placeHolderConfigurer'
15:50:15.965 [Test worker] DEBUG o.s.b.f.s.DefaultListableBeanFactory - Eagerly caching bean 'placeHolderConfigurer' to allow for resolving potential circular references
15:50:15.965 [Test worker] DEBUG o.s.b.f.s.DefaultListableBeanFactory - Finished creating instance of bean 'placeHolderConfigurer'
15:50:15.966 [Test worker] DEBUG o.s.core.env.MutablePropertySources - Adding [environmentProperties] PropertySource with lowest search precedence
15:50:15.966 [Test worker] DEBUG o.s.core.env.MutablePropertySources - Adding [localProperties] PropertySource with lowest search precedence
15:50:15.969 [Test worker] DEBUG o.s.b.f.s.DefaultListableBeanFactory - Creating shared instance of singleton bean 'org.springframework.boot.context.properties.ConfigurationPropertiesBindingPostProcessor.store'
15:50:15.969 [Test worker] DEBUG o.s.b.f.s.DefaultListableBeanFactory - Creating instance of bean 'org.springframework.boot.context.properties.ConfigurationPropertiesBindingPostProcessor.store'
15:50:15.970 [Test worker] DEBUG o.s.b.f.s.DefaultListableBeanFactory - Eagerly caching bean 'org.springframework.boot.context.properties.ConfigurationPropertiesBindingPostProcessor.store' to allow for resolving potential circular references
15:50:15.970 [Test worker] DEBUG o.s.b.f.s.DefaultListableBeanFactory - Finished creating instance of bean 'org.springframework.boot.context.properties.ConfigurationPropertiesBindingPostProcessor.store'
15:50:15.974 [Test worker] DEBUG o.s.b.f.s.DefaultListableBeanFactory - Creating shared instance of singleton bean 'org.springframework.context.annotation.internalAutowiredAnnotationProcessor'
15:50:15.974 [Test worker] DEBUG o.s.b.f.s.DefaultListableBeanFactory - Creating instance of bean 'org.springframework.context.annotation.internalAutowiredAnnotationProcessor'
15:50:15.975 [Test worker] INFO  o.s.b.f.a.AutowiredAnnotationBeanPostProcessor - JSR-330 'javax.inject.Inject' annotation found and supported for autowiring
15:50:15.975 [Test worker] DEBUG o.s.b.f.s.DefaultListableBeanFactory - Eagerly caching bean 'org.springframework.context.annotation.internalAutowiredAnnotationProcessor' to allow for resolving potential circular references
15:50:15.975 [Test worker] DEBUG o.s.b.f.s.DefaultListableBeanFactory - Finished creating instance of bean 'org.springframework.context.annotation.internalAutowiredAnnotationProcessor'
15:50:15.975 [Test worker] DEBUG o.s.b.f.s.DefaultListableBeanFactory - Creating shared instance of singleton bean 'org.springframework.context.annotation.internalRequiredAnnotationProcessor'
15:50:15.975 [Test worker] DEBUG o.s.b.f.s.DefaultListableBeanFactory - Creating instance of bean 'org.springframework.context.annotation.internalRequiredAnnotationProcessor'
15:50:15.975 [Test worker] DEBUG o.s.b.f.s.DefaultListableBeanFactory - Eagerly caching bean 'org.springframework.context.annotation.internalRequiredAnnotationProcessor' to allow for resolving potential circular references
15:50:15.975 [Test worker] DEBUG o.s.b.f.s.DefaultListableBeanFactory - Finished creating instance of bean 'org.springframework.context.annotation.internalRequiredAnnotationProcessor'
15:50:15.975 [Test worker] DEBUG o.s.b.f.s.DefaultListableBeanFactory - Creating shared instance of singleton bean 'org.springframework.context.annotation.internalCommonAnnotationProcessor'
15:50:15.975 [Test worker] DEBUG o.s.b.f.s.DefaultListableBeanFactory - Creating instance of bean 'org.springframework.context.annotation.internalCommonAnnotationProcessor'
15:50:15.979 [Test worker] DEBUG o.s.b.f.s.DefaultListableBeanFactory - Eagerly caching bean 'org.springframework.context.annotation.internalCommonAnnotationProcessor' to allow for resolving potential circular references
15:50:15.979 [Test worker] DEBUG o.s.b.f.s.DefaultListableBeanFactory - Finished creating instance of bean 'org.springframework.context.annotation.internalCommonAnnotationProcessor'
15:50:15.979 [Test worker] DEBUG o.s.b.f.s.DefaultListableBeanFactory - Creating shared instance of singleton bean 'org.springframework.context.annotation.ConfigurationClassPostProcessor.importAwareProcessor'
15:50:15.979 [Test worker] DEBUG o.s.b.f.s.DefaultListableBeanFactory - Creating instance of bean 'org.springframework.context.annotation.ConfigurationClassPostProcessor.importAwareProcessor'
15:50:15.979 [Test worker] DEBUG o.s.b.f.s.DefaultListableBeanFactory - Eagerly caching bean 'org.springframework.context.annotation.ConfigurationClassPostProcessor.importAwareProcessor' to allow for resolving potential circular references
15:50:15.979 [Test worker] DEBUG o.s.b.f.s.DefaultListableBeanFactory - Finished creating instance of bean 'org.springframework.context.annotation.ConfigurationClassPostProcessor.importAwareProcessor'
15:50:15.979 [Test worker] DEBUG o.s.b.f.s.DefaultListableBeanFactory - Creating shared instance of singleton bean 'org.springframework.context.annotation.ConfigurationClassPostProcessor.enhancedConfigurationProcessor'
15:50:15.979 [Test worker] DEBUG o.s.b.f.s.DefaultListableBeanFactory - Creating instance of bean 'org.springframework.context.annotation.ConfigurationClassPostProcessor.enhancedConfigurationProcessor'
15:50:15.979 [Test worker] DEBUG o.s.b.f.s.DefaultListableBeanFactory - Eagerly caching bean 'org.springframework.context.annotation.ConfigurationClassPostProcessor.enhancedConfigurationProcessor' to allow for resolving potential circular references
15:50:15.979 [Test worker] DEBUG o.s.b.f.s.DefaultListableBeanFactory - Finished creating instance of bean 'org.springframework.context.annotation.ConfigurationClassPostProcessor.enhancedConfigurationProcessor'
15:50:15.979 [Test worker] DEBUG o.s.b.f.s.DefaultListableBeanFactory - Creating shared instance of singleton bean 'org.springframework.boot.context.properties.ConfigurationPropertiesBindingPostProcessor'
15:50:15.980 [Test worker] DEBUG o.s.b.f.s.DefaultListableBeanFactory - Creating instance of bean 'org.springframework.boot.context.properties.ConfigurationPropertiesBindingPostProcessor'
15:50:15.980 [Test worker] DEBUG o.s.core.env.StandardEnvironment - Adding [systemProperties] PropertySource with lowest search precedence
15:50:15.980 [Test worker] DEBUG o.s.core.env.StandardEnvironment - Adding [systemEnvironment] PropertySource with lowest search precedence
15:50:15.981 [Test worker] DEBUG o.s.core.env.StandardEnvironment - Initialized StandardEnvironment with PropertySources [systemProperties,systemEnvironment]
15:50:15.981 [Test worker] DEBUG o.s.b.f.s.DefaultListableBeanFactory - Eagerly caching bean 'org.springframework.boot.context.properties.ConfigurationPropertiesBindingPostProcessor' to allow for resolving potential circular references
15:50:15.981 [Test worker] DEBUG o.s.b.f.s.DefaultListableBeanFactory - Returning cached instance of singleton bean 'org.springframework.boot.context.properties.ConfigurationPropertiesBindingPostProcessor.store'
15:50:15.993 [Test worker] DEBUG o.s.b.f.s.DefaultListableBeanFactory - Invoking afterPropertiesSet() on bean with name 'org.springframework.boot.context.properties.ConfigurationPropertiesBindingPostProcessor'
15:50:15.995 [Test worker] DEBUG o.s.b.f.s.DefaultListableBeanFactory - Returning cached instance of singleton bean 'placeHolderConfigurer'
15:50:16.036 [Test worker] DEBUG org.jboss.logging - Logging Provider: org.jboss.logging.Slf4jLoggerProvider
15:50:16.038 [Test worker] INFO  o.h.validator.internal.util.Version - HV000001: Hibernate Validator 5.3.0.Alpha1
15:50:16.064 [Test worker] DEBUG o.h.v.i.e.r.DefaultTraversableResolver - Cannot find javax.persistence.Persistence on classpath. Assuming non JPA 2 environment. All properties will per default be traversable.
15:50:16.076 [Test worker] DEBUG o.h.v.i.engine.ConfigurationImpl - Setting custom MessageInterpolator of type org.springframework.validation.beanvalidation.LocaleContextMessageInterpolator
15:50:16.077 [Test worker] DEBUG o.h.v.i.engine.ConfigurationImpl - Setting custom ConstraintValidatorFactory of type org.springframework.validation.beanvalidation.SpringConstraintValidatorFactory
15:50:16.079 [Test worker] DEBUG o.h.v.i.engine.ConfigurationImpl - Setting custom ParameterNameProvider of type com.sun.proxy.$Proxy44
15:50:16.081 [Test worker] DEBUG o.h.v.i.xml.ValidationXmlParser - Trying to load META-INF/validation.xml for XML based Validator configuration.
15:50:16.082 [Test worker] DEBUG o.h.v.i.xml.ResourceLoaderHelper - Trying to load META-INF/validation.xml via TCCL
15:50:16.083 [Test worker] DEBUG o.h.v.i.xml.ResourceLoaderHelper - Trying to load META-INF/validation.xml via Hibernate Validator's class loader
15:50:16.083 [Test worker] DEBUG o.h.v.i.xml.ValidationXmlParser - No META-INF/validation.xml found. Using annotation based configuration only.
15:50:16.138 [Test worker] DEBUG o.s.b.f.s.DefaultListableBeanFactory - Finished creating instance of bean 'org.springframework.boot.context.properties.ConfigurationPropertiesBindingPostProcessor'
15:50:16.138 [Test worker] DEBUG o.s.b.f.s.DefaultListableBeanFactory - Creating shared instance of singleton bean 'org.springframework.aop.config.internalAutoProxyCreator'
15:50:16.138 [Test worker] DEBUG o.s.b.f.s.DefaultListableBeanFactory - Creating instance of bean 'org.springframework.aop.config.internalAutoProxyCreator'
15:50:16.160 [Test worker] DEBUG o.s.b.f.s.DefaultListableBeanFactory - Eagerly caching bean 'org.springframework.aop.config.internalAutoProxyCreator' to allow for resolving potential circular references
15:50:16.170 [Test worker] DEBUG o.s.b.f.s.DefaultListableBeanFactory - Finished creating instance of bean 'org.springframework.aop.config.internalAutoProxyCreator'
15:50:16.173 [Test worker] DEBUG o.s.c.s.GenericApplicationContext - Unable to locate MessageSource with name 'messageSource': using default [org.springframework.context.support.DelegatingMessageSource@3bb12421]
15:50:16.175 [Test worker] DEBUG o.s.c.s.GenericApplicationContext - Unable to locate ApplicationEventMulticaster with name 'applicationEventMulticaster': using default [org.springframework.context.event.SimpleApplicationEventMulticaster@79cd6842]
15:50:16.183 [Test worker] DEBUG o.s.b.f.s.DefaultListableBeanFactory - Pre-instantiating singletons in org.springframework.beans.factory.support.DefaultListableBeanFactory@463d99c0: defining beans [org.springframework.context.annotation.internalConfigurationAnnotationProcessor,org.springframework.context.annotation.internalAutowiredAnnotationProcessor,org.springframework.context.annotation.internalRequiredAnnotationProcessor,org.springframework.context.annotation.internalCommonAnnotationProcessor,integrationTestConfiguration,application,org.springframework.context.annotation.ConfigurationClassPostProcessor.importAwareProcessor,org.springframework.context.annotation.ConfigurationClassPostProcessor.enhancedConfigurationProcessor,applicationConfiguration,moviesProperties,moviesAdapter,searchMoviesClient,searchMoviesUrlBuilder,searchMoviesController,statusController,platformConfiguration,webConfiguration,org.springframework.retry.annotation.RetryConfiguration,org.springframework.aop.config.internalAutoProxyCreator,restTemplate,objectMapper,placeHolderConfigurer,org.springframework.boot.autoconfigure.AutoConfigurationPackages,org.springframework.boot.autoconfigure.PropertyPlaceholderAutoConfiguration,org.springframework.boot.autoconfigure.condition.BeanTypeRegistry,org.springframework.boot.autoconfigure.websocket.WebSocketAutoConfiguration$TomcatWebSocketConfiguration,websocketContainerCustomizer,org.springframework.boot.autoconfigure.websocket.WebSocketAutoConfiguration,org.springframework.boot.actuate.autoconfigure.AuditAutoConfiguration$AuditEventRepositoryConfiguration,auditEventRepository,org.springframework.boot.actuate.autoconfigure.AuditAutoConfiguration,auditListener,org.springframework.boot.actuate.autoconfigure.MetricRepositoryAutoConfiguration$DropwizardMetricRegistryConfiguration,metricRegistry,dropwizardMetricWriter,primaryMetricWriter,dropwizardPublicMetrics,org.springframework.boot.actuate.autoconfigure.MetricRepositoryAutoConfiguration$MetricRepositoryConfiguration,actuatorMetricRepository,org.springframework.boot.actuate.autoconfigure.MetricRepositoryAutoConfiguration,counterService,gaugeService,org.springframework.boot.actuate.autoconfigure.PublicMetricsAutoConfiguration$TomcatMetricsConfiguration,tomcatPublicMetrics,org.springframework.boot.actuate.autoconfigure.PublicMetricsAutoConfiguration,systemPublicMetrics,metricReaderPublicMetrics,org.springframework.boot.actuate.autoconfigure.HealthIndicatorAutoConfiguration$DiskSpaceHealthIndicatorConfiguration,diskSpaceHealthIndicator,diskSpaceHealthIndicatorProperties,org.springframework.boot.actuate.autoconfigure.HealthIndicatorAutoConfiguration,healthAggregator,management.health.status.CONFIGURATION_PROPERTIES,org.springframework.boot.context.properties.ConfigurationPropertiesBindingPostProcessor,org.springframework.boot.context.properties.ConfigurationPropertiesBindingPostProcessor.store,org.springframework.boot.actuate.autoconfigure.EndpointAutoConfiguration$InfoPropertiesConfiguration,org.springframework.boot.actuate.autoconfigure.EndpointAutoConfiguration$RequestMappingEndpointConfiguration,requestMappingEndpoint,org.springframework.boot.actuate.autoconfigure.EndpointAutoConfiguration,environmentEndpoint,healthEndpoint,beansEndpoint,infoEndpoint,metricsEndpoint,traceEndpoint,dumpEndpoint,autoConfigurationAuditEndpoint,shutdownEndpoint,configurationPropertiesReportEndpoint,org.springframework.boot.autoconfigure.jmx.JmxAutoConfiguration,mbeanExporter,objectNamingStrategy,mbeanServer,org.springframework.boot.actuate.autoconfigure.EndpointMBeanExportAutoConfiguration,endpointMBeanExporter,endpoints.jmx.CONFIGURATION_PROPERTIES,org.springframework.boot.actuate.autoconfigure.ManagementServerPropertiesAutoConfiguration,managementServerProperties,org.springframework.boot.actuate.autoconfigure.MetricFilterAutoConfiguration,metricFilter,org.springframework.boot.actuate.autoconfigure.TraceRepositoryAutoConfiguration,traceRepository,org.springframework.boot.actuate.autoconfigure.TraceWebFilterAutoConfiguration,webRequestLoggingFilter,org.springframework.boot.autoconfigure.aop.AopAutoConfiguration$JdkDynamicAutoProxyConfiguration,org.springframework.boot.autoconfigure.aop.AopAutoConfiguration,org.springframework.boot.autoconfigure.jackson.JacksonAutoConfiguration$JacksonObjectMapperBuilderConfiguration,jacksonObjectMapperBuilder,http.mappers.CONFIGURATION_PROPERTIES,spring.jackson.CONFIGURATION_PROPERTIES,org.springframework.boot.autoconfigure.jackson.JacksonAutoConfiguration$JacksonObjectMapperConfiguration,org.springframework.boot.autoconfigure.jackson.JacksonAutoConfiguration,org.springframework.boot.autoconfigure.web.HttpMessageConvertersAutoConfiguration$StringHttpMessageConverterConfiguration,stringHttpMessageConverter,spring.http.encoding.CONFIGURATION_PROPERTIES,org.springframework.boot.autoconfigure.web.JacksonHttpMessageConvertersConfiguration$MappingJackson2HttpMessageConverterConfiguration,mappingJackson2HttpMessageConverter,org.springframework.boot.autoconfigure.web.JacksonHttpMessageConvertersConfiguration,org.springframework.boot.autoconfigure.web.GsonHttpMessageConvertersConfiguration,org.springframework.boot.autoconfigure.web.HttpMessageConvertersAutoConfiguration,messageConverters,org.springframework.boot.autoconfigure.web.HttpEncodingAutoConfiguration,characterEncodingFilter,org.springframework.boot.autoconfigure.web.MultipartAutoConfiguration,multipartConfigElement,multipartResolver,multipart.CONFIGURATION_PROPERTIES]; root of factory hierarchy
15:50:16.183 [Test worker] DEBUG o.s.b.f.s.DefaultListableBeanFactory - Returning cached instance of singleton bean 'org.springframework.context.annotation.internalConfigurationAnnotationProcessor'
15:50:16.183 [Test worker] DEBUG o.s.b.f.s.DefaultListableBeanFactory - Returning cached instance of singleton bean 'org.springframework.context.annotation.internalAutowiredAnnotationProcessor'
15:50:16.183 [Test worker] DEBUG o.s.b.f.s.DefaultListableBeanFactory - Returning cached instance of singleton bean 'org.springframework.context.annotation.internalRequiredAnnotationProcessor'
15:50:16.183 [Test worker] DEBUG o.s.b.f.s.DefaultListableBeanFactory - Returning cached instance of singleton bean 'org.springframework.context.annotation.internalCommonAnnotationProcessor'
15:50:16.183 [Test worker] DEBUG o.s.b.f.s.DefaultListableBeanFactory - Creating shared instance of singleton bean 'integrationTestConfiguration'
15:50:16.183 [Test worker] DEBUG o.s.b.f.s.DefaultListableBeanFactory - Creating instance of bean 'integrationTestConfiguration'
15:50:16.186 [Test worker] DEBUG o.s.b.f.s.DefaultListableBeanFactory - Creating shared instance of singleton bean 'org.springframework.retry.annotation.RetryConfiguration'
15:50:16.186 [Test worker] DEBUG o.s.b.f.s.DefaultListableBeanFactory - Creating instance of bean 'org.springframework.retry.annotation.RetryConfiguration'
15:50:16.187 [Test worker] DEBUG o.s.c.a.CommonAnnotationBeanPostProcessor - Found init method on class [org.springframework.retry.annotation.RetryConfiguration$$EnhancerBySpringCGLIB$$4a34478f]: public void org.springframework.retry.annotation.RetryConfiguration.init()
15:50:16.187 [Test worker] DEBUG o.s.c.a.CommonAnnotationBeanPostProcessor - Registered init method on class [org.springframework.retry.annotation.RetryConfiguration$$EnhancerBySpringCGLIB$$4a34478f]: org.springframework.beans.factory.annotation.InitDestroyAnnotationBeanPostProcessor$LifecycleElement@316510
15:50:16.189 [Test worker] DEBUG o.s.b.f.annotation.InjectionMetadata - Registered injected element on class [org.springframework.retry.annotation.RetryConfiguration$$EnhancerBySpringCGLIB$$4a34478f]: AutowiredFieldElement for private org.springframework.retry.policy.RetryContextCache org.springframework.retry.annotation.RetryConfiguration.retryContextCache
15:50:16.189 [Test worker] DEBUG o.s.b.f.annotation.InjectionMetadata - Registered injected element on class [org.springframework.retry.annotation.RetryConfiguration$$EnhancerBySpringCGLIB$$4a34478f]: AutowiredFieldElement for private org.springframework.retry.interceptor.MethodArgumentsKeyGenerator org.springframework.retry.annotation.RetryConfiguration.methodArgumentsKeyGenerator
15:50:16.189 [Test worker] DEBUG o.s.b.f.annotation.InjectionMetadata - Registered injected element on class [org.springframework.retry.annotation.RetryConfiguration$$EnhancerBySpringCGLIB$$4a34478f]: AutowiredFieldElement for private org.springframework.retry.interceptor.NewMethodArgumentsIdentifier org.springframework.retry.annotation.RetryConfiguration.newMethodArgumentsIdentifier
15:50:16.189 [Test worker] DEBUG o.s.b.f.annotation.InjectionMetadata - Registered injected element on class [org.springframework.retry.annotation.RetryConfiguration$$EnhancerBySpringCGLIB$$4a34478f]: AutowiredFieldElement for private org.springframework.retry.backoff.Sleeper org.springframework.retry.annotation.RetryConfiguration.sleeper
15:50:16.189 [Test worker] DEBUG o.s.b.f.s.DefaultListableBeanFactory - Eagerly caching bean 'org.springframework.retry.annotation.RetryConfiguration' to allow for resolving potential circular references
15:50:16.205 [Test worker] DEBUG o.s.b.f.annotation.InjectionMetadata - Processing injected element of bean 'org.springframework.retry.annotation.RetryConfiguration': AutowiredFieldElement for private org.springframework.retry.policy.RetryContextCache org.springframework.retry.annotation.RetryConfiguration.retryContextCache
15:50:16.206 [Test worker] DEBUG o.s.b.f.annotation.InjectionMetadata - Processing injected element of bean 'org.springframework.retry.annotation.RetryConfiguration': AutowiredFieldElement for private org.springframework.retry.interceptor.MethodArgumentsKeyGenerator org.springframework.retry.annotation.RetryConfiguration.methodArgumentsKeyGenerator
15:50:16.207 [Test worker] DEBUG o.s.b.f.annotation.InjectionMetadata - Processing injected element of bean 'org.springframework.retry.annotation.RetryConfiguration': AutowiredFieldElement for private org.springframework.retry.interceptor.NewMethodArgumentsIdentifier org.springframework.retry.annotation.RetryConfiguration.newMethodArgumentsIdentifier
15:50:16.207 [Test worker] DEBUG o.s.b.f.annotation.InjectionMetadata - Processing injected element of bean 'org.springframework.retry.annotation.RetryConfiguration': AutowiredFieldElement for private org.springframework.retry.backoff.Sleeper org.springframework.retry.annotation.RetryConfiguration.sleeper
15:50:16.208 [Test worker] DEBUG o.s.c.a.CommonAnnotationBeanPostProcessor - Invoking init method on bean 'org.springframework.retry.annotation.RetryConfiguration': public void org.springframework.retry.annotation.RetryConfiguration.init()
15:50:16.216 [Test worker] DEBUG o.s.b.f.s.DefaultListableBeanFactory - Finished creating instance of bean 'org.springframework.retry.annotation.RetryConfiguration'
15:50:16.246 [Test worker] DEBUG o.s.b.f.annotation.InjectionMetadata - Registered injected element on class [com.susu.movies.integration.IntegrationTestConfiguration$$EnhancerBySpringCGLIB$$99036dc7]: AutowiredFieldElement for private int platform.PlatformConfiguration.defaultMaxPerRoute
15:50:16.246 [Test worker] DEBUG o.s.b.f.annotation.InjectionMetadata - Registered injected element on class [com.susu.movies.integration.IntegrationTestConfiguration$$EnhancerBySpringCGLIB$$99036dc7]: AutowiredFieldElement for private int platform.PlatformConfiguration.maxTotal
15:50:16.246 [Test worker] DEBUG o.s.b.f.annotation.InjectionMetadata - Registered injected element on class [com.susu.movies.integration.IntegrationTestConfiguration$$EnhancerBySpringCGLIB$$99036dc7]: AutowiredFieldElement for private int platform.PlatformConfiguration.connectionTimeout
15:50:16.246 [Test worker] DEBUG o.s.b.f.annotation.InjectionMetadata - Registered injected element on class [com.susu.movies.integration.IntegrationTestConfiguration$$EnhancerBySpringCGLIB$$99036dc7]: AutowiredFieldElement for private int platform.PlatformConfiguration.readTimeout
15:50:16.246 [Test worker] DEBUG o.s.b.f.annotation.InjectionMetadata - Registered injected element on class [com.susu.movies.integration.IntegrationTestConfiguration$$EnhancerBySpringCGLIB$$99036dc7]: AutowiredFieldElement for private java.lang.String platform.PlatformConfiguration.moviesApiUri
15:50:16.246 [Test worker] DEBUG o.s.b.f.s.DefaultListableBeanFactory - Eagerly caching bean 'integrationTestConfiguration' to allow for resolving potential circular references
15:50:16.247 [Test worker] DEBUG o.s.b.f.annotation.InjectionMetadata - Processing injected element of bean 'integrationTestConfiguration': AutowiredFieldElement for private int platform.PlatformConfiguration.defaultMaxPerRoute
15:50:16.247 [Test worker] DEBUG o.s.c.e.PropertySourcesPropertyResolver - Searching for key 'adapter.pooling.connection.defaultMaxPerRoute' in [environmentProperties]
15:50:16.247 [Test worker] DEBUG o.s.c.e.PropertySourcesPropertyResolver - Searching for key 'adapter.pooling.connection.defaultMaxPerRoute' in [systemProperties]
15:50:16.247 [Test worker] DEBUG o.s.c.e.PropertySourcesPropertyResolver - Searching for key 'adapter.pooling.connection.defaultMaxPerRoute' in [systemEnvironment]
15:50:16.247 [Test worker] DEBUG o.s.c.e.PropertySourcesPropertyResolver - Searching for key 'adapter.pooling.connection.defaultMaxPerRoute' in [class path resource [application-test.properties]]
15:50:16.247 [Test worker] DEBUG o.s.c.e.PropertySourcesPropertyResolver - Found key 'adapter.pooling.connection.defaultMaxPerRoute' in [class path resource [application-test.properties]] with type [String] and value '100'
15:50:16.248 [Test worker] DEBUG o.s.c.e.PropertySourcesPropertyResolver - Found key 'adapter.pooling.connection.defaultMaxPerRoute' in [environmentProperties] with type [String] and value '100'
15:50:16.256 [Test worker] DEBUG o.s.b.f.annotation.InjectionMetadata - Processing injected element of bean 'integrationTestConfiguration': AutowiredFieldElement for private int platform.PlatformConfiguration.maxTotal
15:50:16.256 [Test worker] DEBUG o.s.c.e.PropertySourcesPropertyResolver - Searching for key 'adapter.pooling.connection.maxTotal' in [environmentProperties]
15:50:16.257 [Test worker] DEBUG o.s.c.e.PropertySourcesPropertyResolver - Searching for key 'adapter.pooling.connection.maxTotal' in [systemProperties]
15:50:16.257 [Test worker] DEBUG o.s.c.e.PropertySourcesPropertyResolver - Searching for key 'adapter.pooling.connection.maxTotal' in [systemEnvironment]
15:50:16.257 [Test worker] DEBUG o.s.c.e.PropertySourcesPropertyResolver - Searching for key 'adapter.pooling.connection.maxTotal' in [class path resource [application-test.properties]]
15:50:16.257 [Test worker] DEBUG o.s.c.e.PropertySourcesPropertyResolver - Found key 'adapter.pooling.connection.maxTotal' in [class path resource [application-test.properties]] with type [String] and value '500'
15:50:16.257 [Test worker] DEBUG o.s.c.e.PropertySourcesPropertyResolver - Found key 'adapter.pooling.connection.maxTotal' in [environmentProperties] with type [String] and value '500'
15:50:16.257 [Test worker] DEBUG o.s.b.f.annotation.InjectionMetadata - Processing injected element of bean 'integrationTestConfiguration': AutowiredFieldElement for private int platform.PlatformConfiguration.connectionTimeout
15:50:16.257 [Test worker] DEBUG o.s.c.e.PropertySourcesPropertyResolver - Searching for key 'adapter.connection.timeout.millisec' in [environmentProperties]
15:50:16.257 [Test worker] DEBUG o.s.c.e.PropertySourcesPropertyResolver - Searching for key 'adapter.connection.timeout.millisec' in [systemProperties]
15:50:16.257 [Test worker] DEBUG o.s.c.e.PropertySourcesPropertyResolver - Searching for key 'adapter.connection.timeout.millisec' in [systemEnvironment]
15:50:16.257 [Test worker] DEBUG o.s.c.e.PropertySourcesPropertyResolver - Searching for key 'adapter.connection.timeout.millisec' in [class path resource [application-test.properties]]
15:50:16.257 [Test worker] DEBUG o.s.c.e.PropertySourcesPropertyResolver - Found key 'adapter.connection.timeout.millisec' in [class path resource [application-test.properties]] with type [String] and value '5000'
15:50:16.257 [Test worker] DEBUG o.s.c.e.PropertySourcesPropertyResolver - Found key 'adapter.connection.timeout.millisec' in [environmentProperties] with type [String] and value '5000'
15:50:16.257 [Test worker] DEBUG o.s.b.f.annotation.InjectionMetadata - Processing injected element of bean 'integrationTestConfiguration': AutowiredFieldElement for private int platform.PlatformConfiguration.readTimeout
15:50:16.257 [Test worker] DEBUG o.s.c.e.PropertySourcesPropertyResolver - Searching for key 'adapter.read.timeout.millisec' in [environmentProperties]
15:50:16.258 [Test worker] DEBUG o.s.c.e.PropertySourcesPropertyResolver - Searching for key 'adapter.read.timeout.millisec' in [systemProperties]
15:50:16.258 [Test worker] DEBUG o.s.c.e.PropertySourcesPropertyResolver - Searching for key 'adapter.read.timeout.millisec' in [systemEnvironment]
15:50:16.258 [Test worker] DEBUG o.s.c.e.PropertySourcesPropertyResolver - Searching for key 'adapter.read.timeout.millisec' in [class path resource [application-test.properties]]
15:50:16.258 [Test worker] DEBUG o.s.c.e.PropertySourcesPropertyResolver - Found key 'adapter.read.timeout.millisec' in [class path resource [application-test.properties]] with type [String] and value '30000'
15:50:16.258 [Test worker] DEBUG o.s.c.e.PropertySourcesPropertyResolver - Found key 'adapter.read.timeout.millisec' in [environmentProperties] with type [String] and value '30000'
15:50:16.258 [Test worker] DEBUG o.s.b.f.annotation.InjectionMetadata - Processing injected element of bean 'integrationTestConfiguration': AutowiredFieldElement for private java.lang.String platform.PlatformConfiguration.moviesApiUri
15:50:16.258 [Test worker] DEBUG o.s.c.e.PropertySourcesPropertyResolver - Searching for key 'movies.apiUri' in [environmentProperties]
15:50:16.258 [Test worker] DEBUG o.s.c.e.PropertySourcesPropertyResolver - Searching for key 'movies.apiUri' in [systemProperties]
15:50:16.258 [Test worker] DEBUG o.s.c.e.PropertySourcesPropertyResolver - Searching for key 'movies.apiUri' in [systemEnvironment]
15:50:16.258 [Test worker] DEBUG o.s.c.e.PropertySourcesPropertyResolver - Searching for key 'movies.apiUri' in [class path resource [application-test.properties]]
15:50:16.258 [Test worker] DEBUG o.s.c.e.PropertySourcesPropertyResolver - Found key 'movies.apiUri' in [class path resource [application-test.properties]] with type [String] and value 'http://api.themoviedb.org/3'
15:50:16.258 [Test worker] DEBUG o.s.c.e.PropertySourcesPropertyResolver - Found key 'movies.apiUri' in [environmentProperties] with type [String] and value 'http://api.themoviedb.org/3'
15:50:16.259 [Test worker] DEBUG o.s.b.f.s.DefaultListableBeanFactory - Returning cached instance of singleton bean 'org.springframework.retry.annotation.RetryConfiguration'
15:50:16.259 [Test worker] DEBUG o.s.b.f.s.DefaultListableBeanFactory - Returning cached instance of singleton bean 'org.springframework.retry.annotation.RetryConfiguration'
15:50:16.262 [Test worker] DEBUG o.s.b.f.s.DefaultListableBeanFactory - Finished creating instance of bean 'integrationTestConfiguration'
15:50:16.262 [Test worker] DEBUG o.s.b.f.s.DefaultListableBeanFactory - Creating shared instance of singleton bean 'application'
15:50:16.262 [Test worker] DEBUG o.s.b.f.s.DefaultListableBeanFactory - Creating instance of bean 'application'
15:50:16.262 [Test worker] DEBUG o.s.b.f.s.DefaultListableBeanFactory - Returning cached instance of singleton bean 'org.springframework.retry.annotation.RetryConfiguration'
15:50:16.264 [Test worker] DEBUG o.s.b.f.s.DefaultListableBeanFactory - Eagerly caching bean 'application' to allow for resolving potential circular references
15:50:16.265 [Test worker] DEBUG o.s.b.f.s.DefaultListableBeanFactory - Returning cached instance of singleton bean 'org.springframework.retry.annotation.RetryConfiguration'
15:50:16.265 [Test worker] DEBUG o.s.b.f.s.DefaultListableBeanFactory - Returning cached instance of singleton bean 'org.springframework.retry.annotation.RetryConfiguration'
15:50:16.265 [Test worker] DEBUG o.s.b.f.s.DefaultListableBeanFactory - Finished creating instance of bean 'application'
15:50:16.265 [Test worker] DEBUG o.s.b.f.s.DefaultListableBeanFactory - Returning cached instance of singleton bean 'org.springframework.context.annotation.ConfigurationClassPostProcessor.importAwareProcessor'
15:50:16.265 [Test worker] DEBUG o.s.b.f.s.DefaultListableBeanFactory - Returning cached instance of singleton bean 'org.springframework.context.annotation.ConfigurationClassPostProcessor.enhancedConfigurationProcessor'
15:50:16.265 [Test worker] DEBUG o.s.b.f.s.DefaultListableBeanFactory - Creating shared instance of singleton bean 'applicationConfiguration'
15:50:16.265 [Test worker] DEBUG o.s.b.f.s.DefaultListableBeanFactory - Creating instance of bean 'applicationConfiguration'
15:50:16.265 [Test worker] DEBUG o.s.b.f.s.DefaultListableBeanFactory - Returning cached instance of singleton bean 'org.springframework.retry.annotation.RetryConfiguration'
15:50:16.268 [Test worker] DEBUG o.s.b.f.s.DefaultListableBeanFactory - Eagerly caching bean 'applicationConfiguration' to allow for resolving potential circular references
15:50:16.269 [Test worker] DEBUG o.s.b.f.s.DefaultListableBeanFactory - Returning cached instance of singleton bean 'org.springframework.retry.annotation.RetryConfiguration'
15:50:16.269 [Test worker] DEBUG o.s.b.f.s.DefaultListableBeanFactory - Returning cached instance of singleton bean 'org.springframework.retry.annotation.RetryConfiguration'
15:50:16.269 [Test worker] DEBUG o.s.b.f.s.DefaultListableBeanFactory - Finished creating instance of bean 'applicationConfiguration'
15:50:16.269 [Test worker] DEBUG o.s.b.f.s.DefaultListableBeanFactory - Creating shared instance of singleton bean 'moviesProperties'
15:50:16.269 [Test worker] DEBUG o.s.b.f.s.DefaultListableBeanFactory - Creating instance of bean 'moviesProperties'
15:50:16.269 [Test worker] DEBUG o.s.b.f.s.DefaultListableBeanFactory - Returning cached instance of singleton bean 'org.springframework.retry.annotation.RetryConfiguration'
15:50:16.271 [Test worker] DEBUG o.s.b.f.s.DefaultListableBeanFactory - Eagerly caching bean 'moviesProperties' to allow for resolving potential circular references
15:50:16.284 [Test worker] DEBUG o.s.core.env.MutablePropertySources - Adding [systemProperties] PropertySource with lowest search precedence
15:50:16.284 [Test worker] DEBUG o.s.core.env.MutablePropertySources - Adding [systemEnvironment] PropertySource with lowest search precedence
15:50:16.284 [Test worker] DEBUG o.s.core.env.MutablePropertySources - Adding [class path resource [application-test.properties]] PropertySource with lowest search precedence
15:50:16.284 [Test worker] DEBUG o.s.core.env.MutablePropertySources - Adding [localProperties] PropertySource with lowest search precedence
15:50:16.286 [Test worker] DEBUG o.s.core.env.MutablePropertySources - Adding [systemProperties] PropertySource with lowest search precedence
15:50:16.286 [Test worker] DEBUG o.s.core.env.MutablePropertySources - Adding [systemEnvironment] PropertySource with lowest search precedence
15:50:16.286 [Test worker] DEBUG o.s.core.env.MutablePropertySources - Adding [class path resource [application-test.properties]] PropertySource with lowest search precedence
15:50:16.286 [Test worker] DEBUG o.s.core.env.MutablePropertySources - Adding [localProperties] PropertySource with lowest search precedence
15:50:16.286 [Test worker] DEBUG o.s.c.e.PropertySourcesPropertyResolver - Searching for key 'movies.apiKey' in [systemProperties]
15:50:16.286 [Test worker] DEBUG o.s.c.e.PropertySourcesPropertyResolver - Searching for key 'movies.apiKey' in [systemEnvironment]
15:50:16.286 [Test worker] DEBUG o.s.c.e.PropertySourcesPropertyResolver - Searching for key 'movies.apiKey' in [class path resource [application-test.properties]]
15:50:16.286 [Test worker] DEBUG o.s.c.e.PropertySourcesPropertyResolver - Found key 'movies.apiKey' in [class path resource [application-test.properties]] with type [String] and value 'your_key_here'
15:50:16.286 [Test worker] DEBUG o.s.core.env.MutablePropertySources - Adding [systemProperties] PropertySource with lowest search precedence
15:50:16.286 [Test worker] DEBUG o.s.core.env.MutablePropertySources - Adding [systemEnvironment] PropertySource with lowest search precedence
15:50:16.286 [Test worker] DEBUG o.s.core.env.MutablePropertySources - Adding [class path resource [application-test.properties]] PropertySource with lowest search precedence
15:50:16.286 [Test worker] DEBUG o.s.core.env.MutablePropertySources - Adding [localProperties] PropertySource with lowest search precedence
15:50:16.286 [Test worker] DEBUG o.s.c.e.PropertySourcesPropertyResolver - Searching for key 'server.port' in [systemProperties]
15:50:16.286 [Test worker] DEBUG o.s.c.e.PropertySourcesPropertyResolver - Searching for key 'server.port' in [systemEnvironment]
15:50:16.286 [Test worker] DEBUG o.s.c.e.PropertySourcesPropertyResolver - Searching for key 'server.port' in [class path resource [application-test.properties]]
15:50:16.286 [Test worker] DEBUG o.s.c.e.PropertySourcesPropertyResolver - Found key 'server.port' in [class path resource [application-test.properties]] with type [String] and value '8080'
15:50:16.286 [Test worker] DEBUG o.s.core.env.MutablePropertySources - Adding [systemProperties] PropertySource with lowest search precedence
15:50:16.286 [Test worker] DEBUG o.s.core.env.MutablePropertySources - Adding [systemEnvironment] PropertySource with lowest search precedence
15:50:16.286 [Test worker] DEBUG o.s.core.env.MutablePropertySources - Adding [class path resource [application-test.properties]] PropertySource with lowest search precedence
15:50:16.286 [Test worker] DEBUG o.s.core.env.MutablePropertySources - Adding [localProperties] PropertySource with lowest search precedence
15:50:16.286 [Test worker] DEBUG o.s.c.e.PropertySourcesPropertyResolver - Searching for key 'adapter.connection.timeout.millisec' in [systemProperties]
15:50:16.286 [Test worker] DEBUG o.s.c.e.PropertySourcesPropertyResolver - Searching for key 'adapter.connection.timeout.millisec' in [systemEnvironment]
15:50:16.287 [Test worker] DEBUG o.s.c.e.PropertySourcesPropertyResolver - Searching for key 'adapter.connection.timeout.millisec' in [class path resource [application-test.properties]]
15:50:16.287 [Test worker] DEBUG o.s.c.e.PropertySourcesPropertyResolver - Found key 'adapter.connection.timeout.millisec' in [class path resource [application-test.properties]] with type [String] and value '5000'
15:50:16.287 [Test worker] DEBUG o.s.core.env.MutablePropertySources - Adding [systemProperties] PropertySource with lowest search precedence
15:50:16.287 [Test worker] DEBUG o.s.core.env.MutablePropertySources - Adding [systemEnvironment] PropertySource with lowest search precedence
15:50:16.287 [Test worker] DEBUG o.s.core.env.MutablePropertySources - Adding [class path resource [application-test.properties]] PropertySource with lowest search precedence
15:50:16.287 [Test worker] DEBUG o.s.core.env.MutablePropertySources - Adding [localProperties] PropertySource with lowest search precedence
15:50:16.287 [Test worker] DEBUG o.s.c.e.PropertySourcesPropertyResolver - Searching for key 'server.contextPath' in [systemProperties]
15:50:16.287 [Test worker] DEBUG o.s.c.e.PropertySourcesPropertyResolver - Searching for key 'server.contextPath' in [systemEnvironment]
15:50:16.287 [Test worker] DEBUG o.s.c.e.PropertySourcesPropertyResolver - Searching for key 'server.contextPath' in [class path resource [application-test.properties]]
15:50:16.287 [Test worker] DEBUG o.s.c.e.PropertySourcesPropertyResolver - Found key 'server.contextPath' in [class path resource [application-test.properties]] with type [String] and value '/movies-adapter'
15:50:16.287 [Test worker] DEBUG o.s.core.env.MutablePropertySources - Adding [systemProperties] PropertySource with lowest search precedence
15:50:16.287 [Test worker] DEBUG o.s.core.env.MutablePropertySources - Adding [systemEnvironment] PropertySource with lowest search precedence
15:50:16.287 [Test worker] DEBUG o.s.core.env.MutablePropertySources - Adding [class path resource [application-test.properties]] PropertySource with lowest search precedence
15:50:16.287 [Test worker] DEBUG o.s.core.env.MutablePropertySources - Adding [localProperties] PropertySource with lowest search precedence
15:50:16.287 [Test worker] DEBUG o.s.c.e.PropertySourcesPropertyResolver - Searching for key 'movies.searchMovieUri' in [systemProperties]
15:50:16.287 [Test worker] DEBUG o.s.c.e.PropertySourcesPropertyResolver - Searching for key 'movies.searchMovieUri' in [systemEnvironment]
15:50:16.287 [Test worker] DEBUG o.s.c.e.PropertySourcesPropertyResolver - Searching for key 'movies.searchMovieUri' in [class path resource [application-test.properties]]
15:50:16.287 [Test worker] DEBUG o.s.c.e.PropertySourcesPropertyResolver - Found key 'movies.searchMovieUri' in [class path resource [application-test.properties]] with type [String] and value '/search/movie'
15:50:16.287 [Test worker] DEBUG o.s.core.env.MutablePropertySources - Adding [systemProperties] PropertySource with lowest search precedence
15:50:16.287 [Test worker] DEBUG o.s.core.env.MutablePropertySources - Adding [systemEnvironment] PropertySource with lowest search precedence
15:50:16.287 [Test worker] DEBUG o.s.core.env.MutablePropertySources - Adding [class path resource [application-test.properties]] PropertySource with lowest search precedence
15:50:16.287 [Test worker] DEBUG o.s.core.env.MutablePropertySources - Adding [localProperties] PropertySource with lowest search precedence
15:50:16.287 [Test worker] DEBUG o.s.c.e.PropertySourcesPropertyResolver - Searching for key 'adapter.pooling.connection.defaultMaxPerRoute' in [systemProperties]
15:50:16.287 [Test worker] DEBUG o.s.c.e.PropertySourcesPropertyResolver - Searching for key 'adapter.pooling.connection.defaultMaxPerRoute' in [systemEnvironment]
15:50:16.287 [Test worker] DEBUG o.s.c.e.PropertySourcesPropertyResolver - Searching for key 'adapter.pooling.connection.defaultMaxPerRoute' in [class path resource [application-test.properties]]
15:50:16.287 [Test worker] DEBUG o.s.c.e.PropertySourcesPropertyResolver - Found key 'adapter.pooling.connection.defaultMaxPerRoute' in [class path resource [application-test.properties]] with type [String] and value '100'
15:50:16.287 [Test worker] DEBUG o.s.core.env.MutablePropertySources - Adding [systemProperties] PropertySource with lowest search precedence
15:50:16.287 [Test worker] DEBUG o.s.core.env.MutablePropertySources - Adding [systemEnvironment] PropertySource with lowest search precedence
15:50:16.287 [Test worker] DEBUG o.s.core.env.MutablePropertySources - Adding [class path resource [application-test.properties]] PropertySource with lowest search precedence
15:50:16.287 [Test worker] DEBUG o.s.core.env.MutablePropertySources - Adding [localProperties] PropertySource with lowest search precedence
15:50:16.287 [Test worker] DEBUG o.s.c.e.PropertySourcesPropertyResolver - Searching for key 'movies.apiUri' in [systemProperties]
15:50:16.287 [Test worker] DEBUG o.s.c.e.PropertySourcesPropertyResolver - Searching for key 'movies.apiUri' in [systemEnvironment]
15:50:16.287 [Test worker] DEBUG o.s.c.e.PropertySourcesPropertyResolver - Searching for key 'movies.apiUri' in [class path resource [application-test.properties]]
15:50:16.287 [Test worker] DEBUG o.s.c.e.PropertySourcesPropertyResolver - Found key 'movies.apiUri' in [class path resource [application-test.properties]] with type [String] and value 'http://api.themoviedb.org/3'
15:50:16.287 [Test worker] DEBUG o.s.core.env.MutablePropertySources - Adding [systemProperties] PropertySource with lowest search precedence
15:50:16.288 [Test worker] DEBUG o.s.core.env.MutablePropertySources - Adding [systemEnvironment] PropertySource with lowest search precedence
15:50:16.288 [Test worker] DEBUG o.s.core.env.MutablePropertySources - Adding [class path resource [application-test.properties]] PropertySource with lowest search precedence
15:50:16.288 [Test worker] DEBUG o.s.core.env.MutablePropertySources - Adding [localProperties] PropertySource with lowest search precedence
15:50:16.288 [Test worker] DEBUG o.s.c.e.PropertySourcesPropertyResolver - Searching for key 'adapter.pooling.connection.maxTotal' in [systemProperties]
15:50:16.288 [Test worker] DEBUG o.s.c.e.PropertySourcesPropertyResolver - Searching for key 'adapter.pooling.connection.maxTotal' in [systemEnvironment]
15:50:16.288 [Test worker] DEBUG o.s.c.e.PropertySourcesPropertyResolver - Searching for key 'adapter.pooling.connection.maxTotal' in [class path resource [application-test.properties]]
15:50:16.288 [Test worker] DEBUG o.s.c.e.PropertySourcesPropertyResolver - Found key 'adapter.pooling.connection.maxTotal' in [class path resource [application-test.properties]] with type [String] and value '500'
15:50:16.288 [Test worker] DEBUG o.s.core.env.MutablePropertySources - Adding [systemProperties] PropertySource with lowest search precedence
15:50:16.288 [Test worker] DEBUG o.s.core.env.MutablePropertySources - Adding [systemEnvironment] PropertySource with lowest search precedence
15:50:16.288 [Test worker] DEBUG o.s.core.env.MutablePropertySources - Adding [class path resource [application-test.properties]] PropertySource with lowest search precedence
15:50:16.288 [Test worker] DEBUG o.s.core.env.MutablePropertySources - Adding [localProperties] PropertySource with lowest search precedence
15:50:16.288 [Test worker] DEBUG o.s.c.e.PropertySourcesPropertyResolver - Searching for key 'adapter.read.timeout.millisec' in [systemProperties]
15:50:16.288 [Test worker] DEBUG o.s.c.e.PropertySourcesPropertyResolver - Searching for key 'adapter.read.timeout.millisec' in [systemEnvironment]
15:50:16.288 [Test worker] DEBUG o.s.c.e.PropertySourcesPropertyResolver - Searching for key 'adapter.read.timeout.millisec' in [class path resource [application-test.properties]]
15:50:16.288 [Test worker] DEBUG o.s.c.e.PropertySourcesPropertyResolver - Found key 'adapter.read.timeout.millisec' in [class path resource [application-test.properties]] with type [String] and value '30000'
15:50:16.348 [Test worker] DEBUG o.s.b.f.s.DefaultListableBeanFactory - Returning cached instance of singleton bean 'org.springframework.retry.annotation.RetryConfiguration'
15:50:16.348 [Test worker] DEBUG o.s.b.f.s.DefaultListableBeanFactory - Returning cached instance of singleton bean 'org.springframework.retry.annotation.RetryConfiguration'
15:50:16.349 [Test worker] DEBUG o.s.b.f.s.DefaultListableBeanFactory - Finished creating instance of bean 'moviesProperties'
15:50:16.349 [Test worker] DEBUG o.s.b.f.s.DefaultListableBeanFactory - Creating shared instance of singleton bean 'moviesAdapter'
15:50:16.349 [Test worker] DEBUG o.s.b.f.s.DefaultListableBeanFactory - Creating instance of bean 'moviesAdapter'
15:50:16.349 [Test worker] DEBUG o.s.b.f.s.DefaultListableBeanFactory - Returning cached instance of singleton bean 'org.springframework.retry.annotation.RetryConfiguration'
15:50:16.451 [Test worker] DEBUG o.s.b.f.annotation.InjectionMetadata - Registered injected element on class [com.susu.movies.search.adapter.DefaultSearchMoviesAdapter]: AutowiredFieldElement for private com.susu.movies.search.adapter.SearchMoviesClient com.susu.movies.search.adapter.DefaultSearchMoviesAdapter.searchMoviesClient
15:50:16.451 [Test worker] DEBUG o.s.b.f.annotation.InjectionMetadata - Registered injected element on class [com.susu.movies.search.adapter.DefaultSearchMoviesAdapter]: AutowiredFieldElement for private com.susu.movies.search.adapter.SearchMoviesUrlBuilder com.susu.movies.search.adapter.DefaultSearchMoviesAdapter.urlBuilder
15:50:16.451 [Test worker] DEBUG o.s.b.f.s.DefaultListableBeanFactory - Eagerly caching bean 'moviesAdapter' to allow for resolving potential circular references
15:50:16.451 [Test worker] DEBUG o.s.b.f.annotation.InjectionMetadata - Processing injected element of bean 'moviesAdapter': AutowiredFieldElement for private com.susu.movies.search.adapter.SearchMoviesClient com.susu.movies.search.adapter.DefaultSearchMoviesAdapter.searchMoviesClient
15:50:16.452 [Test worker] DEBUG o.s.b.f.s.DefaultListableBeanFactory - Creating shared instance of singleton bean 'searchMoviesClient'
15:50:16.453 [Test worker] DEBUG o.s.b.f.s.DefaultListableBeanFactory - Creating instance of bean 'searchMoviesClient'
15:50:16.453 [Test worker] DEBUG o.s.b.f.s.DefaultListableBeanFactory - Returning cached instance of singleton bean 'org.springframework.retry.annotation.RetryConfiguration'
15:50:16.458 [Test worker] DEBUG o.s.b.f.annotation.InjectionMetadata - Registered injected element on class [com.susu.movies.search.adapter.SearchMoviesClient]: AutowiredFieldElement for private org.springframework.web.client.RestTemplate com.susu.movies.search.adapter.SearchMoviesClient.restTemplate
15:50:16.458 [Test worker] DEBUG o.s.b.f.s.DefaultListableBeanFactory - Eagerly caching bean 'searchMoviesClient' to allow for resolving potential circular references
15:50:16.458 [Test worker] DEBUG o.s.b.f.annotation.InjectionMetadata - Processing injected element of bean 'searchMoviesClient': AutowiredFieldElement for private org.springframework.web.client.RestTemplate com.susu.movies.search.adapter.SearchMoviesClient.restTemplate
15:50:16.459 [Test worker] DEBUG o.s.b.f.s.DefaultListableBeanFactory - Creating shared instance of singleton bean 'restTemplate'
15:50:16.459 [Test worker] DEBUG o.s.b.f.s.DefaultListableBeanFactory - Creating instance of bean 'restTemplate'
15:50:16.459 [Test worker] DEBUG o.s.b.f.s.DefaultListableBeanFactory - Returning cached instance of singleton bean 'org.springframework.retry.annotation.RetryConfiguration'
15:50:16.459 [Test worker] DEBUG o.s.b.f.s.DefaultListableBeanFactory - Returning cached instance of singleton bean 'integrationTestConfiguration'
15:50:16.460 [Test worker] DEBUG o.s.b.f.s.DefaultListableBeanFactory - Creating shared instance of singleton bean 'objectMapper'
15:50:16.461 [Test worker] DEBUG o.s.b.f.s.DefaultListableBeanFactory - Creating instance of bean 'objectMapper'
15:50:16.461 [Test worker] DEBUG o.s.b.f.s.DefaultListableBeanFactory - Returning cached instance of singleton bean 'org.springframework.retry.annotation.RetryConfiguration'
15:50:16.679 [Test worker] DEBUG o.s.b.f.s.DefaultListableBeanFactory - Eagerly caching bean 'objectMapper' to allow for resolving potential circular references
15:50:16.684 [Test worker] DEBUG o.s.b.f.s.DefaultListableBeanFactory - Returning cached instance of singleton bean 'org.springframework.retry.annotation.RetryConfiguration'
15:50:16.685 [Test worker] DEBUG o.s.b.f.s.DefaultListableBeanFactory - Returning cached instance of singleton bean 'org.springframework.retry.annotation.RetryConfiguration'
15:50:16.692 [Test worker] DEBUG o.s.b.f.s.DefaultListableBeanFactory - Finished creating instance of bean 'objectMapper'
15:50:16.701 [Test worker] DEBUG o.s.b.f.s.DefaultListableBeanFactory - Autowiring by type from bean name 'restTemplate' via factory method to bean named 'objectMapper'
15:50:16.995 [Test worker] DEBUG o.s.b.f.s.DefaultListableBeanFactory - Eagerly caching bean 'restTemplate' to allow for resolving potential circular references
15:50:16.997 [Test worker] DEBUG o.s.b.f.s.DefaultListableBeanFactory - Returning cached instance of singleton bean 'org.springframework.retry.annotation.RetryConfiguration'
15:50:16.998 [Test worker] DEBUG o.s.b.f.s.DefaultListableBeanFactory - Returning cached instance of singleton bean 'org.springframework.retry.annotation.RetryConfiguration'
15:50:17.001 [Test worker] DEBUG o.s.b.f.s.DefaultListableBeanFactory - Finished creating instance of bean 'restTemplate'
15:50:17.001 [Test worker] DEBUG o.s.b.f.a.AutowiredAnnotationBeanPostProcessor - Autowiring by type from bean name 'searchMoviesClient' to bean named 'restTemplate'
15:50:17.001 [Test worker] DEBUG o.s.b.f.s.DefaultListableBeanFactory - Returning cached instance of singleton bean 'org.springframework.retry.annotation.RetryConfiguration'
15:50:17.001 [Test worker] DEBUG o.s.b.f.s.DefaultListableBeanFactory - Returning cached instance of singleton bean 'org.springframework.retry.annotation.RetryConfiguration'
15:50:17.012 [Test worker] DEBUG o.s.a.a.a.AnnotationAwareAspectJAutoProxyCreator - Creating implicit proxy for bean 'searchMoviesClient' with 0 common interceptors and 1 specific interceptors
15:50:17.018 [Test worker] DEBUG o.s.aop.framework.CglibAopProxy - Creating CGLIB proxy: target source is SingletonTargetSource for target object [com.susu.movies.search.adapter.SearchMoviesClient@75ce3259]
15:50:17.031 [Test worker] DEBUG o.s.aop.framework.CglibAopProxy - Unable to apply any optimisations to advised method: public void com.susu.movies.search.adapter.SearchMoviesClient.setProperty(java.lang.String,java.lang.Object)
15:50:17.031 [Test worker] DEBUG o.s.aop.framework.CglibAopProxy - Unable to apply any optimisations to advised method: public java.lang.Object com.susu.movies.search.adapter.SearchMoviesClient.getProperty(java.lang.String)
15:50:17.031 [Test worker] DEBUG o.s.aop.framework.CglibAopProxy - Unable to apply any optimisations to advised method: protected groovy.lang.MetaClass com.susu.movies.search.adapter.SearchMoviesClient.$getStaticMetaClass()
15:50:17.031 [Test worker] DEBUG o.s.aop.framework.CglibAopProxy - Unable to apply any optimisations to advised method: public groovy.lang.MetaClass com.susu.movies.search.adapter.SearchMoviesClient.getMetaClass()
15:50:17.031 [Test worker] DEBUG o.s.aop.framework.CglibAopProxy - Unable to apply any optimisations to advised method: public void com.susu.movies.search.adapter.SearchMoviesClient.setMetaClass(groovy.lang.MetaClass)
15:50:17.032 [Test worker] DEBUG o.s.aop.framework.CglibAopProxy - Unable to apply any optimisations to advised method: public com.susu.movies.SearchMoviesResponse com.susu.movies.search.adapter.SearchMoviesClient.searchMovies(java.lang.String)
15:50:17.032 [Test worker] DEBUG o.s.aop.framework.CglibAopProxy - Unable to apply any optimisations to advised method: public java.lang.Object com.susu.movies.search.adapter.SearchMoviesClient.invokeMethod(java.lang.String,java.lang.Object)
15:50:17.032 [Test worker] DEBUG o.s.aop.framework.CglibAopProxy - Found finalize() method - using NO_OVERRIDE
15:50:17.032 [Test worker] DEBUG o.s.aop.framework.CglibAopProxy - Found 'equals' method: public boolean java.lang.Object.equals(java.lang.Object)
15:50:17.032 [Test worker] DEBUG o.s.aop.framework.CglibAopProxy - Unable to apply any optimisations to advised method: public java.lang.String java.lang.Object.toString()
15:50:17.032 [Test worker] DEBUG o.s.aop.framework.CglibAopProxy - Found 'hashCode' method: public native int java.lang.Object.hashCode()
15:50:17.033 [Test worker] DEBUG o.s.aop.framework.CglibAopProxy - Unable to apply any optimisations to advised method: protected native java.lang.Object java.lang.Object.clone() throws java.lang.CloneNotSupportedException
15:50:17.033 [Test worker] DEBUG o.s.aop.framework.CglibAopProxy - Method is declared on Advised interface: public abstract int org.springframework.aop.framework.Advised.indexOf(org.springframework.aop.Advisor)
15:50:17.033 [Test worker] DEBUG o.s.aop.framework.CglibAopProxy - Method is declared on Advised interface: public abstract int org.springframework.aop.framework.Advised.indexOf(org.aopalliance.aop.Advice)
15:50:17.033 [Test worker] DEBUG o.s.aop.framework.CglibAopProxy - Method is declared on Advised interface: public abstract boolean org.springframework.aop.framework.Advised.isFrozen()
15:50:17.033 [Test worker] DEBUG o.s.aop.framework.CglibAopProxy - Method is declared on Advised interface: public abstract org.springframework.aop.Advisor[] org.springframework.aop.framework.Advised.getAdvisors()
15:50:17.033 [Test worker] DEBUG o.s.aop.framework.CglibAopProxy - Method is declared on Advised interface: public abstract void org.springframework.aop.framework.Advised.setTargetSource(org.springframework.aop.TargetSource)
15:50:17.033 [Test worker] DEBUG o.s.aop.framework.CglibAopProxy - Method is declared on Advised interface: public abstract void org.springframework.aop.framework.Advised.addAdvice(org.aopalliance.aop.Advice) throws org.springframework.aop.framework.AopConfigException
15:50:17.033 [Test worker] DEBUG o.s.aop.framework.CglibAopProxy - Method is declared on Advised interface: public abstract void org.springframework.aop.framework.Advised.addAdvice(int,org.aopalliance.aop.Advice) throws org.springframework.aop.framework.AopConfigException
15:50:17.033 [Test worker] DEBUG o.s.aop.framework.CglibAopProxy - Method is declared on Advised interface: public abstract boolean org.springframework.aop.framework.Advised.isPreFiltered()
15:50:17.033 [Test worker] DEBUG o.s.aop.framework.CglibAopProxy - Method is declared on Advised interface: public abstract java.lang.Class[] org.springframework.aop.framework.Advised.getProxiedInterfaces()
15:50:17.033 [Test worker] DEBUG o.s.aop.framework.CglibAopProxy - Method is declared on Advised interface: public abstract boolean org.springframework.aop.framework.Advised.isInterfaceProxied(java.lang.Class)
15:50:17.033 [Test worker] DEBUG o.s.aop.framework.CglibAopProxy - Method is declared on Advised interface: public abstract void org.springframework.aop.framework.Advised.removeAdvisor(int) throws org.springframework.aop.framework.AopConfigException
15:50:17.033 [Test worker] DEBUG o.s.aop.framework.CglibAopProxy - Method is declared on Advised interface: public abstract boolean org.springframework.aop.framework.Advised.removeAdvisor(org.springframework.aop.Advisor)
15:50:17.033 [Test worker] DEBUG o.s.aop.framework.CglibAopProxy - Method is declared on Advised interface: public abstract boolean org.springframework.aop.framework.Advised.replaceAdvisor(org.springframework.aop.Advisor,org.springframework.aop.Advisor) throws org.springframework.aop.framework.AopConfigException
15:50:17.033 [Test worker] DEBUG o.s.aop.framework.CglibAopProxy - Method is declared on Advised interface: public abstract boolean org.springframework.aop.framework.Advised.removeAdvice(org.aopalliance.aop.Advice)
15:50:17.033 [Test worker] DEBUG o.s.aop.framework.CglibAopProxy - Method is declared on Advised interface: public abstract java.lang.String org.springframework.aop.framework.Advised.toProxyConfigString()
15:50:17.033 [Test worker] DEBUG o.s.aop.framework.CglibAopProxy - Method is declared on Advised interface: public abstract org.springframework.aop.TargetSource org.springframework.aop.framework.Advised.getTargetSource()
15:50:17.033 [Test worker] DEBUG o.s.aop.framework.CglibAopProxy - Method is declared on Advised interface: public abstract boolean org.springframework.aop.framework.Advised.isProxyTargetClass()
15:50:17.033 [Test worker] DEBUG o.s.aop.framework.CglibAopProxy - Method is declared on Advised interface: public abstract void org.springframework.aop.framework.Advised.addAdvisor(org.springframework.aop.Advisor) throws org.springframework.aop.framework.AopConfigException
15:50:17.034 [Test worker] DEBUG o.s.aop.framework.CglibAopProxy - Method is declared on Advised interface: public abstract void org.springframework.aop.framework.Advised.addAdvisor(int,org.springframework.aop.Advisor) throws org.springframework.aop.framework.AopConfigException
15:50:17.034 [Test worker] DEBUG o.s.aop.framework.CglibAopProxy - Method is declared on Advised interface: public abstract void org.springframework.aop.framework.Advised.setPreFiltered(boolean)
15:50:17.034 [Test worker] DEBUG o.s.aop.framework.CglibAopProxy - Method is declared on Advised interface: public abstract void org.springframework.aop.framework.Advised.setExposeProxy(boolean)
15:50:17.034 [Test worker] DEBUG o.s.aop.framework.CglibAopProxy - Method is declared on Advised interface: public abstract boolean org.springframework.aop.framework.Advised.isExposeProxy()
15:50:17.034 [Test worker] DEBUG o.s.aop.framework.CglibAopProxy - Method is declared on Advised interface: public abstract java.lang.Class org.springframework.aop.TargetClassAware.getTargetClass()
15:50:17.052 [Test worker] DEBUG o.s.b.f.s.DefaultListableBeanFactory - Finished creating instance of bean 'searchMoviesClient'
15:50:17.052 [Test worker] DEBUG o.s.b.f.a.AutowiredAnnotationBeanPostProcessor - Autowiring by type from bean name 'moviesAdapter' to bean named 'searchMoviesClient'
15:50:17.052 [Test worker] DEBUG o.s.b.f.annotation.InjectionMetadata - Processing injected element of bean 'moviesAdapter': AutowiredFieldElement for private com.susu.movies.search.adapter.SearchMoviesUrlBuilder com.susu.movies.search.adapter.DefaultSearchMoviesAdapter.urlBuilder
15:50:17.053 [Test worker] DEBUG o.s.b.f.s.DefaultListableBeanFactory - Creating shared instance of singleton bean 'searchMoviesUrlBuilder'
15:50:17.053 [Test worker] DEBUG o.s.b.f.s.DefaultListableBeanFactory - Creating instance of bean 'searchMoviesUrlBuilder'
15:50:17.053 [Test worker] DEBUG o.s.b.f.s.DefaultListableBeanFactory - Returning cached instance of singleton bean 'org.springframework.retry.annotation.RetryConfiguration'
15:50:17.064 [Test worker] DEBUG o.s.b.f.annotation.InjectionMetadata - Registered injected element on class [com.susu.movies.search.adapter.SearchMoviesUrlBuilder]: AutowiredFieldElement for private com.susu.movies.MoviesProperties com.susu.movies.search.adapter.SearchMoviesUrlBuilder.moviesProperties
15:50:17.064 [Test worker] DEBUG o.s.b.f.s.DefaultListableBeanFactory - Eagerly caching bean 'searchMoviesUrlBuilder' to allow for resolving potential circular references
15:50:17.064 [Test worker] DEBUG o.s.b.f.annotation.InjectionMetadata - Processing injected element of bean 'searchMoviesUrlBuilder': AutowiredFieldElement for private com.susu.movies.MoviesProperties com.susu.movies.search.adapter.SearchMoviesUrlBuilder.moviesProperties
15:50:17.065 [Test worker] DEBUG o.s.b.f.s.DefaultListableBeanFactory - Returning cached instance of singleton bean 'moviesProperties'
15:50:17.065 [Test worker] DEBUG o.s.b.f.a.AutowiredAnnotationBeanPostProcessor - Autowiring by type from bean name 'searchMoviesUrlBuilder' to bean named 'moviesProperties'
15:50:17.066 [Test worker] DEBUG o.s.b.f.s.DefaultListableBeanFactory - Returning cached instance of singleton bean 'org.springframework.retry.annotation.RetryConfiguration'
15:50:17.066 [Test worker] DEBUG o.s.b.f.s.DefaultListableBeanFactory - Returning cached instance of singleton bean 'org.springframework.retry.annotation.RetryConfiguration'
15:50:17.066 [Test worker] DEBUG o.s.b.f.s.DefaultListableBeanFactory - Finished creating instance of bean 'searchMoviesUrlBuilder'
15:50:17.066 [Test worker] DEBUG o.s.b.f.a.AutowiredAnnotationBeanPostProcessor - Autowiring by type from bean name 'moviesAdapter' to bean named 'searchMoviesUrlBuilder'
15:50:17.066 [Test worker] DEBUG o.s.b.f.s.DefaultListableBeanFactory - Returning cached instance of singleton bean 'org.springframework.retry.annotation.RetryConfiguration'
15:50:17.066 [Test worker] DEBUG o.s.b.f.s.DefaultListableBeanFactory - Returning cached instance of singleton bean 'org.springframework.retry.annotation.RetryConfiguration'
15:50:17.066 [Test worker] DEBUG o.s.b.f.s.DefaultListableBeanFactory - Finished creating instance of bean 'moviesAdapter'
15:50:17.066 [Test worker] DEBUG o.s.b.f.s.DefaultListableBeanFactory - Returning cached instance of singleton bean 'searchMoviesClient'
15:50:17.066 [Test worker] DEBUG o.s.b.f.s.DefaultListableBeanFactory - Returning cached instance of singleton bean 'searchMoviesUrlBuilder'
15:50:17.066 [Test worker] DEBUG o.s.b.f.s.DefaultListableBeanFactory - Creating shared instance of singleton bean 'searchMoviesController'
15:50:17.066 [Test worker] DEBUG o.s.b.f.s.DefaultListableBeanFactory - Creating instance of bean 'searchMoviesController'
15:50:17.067 [Test worker] DEBUG o.s.b.f.s.DefaultListableBeanFactory - Returning cached instance of singleton bean 'org.springframework.retry.annotation.RetryConfiguration'
15:50:17.071 [Test worker] DEBUG o.s.b.f.annotation.InjectionMetadata - Registered injected element on class [com.susu.movies.search.SearchMoviesController]: AutowiredFieldElement for private com.susu.movies.search.adapter.SearchMoviesAdapter com.susu.movies.search.SearchMoviesController.defaultMoviesAdapter
15:50:17.071 [Test worker] DEBUG o.s.b.f.s.DefaultListableBeanFactory - Eagerly caching bean 'searchMoviesController' to allow for resolving potential circular references
15:50:17.072 [Test worker] DEBUG o.s.b.f.annotation.InjectionMetadata - Processing injected element of bean 'searchMoviesController': AutowiredFieldElement for private com.susu.movies.search.adapter.SearchMoviesAdapter com.susu.movies.search.SearchMoviesController.defaultMoviesAdapter
15:50:17.072 [Test worker] DEBUG o.s.b.f.s.DefaultListableBeanFactory - Returning cached instance of singleton bean 'moviesAdapter'
15:50:17.072 [Test worker] DEBUG o.s.b.f.a.AutowiredAnnotationBeanPostProcessor - Autowiring by type from bean name 'searchMoviesController' to bean named 'moviesAdapter'
15:50:17.073 [Test worker] DEBUG o.s.b.f.s.DefaultListableBeanFactory - Returning cached instance of singleton bean 'org.springframework.retry.annotation.RetryConfiguration'
15:50:17.073 [Test worker] DEBUG o.s.b.f.s.DefaultListableBeanFactory - Returning cached instance of singleton bean 'org.springframework.retry.annotation.RetryConfiguration'
15:50:17.073 [Test worker] DEBUG o.s.b.f.s.DefaultListableBeanFactory - Finished creating instance of bean 'searchMoviesController'
15:50:17.073 [Test worker] DEBUG o.s.b.f.s.DefaultListableBeanFactory - Creating shared instance of singleton bean 'statusController'
15:50:17.073 [Test worker] DEBUG o.s.b.f.s.DefaultListableBeanFactory - Creating instance of bean 'statusController'
15:50:17.073 [Test worker] DEBUG o.s.b.f.s.DefaultListableBeanFactory - Returning cached instance of singleton bean 'org.springframework.retry.annotation.RetryConfiguration'
15:50:17.077 [Test worker] DEBUG o.s.b.f.s.DefaultListableBeanFactory - Eagerly caching bean 'statusController' to allow for resolving potential circular references
15:50:17.077 [Test worker] DEBUG o.s.b.f.s.DefaultListableBeanFactory - Returning cached instance of singleton bean 'org.springframework.retry.annotation.RetryConfiguration'
15:50:17.077 [Test worker] DEBUG o.s.b.f.s.DefaultListableBeanFactory - Returning cached instance of singleton bean 'org.springframework.retry.annotation.RetryConfiguration'
15:50:17.078 [Test worker] DEBUG o.s.b.f.s.DefaultListableBeanFactory - Finished creating instance of bean 'statusController'
15:50:17.078 [Test worker] DEBUG o.s.b.f.s.DefaultListableBeanFactory - Creating shared instance of singleton bean 'platformConfiguration'
15:50:17.078 [Test worker] DEBUG o.s.b.f.s.DefaultListableBeanFactory - Creating instance of bean 'platformConfiguration'
15:50:17.078 [Test worker] DEBUG o.s.b.f.s.DefaultListableBeanFactory - Returning cached instance of singleton bean 'org.springframework.retry.annotation.RetryConfiguration'
15:50:17.082 [Test worker] DEBUG o.s.b.f.annotation.InjectionMetadata - Registered injected element on class [platform.PlatformConfiguration$$EnhancerBySpringCGLIB$$584cf6b7]: AutowiredFieldElement for private int platform.PlatformConfiguration.defaultMaxPerRoute
15:50:17.082 [Test worker] DEBUG o.s.b.f.annotation.InjectionMetadata - Registered injected element on class [platform.PlatformConfiguration$$EnhancerBySpringCGLIB$$584cf6b7]: AutowiredFieldElement for private int platform.PlatformConfiguration.maxTotal
15:50:17.082 [Test worker] DEBUG o.s.b.f.annotation.InjectionMetadata - Registered injected element on class [platform.PlatformConfiguration$$EnhancerBySpringCGLIB$$584cf6b7]: AutowiredFieldElement for private int platform.PlatformConfiguration.connectionTimeout
15:50:17.082 [Test worker] DEBUG o.s.b.f.annotation.InjectionMetadata - Registered injected element on class [platform.PlatformConfiguration$$EnhancerBySpringCGLIB$$584cf6b7]: AutowiredFieldElement for private int platform.PlatformConfiguration.readTimeout
15:50:17.082 [Test worker] DEBUG o.s.b.f.annotation.InjectionMetadata - Registered injected element on class [platform.PlatformConfiguration$$EnhancerBySpringCGLIB$$584cf6b7]: AutowiredFieldElement for private java.lang.String platform.PlatformConfiguration.moviesApiUri
15:50:17.082 [Test worker] DEBUG o.s.b.f.s.DefaultListableBeanFactory - Eagerly caching bean 'platformConfiguration' to allow for resolving potential circular references
15:50:17.083 [Test worker] DEBUG o.s.b.f.annotation.InjectionMetadata - Processing injected element of bean 'platformConfiguration': AutowiredFieldElement for private int platform.PlatformConfiguration.defaultMaxPerRoute
15:50:17.083 [Test worker] DEBUG o.s.c.e.PropertySourcesPropertyResolver - Searching for key 'adapter.pooling.connection.defaultMaxPerRoute' in [environmentProperties]
15:50:17.083 [Test worker] DEBUG o.s.c.e.PropertySourcesPropertyResolver - Searching for key 'adapter.pooling.connection.defaultMaxPerRoute' in [systemProperties]
15:50:17.083 [Test worker] DEBUG o.s.c.e.PropertySourcesPropertyResolver - Searching for key 'adapter.pooling.connection.defaultMaxPerRoute' in [systemEnvironment]
15:50:17.083 [Test worker] DEBUG o.s.c.e.PropertySourcesPropertyResolver - Searching for key 'adapter.pooling.connection.defaultMaxPerRoute' in [class path resource [application-test.properties]]
15:50:17.083 [Test worker] DEBUG o.s.c.e.PropertySourcesPropertyResolver - Found key 'adapter.pooling.connection.defaultMaxPerRoute' in [class path resource [application-test.properties]] with type [String] and value '100'
15:50:17.084 [Test worker] DEBUG o.s.c.e.PropertySourcesPropertyResolver - Found key 'adapter.pooling.connection.defaultMaxPerRoute' in [environmentProperties] with type [String] and value '100'
15:50:17.084 [Test worker] DEBUG o.s.b.f.annotation.InjectionMetadata - Processing injected element of bean 'platformConfiguration': AutowiredFieldElement for private int platform.PlatformConfiguration.maxTotal
15:50:17.084 [Test worker] DEBUG o.s.c.e.PropertySourcesPropertyResolver - Searching for key 'adapter.pooling.connection.maxTotal' in [environmentProperties]
15:50:17.084 [Test worker] DEBUG o.s.c.e.PropertySourcesPropertyResolver - Searching for key 'adapter.pooling.connection.maxTotal' in [systemProperties]
15:50:17.084 [Test worker] DEBUG o.s.c.e.PropertySourcesPropertyResolver - Searching for key 'adapter.pooling.connection.maxTotal' in [systemEnvironment]
15:50:17.084 [Test worker] DEBUG o.s.c.e.PropertySourcesPropertyResolver - Searching for key 'adapter.pooling.connection.maxTotal' in [class path resource [application-test.properties]]
15:50:17.084 [Test worker] DEBUG o.s.c.e.PropertySourcesPropertyResolver - Found key 'adapter.pooling.connection.maxTotal' in [class path resource [application-test.properties]] with type [String] and value '500'
15:50:17.084 [Test worker] DEBUG o.s.c.e.PropertySourcesPropertyResolver - Found key 'adapter.pooling.connection.maxTotal' in [environmentProperties] with type [String] and value '500'
15:50:17.085 [Test worker] DEBUG o.s.b.f.annotation.InjectionMetadata - Processing injected element of bean 'platformConfiguration': AutowiredFieldElement for private int platform.PlatformConfiguration.connectionTimeout
15:50:17.085 [Test worker] DEBUG o.s.c.e.PropertySourcesPropertyResolver - Searching for key 'adapter.connection.timeout.millisec' in [environmentProperties]
15:50:17.085 [Test worker] DEBUG o.s.c.e.PropertySourcesPropertyResolver - Searching for key 'adapter.connection.timeout.millisec' in [systemProperties]
15:50:17.085 [Test worker] DEBUG o.s.c.e.PropertySourcesPropertyResolver - Searching for key 'adapter.connection.timeout.millisec' in [systemEnvironment]
15:50:17.085 [Test worker] DEBUG o.s.c.e.PropertySourcesPropertyResolver - Searching for key 'adapter.connection.timeout.millisec' in [class path resource [application-test.properties]]
15:50:17.085 [Test worker] DEBUG o.s.c.e.PropertySourcesPropertyResolver - Found key 'adapter.connection.timeout.millisec' in [class path resource [application-test.properties]] with type [String] and value '5000'
15:50:17.085 [Test worker] DEBUG o.s.c.e.PropertySourcesPropertyResolver - Found key 'adapter.connection.timeout.millisec' in [environmentProperties] with type [String] and value '5000'
15:50:17.085 [Test worker] DEBUG o.s.b.f.annotation.InjectionMetadata - Processing injected element of bean 'platformConfiguration': AutowiredFieldElement for private int platform.PlatformConfiguration.readTimeout
15:50:17.085 [Test worker] DEBUG o.s.c.e.PropertySourcesPropertyResolver - Searching for key 'adapter.read.timeout.millisec' in [environmentProperties]
15:50:17.085 [Test worker] DEBUG o.s.c.e.PropertySourcesPropertyResolver - Searching for key 'adapter.read.timeout.millisec' in [systemProperties]
15:50:17.085 [Test worker] DEBUG o.s.c.e.PropertySourcesPropertyResolver - Searching for key 'adapter.read.timeout.millisec' in [systemEnvironment]
15:50:17.086 [Test worker] DEBUG o.s.c.e.PropertySourcesPropertyResolver - Searching for key 'adapter.read.timeout.millisec' in [class path resource [application-test.properties]]
15:50:17.086 [Test worker] DEBUG o.s.c.e.PropertySourcesPropertyResolver - Found key 'adapter.read.timeout.millisec' in [class path resource [application-test.properties]] with type [String] and value '30000'
15:50:17.086 [Test worker] DEBUG o.s.c.e.PropertySourcesPropertyResolver - Found key 'adapter.read.timeout.millisec' in [environmentProperties] with type [String] and value '30000'
15:50:17.086 [Test worker] DEBUG o.s.b.f.annotation.InjectionMetadata - Processing injected element of bean 'platformConfiguration': AutowiredFieldElement for private java.lang.String platform.PlatformConfiguration.moviesApiUri
15:50:17.086 [Test worker] DEBUG o.s.c.e.PropertySourcesPropertyResolver - Searching for key 'movies.apiUri' in [environmentProperties]
15:50:17.086 [Test worker] DEBUG o.s.c.e.PropertySourcesPropertyResolver - Searching for key 'movies.apiUri' in [systemProperties]
15:50:17.086 [Test worker] DEBUG o.s.c.e.PropertySourcesPropertyResolver - Searching for key 'movies.apiUri' in [systemEnvironment]
15:50:17.087 [Test worker] DEBUG o.s.c.e.PropertySourcesPropertyResolver - Searching for key 'movies.apiUri' in [class path resource [application-test.properties]]
15:50:17.087 [Test worker] DEBUG o.s.c.e.PropertySourcesPropertyResolver - Found key 'movies.apiUri' in [class path resource [application-test.properties]] with type [String] and value 'http://api.themoviedb.org/3'
15:50:17.087 [Test worker] DEBUG o.s.c.e.PropertySourcesPropertyResolver - Found key 'movies.apiUri' in [environmentProperties] with type [String] and value 'http://api.themoviedb.org/3'
15:50:17.087 [Test worker] DEBUG o.s.b.f.s.DefaultListableBeanFactory - Returning cached instance of singleton bean 'org.springframework.retry.annotation.RetryConfiguration'
15:50:17.087 [Test worker] DEBUG o.s.b.f.s.DefaultListableBeanFactory - Returning cached instance of singleton bean 'org.springframework.retry.annotation.RetryConfiguration'
15:50:17.088 [Test worker] DEBUG o.s.b.f.s.DefaultListableBeanFactory - Finished creating instance of bean 'platformConfiguration'
15:50:17.088 [Test worker] DEBUG o.s.b.f.s.DefaultListableBeanFactory - Creating shared instance of singleton bean 'webConfiguration'
15:50:17.088 [Test worker] DEBUG o.s.b.f.s.DefaultListableBeanFactory - Creating instance of bean 'webConfiguration'
15:50:17.088 [Test worker] DEBUG o.s.b.f.s.DefaultListableBeanFactory - Returning cached instance of singleton bean 'org.springframework.retry.annotation.RetryConfiguration'
15:50:17.100 [Test worker] DEBUG o.s.b.f.s.DefaultListableBeanFactory - Eagerly caching bean 'webConfiguration' to allow for resolving potential circular references
15:50:17.101 [Test worker] DEBUG o.s.b.f.s.DefaultListableBeanFactory - Returning cached instance of singleton bean 'org.springframework.retry.annotation.RetryConfiguration'
15:50:17.101 [Test worker] DEBUG o.s.b.f.s.DefaultListableBeanFactory - Returning cached instance of singleton bean 'org.springframework.retry.annotation.RetryConfiguration'
15:50:17.102 [Test worker] DEBUG o.s.b.f.s.DefaultListableBeanFactory - Finished creating instance of bean 'webConfiguration'
15:50:17.102 [Test worker] DEBUG o.s.b.f.s.DefaultListableBeanFactory - Returning cached instance of singleton bean 'org.springframework.retry.annotation.RetryConfiguration'
15:50:17.102 [Test worker] DEBUG o.s.b.f.s.DefaultListableBeanFactory - Returning cached instance of singleton bean 'org.springframework.aop.config.internalAutoProxyCreator'
15:50:17.102 [Test worker] DEBUG o.s.b.f.s.DefaultListableBeanFactory - Returning cached instance of singleton bean 'restTemplate'
15:50:17.102 [Test worker] DEBUG o.s.b.f.s.DefaultListableBeanFactory - Returning cached instance of singleton bean 'objectMapper'
15:50:17.102 [Test worker] DEBUG o.s.b.f.s.DefaultListableBeanFactory - Returning cached instance of singleton bean 'placeHolderConfigurer'
15:50:17.102 [Test worker] DEBUG o.s.b.f.s.DefaultListableBeanFactory - Creating shared instance of singleton bean 'org.springframework.boot.autoconfigure.AutoConfigurationPackages'
15:50:17.102 [Test worker] DEBUG o.s.b.f.s.DefaultListableBeanFactory - Creating instance of bean 'org.springframework.boot.autoconfigure.AutoConfigurationPackages'
15:50:17.102 [Test worker] DEBUG o.s.b.f.s.DefaultListableBeanFactory - Returning cached instance of singleton bean 'org.springframework.retry.annotation.RetryConfiguration'
15:50:17.104 [Test worker] DEBUG o.s.b.f.s.DefaultListableBeanFactory - Eagerly caching bean 'org.springframework.boot.autoconfigure.AutoConfigurationPackages' to allow for resolving potential circular references
15:50:17.106 [Test worker] DEBUG o.s.b.f.s.DefaultListableBeanFactory - Returning cached instance of singleton bean 'org.springframework.retry.annotation.RetryConfiguration'
15:50:17.106 [Test worker] DEBUG o.s.b.f.s.DefaultListableBeanFactory - Returning cached instance of singleton bean 'org.springframework.retry.annotation.RetryConfiguration'
15:50:17.106 [Test worker] DEBUG o.s.b.f.s.DefaultListableBeanFactory - Finished creating instance of bean 'org.springframework.boot.autoconfigure.AutoConfigurationPackages'
15:50:17.106 [Test worker] DEBUG o.s.b.f.s.DefaultListableBeanFactory - Creating shared instance of singleton bean 'org.springframework.boot.autoconfigure.PropertyPlaceholderAutoConfiguration'
15:50:17.106 [Test worker] DEBUG o.s.b.f.s.DefaultListableBeanFactory - Creating instance of bean 'org.springframework.boot.autoconfigure.PropertyPlaceholderAutoConfiguration'
15:50:17.106 [Test worker] DEBUG o.s.b.f.s.DefaultListableBeanFactory - Returning cached instance of singleton bean 'org.springframework.retry.annotation.RetryConfiguration'
15:50:17.107 [Test worker] DEBUG o.s.b.f.s.DefaultListableBeanFactory - Eagerly caching bean 'org.springframework.boot.autoconfigure.PropertyPlaceholderAutoConfiguration' to allow for resolving potential circular references
15:50:17.109 [Test worker] DEBUG o.s.b.f.s.DefaultListableBeanFactory - Returning cached instance of singleton bean 'org.springframework.retry.annotation.RetryConfiguration'
15:50:17.109 [Test worker] DEBUG o.s.b.f.s.DefaultListableBeanFactory - Returning cached instance of singleton bean 'org.springframework.retry.annotation.RetryConfiguration'
15:50:17.110 [Test worker] DEBUG o.s.b.f.s.DefaultListableBeanFactory - Finished creating instance of bean 'org.springframework.boot.autoconfigure.PropertyPlaceholderAutoConfiguration'
15:50:17.110 [Test worker] DEBUG o.s.b.f.s.DefaultListableBeanFactory - Returning cached instance of singleton bean 'org.springframework.boot.autoconfigure.condition.BeanTypeRegistry'
15:50:17.110 [Test worker] DEBUG o.s.b.f.s.DefaultListableBeanFactory - Creating shared instance of singleton bean 'org.springframework.boot.autoconfigure.websocket.WebSocketAutoConfiguration$TomcatWebSocketConfiguration'
15:50:17.110 [Test worker] DEBUG o.s.b.f.s.DefaultListableBeanFactory - Creating instance of bean 'org.springframework.boot.autoconfigure.websocket.WebSocketAutoConfiguration$TomcatWebSocketConfiguration'
15:50:17.110 [Test worker] DEBUG o.s.b.f.s.DefaultListableBeanFactory - Returning cached instance of singleton bean 'org.springframework.retry.annotation.RetryConfiguration'
15:50:17.111 [Test worker] DEBUG o.s.b.f.s.DefaultListableBeanFactory - Eagerly caching bean 'org.springframework.boot.autoconfigure.websocket.WebSocketAutoConfiguration$TomcatWebSocketConfiguration' to allow for resolving potential circular references
15:50:17.115 [Test worker] DEBUG o.s.b.f.s.DefaultListableBeanFactory - Returning cached instance of singleton bean 'org.springframework.retry.annotation.RetryConfiguration'
15:50:17.115 [Test worker] DEBUG o.s.b.f.s.DefaultListableBeanFactory - Returning cached instance of singleton bean 'org.springframework.retry.annotation.RetryConfiguration'
15:50:17.115 [Test worker] DEBUG o.s.b.f.s.DefaultListableBeanFactory - Finished creating instance of bean 'org.springframework.boot.autoconfigure.websocket.WebSocketAutoConfiguration$TomcatWebSocketConfiguration'
15:50:17.115 [Test worker] DEBUG o.s.b.f.s.DefaultListableBeanFactory - Creating shared instance of singleton bean 'websocketContainerCustomizer'
15:50:17.115 [Test worker] DEBUG o.s.b.f.s.DefaultListableBeanFactory - Creating instance of bean 'websocketContainerCustomizer'
15:50:17.116 [Test worker] DEBUG o.s.b.f.s.DefaultListableBeanFactory - Returning cached instance of singleton bean 'org.springframework.retry.annotation.RetryConfiguration'
15:50:17.116 [Test worker] DEBUG o.s.b.f.s.DefaultListableBeanFactory - Returning cached instance of singleton bean 'org.springframework.boot.autoconfigure.websocket.WebSocketAutoConfiguration$TomcatWebSocketConfiguration'
15:50:17.133 [Test worker] DEBUG o.s.b.f.s.DefaultListableBeanFactory - Eagerly caching bean 'websocketContainerCustomizer' to allow for resolving potential circular references
15:50:17.136 [Test worker] DEBUG o.s.b.f.s.DefaultListableBeanFactory - Returning cached instance of singleton bean 'org.springframework.retry.annotation.RetryConfiguration'
15:50:17.136 [Test worker] DEBUG o.s.b.f.s.DefaultListableBeanFactory - Returning cached instance of singleton bean 'org.springframework.retry.annotation.RetryConfiguration'
15:50:17.136 [Test worker] DEBUG o.s.b.f.s.DefaultListableBeanFactory - Finished creating instance of bean 'websocketContainerCustomizer'
15:50:17.136 [Test worker] DEBUG o.s.b.f.s.DefaultListableBeanFactory - Creating shared instance of singleton bean 'org.springframework.boot.autoconfigure.websocket.WebSocketAutoConfiguration'
15:50:17.136 [Test worker] DEBUG o.s.b.f.s.DefaultListableBeanFactory - Creating instance of bean 'org.springframework.boot.autoconfigure.websocket.WebSocketAutoConfiguration'
15:50:17.137 [Test worker] DEBUG o.s.b.f.s.DefaultListableBeanFactory - Returning cached instance of singleton bean 'org.springframework.retry.annotation.RetryConfiguration'
15:50:17.137 [Test worker] DEBUG o.s.b.f.s.DefaultListableBeanFactory - Eagerly caching bean 'org.springframework.boot.autoconfigure.websocket.WebSocketAutoConfiguration' to allow for resolving potential circular references
15:50:17.140 [Test worker] DEBUG o.s.b.f.s.DefaultListableBeanFactory - Returning cached instance of singleton bean 'org.springframework.retry.annotation.RetryConfiguration'
15:50:17.140 [Test worker] DEBUG o.s.b.f.s.DefaultListableBeanFactory - Returning cached instance of singleton bean 'org.springframework.retry.annotation.RetryConfiguration'
15:50:17.140 [Test worker] DEBUG o.s.b.f.s.DefaultListableBeanFactory - Finished creating instance of bean 'org.springframework.boot.autoconfigure.websocket.WebSocketAutoConfiguration'
15:50:17.141 [Test worker] DEBUG o.s.b.f.s.DefaultListableBeanFactory - Creating shared instance of singleton bean 'org.springframework.boot.actuate.autoconfigure.AuditAutoConfiguration$AuditEventRepositoryConfiguration'
15:50:17.141 [Test worker] DEBUG o.s.b.f.s.DefaultListableBeanFactory - Creating instance of bean 'org.springframework.boot.actuate.autoconfigure.AuditAutoConfiguration$AuditEventRepositoryConfiguration'
15:50:17.141 [Test worker] DEBUG o.s.b.f.s.DefaultListableBeanFactory - Returning cached instance of singleton bean 'org.springframework.retry.annotation.RetryConfiguration'
15:50:17.141 [Test worker] DEBUG o.s.b.f.s.DefaultListableBeanFactory - Eagerly caching bean 'org.springframework.boot.actuate.autoconfigure.AuditAutoConfiguration$AuditEventRepositoryConfiguration' to allow for resolving potential circular references
15:50:17.143 [Test worker] DEBUG o.s.b.f.s.DefaultListableBeanFactory - Returning cached instance of singleton bean 'org.springframework.retry.annotation.RetryConfiguration'
15:50:17.143 [Test worker] DEBUG o.s.b.f.s.DefaultListableBeanFactory - Returning cached instance of singleton bean 'org.springframework.retry.annotation.RetryConfiguration'
15:50:17.143 [Test worker] DEBUG o.s.b.f.s.DefaultListableBeanFactory - Finished creating instance of bean 'org.springframework.boot.actuate.autoconfigure.AuditAutoConfiguration$AuditEventRepositoryConfiguration'
15:50:17.144 [Test worker] DEBUG o.s.b.f.s.DefaultListableBeanFactory - Creating shared instance of singleton bean 'auditEventRepository'
15:50:17.144 [Test worker] DEBUG o.s.b.f.s.DefaultListableBeanFactory - Creating instance of bean 'auditEventRepository'
15:50:17.144 [Test worker] DEBUG o.s.b.f.s.DefaultListableBeanFactory - Returning cached instance of singleton bean 'org.springframework.retry.annotation.RetryConfiguration'
15:50:17.144 [Test worker] DEBUG o.s.b.f.s.DefaultListableBeanFactory - Returning cached instance of singleton bean 'org.springframework.boot.actuate.autoconfigure.AuditAutoConfiguration$AuditEventRepositoryConfiguration'
15:50:17.146 [Test worker] DEBUG o.s.b.f.s.DefaultListableBeanFactory - Eagerly caching bean 'auditEventRepository' to allow for resolving potential circular references
15:50:17.147 [Test worker] DEBUG o.s.b.f.s.DefaultListableBeanFactory - Returning cached instance of singleton bean 'org.springframework.retry.annotation.RetryConfiguration'
15:50:17.147 [Test worker] DEBUG o.s.b.f.s.DefaultListableBeanFactory - Returning cached instance of singleton bean 'org.springframework.retry.annotation.RetryConfiguration'
15:50:17.148 [Test worker] DEBUG o.s.b.f.s.DefaultListableBeanFactory - Finished creating instance of bean 'auditEventRepository'
15:50:17.148 [Test worker] DEBUG o.s.b.f.s.DefaultListableBeanFactory - Creating shared instance of singleton bean 'org.springframework.boot.actuate.autoconfigure.AuditAutoConfiguration'
15:50:17.148 [Test worker] DEBUG o.s.b.f.s.DefaultListableBeanFactory - Creating instance of bean 'org.springframework.boot.actuate.autoconfigure.AuditAutoConfiguration'
15:50:17.148 [Test worker] DEBUG o.s.b.f.s.DefaultListableBeanFactory - Returning cached instance of singleton bean 'org.springframework.retry.annotation.RetryConfiguration'
15:50:17.149 [Test worker] DEBUG o.s.b.f.annotation.InjectionMetadata - Registered injected element on class [org.springframework.boot.actuate.autoconfigure.AuditAutoConfiguration$$EnhancerBySpringCGLIB$$f16e3a66]: AutowiredFieldElement for private final org.springframework.boot.actuate.audit.AuditEventRepository org.springframework.boot.actuate.autoconfigure.AuditAutoConfiguration.auditEventRepository
15:50:17.149 [Test worker] DEBUG o.s.b.f.s.DefaultListableBeanFactory - Eagerly caching bean 'org.springframework.boot.actuate.autoconfigure.AuditAutoConfiguration' to allow for resolving potential circular references
15:50:17.151 [Test worker] DEBUG o.s.b.f.annotation.InjectionMetadata - Processing injected element of bean 'org.springframework.boot.actuate.autoconfigure.AuditAutoConfiguration': AutowiredFieldElement for private final org.springframework.boot.actuate.audit.AuditEventRepository org.springframework.boot.actuate.autoconfigure.AuditAutoConfiguration.auditEventRepository
15:50:17.152 [Test worker] DEBUG o.s.b.f.s.DefaultListableBeanFactory - Returning cached instance of singleton bean 'auditEventRepository'
15:50:17.152 [Test worker] DEBUG o.s.b.f.a.AutowiredAnnotationBeanPostProcessor - Autowiring by type from bean name 'org.springframework.boot.actuate.autoconfigure.AuditAutoConfiguration' to bean named 'auditEventRepository'
15:50:17.153 [Test worker] DEBUG o.s.b.f.s.DefaultListableBeanFactory - Returning cached instance of singleton bean 'org.springframework.retry.annotation.RetryConfiguration'
15:50:17.153 [Test worker] DEBUG o.s.b.f.s.DefaultListableBeanFactory - Returning cached instance of singleton bean 'org.springframework.retry.annotation.RetryConfiguration'
15:50:17.154 [Test worker] DEBUG o.s.b.f.s.DefaultListableBeanFactory - Finished creating instance of bean 'org.springframework.boot.actuate.autoconfigure.AuditAutoConfiguration'
15:50:17.154 [Test worker] DEBUG o.s.b.f.s.DefaultListableBeanFactory - Creating shared instance of singleton bean 'auditListener'
15:50:17.154 [Test worker] DEBUG o.s.b.f.s.DefaultListableBeanFactory - Creating instance of bean 'auditListener'
15:50:17.154 [Test worker] DEBUG o.s.b.f.s.DefaultListableBeanFactory - Returning cached instance of singleton bean 'org.springframework.retry.annotation.RetryConfiguration'
15:50:17.154 [Test worker] DEBUG o.s.b.f.s.DefaultListableBeanFactory - Returning cached instance of singleton bean 'org.springframework.boot.actuate.autoconfigure.AuditAutoConfiguration'
15:50:17.161 [Test worker] DEBUG o.s.b.f.s.DefaultListableBeanFactory - Eagerly caching bean 'auditListener' to allow for resolving potential circular references
15:50:17.163 [Test worker] DEBUG o.s.b.f.s.DefaultListableBeanFactory - Returning cached instance of singleton bean 'org.springframework.retry.annotation.RetryConfiguration'
15:50:17.163 [Test worker] DEBUG o.s.b.f.s.DefaultListableBeanFactory - Returning cached instance of singleton bean 'org.springframework.retry.annotation.RetryConfiguration'
15:50:17.163 [Test worker] DEBUG o.s.b.f.s.DefaultListableBeanFactory - Finished creating instance of bean 'auditListener'
15:50:17.163 [Test worker] DEBUG o.s.b.f.s.DefaultListableBeanFactory - Creating shared instance of singleton bean 'org.springframework.boot.actuate.autoconfigure.MetricRepositoryAutoConfiguration$DropwizardMetricRegistryConfiguration'
15:50:17.163 [Test worker] DEBUG o.s.b.f.s.DefaultListableBeanFactory - Creating instance of bean 'org.springframework.boot.actuate.autoconfigure.MetricRepositoryAutoConfiguration$DropwizardMetricRegistryConfiguration'
15:50:17.163 [Test worker] DEBUG o.s.b.f.s.DefaultListableBeanFactory - Returning cached instance of singleton bean 'org.springframework.retry.annotation.RetryConfiguration'
15:50:17.164 [Test worker] DEBUG o.s.b.f.s.DefaultListableBeanFactory - Eagerly caching bean 'org.springframework.boot.actuate.autoconfigure.MetricRepositoryAutoConfiguration$DropwizardMetricRegistryConfiguration' to allow for resolving potential circular references
15:50:17.167 [Test worker] DEBUG o.s.b.f.s.DefaultListableBeanFactory - Returning cached instance of singleton bean 'org.springframework.retry.annotation.RetryConfiguration'
15:50:17.167 [Test worker] DEBUG o.s.b.f.s.DefaultListableBeanFactory - Returning cached instance of singleton bean 'org.springframework.retry.annotation.RetryConfiguration'
15:50:17.168 [Test worker] DEBUG o.s.b.f.s.DefaultListableBeanFactory - Finished creating instance of bean 'org.springframework.boot.actuate.autoconfigure.MetricRepositoryAutoConfiguration$DropwizardMetricRegistryConfiguration'
15:50:17.168 [Test worker] DEBUG o.s.b.f.s.DefaultListableBeanFactory - Creating shared instance of singleton bean 'metricRegistry'
15:50:17.168 [Test worker] DEBUG o.s.b.f.s.DefaultListableBeanFactory - Creating instance of bean 'metricRegistry'
15:50:17.168 [Test worker] DEBUG o.s.b.f.s.DefaultListableBeanFactory - Returning cached instance of singleton bean 'org.springframework.retry.annotation.RetryConfiguration'
15:50:17.168 [Test worker] DEBUG o.s.b.f.s.DefaultListableBeanFactory - Returning cached instance of singleton bean 'org.springframework.boot.actuate.autoconfigure.MetricRepositoryAutoConfiguration$DropwizardMetricRegistryConfiguration'
15:50:17.179 [Test worker] DEBUG o.s.b.f.s.DefaultListableBeanFactory - Eagerly caching bean 'metricRegistry' to allow for resolving potential circular references
15:50:17.183 [Test worker] DEBUG o.s.b.f.s.DefaultListableBeanFactory - Returning cached instance of singleton bean 'org.springframework.retry.annotation.RetryConfiguration'
15:50:17.183 [Test worker] DEBUG o.s.b.f.s.DefaultListableBeanFactory - Returning cached instance of singleton bean 'org.springframework.retry.annotation.RetryConfiguration'
15:50:17.183 [Test worker] DEBUG o.s.b.f.s.DefaultListableBeanFactory - Finished creating instance of bean 'metricRegistry'
15:50:17.183 [Test worker] DEBUG o.s.b.f.s.DefaultListableBeanFactory - Creating shared instance of singleton bean 'dropwizardMetricWriter'
15:50:17.183 [Test worker] DEBUG o.s.b.f.s.DefaultListableBeanFactory - Creating instance of bean 'dropwizardMetricWriter'
15:50:17.183 [Test worker] DEBUG o.s.b.f.s.DefaultListableBeanFactory - Returning cached instance of singleton bean 'org.springframework.retry.annotation.RetryConfiguration'
15:50:17.183 [Test worker] DEBUG o.s.b.f.s.DefaultListableBeanFactory - Returning cached instance of singleton bean 'org.springframework.boot.actuate.autoconfigure.MetricRepositoryAutoConfiguration$DropwizardMetricRegistryConfiguration'
15:50:17.185 [Test worker] DEBUG o.s.b.f.s.DefaultListableBeanFactory - Returning cached instance of singleton bean 'metricRegistry'
15:50:17.185 [Test worker] DEBUG o.s.b.f.s.DefaultListableBeanFactory - Autowiring by type from bean name 'dropwizardMetricWriter' via factory method to bean named 'metricRegistry'
15:50:17.186 [Test worker] DEBUG o.s.b.f.s.DefaultListableBeanFactory - Eagerly caching bean 'dropwizardMetricWriter' to allow for resolving potential circular references
15:50:17.188 [Test worker] DEBUG o.s.b.f.s.DefaultListableBeanFactory - Returning cached instance of singleton bean 'org.springframework.retry.annotation.RetryConfiguration'
15:50:17.188 [Test worker] DEBUG o.s.b.f.s.DefaultListableBeanFactory - Returning cached instance of singleton bean 'org.springframework.retry.annotation.RetryConfiguration'
15:50:17.189 [Test worker] DEBUG o.s.b.f.s.DefaultListableBeanFactory - Finished creating instance of bean 'dropwizardMetricWriter'
15:50:17.189 [Test worker] DEBUG o.s.b.f.s.DefaultListableBeanFactory - Creating shared instance of singleton bean 'primaryMetricWriter'
15:50:17.189 [Test worker] DEBUG o.s.b.f.s.DefaultListableBeanFactory - Creating instance of bean 'primaryMetricWriter'
15:50:17.189 [Test worker] DEBUG o.s.b.f.s.DefaultListableBeanFactory - Returning cached instance of singleton bean 'org.springframework.retry.annotation.RetryConfiguration'
15:50:17.189 [Test worker] DEBUG o.s.b.f.s.DefaultListableBeanFactory - Returning cached instance of singleton bean 'org.springframework.boot.actuate.autoconfigure.MetricRepositoryAutoConfiguration$DropwizardMetricRegistryConfiguration'
15:50:17.191 [Test worker] DEBUG o.s.b.f.s.DefaultListableBeanFactory - Returning cached instance of singleton bean 'dropwizardMetricWriter'
15:50:17.191 [Test worker] DEBUG o.s.b.f.s.DefaultListableBeanFactory - Creating shared instance of singleton bean 'actuatorMetricRepository'
15:50:17.191 [Test worker] DEBUG o.s.b.f.s.DefaultListableBeanFactory - Creating instance of bean 'actuatorMetricRepository'
15:50:17.191 [Test worker] DEBUG o.s.b.f.s.DefaultListableBeanFactory - Returning cached instance of singleton bean 'org.springframework.retry.annotation.RetryConfiguration'
15:50:17.192 [Test worker] DEBUG o.s.b.f.s.DefaultListableBeanFactory - Creating shared instance of singleton bean 'org.springframework.boot.actuate.autoconfigure.MetricRepositoryAutoConfiguration$MetricRepositoryConfiguration'
15:50:17.192 [Test worker] DEBUG o.s.b.f.s.DefaultListableBeanFactory - Creating instance of bean 'org.springframework.boot.actuate.autoconfigure.MetricRepositoryAutoConfiguration$MetricRepositoryConfiguration'
15:50:17.192 [Test worker] DEBUG o.s.b.f.s.DefaultListableBeanFactory - Returning cached instance of singleton bean 'org.springframework.retry.annotation.RetryConfiguration'
15:50:17.192 [Test worker] DEBUG o.s.b.f.s.DefaultListableBeanFactory - Eagerly caching bean 'org.springframework.boot.actuate.autoconfigure.MetricRepositoryAutoConfiguration$MetricRepositoryConfiguration' to allow for resolving potential circular references
15:50:17.195 [Test worker] DEBUG o.s.b.f.s.DefaultListableBeanFactory - Returning cached instance of singleton bean 'org.springframework.retry.annotation.RetryConfiguration'
15:50:17.195 [Test worker] DEBUG o.s.b.f.s.DefaultListableBeanFactory - Returning cached instance of singleton bean 'org.springframework.retry.annotation.RetryConfiguration'
15:50:17.195 [Test worker] DEBUG o.s.b.f.s.DefaultListableBeanFactory - Finished creating instance of bean 'org.springframework.boot.actuate.autoconfigure.MetricRepositoryAutoConfiguration$MetricRepositoryConfiguration'
15:50:17.204 [Test worker] DEBUG o.s.b.f.s.DefaultListableBeanFactory - Eagerly caching bean 'actuatorMetricRepository' to allow for resolving potential circular references
15:50:17.206 [Test worker] DEBUG o.s.b.f.s.DefaultListableBeanFactory - Returning cached instance of singleton bean 'org.springframework.retry.annotation.RetryConfiguration'
15:50:17.206 [Test worker] DEBUG o.s.b.f.s.DefaultListableBeanFactory - Returning cached instance of singleton bean 'org.springframework.retry.annotation.RetryConfiguration'
15:50:17.206 [Test worker] DEBUG o.s.b.f.s.DefaultListableBeanFactory - Finished creating instance of bean 'actuatorMetricRepository'
15:50:17.209 [Test worker] DEBUG o.s.b.f.s.DefaultListableBeanFactory - Autowiring by type from bean name 'primaryMetricWriter' via factory method to bean named 'dropwizardMetricWriter'
15:50:17.209 [Test worker] DEBUG o.s.b.f.s.DefaultListableBeanFactory - Autowiring by type from bean name 'primaryMetricWriter' via factory method to bean named 'actuatorMetricRepository'
15:50:17.210 [Test worker] DEBUG o.s.b.f.s.DefaultListableBeanFactory - Eagerly caching bean 'primaryMetricWriter' to allow for resolving potential circular references
15:50:17.212 [Test worker] DEBUG o.s.b.f.s.DefaultListableBeanFactory - Returning cached instance of singleton bean 'org.springframework.retry.annotation.RetryConfiguration'
15:50:17.212 [Test worker] DEBUG o.s.b.f.s.DefaultListableBeanFactory - Returning cached instance of singleton bean 'org.springframework.retry.annotation.RetryConfiguration'
15:50:17.212 [Test worker] DEBUG o.s.b.f.s.DefaultListableBeanFactory - Finished creating instance of bean 'primaryMetricWriter'
15:50:17.212 [Test worker] DEBUG o.s.b.f.s.DefaultListableBeanFactory - Creating shared instance of singleton bean 'dropwizardPublicMetrics'
15:50:17.212 [Test worker] DEBUG o.s.b.f.s.DefaultListableBeanFactory - Creating instance of bean 'dropwizardPublicMetrics'
15:50:17.212 [Test worker] DEBUG o.s.b.f.s.DefaultListableBeanFactory - Returning cached instance of singleton bean 'org.springframework.retry.annotation.RetryConfiguration'
15:50:17.212 [Test worker] DEBUG o.s.b.f.s.DefaultListableBeanFactory - Returning cached instance of singleton bean 'org.springframework.boot.actuate.autoconfigure.MetricRepositoryAutoConfiguration$DropwizardMetricRegistryConfiguration'
15:50:17.212 [Test worker] DEBUG o.s.b.f.s.DefaultListableBeanFactory - Returning cached instance of singleton bean 'metricRegistry'
15:50:17.212 [Test worker] DEBUG o.s.b.f.s.DefaultListableBeanFactory - Autowiring by type from bean name 'dropwizardPublicMetrics' via factory method to bean named 'metricRegistry'
15:50:17.214 [Test worker] DEBUG o.s.b.f.s.DefaultListableBeanFactory - Eagerly caching bean 'dropwizardPublicMetrics' to allow for resolving potential circular references
15:50:17.216 [Test worker] DEBUG o.s.b.f.s.DefaultListableBeanFactory - Returning cached instance of singleton bean 'org.springframework.retry.annotation.RetryConfiguration'
15:50:17.216 [Test worker] DEBUG o.s.b.f.s.DefaultListableBeanFactory - Returning cached instance of singleton bean 'org.springframework.retry.annotation.RetryConfiguration'
15:50:17.216 [Test worker] DEBUG o.s.b.f.s.DefaultListableBeanFactory - Finished creating instance of bean 'dropwizardPublicMetrics'
15:50:17.216 [Test worker] DEBUG o.s.b.f.s.DefaultListableBeanFactory - Returning cached instance of singleton bean 'org.springframework.boot.actuate.autoconfigure.MetricRepositoryAutoConfiguration$MetricRepositoryConfiguration'
15:50:17.216 [Test worker] DEBUG o.s.b.f.s.DefaultListableBeanFactory - Returning cached instance of singleton bean 'actuatorMetricRepository'
15:50:17.216 [Test worker] DEBUG o.s.b.f.s.DefaultListableBeanFactory - Creating shared instance of singleton bean 'org.springframework.boot.actuate.autoconfigure.MetricRepositoryAutoConfiguration'
15:50:17.216 [Test worker] DEBUG o.s.b.f.s.DefaultListableBeanFactory - Creating instance of bean 'org.springframework.boot.actuate.autoconfigure.MetricRepositoryAutoConfiguration'
15:50:17.216 [Test worker] DEBUG o.s.b.f.s.DefaultListableBeanFactory - Returning cached instance of singleton bean 'org.springframework.retry.annotation.RetryConfiguration'
15:50:17.217 [Test worker] DEBUG o.s.b.f.annotation.InjectionMetadata - Registered injected element on class [org.springframework.boot.actuate.autoconfigure.MetricRepositoryAutoConfiguration$$EnhancerBySpringCGLIB$$5eb1d7d1]: AutowiredFieldElement for private org.springframework.boot.actuate.metrics.writer.MetricWriter org.springframework.boot.actuate.autoconfigure.MetricRepositoryAutoConfiguration.writer
15:50:17.217 [Test worker] DEBUG o.s.b.f.s.DefaultListableBeanFactory - Eagerly caching bean 'org.springframework.boot.actuate.autoconfigure.MetricRepositoryAutoConfiguration' to allow for resolving potential circular references
15:50:17.219 [Test worker] DEBUG o.s.b.f.annotation.InjectionMetadata - Processing injected element of bean 'org.springframework.boot.actuate.autoconfigure.MetricRepositoryAutoConfiguration': AutowiredFieldElement for private org.springframework.boot.actuate.metrics.writer.MetricWriter org.springframework.boot.actuate.autoconfigure.MetricRepositoryAutoConfiguration.writer
15:50:17.219 [Test worker] DEBUG o.s.b.f.s.DefaultListableBeanFactory - Returning cached instance of singleton bean 'dropwizardMetricWriter'
15:50:17.219 [Test worker] DEBUG o.s.b.f.s.DefaultListableBeanFactory - Returning cached instance of singleton bean 'primaryMetricWriter'
15:50:17.219 [Test worker] DEBUG o.s.b.f.s.DefaultListableBeanFactory - Returning cached instance of singleton bean 'actuatorMetricRepository'
15:50:17.219 [Test worker] DEBUG o.s.b.f.a.AutowiredAnnotationBeanPostProcessor - Autowiring by type from bean name 'org.springframework.boot.actuate.autoconfigure.MetricRepositoryAutoConfiguration' to bean named 'primaryMetricWriter'
15:50:17.220 [Test worker] DEBUG o.s.b.f.s.DefaultListableBeanFactory - Returning cached instance of singleton bean 'org.springframework.retry.annotation.RetryConfiguration'
15:50:17.221 [Test worker] DEBUG o.s.b.f.s.DefaultListableBeanFactory - Returning cached instance of singleton bean 'org.springframework.retry.annotation.RetryConfiguration'
15:50:17.223 [Test worker] DEBUG o.s.b.f.s.DefaultListableBeanFactory - Finished creating instance of bean 'org.springframework.boot.actuate.autoconfigure.MetricRepositoryAutoConfiguration'
15:50:17.223 [Test worker] DEBUG o.s.b.f.s.DefaultListableBeanFactory - Creating shared instance of singleton bean 'counterService'
15:50:17.223 [Test worker] DEBUG o.s.b.f.s.DefaultListableBeanFactory - Creating instance of bean 'counterService'
15:50:17.223 [Test worker] DEBUG o.s.b.f.s.DefaultListableBeanFactory - Returning cached instance of singleton bean 'org.springframework.retry.annotation.RetryConfiguration'
15:50:17.223 [Test worker] DEBUG o.s.b.f.s.DefaultListableBeanFactory - Returning cached instance of singleton bean 'org.springframework.boot.actuate.autoconfigure.MetricRepositoryAutoConfiguration'
15:50:17.228 [Test worker] DEBUG o.s.b.f.s.DefaultListableBeanFactory - Eagerly caching bean 'counterService' to allow for resolving potential circular references
15:50:17.229 [Test worker] DEBUG o.s.b.f.s.DefaultListableBeanFactory - Returning cached instance of singleton bean 'org.springframework.retry.annotation.RetryConfiguration'
15:50:17.230 [Test worker] DEBUG o.s.b.f.s.DefaultListableBeanFactory - Returning cached instance of singleton bean 'org.springframework.retry.annotation.RetryConfiguration'
15:50:17.230 [Test worker] DEBUG o.s.b.f.s.DefaultListableBeanFactory - Finished creating instance of bean 'counterService'
15:50:17.230 [Test worker] DEBUG o.s.b.f.s.DefaultListableBeanFactory - Creating shared instance of singleton bean 'gaugeService'
15:50:17.230 [Test worker] DEBUG o.s.b.f.s.DefaultListableBeanFactory - Creating instance of bean 'gaugeService'
15:50:17.230 [Test worker] DEBUG o.s.b.f.s.DefaultListableBeanFactory - Returning cached instance of singleton bean 'org.springframework.retry.annotation.RetryConfiguration'
15:50:17.230 [Test worker] DEBUG o.s.b.f.s.DefaultListableBeanFactory - Returning cached instance of singleton bean 'org.springframework.boot.actuate.autoconfigure.MetricRepositoryAutoConfiguration'
15:50:17.231 [Test worker] DEBUG o.s.b.f.s.DefaultListableBeanFactory - Eagerly caching bean 'gaugeService' to allow for resolving potential circular references
15:50:17.232 [Test worker] DEBUG o.s.b.f.s.DefaultListableBeanFactory - Returning cached instance of singleton bean 'org.springframework.retry.annotation.RetryConfiguration'
15:50:17.232 [Test worker] DEBUG o.s.b.f.s.DefaultListableBeanFactory - Returning cached instance of singleton bean 'org.springframework.retry.annotation.RetryConfiguration'
15:50:17.232 [Test worker] DEBUG o.s.b.f.s.DefaultListableBeanFactory - Finished creating instance of bean 'gaugeService'
15:50:17.232 [Test worker] DEBUG o.s.b.f.s.DefaultListableBeanFactory - Creating shared instance of singleton bean 'org.springframework.boot.actuate.autoconfigure.PublicMetricsAutoConfiguration$TomcatMetricsConfiguration'
15:50:17.232 [Test worker] DEBUG o.s.b.f.s.DefaultListableBeanFactory - Creating instance of bean 'org.springframework.boot.actuate.autoconfigure.PublicMetricsAutoConfiguration$TomcatMetricsConfiguration'
15:50:17.232 [Test worker] DEBUG o.s.b.f.s.DefaultListableBeanFactory - Returning cached instance of singleton bean 'org.springframework.retry.annotation.RetryConfiguration'
15:50:17.233 [Test worker] DEBUG o.s.b.f.s.DefaultListableBeanFactory - Eagerly caching bean 'org.springframework.boot.actuate.autoconfigure.PublicMetricsAutoConfiguration$TomcatMetricsConfiguration' to allow for resolving potential circular references
15:50:17.234 [Test worker] DEBUG o.s.b.f.s.DefaultListableBeanFactory - Returning cached instance of singleton bean 'org.springframework.retry.annotation.RetryConfiguration'
15:50:17.234 [Test worker] DEBUG o.s.b.f.s.DefaultListableBeanFactory - Returning cached instance of singleton bean 'org.springframework.retry.annotation.RetryConfiguration'
15:50:17.234 [Test worker] DEBUG o.s.b.f.s.DefaultListableBeanFactory - Finished creating instance of bean 'org.springframework.boot.actuate.autoconfigure.PublicMetricsAutoConfiguration$TomcatMetricsConfiguration'
15:50:17.234 [Test worker] DEBUG o.s.b.f.s.DefaultListableBeanFactory - Creating shared instance of singleton bean 'tomcatPublicMetrics'
15:50:17.235 [Test worker] DEBUG o.s.b.f.s.DefaultListableBeanFactory - Creating instance of bean 'tomcatPublicMetrics'
15:50:17.235 [Test worker] DEBUG o.s.b.f.s.DefaultListableBeanFactory - Returning cached instance of singleton bean 'org.springframework.retry.annotation.RetryConfiguration'
15:50:17.235 [Test worker] DEBUG o.s.b.f.s.DefaultListableBeanFactory - Returning cached instance of singleton bean 'org.springframework.boot.actuate.autoconfigure.PublicMetricsAutoConfiguration$TomcatMetricsConfiguration'
15:50:17.238 [Test worker] DEBUG o.s.b.f.s.DefaultListableBeanFactory - Eagerly caching bean 'tomcatPublicMetrics' to allow for resolving potential circular references
15:50:17.240 [Test worker] DEBUG o.s.b.f.s.DefaultListableBeanFactory - Returning cached instance of singleton bean 'org.springframework.retry.annotation.RetryConfiguration'
15:50:17.240 [Test worker] DEBUG o.s.b.f.s.DefaultListableBeanFactory - Returning cached instance of singleton bean 'org.springframework.retry.annotation.RetryConfiguration'
15:50:17.240 [Test worker] DEBUG o.s.b.f.s.DefaultListableBeanFactory - Finished creating instance of bean 'tomcatPublicMetrics'
15:50:17.240 [Test worker] DEBUG o.s.b.f.s.DefaultListableBeanFactory - Creating shared instance of singleton bean 'org.springframework.boot.actuate.autoconfigure.PublicMetricsAutoConfiguration'
15:50:17.240 [Test worker] DEBUG o.s.b.f.s.DefaultListableBeanFactory - Creating instance of bean 'org.springframework.boot.actuate.autoconfigure.PublicMetricsAutoConfiguration'
15:50:17.240 [Test worker] DEBUG o.s.b.f.s.DefaultListableBeanFactory - Returning cached instance of singleton bean 'org.springframework.retry.annotation.RetryConfiguration'
15:50:17.241 [Test worker] DEBUG o.s.b.f.annotation.InjectionMetadata - Registered injected element on class [org.springframework.boot.actuate.autoconfigure.PublicMetricsAutoConfiguration$$EnhancerBySpringCGLIB$$60dfc607]: AutowiredFieldElement for private org.springframework.boot.actuate.metrics.reader.MetricReader org.springframework.boot.actuate.autoconfigure.PublicMetricsAutoConfiguration.metricReader
15:50:17.241 [Test worker] DEBUG o.s.b.f.s.DefaultListableBeanFactory - Eagerly caching bean 'org.springframework.boot.actuate.autoconfigure.PublicMetricsAutoConfiguration' to allow for resolving potential circular references
15:50:17.243 [Test worker] DEBUG o.s.b.f.annotation.InjectionMetadata - Processing injected element of bean 'org.springframework.boot.actuate.autoconfigure.PublicMetricsAutoConfiguration': AutowiredFieldElement for private org.springframework.boot.actuate.metrics.reader.MetricReader org.springframework.boot.actuate.autoconfigure.PublicMetricsAutoConfiguration.metricReader
15:50:17.243 [Test worker] DEBUG o.s.b.f.s.DefaultListableBeanFactory - Returning cached instance of singleton bean 'actuatorMetricRepository'
15:50:17.243 [Test worker] DEBUG o.s.b.f.a.AutowiredAnnotationBeanPostProcessor - Autowiring by type from bean name 'org.springframework.boot.actuate.autoconfigure.PublicMetricsAutoConfiguration' to bean named 'actuatorMetricRepository'
15:50:17.243 [Test worker] DEBUG o.s.b.f.s.DefaultListableBeanFactory - Returning cached instance of singleton bean 'org.springframework.retry.annotation.RetryConfiguration'
15:50:17.244 [Test worker] DEBUG o.s.b.f.s.DefaultListableBeanFactory - Returning cached instance of singleton bean 'org.springframework.retry.annotation.RetryConfiguration'
15:50:17.244 [Test worker] DEBUG o.s.b.f.s.DefaultListableBeanFactory - Finished creating instance of bean 'org.springframework.boot.actuate.autoconfigure.PublicMetricsAutoConfiguration'
15:50:17.244 [Test worker] DEBUG o.s.b.f.s.DefaultListableBeanFactory - Creating shared instance of singleton bean 'systemPublicMetrics'
15:50:17.244 [Test worker] DEBUG o.s.b.f.s.DefaultListableBeanFactory - Creating instance of bean 'systemPublicMetrics'
15:50:17.244 [Test worker] DEBUG o.s.b.f.s.DefaultListableBeanFactory - Returning cached instance of singleton bean 'org.springframework.retry.annotation.RetryConfiguration'
15:50:17.244 [Test worker] DEBUG o.s.b.f.s.DefaultListableBeanFactory - Returning cached instance of singleton bean 'org.springframework.boot.actuate.autoconfigure.PublicMetricsAutoConfiguration'
15:50:17.251 [Test worker] DEBUG o.s.b.f.s.DefaultListableBeanFactory - Eagerly caching bean 'systemPublicMetrics' to allow for resolving potential circular references
15:50:17.253 [Test worker] DEBUG o.s.b.f.s.DefaultListableBeanFactory - Returning cached instance of singleton bean 'org.springframework.retry.annotation.RetryConfiguration'
15:50:17.253 [Test worker] DEBUG o.s.b.f.s.DefaultListableBeanFactory - Returning cached instance of singleton bean 'org.springframework.retry.annotation.RetryConfiguration'
15:50:17.253 [Test worker] DEBUG o.s.b.f.s.DefaultListableBeanFactory - Finished creating instance of bean 'systemPublicMetrics'
15:50:17.253 [Test worker] DEBUG o.s.b.f.s.DefaultListableBeanFactory - Creating shared instance of singleton bean 'metricReaderPublicMetrics'
15:50:17.253 [Test worker] DEBUG o.s.b.f.s.DefaultListableBeanFactory - Creating instance of bean 'metricReaderPublicMetrics'
15:50:17.253 [Test worker] DEBUG o.s.b.f.s.DefaultListableBeanFactory - Returning cached instance of singleton bean 'org.springframework.retry.annotation.RetryConfiguration'
15:50:17.253 [Test worker] DEBUG o.s.b.f.s.DefaultListableBeanFactory - Returning cached instance of singleton bean 'org.springframework.boot.actuate.autoconfigure.PublicMetricsAutoConfiguration'
15:50:17.254 [Test worker] DEBUG o.s.b.f.s.DefaultListableBeanFactory - Eagerly caching bean 'metricReaderPublicMetrics' to allow for resolving potential circular references
15:50:17.254 [Test worker] DEBUG o.s.b.f.s.DefaultListableBeanFactory - Returning cached instance of singleton bean 'org.springframework.retry.annotation.RetryConfiguration'
15:50:17.254 [Test worker] DEBUG o.s.b.f.s.DefaultListableBeanFactory - Returning cached instance of singleton bean 'org.springframework.retry.annotation.RetryConfiguration'
15:50:17.254 [Test worker] DEBUG o.s.b.f.s.DefaultListableBeanFactory - Finished creating instance of bean 'metricReaderPublicMetrics'
15:50:17.255 [Test worker] DEBUG o.s.b.f.s.DefaultListableBeanFactory - Creating shared instance of singleton bean 'org.springframework.boot.actuate.autoconfigure.HealthIndicatorAutoConfiguration$DiskSpaceHealthIndicatorConfiguration'
15:50:17.255 [Test worker] DEBUG o.s.b.f.s.DefaultListableBeanFactory - Creating instance of bean 'org.springframework.boot.actuate.autoconfigure.HealthIndicatorAutoConfiguration$DiskSpaceHealthIndicatorConfiguration'
15:50:17.255 [Test worker] DEBUG o.s.b.f.s.DefaultListableBeanFactory - Returning cached instance of singleton bean 'org.springframework.retry.annotation.RetryConfiguration'
15:50:17.255 [Test worker] DEBUG o.s.b.f.s.DefaultListableBeanFactory - Eagerly caching bean 'org.springframework.boot.actuate.autoconfigure.HealthIndicatorAutoConfiguration$DiskSpaceHealthIndicatorConfiguration' to allow for resolving potential circular references
15:50:17.258 [Test worker] DEBUG o.s.b.f.s.DefaultListableBeanFactory - Returning cached instance of singleton bean 'org.springframework.retry.annotation.RetryConfiguration'
15:50:17.258 [Test worker] DEBUG o.s.b.f.s.DefaultListableBeanFactory - Returning cached instance of singleton bean 'org.springframework.retry.annotation.RetryConfiguration'
15:50:17.258 [Test worker] DEBUG o.s.b.f.s.DefaultListableBeanFactory - Finished creating instance of bean 'org.springframework.boot.actuate.autoconfigure.HealthIndicatorAutoConfiguration$DiskSpaceHealthIndicatorConfiguration'
15:50:17.259 [Test worker] DEBUG o.s.b.f.s.DefaultListableBeanFactory - Creating shared instance of singleton bean 'diskSpaceHealthIndicator'
15:50:17.259 [Test worker] DEBUG o.s.b.f.s.DefaultListableBeanFactory - Creating instance of bean 'diskSpaceHealthIndicator'
15:50:17.259 [Test worker] DEBUG o.s.b.f.s.DefaultListableBeanFactory - Returning cached instance of singleton bean 'org.springframework.retry.annotation.RetryConfiguration'
15:50:17.259 [Test worker] DEBUG o.s.b.f.s.DefaultListableBeanFactory - Returning cached instance of singleton bean 'org.springframework.boot.actuate.autoconfigure.HealthIndicatorAutoConfiguration$DiskSpaceHealthIndicatorConfiguration'
15:50:17.260 [Test worker] DEBUG o.s.b.f.s.DefaultListableBeanFactory - Creating shared instance of singleton bean 'diskSpaceHealthIndicatorProperties'
15:50:17.260 [Test worker] DEBUG o.s.b.f.s.DefaultListableBeanFactory - Creating instance of bean 'diskSpaceHealthIndicatorProperties'
15:50:17.260 [Test worker] DEBUG o.s.b.f.s.DefaultListableBeanFactory - Returning cached instance of singleton bean 'org.springframework.retry.annotation.RetryConfiguration'
15:50:17.260 [Test worker] DEBUG o.s.b.f.s.DefaultListableBeanFactory - Returning cached instance of singleton bean 'org.springframework.boot.actuate.autoconfigure.HealthIndicatorAutoConfiguration$DiskSpaceHealthIndicatorConfiguration'
15:50:17.264 [Test worker] DEBUG o.s.b.f.s.DefaultListableBeanFactory - Eagerly caching bean 'diskSpaceHealthIndicatorProperties' to allow for resolving potential circular references
15:50:17.267 [Test worker] DEBUG o.s.core.env.MutablePropertySources - Adding [systemProperties] PropertySource with lowest search precedence
15:50:17.267 [Test worker] DEBUG o.s.core.env.MutablePropertySources - Adding [systemEnvironment] PropertySource with lowest search precedence
15:50:17.267 [Test worker] DEBUG o.s.core.env.MutablePropertySources - Adding [class path resource [application-test.properties]] PropertySource with lowest search precedence
15:50:17.267 [Test worker] DEBUG o.s.core.env.MutablePropertySources - Adding [localProperties] PropertySource with lowest search precedence
15:50:17.267 [Test worker] DEBUG o.s.core.env.MutablePropertySources - Adding [systemProperties] PropertySource with lowest search precedence
15:50:17.267 [Test worker] DEBUG o.s.core.env.MutablePropertySources - Adding [systemEnvironment] PropertySource with lowest search precedence
15:50:17.267 [Test worker] DEBUG o.s.core.env.MutablePropertySources - Adding [class path resource [application-test.properties]] PropertySource with lowest search precedence
15:50:17.267 [Test worker] DEBUG o.s.core.env.MutablePropertySources - Adding [localProperties] PropertySource with lowest search precedence
15:50:17.267 [Test worker] DEBUG o.s.c.e.PropertySourcesPropertyResolver - Searching for key 'movies.apiKey' in [systemProperties]
15:50:17.267 [Test worker] DEBUG o.s.c.e.PropertySourcesPropertyResolver - Searching for key 'movies.apiKey' in [systemEnvironment]
15:50:17.268 [Test worker] DEBUG o.s.c.e.PropertySourcesPropertyResolver - Searching for key 'movies.apiKey' in [class path resource [application-test.properties]]
15:50:17.268 [Test worker] DEBUG o.s.c.e.PropertySourcesPropertyResolver - Found key 'movies.apiKey' in [class path resource [application-test.properties]] with type [String] and value 'your_key_here'
15:50:17.268 [Test worker] DEBUG o.s.core.env.MutablePropertySources - Adding [systemProperties] PropertySource with lowest search precedence
15:50:17.268 [Test worker] DEBUG o.s.core.env.MutablePropertySources - Adding [systemEnvironment] PropertySource with lowest search precedence
15:50:17.268 [Test worker] DEBUG o.s.core.env.MutablePropertySources - Adding [class path resource [application-test.properties]] PropertySource with lowest search precedence
15:50:17.268 [Test worker] DEBUG o.s.core.env.MutablePropertySources - Adding [localProperties] PropertySource with lowest search precedence
15:50:17.268 [Test worker] DEBUG o.s.c.e.PropertySourcesPropertyResolver - Searching for key 'server.port' in [systemProperties]
15:50:17.268 [Test worker] DEBUG o.s.c.e.PropertySourcesPropertyResolver - Searching for key 'server.port' in [systemEnvironment]
15:50:17.268 [Test worker] DEBUG o.s.c.e.PropertySourcesPropertyResolver - Searching for key 'server.port' in [class path resource [application-test.properties]]
15:50:17.268 [Test worker] DEBUG o.s.c.e.PropertySourcesPropertyResolver - Found key 'server.port' in [class path resource [application-test.properties]] with type [String] and value '8080'
15:50:17.268 [Test worker] DEBUG o.s.core.env.MutablePropertySources - Adding [systemProperties] PropertySource with lowest search precedence
15:50:17.268 [Test worker] DEBUG o.s.core.env.MutablePropertySources - Adding [systemEnvironment] PropertySource with lowest search precedence
15:50:17.268 [Test worker] DEBUG o.s.core.env.MutablePropertySources - Adding [class path resource [application-test.properties]] PropertySource with lowest search precedence
15:50:17.268 [Test worker] DEBUG o.s.core.env.MutablePropertySources - Adding [localProperties] PropertySource with lowest search precedence
15:50:17.268 [Test worker] DEBUG o.s.c.e.PropertySourcesPropertyResolver - Searching for key 'adapter.connection.timeout.millisec' in [systemProperties]
15:50:17.268 [Test worker] DEBUG o.s.c.e.PropertySourcesPropertyResolver - Searching for key 'adapter.connection.timeout.millisec' in [systemEnvironment]
15:50:17.268 [Test worker] DEBUG o.s.c.e.PropertySourcesPropertyResolver - Searching for key 'adapter.connection.timeout.millisec' in [class path resource [application-test.properties]]
15:50:17.269 [Test worker] DEBUG o.s.c.e.PropertySourcesPropertyResolver - Found key 'adapter.connection.timeout.millisec' in [class path resource [application-test.properties]] with type [String] and value '5000'
15:50:17.269 [Test worker] DEBUG o.s.core.env.MutablePropertySources - Adding [systemProperties] PropertySource with lowest search precedence
15:50:17.269 [Test worker] DEBUG o.s.core.env.MutablePropertySources - Adding [systemEnvironment] PropertySource with lowest search precedence
15:50:17.269 [Test worker] DEBUG o.s.core.env.MutablePropertySources - Adding [class path resource [application-test.properties]] PropertySource with lowest search precedence
15:50:17.269 [Test worker] DEBUG o.s.core.env.MutablePropertySources - Adding [localProperties] PropertySource with lowest search precedence
15:50:17.269 [Test worker] DEBUG o.s.c.e.PropertySourcesPropertyResolver - Searching for key 'server.contextPath' in [systemProperties]
15:50:17.269 [Test worker] DEBUG o.s.c.e.PropertySourcesPropertyResolver - Searching for key 'server.contextPath' in [systemEnvironment]
15:50:17.269 [Test worker] DEBUG o.s.c.e.PropertySourcesPropertyResolver - Searching for key 'server.contextPath' in [class path resource [application-test.properties]]
15:50:17.269 [Test worker] DEBUG o.s.c.e.PropertySourcesPropertyResolver - Found key 'server.contextPath' in [class path resource [application-test.properties]] with type [String] and value '/movies-adapter'
15:50:17.269 [Test worker] DEBUG o.s.core.env.MutablePropertySources - Adding [systemProperties] PropertySource with lowest search precedence
15:50:17.269 [Test worker] DEBUG o.s.core.env.MutablePropertySources - Adding [systemEnvironment] PropertySource with lowest search precedence
15:50:17.269 [Test worker] DEBUG o.s.core.env.MutablePropertySources - Adding [class path resource [application-test.properties]] PropertySource with lowest search precedence
15:50:17.269 [Test worker] DEBUG o.s.core.env.MutablePropertySources - Adding [localProperties] PropertySource with lowest search precedence
15:50:17.269 [Test worker] DEBUG o.s.c.e.PropertySourcesPropertyResolver - Searching for key 'movies.searchMovieUri' in [systemProperties]
15:50:17.269 [Test worker] DEBUG o.s.c.e.PropertySourcesPropertyResolver - Searching for key 'movies.searchMovieUri' in [systemEnvironment]
15:50:17.269 [Test worker] DEBUG o.s.c.e.PropertySourcesPropertyResolver - Searching for key 'movies.searchMovieUri' in [class path resource [application-test.properties]]
15:50:17.269 [Test worker] DEBUG o.s.c.e.PropertySourcesPropertyResolver - Found key 'movies.searchMovieUri' in [class path resource [application-test.properties]] with type [String] and value '/search/movie'
15:50:17.270 [Test worker] DEBUG o.s.core.env.MutablePropertySources - Adding [systemProperties] PropertySource with lowest search precedence
15:50:17.270 [Test worker] DEBUG o.s.core.env.MutablePropertySources - Adding [systemEnvironment] PropertySource with lowest search precedence
15:50:17.270 [Test worker] DEBUG o.s.core.env.MutablePropertySources - Adding [class path resource [application-test.properties]] PropertySource with lowest search precedence
15:50:17.270 [Test worker] DEBUG o.s.core.env.MutablePropertySources - Adding [localProperties] PropertySource with lowest search precedence
15:50:17.270 [Test worker] DEBUG o.s.c.e.PropertySourcesPropertyResolver - Searching for key 'adapter.pooling.connection.defaultMaxPerRoute' in [systemProperties]
15:50:17.270 [Test worker] DEBUG o.s.c.e.PropertySourcesPropertyResolver - Searching for key 'adapter.pooling.connection.defaultMaxPerRoute' in [systemEnvironment]
15:50:17.270 [Test worker] DEBUG o.s.c.e.PropertySourcesPropertyResolver - Searching for key 'adapter.pooling.connection.defaultMaxPerRoute' in [class path resource [application-test.properties]]
15:50:17.270 [Test worker] DEBUG o.s.c.e.PropertySourcesPropertyResolver - Found key 'adapter.pooling.connection.defaultMaxPerRoute' in [class path resource [application-test.properties]] with type [String] and value '100'
15:50:17.270 [Test worker] DEBUG o.s.core.env.MutablePropertySources - Adding [systemProperties] PropertySource with lowest search precedence
15:50:17.270 [Test worker] DEBUG o.s.core.env.MutablePropertySources - Adding [systemEnvironment] PropertySource with lowest search precedence
15:50:17.270 [Test worker] DEBUG o.s.core.env.MutablePropertySources - Adding [class path resource [application-test.properties]] PropertySource with lowest search precedence
15:50:17.270 [Test worker] DEBUG o.s.core.env.MutablePropertySources - Adding [localProperties] PropertySource with lowest search precedence
15:50:17.270 [Test worker] DEBUG o.s.c.e.PropertySourcesPropertyResolver - Searching for key 'movies.apiUri' in [systemProperties]
15:50:17.270 [Test worker] DEBUG o.s.c.e.PropertySourcesPropertyResolver - Searching for key 'movies.apiUri' in [systemEnvironment]
15:50:17.270 [Test worker] DEBUG o.s.c.e.PropertySourcesPropertyResolver - Searching for key 'movies.apiUri' in [class path resource [application-test.properties]]
15:50:17.270 [Test worker] DEBUG o.s.c.e.PropertySourcesPropertyResolver - Found key 'movies.apiUri' in [class path resource [application-test.properties]] with type [String] and value 'http://api.themoviedb.org/3'
15:50:17.270 [Test worker] DEBUG o.s.core.env.MutablePropertySources - Adding [systemProperties] PropertySource with lowest search precedence
15:50:17.270 [Test worker] DEBUG o.s.core.env.MutablePropertySources - Adding [systemEnvironment] PropertySource with lowest search precedence
15:50:17.270 [Test worker] DEBUG o.s.core.env.MutablePropertySources - Adding [class path resource [application-test.properties]] PropertySource with lowest search precedence
15:50:17.270 [Test worker] DEBUG o.s.core.env.MutablePropertySources - Adding [localProperties] PropertySource with lowest search precedence
15:50:17.270 [Test worker] DEBUG o.s.c.e.PropertySourcesPropertyResolver - Searching for key 'adapter.pooling.connection.maxTotal' in [systemProperties]
15:50:17.271 [Test worker] DEBUG o.s.c.e.PropertySourcesPropertyResolver - Searching for key 'adapter.pooling.connection.maxTotal' in [systemEnvironment]
15:50:17.271 [Test worker] DEBUG o.s.c.e.PropertySourcesPropertyResolver - Searching for key 'adapter.pooling.connection.maxTotal' in [class path resource [application-test.properties]]
15:50:17.271 [Test worker] DEBUG o.s.c.e.PropertySourcesPropertyResolver - Found key 'adapter.pooling.connection.maxTotal' in [class path resource [application-test.properties]] with type [String] and value '500'
15:50:17.271 [Test worker] DEBUG o.s.core.env.MutablePropertySources - Adding [systemProperties] PropertySource with lowest search precedence
15:50:17.271 [Test worker] DEBUG o.s.core.env.MutablePropertySources - Adding [systemEnvironment] PropertySource with lowest search precedence
15:50:17.271 [Test worker] DEBUG o.s.core.env.MutablePropertySources - Adding [class path resource [application-test.properties]] PropertySource with lowest search precedence
15:50:17.271 [Test worker] DEBUG o.s.core.env.MutablePropertySources - Adding [localProperties] PropertySource with lowest search precedence
15:50:17.271 [Test worker] DEBUG o.s.c.e.PropertySourcesPropertyResolver - Searching for key 'adapter.read.timeout.millisec' in [systemProperties]
15:50:17.271 [Test worker] DEBUG o.s.c.e.PropertySourcesPropertyResolver - Searching for key 'adapter.read.timeout.millisec' in [systemEnvironment]
15:50:17.271 [Test worker] DEBUG o.s.c.e.PropertySourcesPropertyResolver - Searching for key 'adapter.read.timeout.millisec' in [class path resource [application-test.properties]]
15:50:17.271 [Test worker] DEBUG o.s.c.e.PropertySourcesPropertyResolver - Found key 'adapter.read.timeout.millisec' in [class path resource [application-test.properties]] with type [String] and value '30000'
15:50:17.275 [Test worker] DEBUG o.s.b.f.s.DefaultListableBeanFactory - Returning cached instance of singleton bean 'org.springframework.retry.annotation.RetryConfiguration'
15:50:17.275 [Test worker] DEBUG o.s.b.f.s.DefaultListableBeanFactory - Returning cached instance of singleton bean 'org.springframework.retry.annotation.RetryConfiguration'
15:50:17.276 [Test worker] DEBUG o.s.b.f.s.DefaultListableBeanFactory - Finished creating instance of bean 'diskSpaceHealthIndicatorProperties'
15:50:17.276 [Test worker] DEBUG o.s.b.f.s.DefaultListableBeanFactory - Autowiring by type from bean name 'diskSpaceHealthIndicator' via factory method to bean named 'diskSpaceHealthIndicatorProperties'
15:50:17.278 [Test worker] DEBUG o.s.b.f.s.DefaultListableBeanFactory - Eagerly caching bean 'diskSpaceHealthIndicator' to allow for resolving potential circular references
15:50:17.280 [Test worker] DEBUG o.s.b.f.s.DefaultListableBeanFactory - Returning cached instance of singleton bean 'org.springframework.retry.annotation.RetryConfiguration'
15:50:17.280 [Test worker] DEBUG o.s.b.f.s.DefaultListableBeanFactory - Returning cached instance of singleton bean 'org.springframework.retry.annotation.RetryConfiguration'
15:50:17.281 [Test worker] DEBUG o.s.b.f.s.DefaultListableBeanFactory - Finished creating instance of bean 'diskSpaceHealthIndicator'
15:50:17.281 [Test worker] DEBUG o.s.b.f.s.DefaultListableBeanFactory - Returning cached instance of singleton bean 'diskSpaceHealthIndicatorProperties'
15:50:17.281 [Test worker] DEBUG o.s.b.f.s.DefaultListableBeanFactory - Creating shared instance of singleton bean 'org.springframework.boot.actuate.autoconfigure.HealthIndicatorAutoConfiguration'
15:50:17.281 [Test worker] DEBUG o.s.b.f.s.DefaultListableBeanFactory - Creating instance of bean 'org.springframework.boot.actuate.autoconfigure.HealthIndicatorAutoConfiguration'
15:50:17.281 [Test worker] DEBUG o.s.b.f.s.DefaultListableBeanFactory - Returning cached instance of singleton bean 'org.springframework.retry.annotation.RetryConfiguration'
15:50:17.281 [Test worker] DEBUG o.s.b.f.annotation.InjectionMetadata - Registered injected element on class [org.springframework.boot.actuate.autoconfigure.HealthIndicatorAutoConfiguration$$EnhancerBySpringCGLIB$$62c8286e]: AutowiredFieldElement for private org.springframework.boot.actuate.autoconfigure.HealthIndicatorAutoConfigurationProperties org.springframework.boot.actuate.autoconfigure.HealthIndicatorAutoConfiguration.configurationProperties
15:50:17.282 [Test worker] DEBUG o.s.b.f.s.DefaultListableBeanFactory - Eagerly caching bean 'org.springframework.boot.actuate.autoconfigure.HealthIndicatorAutoConfiguration' to allow for resolving potential circular references
15:50:17.284 [Test worker] DEBUG o.s.b.f.annotation.InjectionMetadata - Processing injected element of bean 'org.springframework.boot.actuate.autoconfigure.HealthIndicatorAutoConfiguration': AutowiredFieldElement for private org.springframework.boot.actuate.autoconfigure.HealthIndicatorAutoConfigurationProperties org.springframework.boot.actuate.autoconfigure.HealthIndicatorAutoConfiguration.configurationProperties
15:50:17.285 [Test worker] DEBUG o.s.b.f.s.DefaultListableBeanFactory - Creating shared instance of singleton bean 'management.health.status.CONFIGURATION_PROPERTIES'
15:50:17.285 [Test worker] DEBUG o.s.b.f.s.DefaultListableBeanFactory - Creating instance of bean 'management.health.status.CONFIGURATION_PROPERTIES'
15:50:17.285 [Test worker] DEBUG o.s.b.f.s.DefaultListableBeanFactory - Returning cached instance of singleton bean 'org.springframework.retry.annotation.RetryConfiguration'
15:50:17.285 [Test worker] DEBUG o.s.b.f.s.DefaultListableBeanFactory - Eagerly caching bean 'management.health.status.CONFIGURATION_PROPERTIES' to allow for resolving potential circular references
15:50:17.287 [Test worker] DEBUG o.s.core.env.MutablePropertySources - Adding [systemProperties] PropertySource with lowest search precedence
15:50:17.287 [Test worker] DEBUG o.s.core.env.MutablePropertySources - Adding [systemEnvironment] PropertySource with lowest search precedence
15:50:17.287 [Test worker] DEBUG o.s.core.env.MutablePropertySources - Adding [class path resource [application-test.properties]] PropertySource with lowest search precedence
15:50:17.287 [Test worker] DEBUG o.s.core.env.MutablePropertySources - Adding [localProperties] PropertySource with lowest search precedence
15:50:17.287 [Test worker] DEBUG o.s.core.env.MutablePropertySources - Adding [systemProperties] PropertySource with lowest search precedence
15:50:17.287 [Test worker] DEBUG o.s.core.env.MutablePropertySources - Adding [systemEnvironment] PropertySource with lowest search precedence
15:50:17.287 [Test worker] DEBUG o.s.core.env.MutablePropertySources - Adding [class path resource [application-test.properties]] PropertySource with lowest search precedence
15:50:17.287 [Test worker] DEBUG o.s.core.env.MutablePropertySources - Adding [localProperties] PropertySource with lowest search precedence
15:50:17.287 [Test worker] DEBUG o.s.c.e.PropertySourcesPropertyResolver - Searching for key 'movies.apiKey' in [systemProperties]
15:50:17.287 [Test worker] DEBUG o.s.c.e.PropertySourcesPropertyResolver - Searching for key 'movies.apiKey' in [systemEnvironment]
15:50:17.287 [Test worker] DEBUG o.s.c.e.PropertySourcesPropertyResolver - Searching for key 'movies.apiKey' in [class path resource [application-test.properties]]
15:50:17.288 [Test worker] DEBUG o.s.c.e.PropertySourcesPropertyResolver - Found key 'movies.apiKey' in [class path resource [application-test.properties]] with type [String] and value 'your_key_here'
15:50:17.288 [Test worker] DEBUG o.s.core.env.MutablePropertySources - Adding [systemProperties] PropertySource with lowest search precedence
15:50:17.288 [Test worker] DEBUG o.s.core.env.MutablePropertySources - Adding [systemEnvironment] PropertySource with lowest search precedence
15:50:17.288 [Test worker] DEBUG o.s.core.env.MutablePropertySources - Adding [class path resource [application-test.properties]] PropertySource with lowest search precedence
15:50:17.288 [Test worker] DEBUG o.s.core.env.MutablePropertySources - Adding [localProperties] PropertySource with lowest search precedence
15:50:17.288 [Test worker] DEBUG o.s.c.e.PropertySourcesPropertyResolver - Searching for key 'server.port' in [systemProperties]
15:50:17.288 [Test worker] DEBUG o.s.c.e.PropertySourcesPropertyResolver - Searching for key 'server.port' in [systemEnvironment]
15:50:17.288 [Test worker] DEBUG o.s.c.e.PropertySourcesPropertyResolver - Searching for key 'server.port' in [class path resource [application-test.properties]]
15:50:17.288 [Test worker] DEBUG o.s.c.e.PropertySourcesPropertyResolver - Found key 'server.port' in [class path resource [application-test.properties]] with type [String] and value '8080'
15:50:17.288 [Test worker] DEBUG o.s.core.env.MutablePropertySources - Adding [systemProperties] PropertySource with lowest search precedence
15:50:17.288 [Test worker] DEBUG o.s.core.env.MutablePropertySources - Adding [systemEnvironment] PropertySource with lowest search precedence
15:50:17.288 [Test worker] DEBUG o.s.core.env.MutablePropertySources - Adding [class path resource [application-test.properties]] PropertySource with lowest search precedence
15:50:17.288 [Test worker] DEBUG o.s.core.env.MutablePropertySources - Adding [localProperties] PropertySource with lowest search precedence
15:50:17.288 [Test worker] DEBUG o.s.c.e.PropertySourcesPropertyResolver - Searching for key 'adapter.connection.timeout.millisec' in [systemProperties]
15:50:17.288 [Test worker] DEBUG o.s.c.e.PropertySourcesPropertyResolver - Searching for key 'adapter.connection.timeout.millisec' in [systemEnvironment]
15:50:17.288 [Test worker] DEBUG o.s.c.e.PropertySourcesPropertyResolver - Searching for key 'adapter.connection.timeout.millisec' in [class path resource [application-test.properties]]
15:50:17.288 [Test worker] DEBUG o.s.c.e.PropertySourcesPropertyResolver - Found key 'adapter.connection.timeout.millisec' in [class path resource [application-test.properties]] with type [String] and value '5000'
15:50:17.288 [Test worker] DEBUG o.s.core.env.MutablePropertySources - Adding [systemProperties] PropertySource with lowest search precedence
15:50:17.289 [Test worker] DEBUG o.s.core.env.MutablePropertySources - Adding [systemEnvironment] PropertySource with lowest search precedence
15:50:17.289 [Test worker] DEBUG o.s.core.env.MutablePropertySources - Adding [class path resource [application-test.properties]] PropertySource with lowest search precedence
15:50:17.289 [Test worker] DEBUG o.s.core.env.MutablePropertySources - Adding [localProperties] PropertySource with lowest search precedence
15:50:17.289 [Test worker] DEBUG o.s.c.e.PropertySourcesPropertyResolver - Searching for key 'server.contextPath' in [systemProperties]
15:50:17.289 [Test worker] DEBUG o.s.c.e.PropertySourcesPropertyResolver - Searching for key 'server.contextPath' in [systemEnvironment]
15:50:17.289 [Test worker] DEBUG o.s.c.e.PropertySourcesPropertyResolver - Searching for key 'server.contextPath' in [class path resource [application-test.properties]]
15:50:17.289 [Test worker] DEBUG o.s.c.e.PropertySourcesPropertyResolver - Found key 'server.contextPath' in [class path resource [application-test.properties]] with type [String] and value '/movies-adapter'
15:50:17.289 [Test worker] DEBUG o.s.core.env.MutablePropertySources - Adding [systemProperties] PropertySource with lowest search precedence
15:50:17.289 [Test worker] DEBUG o.s.core.env.MutablePropertySources - Adding [systemEnvironment] PropertySource with lowest search precedence
15:50:17.289 [Test worker] DEBUG o.s.core.env.MutablePropertySources - Adding [class path resource [application-test.properties]] PropertySource with lowest search precedence
15:50:17.289 [Test worker] DEBUG o.s.core.env.MutablePropertySources - Adding [localProperties] PropertySource with lowest search precedence
15:50:17.289 [Test worker] DEBUG o.s.c.e.PropertySourcesPropertyResolver - Searching for key 'movies.searchMovieUri' in [systemProperties]
15:50:17.289 [Test worker] DEBUG o.s.c.e.PropertySourcesPropertyResolver - Searching for key 'movies.searchMovieUri' in [systemEnvironment]
15:50:17.289 [Test worker] DEBUG o.s.c.e.PropertySourcesPropertyResolver - Searching for key 'movies.searchMovieUri' in [class path resource [application-test.properties]]
15:50:17.289 [Test worker] DEBUG o.s.c.e.PropertySourcesPropertyResolver - Found key 'movies.searchMovieUri' in [class path resource [application-test.properties]] with type [String] and value '/search/movie'
15:50:17.289 [Test worker] DEBUG o.s.core.env.MutablePropertySources - Adding [systemProperties] PropertySource with lowest search precedence
15:50:17.289 [Test worker] DEBUG o.s.core.env.MutablePropertySources - Adding [systemEnvironment] PropertySource with lowest search precedence
15:50:17.289 [Test worker] DEBUG o.s.core.env.MutablePropertySources - Adding [class path resource [application-test.properties]] PropertySource with lowest search precedence
15:50:17.289 [Test worker] DEBUG o.s.core.env.MutablePropertySources - Adding [localProperties] PropertySource with lowest search precedence
15:50:17.290 [Test worker] DEBUG o.s.c.e.PropertySourcesPropertyResolver - Searching for key 'adapter.pooling.connection.defaultMaxPerRoute' in [systemProperties]
15:50:17.290 [Test worker] DEBUG o.s.c.e.PropertySourcesPropertyResolver - Searching for key 'adapter.pooling.connection.defaultMaxPerRoute' in [systemEnvironment]
15:50:17.290 [Test worker] DEBUG o.s.c.e.PropertySourcesPropertyResolver - Searching for key 'adapter.pooling.connection.defaultMaxPerRoute' in [class path resource [application-test.properties]]
15:50:17.290 [Test worker] DEBUG o.s.c.e.PropertySourcesPropertyResolver - Found key 'adapter.pooling.connection.defaultMaxPerRoute' in [class path resource [application-test.properties]] with type [String] and value '100'
15:50:17.290 [Test worker] DEBUG o.s.core.env.MutablePropertySources - Adding [systemProperties] PropertySource with lowest search precedence
15:50:17.290 [Test worker] DEBUG o.s.core.env.MutablePropertySources - Adding [systemEnvironment] PropertySource with lowest search precedence
15:50:17.290 [Test worker] DEBUG o.s.core.env.MutablePropertySources - Adding [class path resource [application-test.properties]] PropertySource with lowest search precedence
15:50:17.290 [Test worker] DEBUG o.s.core.env.MutablePropertySources - Adding [localProperties] PropertySource with lowest search precedence
15:50:17.290 [Test worker] DEBUG o.s.c.e.PropertySourcesPropertyResolver - Searching for key 'movies.apiUri' in [systemProperties]
15:50:17.290 [Test worker] DEBUG o.s.c.e.PropertySourcesPropertyResolver - Searching for key 'movies.apiUri' in [systemEnvironment]
15:50:17.290 [Test worker] DEBUG o.s.c.e.PropertySourcesPropertyResolver - Searching for key 'movies.apiUri' in [class path resource [application-test.properties]]
15:50:17.290 [Test worker] DEBUG o.s.c.e.PropertySourcesPropertyResolver - Found key 'movies.apiUri' in [class path resource [application-test.properties]] with type [String] and value 'http://api.themoviedb.org/3'
15:50:17.290 [Test worker] DEBUG o.s.core.env.MutablePropertySources - Adding [systemProperties] PropertySource with lowest search precedence
15:50:17.290 [Test worker] DEBUG o.s.core.env.MutablePropertySources - Adding [systemEnvironment] PropertySource with lowest search precedence
15:50:17.290 [Test worker] DEBUG o.s.core.env.MutablePropertySources - Adding [class path resource [application-test.properties]] PropertySource with lowest search precedence
15:50:17.290 [Test worker] DEBUG o.s.core.env.MutablePropertySources - Adding [localProperties] PropertySource with lowest search precedence
15:50:17.290 [Test worker] DEBUG o.s.c.e.PropertySourcesPropertyResolver - Searching for key 'adapter.pooling.connection.maxTotal' in [systemProperties]
15:50:17.290 [Test worker] DEBUG o.s.c.e.PropertySourcesPropertyResolver - Searching for key 'adapter.pooling.connection.maxTotal' in [systemEnvironment]
15:50:17.290 [Test worker] DEBUG o.s.c.e.PropertySourcesPropertyResolver - Searching for key 'adapter.pooling.connection.maxTotal' in [class path resource [application-test.properties]]
15:50:17.290 [Test worker] DEBUG o.s.c.e.PropertySourcesPropertyResolver - Found key 'adapter.pooling.connection.maxTotal' in [class path resource [application-test.properties]] with type [String] and value '500'
15:50:17.291 [Test worker] DEBUG o.s.core.env.MutablePropertySources - Adding [systemProperties] PropertySource with lowest search precedence
15:50:17.291 [Test worker] DEBUG o.s.core.env.MutablePropertySources - Adding [systemEnvironment] PropertySource with lowest search precedence
15:50:17.291 [Test worker] DEBUG o.s.core.env.MutablePropertySources - Adding [class path resource [application-test.properties]] PropertySource with lowest search precedence
15:50:17.291 [Test worker] DEBUG o.s.core.env.MutablePropertySources - Adding [localProperties] PropertySource with lowest search precedence
15:50:17.291 [Test worker] DEBUG o.s.c.e.PropertySourcesPropertyResolver - Searching for key 'adapter.read.timeout.millisec' in [systemProperties]
15:50:17.291 [Test worker] DEBUG o.s.c.e.PropertySourcesPropertyResolver - Searching for key 'adapter.read.timeout.millisec' in [systemEnvironment]
15:50:17.291 [Test worker] DEBUG o.s.c.e.PropertySourcesPropertyResolver - Searching for key 'adapter.read.timeout.millisec' in [class path resource [application-test.properties]]
15:50:17.291 [Test worker] DEBUG o.s.c.e.PropertySourcesPropertyResolver - Found key 'adapter.read.timeout.millisec' in [class path resource [application-test.properties]] with type [String] and value '30000'
15:50:17.295 [Test worker] DEBUG o.s.b.f.s.DefaultListableBeanFactory - Returning cached instance of singleton bean 'org.springframework.retry.annotation.RetryConfiguration'
15:50:17.296 [Test worker] DEBUG o.s.b.f.s.DefaultListableBeanFactory - Returning cached instance of singleton bean 'org.springframework.retry.annotation.RetryConfiguration'
15:50:17.296 [Test worker] DEBUG o.s.b.f.s.DefaultListableBeanFactory - Finished creating instance of bean 'management.health.status.CONFIGURATION_PROPERTIES'
15:50:17.296 [Test worker] DEBUG o.s.b.f.a.AutowiredAnnotationBeanPostProcessor - Autowiring by type from bean name 'org.springframework.boot.actuate.autoconfigure.HealthIndicatorAutoConfiguration' to bean named 'management.health.status.CONFIGURATION_PROPERTIES'
15:50:17.296 [Test worker] DEBUG o.s.b.f.s.DefaultListableBeanFactory - Returning cached instance of singleton bean 'org.springframework.retry.annotation.RetryConfiguration'
15:50:17.296 [Test worker] DEBUG o.s.b.f.s.DefaultListableBeanFactory - Returning cached instance of singleton bean 'org.springframework.retry.annotation.RetryConfiguration'
15:50:17.297 [Test worker] DEBUG o.s.b.f.s.DefaultListableBeanFactory - Finished creating instance of bean 'org.springframework.boot.actuate.autoconfigure.HealthIndicatorAutoConfiguration'
15:50:17.297 [Test worker] DEBUG o.s.b.f.s.DefaultListableBeanFactory - Creating shared instance of singleton bean 'healthAggregator'
15:50:17.297 [Test worker] DEBUG o.s.b.f.s.DefaultListableBeanFactory - Creating instance of bean 'healthAggregator'
15:50:17.297 [Test worker] DEBUG o.s.b.f.s.DefaultListableBeanFactory - Returning cached instance of singleton bean 'org.springframework.retry.annotation.RetryConfiguration'
15:50:17.297 [Test worker] DEBUG o.s.b.f.s.DefaultListableBeanFactory - Returning cached instance of singleton bean 'org.springframework.boot.actuate.autoconfigure.HealthIndicatorAutoConfiguration'
15:50:17.307 [Test worker] DEBUG o.s.b.f.s.DefaultListableBeanFactory - Eagerly caching bean 'healthAggregator' to allow for resolving potential circular references
15:50:17.309 [Test worker] DEBUG o.s.b.f.s.DefaultListableBeanFactory - Returning cached instance of singleton bean 'org.springframework.retry.annotation.RetryConfiguration'
15:50:17.309 [Test worker] DEBUG o.s.b.f.s.DefaultListableBeanFactory - Returning cached instance of singleton bean 'org.springframework.retry.annotation.RetryConfiguration'
15:50:17.309 [Test worker] DEBUG o.s.b.f.s.DefaultListableBeanFactory - Finished creating instance of bean 'healthAggregator'
15:50:17.309 [Test worker] DEBUG o.s.b.f.s.DefaultListableBeanFactory - Returning cached instance of singleton bean 'management.health.status.CONFIGURATION_PROPERTIES'
15:50:17.309 [Test worker] DEBUG o.s.b.f.s.DefaultListableBeanFactory - Returning cached instance of singleton bean 'org.springframework.boot.context.properties.ConfigurationPropertiesBindingPostProcessor'
15:50:17.309 [Test worker] DEBUG o.s.b.f.s.DefaultListableBeanFactory - Returning cached instance of singleton bean 'org.springframework.boot.context.properties.ConfigurationPropertiesBindingPostProcessor.store'
15:50:17.310 [Test worker] DEBUG o.s.b.f.s.DefaultListableBeanFactory - Creating shared instance of singleton bean 'org.springframework.boot.actuate.autoconfigure.EndpointAutoConfiguration$InfoPropertiesConfiguration'
15:50:17.310 [Test worker] DEBUG o.s.b.f.s.DefaultListableBeanFactory - Creating instance of bean 'org.springframework.boot.actuate.autoconfigure.EndpointAutoConfiguration$InfoPropertiesConfiguration'
15:50:17.310 [Test worker] DEBUG o.s.b.f.s.DefaultListableBeanFactory - Returning cached instance of singleton bean 'org.springframework.retry.annotation.RetryConfiguration'
15:50:17.311 [Test worker] DEBUG o.s.core.env.StandardEnvironment - Adding [systemProperties] PropertySource with lowest search precedence
15:50:17.311 [Test worker] DEBUG o.s.core.env.StandardEnvironment - Adding [systemEnvironment] PropertySource with lowest search precedence
15:50:17.311 [Test worker] DEBUG o.s.core.env.StandardEnvironment - Initialized StandardEnvironment with PropertySources [systemProperties,systemEnvironment]
15:50:17.311 [Test worker] DEBUG o.s.b.f.annotation.InjectionMetadata - Registered injected element on class [org.springframework.boot.actuate.autoconfigure.EndpointAutoConfiguration$InfoPropertiesConfiguration$$EnhancerBySpringCGLIB$$9ab3aa67]: AutowiredFieldElement for private final org.springframework.core.env.ConfigurableEnvironment org.springframework.boot.actuate.autoconfigure.EndpointAutoConfiguration$InfoPropertiesConfiguration.environment
15:50:17.312 [Test worker] DEBUG o.s.b.f.annotation.InjectionMetadata - Registered injected element on class [org.springframework.boot.actuate.autoconfigure.EndpointAutoConfiguration$InfoPropertiesConfiguration$$EnhancerBySpringCGLIB$$9ab3aa67]: AutowiredFieldElement for private org.springframework.core.io.Resource org.springframework.boot.actuate.autoconfigure.EndpointAutoConfiguration$InfoPropertiesConfiguration.gitProperties
15:50:17.312 [Test worker] DEBUG o.s.b.f.s.DefaultListableBeanFactory - Eagerly caching bean 'org.springframework.boot.actuate.autoconfigure.EndpointAutoConfiguration$InfoPropertiesConfiguration' to allow for resolving potential circular references
15:50:17.314 [Test worker] DEBUG o.s.b.f.annotation.InjectionMetadata - Processing injected element of bean 'org.springframework.boot.actuate.autoconfigure.EndpointAutoConfiguration$InfoPropertiesConfiguration': AutowiredFieldElement for private final org.springframework.core.env.ConfigurableEnvironment org.springframework.boot.actuate.autoconfigure.EndpointAutoConfiguration$InfoPropertiesConfiguration.environment
15:50:17.314 [Test worker] DEBUG o.s.b.f.s.DefaultListableBeanFactory - Returning cached instance of singleton bean 'environment'
15:50:17.314 [Test worker] DEBUG o.s.b.f.a.AutowiredAnnotationBeanPostProcessor - Autowiring by type from bean name 'org.springframework.boot.actuate.autoconfigure.EndpointAutoConfiguration$InfoPropertiesConfiguration' to bean named 'environment'
15:50:17.314 [Test worker] DEBUG o.s.b.f.annotation.InjectionMetadata - Processing injected element of bean 'org.springframework.boot.actuate.autoconfigure.EndpointAutoConfiguration$InfoPropertiesConfiguration': AutowiredFieldElement for private org.springframework.core.io.Resource org.springframework.boot.actuate.autoconfigure.EndpointAutoConfiguration$InfoPropertiesConfiguration.gitProperties
15:50:17.315 [Test worker] DEBUG o.s.c.e.PropertySourcesPropertyResolver - Searching for key 'spring.git.properties:classpath:git.properties' in [environmentProperties]
15:50:17.315 [Test worker] DEBUG o.s.c.e.PropertySourcesPropertyResolver - Searching for key 'spring.git.properties:classpath:git.properties' in [systemProperties]
15:50:17.315 [Test worker] DEBUG o.s.c.e.PropertySourcesPropertyResolver - Searching for key 'spring.git.properties:classpath:git.properties' in [systemEnvironment]
15:50:17.315 [Test worker] DEBUG o.s.c.e.PropertySourcesPropertyResolver - Searching for key 'spring.git.properties:classpath:git.properties' in [class path resource [application-test.properties]]
15:50:17.315 [Test worker] DEBUG o.s.c.e.PropertySourcesPropertyResolver - Could not find key 'spring.git.properties:classpath:git.properties' in any property source. Returning [null]
15:50:17.315 [Test worker] DEBUG o.s.c.e.PropertySourcesPropertyResolver - Searching for key 'spring.git.properties:classpath:git.properties' in [localProperties]
15:50:17.315 [Test worker] DEBUG o.s.c.e.PropertySourcesPropertyResolver - Could not find key 'spring.git.properties:classpath:git.properties' in any property source. Returning [null]
15:50:17.315 [Test worker] DEBUG o.s.c.e.PropertySourcesPropertyResolver - Searching for key 'spring.git.properties' in [environmentProperties]
15:50:17.315 [Test worker] DEBUG o.s.c.e.PropertySourcesPropertyResolver - Searching for key 'spring.git.properties' in [systemProperties]
15:50:17.315 [Test worker] DEBUG o.s.c.e.PropertySourcesPropertyResolver - Searching for key 'spring.git.properties' in [systemEnvironment]
15:50:17.315 [Test worker] DEBUG o.s.c.e.PropertySourcesPropertyResolver - Searching for key 'spring.git.properties' in [class path resource [application-test.properties]]
15:50:17.315 [Test worker] DEBUG o.s.c.e.PropertySourcesPropertyResolver - Could not find key 'spring.git.properties' in any property source. Returning [null]
15:50:17.315 [Test worker] DEBUG o.s.c.e.PropertySourcesPropertyResolver - Searching for key 'spring.git.properties' in [localProperties]
15:50:17.315 [Test worker] DEBUG o.s.c.e.PropertySourcesPropertyResolver - Could not find key 'spring.git.properties' in any property source. Returning [null]
15:50:17.316 [Test worker] DEBUG o.s.b.f.s.DefaultListableBeanFactory - Returning cached instance of singleton bean 'org.springframework.retry.annotation.RetryConfiguration'
15:50:17.316 [Test worker] DEBUG o.s.b.f.s.DefaultListableBeanFactory - Returning cached instance of singleton bean 'org.springframework.retry.annotation.RetryConfiguration'
15:50:17.316 [Test worker] DEBUG o.s.b.f.s.DefaultListableBeanFactory - Finished creating instance of bean 'org.springframework.boot.actuate.autoconfigure.EndpointAutoConfiguration$InfoPropertiesConfiguration'
15:50:17.316 [Test worker] DEBUG o.s.b.f.s.DefaultListableBeanFactory - Creating shared instance of singleton bean 'org.springframework.boot.actuate.autoconfigure.EndpointAutoConfiguration$RequestMappingEndpointConfiguration'
15:50:17.316 [Test worker] DEBUG o.s.b.f.s.DefaultListableBeanFactory - Creating instance of bean 'org.springframework.boot.actuate.autoconfigure.EndpointAutoConfiguration$RequestMappingEndpointConfiguration'
15:50:17.316 [Test worker] DEBUG o.s.b.f.s.DefaultListableBeanFactory - Returning cached instance of singleton bean 'org.springframework.retry.annotation.RetryConfiguration'
15:50:17.316 [Test worker] DEBUG o.s.b.f.s.DefaultListableBeanFactory - Eagerly caching bean 'org.springframework.boot.actuate.autoconfigure.EndpointAutoConfiguration$RequestMappingEndpointConfiguration' to allow for resolving potential circular references
15:50:17.318 [Test worker] DEBUG o.s.b.f.s.DefaultListableBeanFactory - Returning cached instance of singleton bean 'org.springframework.retry.annotation.RetryConfiguration'
15:50:17.319 [Test worker] DEBUG o.s.b.f.s.DefaultListableBeanFactory - Returning cached instance of singleton bean 'org.springframework.retry.annotation.RetryConfiguration'
15:50:17.319 [Test worker] DEBUG o.s.b.f.s.DefaultListableBeanFactory - Finished creating instance of bean 'org.springframework.boot.actuate.autoconfigure.EndpointAutoConfiguration$RequestMappingEndpointConfiguration'
15:50:17.319 [Test worker] DEBUG o.s.b.f.s.DefaultListableBeanFactory - Creating shared instance of singleton bean 'requestMappingEndpoint'
15:50:17.319 [Test worker] DEBUG o.s.b.f.s.DefaultListableBeanFactory - Creating instance of bean 'requestMappingEndpoint'
15:50:17.319 [Test worker] DEBUG o.s.b.f.s.DefaultListableBeanFactory - Returning cached instance of singleton bean 'org.springframework.retry.annotation.RetryConfiguration'
15:50:17.319 [Test worker] DEBUG o.s.b.f.s.DefaultListableBeanFactory - Returning cached instance of singleton bean 'org.springframework.boot.actuate.autoconfigure.EndpointAutoConfiguration$RequestMappingEndpointConfiguration'
15:50:17.330 [Test worker] DEBUG o.s.b.f.s.DefaultListableBeanFactory - Eagerly caching bean 'requestMappingEndpoint' to allow for resolving potential circular references
15:50:17.334 [Test worker] DEBUG o.s.core.env.MutablePropertySources - Adding [systemProperties] PropertySource with lowest search precedence
15:50:17.334 [Test worker] DEBUG o.s.core.env.MutablePropertySources - Adding [systemEnvironment] PropertySource with lowest search precedence
15:50:17.334 [Test worker] DEBUG o.s.core.env.MutablePropertySources - Adding [class path resource [application-test.properties]] PropertySource with lowest search precedence
15:50:17.334 [Test worker] DEBUG o.s.core.env.MutablePropertySources - Adding [localProperties] PropertySource with lowest search precedence
15:50:17.335 [Test worker] DEBUG o.s.core.env.MutablePropertySources - Adding [systemProperties] PropertySource with lowest search precedence
15:50:17.335 [Test worker] DEBUG o.s.core.env.MutablePropertySources - Adding [systemEnvironment] PropertySource with lowest search precedence
15:50:17.335 [Test worker] DEBUG o.s.core.env.MutablePropertySources - Adding [class path resource [application-test.properties]] PropertySource with lowest search precedence
15:50:17.335 [Test worker] DEBUG o.s.core.env.MutablePropertySources - Adding [localProperties] PropertySource with lowest search precedence
15:50:17.335 [Test worker] DEBUG o.s.c.e.PropertySourcesPropertyResolver - Searching for key 'movies.apiKey' in [systemProperties]
15:50:17.335 [Test worker] DEBUG o.s.c.e.PropertySourcesPropertyResolver - Searching for key 'movies.apiKey' in [systemEnvironment]
15:50:17.335 [Test worker] DEBUG o.s.c.e.PropertySourcesPropertyResolver - Searching for key 'movies.apiKey' in [class path resource [application-test.properties]]
15:50:17.336 [Test worker] DEBUG o.s.c.e.PropertySourcesPropertyResolver - Found key 'movies.apiKey' in [class path resource [application-test.properties]] with type [String] and value 'your_key_here'
15:50:17.336 [Test worker] DEBUG o.s.core.env.MutablePropertySources - Adding [systemProperties] PropertySource with lowest search precedence
15:50:17.336 [Test worker] DEBUG o.s.core.env.MutablePropertySources - Adding [systemEnvironment] PropertySource with lowest search precedence
15:50:17.336 [Test worker] DEBUG o.s.core.env.MutablePropertySources - Adding [class path resource [application-test.properties]] PropertySource with lowest search precedence
15:50:17.336 [Test worker] DEBUG o.s.core.env.MutablePropertySources - Adding [localProperties] PropertySource with lowest search precedence
15:50:17.336 [Test worker] DEBUG o.s.c.e.PropertySourcesPropertyResolver - Searching for key 'server.port' in [systemProperties]
15:50:17.336 [Test worker] DEBUG o.s.c.e.PropertySourcesPropertyResolver - Searching for key 'server.port' in [systemEnvironment]
15:50:17.336 [Test worker] DEBUG o.s.c.e.PropertySourcesPropertyResolver - Searching for key 'server.port' in [class path resource [application-test.properties]]
15:50:17.336 [Test worker] DEBUG o.s.c.e.PropertySourcesPropertyResolver - Found key 'server.port' in [class path resource [application-test.properties]] with type [String] and value '8080'
15:50:17.336 [Test worker] DEBUG o.s.core.env.MutablePropertySources - Adding [systemProperties] PropertySource with lowest search precedence
15:50:17.336 [Test worker] DEBUG o.s.core.env.MutablePropertySources - Adding [systemEnvironment] PropertySource with lowest search precedence
15:50:17.336 [Test worker] DEBUG o.s.core.env.MutablePropertySources - Adding [class path resource [application-test.properties]] PropertySource with lowest search precedence
15:50:17.336 [Test worker] DEBUG o.s.core.env.MutablePropertySources - Adding [localProperties] PropertySource with lowest search precedence
15:50:17.336 [Test worker] DEBUG o.s.c.e.PropertySourcesPropertyResolver - Searching for key 'adapter.connection.timeout.millisec' in [systemProperties]
15:50:17.336 [Test worker] DEBUG o.s.c.e.PropertySourcesPropertyResolver - Searching for key 'adapter.connection.timeout.millisec' in [systemEnvironment]
15:50:17.336 [Test worker] DEBUG o.s.c.e.PropertySourcesPropertyResolver - Searching for key 'adapter.connection.timeout.millisec' in [class path resource [application-test.properties]]
15:50:17.336 [Test worker] DEBUG o.s.c.e.PropertySourcesPropertyResolver - Found key 'adapter.connection.timeout.millisec' in [class path resource [application-test.properties]] with type [String] and value '5000'
15:50:17.337 [Test worker] DEBUG o.s.core.env.MutablePropertySources - Adding [systemProperties] PropertySource with lowest search precedence
15:50:17.337 [Test worker] DEBUG o.s.core.env.MutablePropertySources - Adding [systemEnvironment] PropertySource with lowest search precedence
15:50:17.337 [Test worker] DEBUG o.s.core.env.MutablePropertySources - Adding [class path resource [application-test.properties]] PropertySource with lowest search precedence
15:50:17.337 [Test worker] DEBUG o.s.core.env.MutablePropertySources - Adding [localProperties] PropertySource with lowest search precedence
15:50:17.337 [Test worker] DEBUG o.s.c.e.PropertySourcesPropertyResolver - Searching for key 'server.contextPath' in [systemProperties]
15:50:17.337 [Test worker] DEBUG o.s.c.e.PropertySourcesPropertyResolver - Searching for key 'server.contextPath' in [systemEnvironment]
15:50:17.337 [Test worker] DEBUG o.s.c.e.PropertySourcesPropertyResolver - Searching for key 'server.contextPath' in [class path resource [application-test.properties]]
15:50:17.337 [Test worker] DEBUG o.s.c.e.PropertySourcesPropertyResolver - Found key 'server.contextPath' in [class path resource [application-test.properties]] with type [String] and value '/movies-adapter'
15:50:17.337 [Test worker] DEBUG o.s.core.env.MutablePropertySources - Adding [systemProperties] PropertySource with lowest search precedence
15:50:17.337 [Test worker] DEBUG o.s.core.env.MutablePropertySources - Adding [systemEnvironment] PropertySource with lowest search precedence
15:50:17.337 [Test worker] DEBUG o.s.core.env.MutablePropertySources - Adding [class path resource [application-test.properties]] PropertySource with lowest search precedence
15:50:17.337 [Test worker] DEBUG o.s.core.env.MutablePropertySources - Adding [localProperties] PropertySource with lowest search precedence
15:50:17.337 [Test worker] DEBUG o.s.c.e.PropertySourcesPropertyResolver - Searching for key 'movies.searchMovieUri' in [systemProperties]
15:50:17.337 [Test worker] DEBUG o.s.c.e.PropertySourcesPropertyResolver - Searching for key 'movies.searchMovieUri' in [systemEnvironment]
15:50:17.337 [Test worker] DEBUG o.s.c.e.PropertySourcesPropertyResolver - Searching for key 'movies.searchMovieUri' in [class path resource [application-test.properties]]
15:50:17.337 [Test worker] DEBUG o.s.c.e.PropertySourcesPropertyResolver - Found key 'movies.searchMovieUri' in [class path resource [application-test.properties]] with type [String] and value '/search/movie'
15:50:17.337 [Test worker] DEBUG o.s.core.env.MutablePropertySources - Adding [systemProperties] PropertySource with lowest search precedence
15:50:17.337 [Test worker] DEBUG o.s.core.env.MutablePropertySources - Adding [systemEnvironment] PropertySource with lowest search precedence
15:50:17.337 [Test worker] DEBUG o.s.core.env.MutablePropertySources - Adding [class path resource [application-test.properties]] PropertySource with lowest search precedence
15:50:17.337 [Test worker] DEBUG o.s.core.env.MutablePropertySources - Adding [localProperties] PropertySource with lowest search precedence
15:50:17.337 [Test worker] DEBUG o.s.c.e.PropertySourcesPropertyResolver - Searching for key 'adapter.pooling.connection.defaultMaxPerRoute' in [systemProperties]
15:50:17.338 [Test worker] DEBUG o.s.c.e.PropertySourcesPropertyResolver - Searching for key 'adapter.pooling.connection.defaultMaxPerRoute' in [systemEnvironment]
15:50:17.338 [Test worker] DEBUG o.s.c.e.PropertySourcesPropertyResolver - Searching for key 'adapter.pooling.connection.defaultMaxPerRoute' in [class path resource [application-test.properties]]
15:50:17.338 [Test worker] DEBUG o.s.c.e.PropertySourcesPropertyResolver - Found key 'adapter.pooling.connection.defaultMaxPerRoute' in [class path resource [application-test.properties]] with type [String] and value '100'
15:50:17.338 [Test worker] DEBUG o.s.core.env.MutablePropertySources - Adding [systemProperties] PropertySource with lowest search precedence
15:50:17.338 [Test worker] DEBUG o.s.core.env.MutablePropertySources - Adding [systemEnvironment] PropertySource with lowest search precedence
15:50:17.338 [Test worker] DEBUG o.s.core.env.MutablePropertySources - Adding [class path resource [application-test.properties]] PropertySource with lowest search precedence
15:50:17.338 [Test worker] DEBUG o.s.core.env.MutablePropertySources - Adding [localProperties] PropertySource with lowest search precedence
15:50:17.338 [Test worker] DEBUG o.s.c.e.PropertySourcesPropertyResolver - Searching for key 'movies.apiUri' in [systemProperties]
15:50:17.338 [Test worker] DEBUG o.s.c.e.PropertySourcesPropertyResolver - Searching for key 'movies.apiUri' in [systemEnvironment]
15:50:17.338 [Test worker] DEBUG o.s.c.e.PropertySourcesPropertyResolver - Searching for key 'movies.apiUri' in [class path resource [application-test.properties]]
15:50:17.338 [Test worker] DEBUG o.s.c.e.PropertySourcesPropertyResolver - Found key 'movies.apiUri' in [class path resource [application-test.properties]] with type [String] and value 'http://api.themoviedb.org/3'
15:50:17.338 [Test worker] DEBUG o.s.core.env.MutablePropertySources - Adding [systemProperties] PropertySource with lowest search precedence
15:50:17.338 [Test worker] DEBUG o.s.core.env.MutablePropertySources - Adding [systemEnvironment] PropertySource with lowest search precedence
15:50:17.338 [Test worker] DEBUG o.s.core.env.MutablePropertySources - Adding [class path resource [application-test.properties]] PropertySource with lowest search precedence
15:50:17.338 [Test worker] DEBUG o.s.core.env.MutablePropertySources - Adding [localProperties] PropertySource with lowest search precedence
15:50:17.338 [Test worker] DEBUG o.s.c.e.PropertySourcesPropertyResolver - Searching for key 'adapter.pooling.connection.maxTotal' in [systemProperties]
15:50:17.338 [Test worker] DEBUG o.s.c.e.PropertySourcesPropertyResolver - Searching for key 'adapter.pooling.connection.maxTotal' in [systemEnvironment]
15:50:17.338 [Test worker] DEBUG o.s.c.e.PropertySourcesPropertyResolver - Searching for key 'adapter.pooling.connection.maxTotal' in [class path resource [application-test.properties]]
15:50:17.338 [Test worker] DEBUG o.s.c.e.PropertySourcesPropertyResolver - Found key 'adapter.pooling.connection.maxTotal' in [class path resource [application-test.properties]] with type [String] and value '500'
15:50:17.338 [Test worker] DEBUG o.s.core.env.MutablePropertySources - Adding [systemProperties] PropertySource with lowest search precedence
15:50:17.338 [Test worker] DEBUG o.s.core.env.MutablePropertySources - Adding [systemEnvironment] PropertySource with lowest search precedence
15:50:17.339 [Test worker] DEBUG o.s.core.env.MutablePropertySources - Adding [class path resource [application-test.properties]] PropertySource with lowest search precedence
15:50:17.339 [Test worker] DEBUG o.s.core.env.MutablePropertySources - Adding [localProperties] PropertySource with lowest search precedence
15:50:17.339 [Test worker] DEBUG o.s.c.e.PropertySourcesPropertyResolver - Searching for key 'adapter.read.timeout.millisec' in [systemProperties]
15:50:17.339 [Test worker] DEBUG o.s.c.e.PropertySourcesPropertyResolver - Searching for key 'adapter.read.timeout.millisec' in [systemEnvironment]
15:50:17.339 [Test worker] DEBUG o.s.c.e.PropertySourcesPropertyResolver - Searching for key 'adapter.read.timeout.millisec' in [class path resource [application-test.properties]]
15:50:17.339 [Test worker] DEBUG o.s.c.e.PropertySourcesPropertyResolver - Found key 'adapter.read.timeout.millisec' in [class path resource [application-test.properties]] with type [String] and value '30000'
15:50:17.395 [Test worker] DEBUG o.s.b.f.s.DefaultListableBeanFactory - Creating instance of bean 'org.hibernate.validator.internal.constraintvalidators.bv.NotNullValidator'
15:50:17.395 [Test worker] DEBUG o.s.b.f.s.DefaultListableBeanFactory - Returning cached instance of singleton bean 'org.springframework.retry.annotation.RetryConfiguration'
15:50:17.397 [Test worker] DEBUG o.s.b.f.s.DefaultListableBeanFactory - Returning cached instance of singleton bean 'org.springframework.retry.annotation.RetryConfiguration'
15:50:17.397 [Test worker] DEBUG o.s.b.f.s.DefaultListableBeanFactory - Returning cached instance of singleton bean 'org.springframework.retry.annotation.RetryConfiguration'
15:50:17.397 [Test worker] DEBUG o.s.b.f.s.DefaultListableBeanFactory - Finished creating instance of bean 'org.hibernate.validator.internal.constraintvalidators.bv.NotNullValidator'
15:50:17.401 [Test worker] DEBUG o.s.b.f.s.DefaultListableBeanFactory - Creating instance of bean 'org.hibernate.validator.internal.constraintvalidators.bv.PatternValidator'
15:50:17.401 [Test worker] DEBUG o.s.b.f.s.DefaultListableBeanFactory - Returning cached instance of singleton bean 'org.springframework.retry.annotation.RetryConfiguration'
15:50:17.403 [Test worker] DEBUG o.s.b.f.s.DefaultListableBeanFactory - Returning cached instance of singleton bean 'org.springframework.retry.annotation.RetryConfiguration'
15:50:17.403 [Test worker] DEBUG o.s.b.f.s.DefaultListableBeanFactory - Returning cached instance of singleton bean 'org.springframework.retry.annotation.RetryConfiguration'
15:50:17.403 [Test worker] DEBUG o.s.b.f.s.DefaultListableBeanFactory - Finished creating instance of bean 'org.hibernate.validator.internal.constraintvalidators.bv.PatternValidator'
15:50:17.404 [Test worker] DEBUG o.s.b.f.s.DefaultListableBeanFactory - Returning cached instance of singleton bean 'org.springframework.retry.annotation.RetryConfiguration'
15:50:17.404 [Test worker] DEBUG o.s.b.f.s.DefaultListableBeanFactory - Returning cached instance of singleton bean 'org.springframework.retry.annotation.RetryConfiguration'
15:50:17.405 [Test worker] DEBUG o.s.b.f.s.DefaultListableBeanFactory - Finished creating instance of bean 'requestMappingEndpoint'
15:50:17.405 [Test worker] DEBUG o.s.b.f.s.DefaultListableBeanFactory - Creating shared instance of singleton bean 'org.springframework.boot.actuate.autoconfigure.EndpointAutoConfiguration'
15:50:17.405 [Test worker] DEBUG o.s.b.f.s.DefaultListableBeanFactory - Creating instance of bean 'org.springframework.boot.actuate.autoconfigure.EndpointAutoConfiguration'
15:50:17.405 [Test worker] DEBUG o.s.b.f.s.DefaultListableBeanFactory - Returning cached instance of singleton bean 'org.springframework.retry.annotation.RetryConfiguration'
15:50:17.407 [Test worker] DEBUG o.s.b.f.annotation.InjectionMetadata - Registered injected element on class [org.springframework.boot.actuate.autoconfigure.EndpointAutoConfiguration$$EnhancerBySpringCGLIB$$27fa34b6]: AutowiredFieldElement for private org.springframework.boot.actuate.autoconfigure.EndpointAutoConfiguration$InfoPropertiesConfiguration org.springframework.boot.actuate.autoconfigure.EndpointAutoConfiguration.properties
15:50:17.407 [Test worker] DEBUG o.s.b.f.annotation.InjectionMetadata - Registered injected element on class [org.springframework.boot.actuate.autoconfigure.EndpointAutoConfiguration$$EnhancerBySpringCGLIB$$27fa34b6]: AutowiredFieldElement for private org.springframework.boot.actuate.health.HealthAggregator org.springframework.boot.actuate.autoconfigure.EndpointAutoConfiguration.healthAggregator
15:50:17.407 [Test worker] DEBUG o.s.b.f.annotation.InjectionMetadata - Registered injected element on class [org.springframework.boot.actuate.autoconfigure.EndpointAutoConfiguration$$EnhancerBySpringCGLIB$$27fa34b6]: AutowiredFieldElement for private java.util.Map org.springframework.boot.actuate.autoconfigure.EndpointAutoConfiguration.healthIndicators
15:50:17.407 [Test worker] DEBUG o.s.b.f.annotation.InjectionMetadata - Registered injected element on class [org.springframework.boot.actuate.autoconfigure.EndpointAutoConfiguration$$EnhancerBySpringCGLIB$$27fa34b6]: AutowiredFieldElement for private java.util.Collection org.springframework.boot.actuate.autoconfigure.EndpointAutoConfiguration.publicMetrics
15:50:17.407 [Test worker] DEBUG o.s.b.f.annotation.InjectionMetadata - Registered injected element on class [org.springframework.boot.actuate.autoconfigure.EndpointAutoConfiguration$$EnhancerBySpringCGLIB$$27fa34b6]: AutowiredFieldElement for private org.springframework.boot.actuate.trace.TraceRepository org.springframework.boot.actuate.autoconfigure.EndpointAutoConfiguration.traceRepository
15:50:17.407 [Test worker] DEBUG o.s.b.f.annotation.InjectionMetadata - Registered injected element on class [org.springframework.boot.actuate.autoconfigure.EndpointAutoConfiguration$$EnhancerBySpringCGLIB$$27fa34b6]: AutowiredFieldElement for private org.springframework.boot.context.properties.ConfigurationBeanFactoryMetaData org.springframework.boot.actuate.autoconfigure.EndpointAutoConfiguration.beanFactoryMetaData
15:50:17.407 [Test worker] DEBUG o.s.b.f.s.DefaultListableBeanFactory - Eagerly caching bean 'org.springframework.boot.actuate.autoconfigure.EndpointAutoConfiguration' to allow for resolving potential circular references
15:50:17.410 [Test worker] DEBUG o.s.b.f.annotation.InjectionMetadata - Processing injected element of bean 'org.springframework.boot.actuate.autoconfigure.EndpointAutoConfiguration': AutowiredFieldElement for private org.springframework.boot.actuate.autoconfigure.EndpointAutoConfiguration$InfoPropertiesConfiguration org.springframework.boot.actuate.autoconfigure.EndpointAutoConfiguration.properties
15:50:17.410 [Test worker] DEBUG o.s.b.f.s.DefaultListableBeanFactory - Returning cached instance of singleton bean 'org.springframework.boot.actuate.autoconfigure.EndpointAutoConfiguration$InfoPropertiesConfiguration'
15:50:17.410 [Test worker] DEBUG o.s.b.f.a.AutowiredAnnotationBeanPostProcessor - Autowiring by type from bean name 'org.springframework.boot.actuate.autoconfigure.EndpointAutoConfiguration' to bean named 'org.springframework.boot.actuate.autoconfigure.EndpointAutoConfiguration$InfoPropertiesConfiguration'
15:50:17.410 [Test worker] DEBUG o.s.b.f.annotation.InjectionMetadata - Processing injected element of bean 'org.springframework.boot.actuate.autoconfigure.EndpointAutoConfiguration': AutowiredFieldElement for private org.springframework.boot.actuate.health.HealthAggregator org.springframework.boot.actuate.autoconfigure.EndpointAutoConfiguration.healthAggregator
15:50:17.411 [Test worker] DEBUG o.s.b.f.s.DefaultListableBeanFactory - Returning cached instance of singleton bean 'healthAggregator'
15:50:17.411 [Test worker] DEBUG o.s.b.f.a.AutowiredAnnotationBeanPostProcessor - Autowiring by type from bean name 'org.springframework.boot.actuate.autoconfigure.EndpointAutoConfiguration' to bean named 'healthAggregator'
15:50:17.411 [Test worker] DEBUG o.s.b.f.annotation.InjectionMetadata - Processing injected element of bean 'org.springframework.boot.actuate.autoconfigure.EndpointAutoConfiguration': AutowiredFieldElement for private java.util.Map org.springframework.boot.actuate.autoconfigure.EndpointAutoConfiguration.healthIndicators
15:50:17.412 [Test worker] DEBUG o.s.b.f.s.DefaultListableBeanFactory - Returning cached instance of singleton bean 'diskSpaceHealthIndicator'
15:50:17.412 [Test worker] DEBUG o.s.b.f.a.AutowiredAnnotationBeanPostProcessor - Autowiring by type from bean name 'org.springframework.boot.actuate.autoconfigure.EndpointAutoConfiguration' to bean named 'diskSpaceHealthIndicator'
15:50:17.412 [Test worker] DEBUG o.s.b.f.annotation.InjectionMetadata - Processing injected element of bean 'org.springframework.boot.actuate.autoconfigure.EndpointAutoConfiguration': AutowiredFieldElement for private java.util.Collection org.springframework.boot.actuate.autoconfigure.EndpointAutoConfiguration.publicMetrics
15:50:17.413 [Test worker] DEBUG o.s.b.f.s.DefaultListableBeanFactory - Returning cached instance of singleton bean 'dropwizardPublicMetrics'
15:50:17.413 [Test worker] DEBUG o.s.b.f.s.DefaultListableBeanFactory - Returning cached instance of singleton bean 'tomcatPublicMetrics'
15:50:17.413 [Test worker] DEBUG o.s.b.f.s.DefaultListableBeanFactory - Returning cached instance of singleton bean 'systemPublicMetrics'
15:50:17.413 [Test worker] DEBUG o.s.b.f.s.DefaultListableBeanFactory - Returning cached instance of singleton bean 'metricReaderPublicMetrics'
15:50:17.414 [Test worker] DEBUG o.s.b.f.a.AutowiredAnnotationBeanPostProcessor - Autowiring by type from bean name 'org.springframework.boot.actuate.autoconfigure.EndpointAutoConfiguration' to bean named 'dropwizardPublicMetrics'
15:50:17.414 [Test worker] DEBUG o.s.b.f.a.AutowiredAnnotationBeanPostProcessor - Autowiring by type from bean name 'org.springframework.boot.actuate.autoconfigure.EndpointAutoConfiguration' to bean named 'tomcatPublicMetrics'
15:50:17.414 [Test worker] DEBUG o.s.b.f.a.AutowiredAnnotationBeanPostProcessor - Autowiring by type from bean name 'org.springframework.boot.actuate.autoconfigure.EndpointAutoConfiguration' to bean named 'systemPublicMetrics'
15:50:17.414 [Test worker] DEBUG o.s.b.f.a.AutowiredAnnotationBeanPostProcessor - Autowiring by type from bean name 'org.springframework.boot.actuate.autoconfigure.EndpointAutoConfiguration' to bean named 'metricReaderPublicMetrics'
15:50:17.414 [Test worker] DEBUG o.s.b.f.annotation.InjectionMetadata - Processing injected element of bean 'org.springframework.boot.actuate.autoconfigure.EndpointAutoConfiguration': AutowiredFieldElement for private org.springframework.boot.actuate.trace.TraceRepository org.springframework.boot.actuate.autoconfigure.EndpointAutoConfiguration.traceRepository
15:50:17.415 [Test worker] DEBUG o.s.b.f.s.DefaultListableBeanFactory - Creating shared instance of singleton bean 'traceRepository'
15:50:17.415 [Test worker] DEBUG o.s.b.f.s.DefaultListableBeanFactory - Creating instance of bean 'traceRepository'
15:50:17.415 [Test worker] DEBUG o.s.b.f.s.DefaultListableBeanFactory - Returning cached instance of singleton bean 'org.springframework.retry.annotation.RetryConfiguration'
15:50:17.415 [Test worker] DEBUG o.s.b.f.s.DefaultListableBeanFactory - Creating shared instance of singleton bean 'org.springframework.boot.actuate.autoconfigure.TraceRepositoryAutoConfiguration'
15:50:17.415 [Test worker] DEBUG o.s.b.f.s.DefaultListableBeanFactory - Creating instance of bean 'org.springframework.boot.actuate.autoconfigure.TraceRepositoryAutoConfiguration'
15:50:17.415 [Test worker] DEBUG o.s.b.f.s.DefaultListableBeanFactory - Returning cached instance of singleton bean 'org.springframework.retry.annotation.RetryConfiguration'
15:50:17.416 [Test worker] DEBUG o.s.b.f.s.DefaultListableBeanFactory - Eagerly caching bean 'org.springframework.boot.actuate.autoconfigure.TraceRepositoryAutoConfiguration' to allow for resolving potential circular references
15:50:17.418 [Test worker] DEBUG o.s.b.f.s.DefaultListableBeanFactory - Returning cached instance of singleton bean 'org.springframework.retry.annotation.RetryConfiguration'
15:50:17.418 [Test worker] DEBUG o.s.b.f.s.DefaultListableBeanFactory - Returning cached instance of singleton bean 'org.springframework.retry.annotation.RetryConfiguration'
15:50:17.418 [Test worker] DEBUG o.s.b.f.s.DefaultListableBeanFactory - Finished creating instance of bean 'org.springframework.boot.actuate.autoconfigure.TraceRepositoryAutoConfiguration'
15:50:17.427 [Test worker] DEBUG o.s.b.f.s.DefaultListableBeanFactory - Eagerly caching bean 'traceRepository' to allow for resolving potential circular references
15:50:17.428 [Test worker] DEBUG o.s.b.f.s.DefaultListableBeanFactory - Returning cached instance of singleton bean 'org.springframework.retry.annotation.RetryConfiguration'
15:50:17.429 [Test worker] DEBUG o.s.b.f.s.DefaultListableBeanFactory - Returning cached instance of singleton bean 'org.springframework.retry.annotation.RetryConfiguration'
15:50:17.429 [Test worker] DEBUG o.s.b.f.s.DefaultListableBeanFactory - Finished creating instance of bean 'traceRepository'
15:50:17.429 [Test worker] DEBUG o.s.b.f.a.AutowiredAnnotationBeanPostProcessor - Autowiring by type from bean name 'org.springframework.boot.actuate.autoconfigure.EndpointAutoConfiguration' to bean named 'traceRepository'
15:50:17.429 [Test worker] DEBUG o.s.b.f.annotation.InjectionMetadata - Processing injected element of bean 'org.springframework.boot.actuate.autoconfigure.EndpointAutoConfiguration': AutowiredFieldElement for private org.springframework.boot.context.properties.ConfigurationBeanFactoryMetaData org.springframework.boot.actuate.autoconfigure.EndpointAutoConfiguration.beanFactoryMetaData
15:50:17.430 [Test worker] DEBUG o.s.b.f.s.DefaultListableBeanFactory - Returning cached instance of singleton bean 'org.springframework.boot.context.properties.ConfigurationPropertiesBindingPostProcessor.store'
15:50:17.430 [Test worker] DEBUG o.s.b.f.a.AutowiredAnnotationBeanPostProcessor - Autowiring by type from bean name 'org.springframework.boot.actuate.autoconfigure.EndpointAutoConfiguration' to bean named 'org.springframework.boot.context.properties.ConfigurationPropertiesBindingPostProcessor.store'
15:50:17.430 [Test worker] DEBUG o.s.b.f.s.DefaultListableBeanFactory - Returning cached instance of singleton bean 'org.springframework.retry.annotation.RetryConfiguration'
15:50:17.430 [Test worker] DEBUG o.s.b.f.s.DefaultListableBeanFactory - Returning cached instance of singleton bean 'org.springframework.retry.annotation.RetryConfiguration'
15:50:17.430 [Test worker] DEBUG o.s.b.f.s.DefaultListableBeanFactory - Finished creating instance of bean 'org.springframework.boot.actuate.autoconfigure.EndpointAutoConfiguration'
15:50:17.430 [Test worker] DEBUG o.s.b.f.s.DefaultListableBeanFactory - Creating shared instance of singleton bean 'environmentEndpoint'
15:50:17.430 [Test worker] DEBUG o.s.b.f.s.DefaultListableBeanFactory - Creating instance of bean 'environmentEndpoint'
15:50:17.430 [Test worker] DEBUG o.s.b.f.s.DefaultListableBeanFactory - Returning cached instance of singleton bean 'org.springframework.retry.annotation.RetryConfiguration'
15:50:17.431 [Test worker] DEBUG o.s.b.f.s.DefaultListableBeanFactory - Returning cached instance of singleton bean 'org.springframework.boot.actuate.autoconfigure.EndpointAutoConfiguration'
15:50:17.439 [Test worker] DEBUG o.s.b.f.s.DefaultListableBeanFactory - Eagerly caching bean 'environmentEndpoint' to allow for resolving potential circular references
15:50:17.442 [Test worker] DEBUG o.s.core.env.MutablePropertySources - Adding [systemProperties] PropertySource with lowest search precedence
15:50:17.442 [Test worker] DEBUG o.s.core.env.MutablePropertySources - Adding [systemEnvironment] PropertySource with lowest search precedence
15:50:17.442 [Test worker] DEBUG o.s.core.env.MutablePropertySources - Adding [class path resource [application-test.properties]] PropertySource with lowest search precedence
15:50:17.442 [Test worker] DEBUG o.s.core.env.MutablePropertySources - Adding [localProperties] PropertySource with lowest search precedence
15:50:17.442 [Test worker] DEBUG o.s.core.env.MutablePropertySources - Adding [systemProperties] PropertySource with lowest search precedence
15:50:17.442 [Test worker] DEBUG o.s.core.env.MutablePropertySources - Adding [systemEnvironment] PropertySource with lowest search precedence
15:50:17.442 [Test worker] DEBUG o.s.core.env.MutablePropertySources - Adding [class path resource [application-test.properties]] PropertySource with lowest search precedence
15:50:17.443 [Test worker] DEBUG o.s.core.env.MutablePropertySources - Adding [localProperties] PropertySource with lowest search precedence
15:50:17.443 [Test worker] DEBUG o.s.c.e.PropertySourcesPropertyResolver - Searching for key 'movies.apiKey' in [systemProperties]
15:50:17.443 [Test worker] DEBUG o.s.c.e.PropertySourcesPropertyResolver - Searching for key 'movies.apiKey' in [systemEnvironment]
15:50:17.443 [Test worker] DEBUG o.s.c.e.PropertySourcesPropertyResolver - Searching for key 'movies.apiKey' in [class path resource [application-test.properties]]
15:50:17.443 [Test worker] DEBUG o.s.c.e.PropertySourcesPropertyResolver - Found key 'movies.apiKey' in [class path resource [application-test.properties]] with type [String] and value 'your_key_here'
15:50:17.443 [Test worker] DEBUG o.s.core.env.MutablePropertySources - Adding [systemProperties] PropertySource with lowest search precedence
15:50:17.443 [Test worker] DEBUG o.s.core.env.MutablePropertySources - Adding [systemEnvironment] PropertySource with lowest search precedence
15:50:17.443 [Test worker] DEBUG o.s.core.env.MutablePropertySources - Adding [class path resource [application-test.properties]] PropertySource with lowest search precedence
15:50:17.443 [Test worker] DEBUG o.s.core.env.MutablePropertySources - Adding [localProperties] PropertySource with lowest search precedence
15:50:17.443 [Test worker] DEBUG o.s.c.e.PropertySourcesPropertyResolver - Searching for key 'server.port' in [systemProperties]
15:50:17.443 [Test worker] DEBUG o.s.c.e.PropertySourcesPropertyResolver - Searching for key 'server.port' in [systemEnvironment]
15:50:17.443 [Test worker] DEBUG o.s.c.e.PropertySourcesPropertyResolver - Searching for key 'server.port' in [class path resource [application-test.properties]]
15:50:17.444 [Test worker] DEBUG o.s.c.e.PropertySourcesPropertyResolver - Found key 'server.port' in [class path resource [application-test.properties]] with type [String] and value '8080'
15:50:17.444 [Test worker] DEBUG o.s.core.env.MutablePropertySources - Adding [systemProperties] PropertySource with lowest search precedence
15:50:17.444 [Test worker] DEBUG o.s.core.env.MutablePropertySources - Adding [systemEnvironment] PropertySource with lowest search precedence
15:50:17.444 [Test worker] DEBUG o.s.core.env.MutablePropertySources - Adding [class path resource [application-test.properties]] PropertySource with lowest search precedence
15:50:17.444 [Test worker] DEBUG o.s.core.env.MutablePropertySources - Adding [localProperties] PropertySource with lowest search precedence
15:50:17.444 [Test worker] DEBUG o.s.c.e.PropertySourcesPropertyResolver - Searching for key 'adapter.connection.timeout.millisec' in [systemProperties]
15:50:17.444 [Test worker] DEBUG o.s.c.e.PropertySourcesPropertyResolver - Searching for key 'adapter.connection.timeout.millisec' in [systemEnvironment]
15:50:17.444 [Test worker] DEBUG o.s.c.e.PropertySourcesPropertyResolver - Searching for key 'adapter.connection.timeout.millisec' in [class path resource [application-test.properties]]
15:50:17.444 [Test worker] DEBUG o.s.c.e.PropertySourcesPropertyResolver - Found key 'adapter.connection.timeout.millisec' in [class path resource [application-test.properties]] with type [String] and value '5000'
15:50:17.444 [Test worker] DEBUG o.s.core.env.MutablePropertySources - Adding [systemProperties] PropertySource with lowest search precedence
15:50:17.444 [Test worker] DEBUG o.s.core.env.MutablePropertySources - Adding [systemEnvironment] PropertySource with lowest search precedence
15:50:17.444 [Test worker] DEBUG o.s.core.env.MutablePropertySources - Adding [class path resource [application-test.properties]] PropertySource with lowest search precedence
15:50:17.444 [Test worker] DEBUG o.s.core.env.MutablePropertySources - Adding [localProperties] PropertySource with lowest search precedence
15:50:17.444 [Test worker] DEBUG o.s.c.e.PropertySourcesPropertyResolver - Searching for key 'server.contextPath' in [systemProperties]
15:50:17.444 [Test worker] DEBUG o.s.c.e.PropertySourcesPropertyResolver - Searching for key 'server.contextPath' in [systemEnvironment]
15:50:17.444 [Test worker] DEBUG o.s.c.e.PropertySourcesPropertyResolver - Searching for key 'server.contextPath' in [class path resource [application-test.properties]]
15:50:17.444 [Test worker] DEBUG o.s.c.e.PropertySourcesPropertyResolver - Found key 'server.contextPath' in [class path resource [application-test.properties]] with type [String] and value '/movies-adapter'
15:50:17.445 [Test worker] DEBUG o.s.core.env.MutablePropertySources - Adding [systemProperties] PropertySource with lowest search precedence
15:50:17.445 [Test worker] DEBUG o.s.core.env.MutablePropertySources - Adding [systemEnvironment] PropertySource with lowest search precedence
15:50:17.445 [Test worker] DEBUG o.s.core.env.MutablePropertySources - Adding [class path resource [application-test.properties]] PropertySource with lowest search precedence
15:50:17.445 [Test worker] DEBUG o.s.core.env.MutablePropertySources - Adding [localProperties] PropertySource with lowest search precedence
15:50:17.445 [Test worker] DEBUG o.s.c.e.PropertySourcesPropertyResolver - Searching for key 'movies.searchMovieUri' in [systemProperties]
15:50:17.445 [Test worker] DEBUG o.s.c.e.PropertySourcesPropertyResolver - Searching for key 'movies.searchMovieUri' in [systemEnvironment]
15:50:17.445 [Test worker] DEBUG o.s.c.e.PropertySourcesPropertyResolver - Searching for key 'movies.searchMovieUri' in [class path resource [application-test.properties]]
15:50:17.445 [Test worker] DEBUG o.s.c.e.PropertySourcesPropertyResolver - Found key 'movies.searchMovieUri' in [class path resource [application-test.properties]] with type [String] and value '/search/movie'
15:50:17.445 [Test worker] DEBUG o.s.core.env.MutablePropertySources - Adding [systemProperties] PropertySource with lowest search precedence
15:50:17.445 [Test worker] DEBUG o.s.core.env.MutablePropertySources - Adding [systemEnvironment] PropertySource with lowest search precedence
15:50:17.445 [Test worker] DEBUG o.s.core.env.MutablePropertySources - Adding [class path resource [application-test.properties]] PropertySource with lowest search precedence
15:50:17.445 [Test worker] DEBUG o.s.core.env.MutablePropertySources - Adding [localProperties] PropertySource with lowest search precedence
15:50:17.445 [Test worker] DEBUG o.s.c.e.PropertySourcesPropertyResolver - Searching for key 'adapter.pooling.connection.defaultMaxPerRoute' in [systemProperties]
15:50:17.445 [Test worker] DEBUG o.s.c.e.PropertySourcesPropertyResolver - Searching for key 'adapter.pooling.connection.defaultMaxPerRoute' in [systemEnvironment]
15:50:17.445 [Test worker] DEBUG o.s.c.e.PropertySourcesPropertyResolver - Searching for key 'adapter.pooling.connection.defaultMaxPerRoute' in [class path resource [application-test.properties]]
15:50:17.445 [Test worker] DEBUG o.s.c.e.PropertySourcesPropertyResolver - Found key 'adapter.pooling.connection.defaultMaxPerRoute' in [class path resource [application-test.properties]] with type [String] and value '100'
15:50:17.445 [Test worker] DEBUG o.s.core.env.MutablePropertySources - Adding [systemProperties] PropertySource with lowest search precedence
15:50:17.445 [Test worker] DEBUG o.s.core.env.MutablePropertySources - Adding [systemEnvironment] PropertySource with lowest search precedence
15:50:17.445 [Test worker] DEBUG o.s.core.env.MutablePropertySources - Adding [class path resource [application-test.properties]] PropertySource with lowest search precedence
15:50:17.446 [Test worker] DEBUG o.s.core.env.MutablePropertySources - Adding [localProperties] PropertySource with lowest search precedence
15:50:17.446 [Test worker] DEBUG o.s.c.e.PropertySourcesPropertyResolver - Searching for key 'movies.apiUri' in [systemProperties]
15:50:17.446 [Test worker] DEBUG o.s.c.e.PropertySourcesPropertyResolver - Searching for key 'movies.apiUri' in [systemEnvironment]
15:50:17.446 [Test worker] DEBUG o.s.c.e.PropertySourcesPropertyResolver - Searching for key 'movies.apiUri' in [class path resource [application-test.properties]]
15:50:17.446 [Test worker] DEBUG o.s.c.e.PropertySourcesPropertyResolver - Found key 'movies.apiUri' in [class path resource [application-test.properties]] with type [String] and value 'http://api.themoviedb.org/3'
15:50:17.446 [Test worker] DEBUG o.s.core.env.MutablePropertySources - Adding [systemProperties] PropertySource with lowest search precedence
15:50:17.446 [Test worker] DEBUG o.s.core.env.MutablePropertySources - Adding [systemEnvironment] PropertySource with lowest search precedence
15:50:17.446 [Test worker] DEBUG o.s.core.env.MutablePropertySources - Adding [class path resource [application-test.properties]] PropertySource with lowest search precedence
15:50:17.446 [Test worker] DEBUG o.s.core.env.MutablePropertySources - Adding [localProperties] PropertySource with lowest search precedence
15:50:17.446 [Test worker] DEBUG o.s.c.e.PropertySourcesPropertyResolver - Searching for key 'adapter.pooling.connection.maxTotal' in [systemProperties]
15:50:17.446 [Test worker] DEBUG o.s.c.e.PropertySourcesPropertyResolver - Searching for key 'adapter.pooling.connection.maxTotal' in [systemEnvironment]
15:50:17.446 [Test worker] DEBUG o.s.c.e.PropertySourcesPropertyResolver - Searching for key 'adapter.pooling.connection.maxTotal' in [class path resource [application-test.properties]]
15:50:17.446 [Test worker] DEBUG o.s.c.e.PropertySourcesPropertyResolver - Found key 'adapter.pooling.connection.maxTotal' in [class path resource [application-test.properties]] with type [String] and value '500'
15:50:17.446 [Test worker] DEBUG o.s.core.env.MutablePropertySources - Adding [systemProperties] PropertySource with lowest search precedence
15:50:17.446 [Test worker] DEBUG o.s.core.env.MutablePropertySources - Adding [systemEnvironment] PropertySource with lowest search precedence
15:50:17.446 [Test worker] DEBUG o.s.core.env.MutablePropertySources - Adding [class path resource [application-test.properties]] PropertySource with lowest search precedence
15:50:17.446 [Test worker] DEBUG o.s.core.env.MutablePropertySources - Adding [localProperties] PropertySource with lowest search precedence
15:50:17.446 [Test worker] DEBUG o.s.c.e.PropertySourcesPropertyResolver - Searching for key 'adapter.read.timeout.millisec' in [systemProperties]
15:50:17.446 [Test worker] DEBUG o.s.c.e.PropertySourcesPropertyResolver - Searching for key 'adapter.read.timeout.millisec' in [systemEnvironment]
15:50:17.446 [Test worker] DEBUG o.s.c.e.PropertySourcesPropertyResolver - Searching for key 'adapter.read.timeout.millisec' in [class path resource [application-test.properties]]
15:50:17.446 [Test worker] DEBUG o.s.c.e.PropertySourcesPropertyResolver - Found key 'adapter.read.timeout.millisec' in [class path resource [application-test.properties]] with type [String] and value '30000'
15:50:17.453 [Test worker] DEBUG o.s.b.f.s.DefaultListableBeanFactory - Returning cached instance of singleton bean 'org.springframework.retry.annotation.RetryConfiguration'
15:50:17.453 [Test worker] DEBUG o.s.b.f.s.DefaultListableBeanFactory - Returning cached instance of singleton bean 'org.springframework.retry.annotation.RetryConfiguration'
15:50:17.453 [Test worker] DEBUG o.s.b.f.s.DefaultListableBeanFactory - Finished creating instance of bean 'environmentEndpoint'
15:50:17.453 [Test worker] DEBUG o.s.b.f.s.DefaultListableBeanFactory - Creating shared instance of singleton bean 'healthEndpoint'
15:50:17.453 [Test worker] DEBUG o.s.b.f.s.DefaultListableBeanFactory - Creating instance of bean 'healthEndpoint'
15:50:17.454 [Test worker] DEBUG o.s.b.f.s.DefaultListableBeanFactory - Returning cached instance of singleton bean 'org.springframework.retry.annotation.RetryConfiguration'
15:50:17.454 [Test worker] DEBUG o.s.b.f.s.DefaultListableBeanFactory - Returning cached instance of singleton bean 'org.springframework.boot.actuate.autoconfigure.EndpointAutoConfiguration'
15:50:17.455 [Test worker] DEBUG o.s.b.f.s.DefaultListableBeanFactory - Eagerly caching bean 'healthEndpoint' to allow for resolving potential circular references
15:50:17.458 [Test worker] DEBUG o.s.core.env.MutablePropertySources - Adding [systemProperties] PropertySource with lowest search precedence
15:50:17.458 [Test worker] DEBUG o.s.core.env.MutablePropertySources - Adding [systemEnvironment] PropertySource with lowest search precedence
15:50:17.458 [Test worker] DEBUG o.s.core.env.MutablePropertySources - Adding [class path resource [application-test.properties]] PropertySource with lowest search precedence
15:50:17.458 [Test worker] DEBUG o.s.core.env.MutablePropertySources - Adding [localProperties] PropertySource with lowest search precedence
15:50:17.459 [Test worker] DEBUG o.s.core.env.MutablePropertySources - Adding [systemProperties] PropertySource with lowest search precedence
15:50:17.459 [Test worker] DEBUG o.s.core.env.MutablePropertySources - Adding [systemEnvironment] PropertySource with lowest search precedence
15:50:17.459 [Test worker] DEBUG o.s.core.env.MutablePropertySources - Adding [class path resource [application-test.properties]] PropertySource with lowest search precedence
15:50:17.459 [Test worker] DEBUG o.s.core.env.MutablePropertySources - Adding [localProperties] PropertySource with lowest search precedence
15:50:17.459 [Test worker] DEBUG o.s.c.e.PropertySourcesPropertyResolver - Searching for key 'movies.apiKey' in [systemProperties]
15:50:17.459 [Test worker] DEBUG o.s.c.e.PropertySourcesPropertyResolver - Searching for key 'movies.apiKey' in [systemEnvironment]
15:50:17.459 [Test worker] DEBUG o.s.c.e.PropertySourcesPropertyResolver - Searching for key 'movies.apiKey' in [class path resource [application-test.properties]]
15:50:17.459 [Test worker] DEBUG o.s.c.e.PropertySourcesPropertyResolver - Found key 'movies.apiKey' in [class path resource [application-test.properties]] with type [String] and value 'your_key_here'
15:50:17.459 [Test worker] DEBUG o.s.core.env.MutablePropertySources - Adding [systemProperties] PropertySource with lowest search precedence
15:50:17.459 [Test worker] DEBUG o.s.core.env.MutablePropertySources - Adding [systemEnvironment] PropertySource with lowest search precedence
15:50:17.459 [Test worker] DEBUG o.s.core.env.MutablePropertySources - Adding [class path resource [application-test.properties]] PropertySource with lowest search precedence
15:50:17.459 [Test worker] DEBUG o.s.core.env.MutablePropertySources - Adding [localProperties] PropertySource with lowest search precedence
15:50:17.459 [Test worker] DEBUG o.s.c.e.PropertySourcesPropertyResolver - Searching for key 'server.port' in [systemProperties]
15:50:17.459 [Test worker] DEBUG o.s.c.e.PropertySourcesPropertyResolver - Searching for key 'server.port' in [systemEnvironment]
15:50:17.459 [Test worker] DEBUG o.s.c.e.PropertySourcesPropertyResolver - Searching for key 'server.port' in [class path resource [application-test.properties]]
15:50:17.459 [Test worker] DEBUG o.s.c.e.PropertySourcesPropertyResolver - Found key 'server.port' in [class path resource [application-test.properties]] with type [String] and value '8080'
15:50:17.459 [Test worker] DEBUG o.s.core.env.MutablePropertySources - Adding [systemProperties] PropertySource with lowest search precedence
15:50:17.459 [Test worker] DEBUG o.s.core.env.MutablePropertySources - Adding [systemEnvironment] PropertySource with lowest search precedence
15:50:17.459 [Test worker] DEBUG o.s.core.env.MutablePropertySources - Adding [class path resource [application-test.properties]] PropertySource with lowest search precedence
15:50:17.459 [Test worker] DEBUG o.s.core.env.MutablePropertySources - Adding [localProperties] PropertySource with lowest search precedence
15:50:17.460 [Test worker] DEBUG o.s.c.e.PropertySourcesPropertyResolver - Searching for key 'adapter.connection.timeout.millisec' in [systemProperties]
15:50:17.460 [Test worker] DEBUG o.s.c.e.PropertySourcesPropertyResolver - Searching for key 'adapter.connection.timeout.millisec' in [systemEnvironment]
15:50:17.460 [Test worker] DEBUG o.s.c.e.PropertySourcesPropertyResolver - Searching for key 'adapter.connection.timeout.millisec' in [class path resource [application-test.properties]]
15:50:17.460 [Test worker] DEBUG o.s.c.e.PropertySourcesPropertyResolver - Found key 'adapter.connection.timeout.millisec' in [class path resource [application-test.properties]] with type [String] and value '5000'
15:50:17.460 [Test worker] DEBUG o.s.core.env.MutablePropertySources - Adding [systemProperties] PropertySource with lowest search precedence
15:50:17.460 [Test worker] DEBUG o.s.core.env.MutablePropertySources - Adding [systemEnvironment] PropertySource with lowest search precedence
15:50:17.460 [Test worker] DEBUG o.s.core.env.MutablePropertySources - Adding [class path resource [application-test.properties]] PropertySource with lowest search precedence
15:50:17.460 [Test worker] DEBUG o.s.core.env.MutablePropertySources - Adding [localProperties] PropertySource with lowest search precedence
15:50:17.460 [Test worker] DEBUG o.s.c.e.PropertySourcesPropertyResolver - Searching for key 'server.contextPath' in [systemProperties]
15:50:17.460 [Test worker] DEBUG o.s.c.e.PropertySourcesPropertyResolver - Searching for key 'server.contextPath' in [systemEnvironment]
15:50:17.460 [Test worker] DEBUG o.s.c.e.PropertySourcesPropertyResolver - Searching for key 'server.contextPath' in [class path resource [application-test.properties]]
15:50:17.460 [Test worker] DEBUG o.s.c.e.PropertySourcesPropertyResolver - Found key 'server.contextPath' in [class path resource [application-test.properties]] with type [String] and value '/movies-adapter'
15:50:17.460 [Test worker] DEBUG o.s.core.env.MutablePropertySources - Adding [systemProperties] PropertySource with lowest search precedence
15:50:17.460 [Test worker] DEBUG o.s.core.env.MutablePropertySources - Adding [systemEnvironment] PropertySource with lowest search precedence
15:50:17.460 [Test worker] DEBUG o.s.core.env.MutablePropertySources - Adding [class path resource [application-test.properties]] PropertySource with lowest search precedence
15:50:17.460 [Test worker] DEBUG o.s.core.env.MutablePropertySources - Adding [localProperties] PropertySource with lowest search precedence
15:50:17.460 [Test worker] DEBUG o.s.c.e.PropertySourcesPropertyResolver - Searching for key 'movies.searchMovieUri' in [systemProperties]
15:50:17.460 [Test worker] DEBUG o.s.c.e.PropertySourcesPropertyResolver - Searching for key 'movies.searchMovieUri' in [systemEnvironment]
15:50:17.461 [Test worker] DEBUG o.s.c.e.PropertySourcesPropertyResolver - Searching for key 'movies.searchMovieUri' in [class path resource [application-test.properties]]
15:50:17.461 [Test worker] DEBUG o.s.c.e.PropertySourcesPropertyResolver - Found key 'movies.searchMovieUri' in [class path resource [application-test.properties]] with type [String] and value '/search/movie'
15:50:17.461 [Test worker] DEBUG o.s.core.env.MutablePropertySources - Adding [systemProperties] PropertySource with lowest search precedence
15:50:17.461 [Test worker] DEBUG o.s.core.env.MutablePropertySources - Adding [systemEnvironment] PropertySource with lowest search precedence
15:50:17.461 [Test worker] DEBUG o.s.core.env.MutablePropertySources - Adding [class path resource [application-test.properties]] PropertySource with lowest search precedence
15:50:17.461 [Test worker] DEBUG o.s.core.env.MutablePropertySources - Adding [localProperties] PropertySource with lowest search precedence
15:50:17.461 [Test worker] DEBUG o.s.c.e.PropertySourcesPropertyResolver - Searching for key 'adapter.pooling.connection.defaultMaxPerRoute' in [systemProperties]
15:50:17.461 [Test worker] DEBUG o.s.c.e.PropertySourcesPropertyResolver - Searching for key 'adapter.pooling.connection.defaultMaxPerRoute' in [systemEnvironment]
15:50:17.461 [Test worker] DEBUG o.s.c.e.PropertySourcesPropertyResolver - Searching for key 'adapter.pooling.connection.defaultMaxPerRoute' in [class path resource [application-test.properties]]
15:50:17.461 [Test worker] DEBUG o.s.c.e.PropertySourcesPropertyResolver - Found key 'adapter.pooling.connection.defaultMaxPerRoute' in [class path resource [application-test.properties]] with type [String] and value '100'
15:50:17.461 [Test worker] DEBUG o.s.core.env.MutablePropertySources - Adding [systemProperties] PropertySource with lowest search precedence
15:50:17.461 [Test worker] DEBUG o.s.core.env.MutablePropertySources - Adding [systemEnvironment] PropertySource with lowest search precedence
15:50:17.461 [Test worker] DEBUG o.s.core.env.MutablePropertySources - Adding [class path resource [application-test.properties]] PropertySource with lowest search precedence
15:50:17.461 [Test worker] DEBUG o.s.core.env.MutablePropertySources - Adding [localProperties] PropertySource with lowest search precedence
15:50:17.461 [Test worker] DEBUG o.s.c.e.PropertySourcesPropertyResolver - Searching for key 'movies.apiUri' in [systemProperties]
15:50:17.461 [Test worker] DEBUG o.s.c.e.PropertySourcesPropertyResolver - Searching for key 'movies.apiUri' in [systemEnvironment]
15:50:17.461 [Test worker] DEBUG o.s.c.e.PropertySourcesPropertyResolver - Searching for key 'movies.apiUri' in [class path resource [application-test.properties]]
15:50:17.462 [Test worker] DEBUG o.s.c.e.PropertySourcesPropertyResolver - Found key 'movies.apiUri' in [class path resource [application-test.properties]] with type [String] and value 'http://api.themoviedb.org/3'
15:50:17.462 [Test worker] DEBUG o.s.core.env.MutablePropertySources - Adding [systemProperties] PropertySource with lowest search precedence
15:50:17.462 [Test worker] DEBUG o.s.core.env.MutablePropertySources - Adding [systemEnvironment] PropertySource with lowest search precedence
15:50:17.462 [Test worker] DEBUG o.s.core.env.MutablePropertySources - Adding [class path resource [application-test.properties]] PropertySource with lowest search precedence
15:50:17.462 [Test worker] DEBUG o.s.core.env.MutablePropertySources - Adding [localProperties] PropertySource with lowest search precedence
15:50:17.462 [Test worker] DEBUG o.s.c.e.PropertySourcesPropertyResolver - Searching for key 'adapter.pooling.connection.maxTotal' in [systemProperties]
15:50:17.462 [Test worker] DEBUG o.s.c.e.PropertySourcesPropertyResolver - Searching for key 'adapter.pooling.connection.maxTotal' in [systemEnvironment]
15:50:17.462 [Test worker] DEBUG o.s.c.e.PropertySourcesPropertyResolver - Searching for key 'adapter.pooling.connection.maxTotal' in [class path resource [application-test.properties]]
15:50:17.462 [Test worker] DEBUG o.s.c.e.PropertySourcesPropertyResolver - Found key 'adapter.pooling.connection.maxTotal' in [class path resource [application-test.properties]] with type [String] and value '500'
15:50:17.462 [Test worker] DEBUG o.s.core.env.MutablePropertySources - Adding [systemProperties] PropertySource with lowest search precedence
15:50:17.462 [Test worker] DEBUG o.s.core.env.MutablePropertySources - Adding [systemEnvironment] PropertySource with lowest search precedence
15:50:17.462 [Test worker] DEBUG o.s.core.env.MutablePropertySources - Adding [class path resource [application-test.properties]] PropertySource with lowest search precedence
15:50:17.462 [Test worker] DEBUG o.s.core.env.MutablePropertySources - Adding [localProperties] PropertySource with lowest search precedence
15:50:17.462 [Test worker] DEBUG o.s.c.e.PropertySourcesPropertyResolver - Searching for key 'adapter.read.timeout.millisec' in [systemProperties]
15:50:17.462 [Test worker] DEBUG o.s.c.e.PropertySourcesPropertyResolver - Searching for key 'adapter.read.timeout.millisec' in [systemEnvironment]
15:50:17.462 [Test worker] DEBUG o.s.c.e.PropertySourcesPropertyResolver - Searching for key 'adapter.read.timeout.millisec' in [class path resource [application-test.properties]]
15:50:17.463 [Test worker] DEBUG o.s.c.e.PropertySourcesPropertyResolver - Found key 'adapter.read.timeout.millisec' in [class path resource [application-test.properties]] with type [String] and value '30000'
15:50:17.468 [Test worker] DEBUG o.s.b.f.s.DefaultListableBeanFactory - Returning cached instance of singleton bean 'org.springframework.retry.annotation.RetryConfiguration'
15:50:17.468 [Test worker] DEBUG o.s.b.f.s.DefaultListableBeanFactory - Returning cached instance of singleton bean 'org.springframework.retry.annotation.RetryConfiguration'
15:50:17.469 [Test worker] DEBUG o.s.b.f.s.DefaultListableBeanFactory - Finished creating instance of bean 'healthEndpoint'
15:50:17.469 [Test worker] DEBUG o.s.b.f.s.DefaultListableBeanFactory - Creating shared instance of singleton bean 'beansEndpoint'
15:50:17.469 [Test worker] DEBUG o.s.b.f.s.DefaultListableBeanFactory - Creating instance of bean 'beansEndpoint'
15:50:17.469 [Test worker] DEBUG o.s.b.f.s.DefaultListableBeanFactory - Returning cached instance of singleton bean 'org.springframework.retry.annotation.RetryConfiguration'
15:50:17.469 [Test worker] DEBUG o.s.b.f.s.DefaultListableBeanFactory - Returning cached instance of singleton bean 'org.springframework.boot.actuate.autoconfigure.EndpointAutoConfiguration'
15:50:17.473 [Test worker] DEBUG o.s.b.f.s.DefaultListableBeanFactory - Eagerly caching bean 'beansEndpoint' to allow for resolving potential circular references
15:50:17.475 [Test worker] DEBUG o.s.c.e.PropertySourcesPropertyResolver - Searching for key 'spring.liveBeansView.mbeanDomain' in [systemProperties]
15:50:17.475 [Test worker] DEBUG o.s.c.e.PropertySourcesPropertyResolver - Searching for key 'spring.liveBeansView.mbeanDomain' in [systemEnvironment]
15:50:17.475 [Test worker] DEBUG o.s.c.e.PropertySourcesPropertyResolver - Searching for key 'spring.liveBeansView.mbeanDomain' in [class path resource [application-test.properties]]
15:50:17.476 [Test worker] DEBUG o.s.c.e.PropertySourcesPropertyResolver - Could not find key 'spring.liveBeansView.mbeanDomain' in any property source. Returning [null]
15:50:17.476 [Test worker] DEBUG o.s.core.env.MutablePropertySources - Adding [systemProperties] PropertySource with lowest search precedence
15:50:17.477 [Test worker] DEBUG o.s.core.env.MutablePropertySources - Adding [systemEnvironment] PropertySource with lowest search precedence
15:50:17.477 [Test worker] DEBUG o.s.core.env.MutablePropertySources - Adding [class path resource [application-test.properties]] PropertySource with lowest search precedence
15:50:17.477 [Test worker] DEBUG o.s.core.env.MutablePropertySources - Adding [localProperties] PropertySource with lowest search precedence
15:50:17.477 [Test worker] DEBUG o.s.core.env.MutablePropertySources - Adding [systemProperties] PropertySource with lowest search precedence
15:50:17.477 [Test worker] DEBUG o.s.core.env.MutablePropertySources - Adding [systemEnvironment] PropertySource with lowest search precedence
15:50:17.477 [Test worker] DEBUG o.s.core.env.MutablePropertySources - Adding [class path resource [application-test.properties]] PropertySource with lowest search precedence
15:50:17.477 [Test worker] DEBUG o.s.core.env.MutablePropertySources - Adding [localProperties] PropertySource with lowest search precedence
15:50:17.477 [Test worker] DEBUG o.s.c.e.PropertySourcesPropertyResolver - Searching for key 'movies.apiKey' in [systemProperties]
15:50:17.477 [Test worker] DEBUG o.s.c.e.PropertySourcesPropertyResolver - Searching for key 'movies.apiKey' in [systemEnvironment]
15:50:17.477 [Test worker] DEBUG o.s.c.e.PropertySourcesPropertyResolver - Searching for key 'movies.apiKey' in [class path resource [application-test.properties]]
15:50:17.477 [Test worker] DEBUG o.s.c.e.PropertySourcesPropertyResolver - Found key 'movies.apiKey' in [class path resource [application-test.properties]] with type [String] and value 'your_key_here'
15:50:17.477 [Test worker] DEBUG o.s.core.env.MutablePropertySources - Adding [systemProperties] PropertySource with lowest search precedence
15:50:17.477 [Test worker] DEBUG o.s.core.env.MutablePropertySources - Adding [systemEnvironment] PropertySource with lowest search precedence
15:50:17.477 [Test worker] DEBUG o.s.core.env.MutablePropertySources - Adding [class path resource [application-test.properties]] PropertySource with lowest search precedence
15:50:17.477 [Test worker] DEBUG o.s.core.env.MutablePropertySources - Adding [localProperties] PropertySource with lowest search precedence
15:50:17.477 [Test worker] DEBUG o.s.c.e.PropertySourcesPropertyResolver - Searching for key 'server.port' in [systemProperties]
15:50:17.477 [Test worker] DEBUG o.s.c.e.PropertySourcesPropertyResolver - Searching for key 'server.port' in [systemEnvironment]
15:50:17.477 [Test worker] DEBUG o.s.c.e.PropertySourcesPropertyResolver - Searching for key 'server.port' in [class path resource [application-test.properties]]
15:50:17.478 [Test worker] DEBUG o.s.c.e.PropertySourcesPropertyResolver - Found key 'server.port' in [class path resource [application-test.properties]] with type [String] and value '8080'
15:50:17.478 [Test worker] DEBUG o.s.core.env.MutablePropertySources - Adding [systemProperties] PropertySource with lowest search precedence
15:50:17.478 [Test worker] DEBUG o.s.core.env.MutablePropertySources - Adding [systemEnvironment] PropertySource with lowest search precedence
15:50:17.478 [Test worker] DEBUG o.s.core.env.MutablePropertySources - Adding [class path resource [application-test.properties]] PropertySource with lowest search precedence
15:50:17.478 [Test worker] DEBUG o.s.core.env.MutablePropertySources - Adding [localProperties] PropertySource with lowest search precedence
15:50:17.478 [Test worker] DEBUG o.s.c.e.PropertySourcesPropertyResolver - Searching for key 'adapter.connection.timeout.millisec' in [systemProperties]
15:50:17.478 [Test worker] DEBUG o.s.c.e.PropertySourcesPropertyResolver - Searching for key 'adapter.connection.timeout.millisec' in [systemEnvironment]
15:50:17.478 [Test worker] DEBUG o.s.c.e.PropertySourcesPropertyResolver - Searching for key 'adapter.connection.timeout.millisec' in [class path resource [application-test.properties]]
15:50:17.478 [Test worker] DEBUG o.s.c.e.PropertySourcesPropertyResolver - Found key 'adapter.connection.timeout.millisec' in [class path resource [application-test.properties]] with type [String] and value '5000'
15:50:17.478 [Test worker] DEBUG o.s.core.env.MutablePropertySources - Adding [systemProperties] PropertySource with lowest search precedence
15:50:17.478 [Test worker] DEBUG o.s.core.env.MutablePropertySources - Adding [systemEnvironment] PropertySource with lowest search precedence
15:50:17.478 [Test worker] DEBUG o.s.core.env.MutablePropertySources - Adding [class path resource [application-test.properties]] PropertySource with lowest search precedence
15:50:17.478 [Test worker] DEBUG o.s.core.env.MutablePropertySources - Adding [localProperties] PropertySource with lowest search precedence
15:50:17.478 [Test worker] DEBUG o.s.c.e.PropertySourcesPropertyResolver - Searching for key 'server.contextPath' in [systemProperties]
15:50:17.478 [Test worker] DEBUG o.s.c.e.PropertySourcesPropertyResolver - Searching for key 'server.contextPath' in [systemEnvironment]
15:50:17.478 [Test worker] DEBUG o.s.c.e.PropertySourcesPropertyResolver - Searching for key 'server.contextPath' in [class path resource [application-test.properties]]
15:50:17.478 [Test worker] DEBUG o.s.c.e.PropertySourcesPropertyResolver - Found key 'server.contextPath' in [class path resource [application-test.properties]] with type [String] and value '/movies-adapter'
15:50:17.479 [Test worker] DEBUG o.s.core.env.MutablePropertySources - Adding [systemProperties] PropertySource with lowest search precedence
15:50:17.479 [Test worker] DEBUG o.s.core.env.MutablePropertySources - Adding [systemEnvironment] PropertySource with lowest search precedence
15:50:17.479 [Test worker] DEBUG o.s.core.env.MutablePropertySources - Adding [class path resource [application-test.properties]] PropertySource with lowest search precedence
15:50:17.479 [Test worker] DEBUG o.s.core.env.MutablePropertySources - Adding [localProperties] PropertySource with lowest search precedence
15:50:17.479 [Test worker] DEBUG o.s.c.e.PropertySourcesPropertyResolver - Searching for key 'movies.searchMovieUri' in [systemProperties]
15:50:17.479 [Test worker] DEBUG o.s.c.e.PropertySourcesPropertyResolver - Searching for key 'movies.searchMovieUri' in [systemEnvironment]
15:50:17.479 [Test worker] DEBUG o.s.c.e.PropertySourcesPropertyResolver - Searching for key 'movies.searchMovieUri' in [class path resource [application-test.properties]]
15:50:17.479 [Test worker] DEBUG o.s.c.e.PropertySourcesPropertyResolver - Found key 'movies.searchMovieUri' in [class path resource [application-test.properties]] with type [String] and value '/search/movie'
15:50:17.479 [Test worker] DEBUG o.s.core.env.MutablePropertySources - Adding [systemProperties] PropertySource with lowest search precedence
15:50:17.479 [Test worker] DEBUG o.s.core.env.MutablePropertySources - Adding [systemEnvironment] PropertySource with lowest search precedence
15:50:17.479 [Test worker] DEBUG o.s.core.env.MutablePropertySources - Adding [class path resource [application-test.properties]] PropertySource with lowest search precedence
15:50:17.479 [Test worker] DEBUG o.s.core.env.MutablePropertySources - Adding [localProperties] PropertySource with lowest search precedence
15:50:17.479 [Test worker] DEBUG o.s.c.e.PropertySourcesPropertyResolver - Searching for key 'adapter.pooling.connection.defaultMaxPerRoute' in [systemProperties]
15:50:17.479 [Test worker] DEBUG o.s.c.e.PropertySourcesPropertyResolver - Searching for key 'adapter.pooling.connection.defaultMaxPerRoute' in [systemEnvironment]
15:50:17.479 [Test worker] DEBUG o.s.c.e.PropertySourcesPropertyResolver - Searching for key 'adapter.pooling.connection.defaultMaxPerRoute' in [class path resource [application-test.properties]]
15:50:17.479 [Test worker] DEBUG o.s.c.e.PropertySourcesPropertyResolver - Found key 'adapter.pooling.connection.defaultMaxPerRoute' in [class path resource [application-test.properties]] with type [String] and value '100'
15:50:17.480 [Test worker] DEBUG o.s.core.env.MutablePropertySources - Adding [systemProperties] PropertySource with lowest search precedence
15:50:17.480 [Test worker] DEBUG o.s.core.env.MutablePropertySources - Adding [systemEnvironment] PropertySource with lowest search precedence
15:50:17.480 [Test worker] DEBUG o.s.core.env.MutablePropertySources - Adding [class path resource [application-test.properties]] PropertySource with lowest search precedence
15:50:17.480 [Test worker] DEBUG o.s.core.env.MutablePropertySources - Adding [localProperties] PropertySource with lowest search precedence
15:50:17.480 [Test worker] DEBUG o.s.c.e.PropertySourcesPropertyResolver - Searching for key 'movies.apiUri' in [systemProperties]
15:50:17.480 [Test worker] DEBUG o.s.c.e.PropertySourcesPropertyResolver - Searching for key 'movies.apiUri' in [systemEnvironment]
15:50:17.480 [Test worker] DEBUG o.s.c.e.PropertySourcesPropertyResolver - Searching for key 'movies.apiUri' in [class path resource [application-test.properties]]
15:50:17.480 [Test worker] DEBUG o.s.c.e.PropertySourcesPropertyResolver - Found key 'movies.apiUri' in [class path resource [application-test.properties]] with type [String] and value 'http://api.themoviedb.org/3'
15:50:17.480 [Test worker] DEBUG o.s.core.env.MutablePropertySources - Adding [systemProperties] PropertySource with lowest search precedence
15:50:17.480 [Test worker] DEBUG o.s.core.env.MutablePropertySources - Adding [systemEnvironment] PropertySource with lowest search precedence
15:50:17.480 [Test worker] DEBUG o.s.core.env.MutablePropertySources - Adding [class path resource [application-test.properties]] PropertySource with lowest search precedence
15:50:17.480 [Test worker] DEBUG o.s.core.env.MutablePropertySources - Adding [localProperties] PropertySource with lowest search precedence
15:50:17.480 [Test worker] DEBUG o.s.c.e.PropertySourcesPropertyResolver - Searching for key 'adapter.pooling.connection.maxTotal' in [systemProperties]
15:50:17.480 [Test worker] DEBUG o.s.c.e.PropertySourcesPropertyResolver - Searching for key 'adapter.pooling.connection.maxTotal' in [systemEnvironment]
15:50:17.480 [Test worker] DEBUG o.s.c.e.PropertySourcesPropertyResolver - Searching for key 'adapter.pooling.connection.maxTotal' in [class path resource [application-test.properties]]
15:50:17.480 [Test worker] DEBUG o.s.c.e.PropertySourcesPropertyResolver - Found key 'adapter.pooling.connection.maxTotal' in [class path resource [application-test.properties]] with type [String] and value '500'
15:50:17.480 [Test worker] DEBUG o.s.core.env.MutablePropertySources - Adding [systemProperties] PropertySource with lowest search precedence
15:50:17.481 [Test worker] DEBUG o.s.core.env.MutablePropertySources - Adding [systemEnvironment] PropertySource with lowest search precedence
15:50:17.481 [Test worker] DEBUG o.s.core.env.MutablePropertySources - Adding [class path resource [application-test.properties]] PropertySource with lowest search precedence
15:50:17.481 [Test worker] DEBUG o.s.core.env.MutablePropertySources - Adding [localProperties] PropertySource with lowest search precedence
15:50:17.481 [Test worker] DEBUG o.s.c.e.PropertySourcesPropertyResolver - Searching for key 'adapter.read.timeout.millisec' in [systemProperties]
15:50:17.481 [Test worker] DEBUG o.s.c.e.PropertySourcesPropertyResolver - Searching for key 'adapter.read.timeout.millisec' in [systemEnvironment]
15:50:17.481 [Test worker] DEBUG o.s.c.e.PropertySourcesPropertyResolver - Searching for key 'adapter.read.timeout.millisec' in [class path resource [application-test.properties]]
15:50:17.481 [Test worker] DEBUG o.s.c.e.PropertySourcesPropertyResolver - Found key 'adapter.read.timeout.millisec' in [class path resource [application-test.properties]] with type [String] and value '30000'
15:50:17.487 [Test worker] DEBUG o.s.b.f.s.DefaultListableBeanFactory - Returning cached instance of singleton bean 'org.springframework.retry.annotation.RetryConfiguration'
15:50:17.487 [Test worker] DEBUG o.s.b.f.s.DefaultListableBeanFactory - Returning cached instance of singleton bean 'org.springframework.retry.annotation.RetryConfiguration'
15:50:17.487 [Test worker] DEBUG o.s.b.f.s.DefaultListableBeanFactory - Finished creating instance of bean 'beansEndpoint'
15:50:17.487 [Test worker] DEBUG o.s.b.f.s.DefaultListableBeanFactory - Creating shared instance of singleton bean 'infoEndpoint'
15:50:17.487 [Test worker] DEBUG o.s.b.f.s.DefaultListableBeanFactory - Creating instance of bean 'infoEndpoint'
15:50:17.487 [Test worker] DEBUG o.s.b.f.s.DefaultListableBeanFactory - Returning cached instance of singleton bean 'org.springframework.retry.annotation.RetryConfiguration'
15:50:17.488 [Test worker] DEBUG o.s.b.f.s.DefaultListableBeanFactory - Returning cached instance of singleton bean 'org.springframework.boot.actuate.autoconfigure.EndpointAutoConfiguration'
15:50:17.498 [Test worker] DEBUG o.s.c.e.PropertySourcesPropertyResolver - Searching for key 'movies.apiKey' in [systemProperties]
15:50:17.498 [Test worker] DEBUG o.s.c.e.PropertySourcesPropertyResolver - Searching for key 'movies.apiKey' in [systemEnvironment]
15:50:17.499 [Test worker] DEBUG o.s.c.e.PropertySourcesPropertyResolver - Searching for key 'movies.apiKey' in [class path resource [application-test.properties]]
15:50:17.499 [Test worker] DEBUG o.s.c.e.PropertySourcesPropertyResolver - Found key 'movies.apiKey' in [class path resource [application-test.properties]] with type [String] and value 'your_key_here'
15:50:17.499 [Test worker] DEBUG o.s.c.e.PropertySourcesPropertyResolver - Searching for key 'server.port' in [systemProperties]
15:50:17.499 [Test worker] DEBUG o.s.c.e.PropertySourcesPropertyResolver - Searching for key 'server.port' in [systemEnvironment]
15:50:17.499 [Test worker] DEBUG o.s.c.e.PropertySourcesPropertyResolver - Searching for key 'server.port' in [class path resource [application-test.properties]]
15:50:17.499 [Test worker] DEBUG o.s.c.e.PropertySourcesPropertyResolver - Found key 'server.port' in [class path resource [application-test.properties]] with type [String] and value '8080'
15:50:17.499 [Test worker] DEBUG o.s.c.e.PropertySourcesPropertyResolver - Searching for key 'adapter.connection.timeout.millisec' in [systemProperties]
15:50:17.499 [Test worker] DEBUG o.s.c.e.PropertySourcesPropertyResolver - Searching for key 'adapter.connection.timeout.millisec' in [systemEnvironment]
15:50:17.499 [Test worker] DEBUG o.s.c.e.PropertySourcesPropertyResolver - Searching for key 'adapter.connection.timeout.millisec' in [class path resource [application-test.properties]]
15:50:17.499 [Test worker] DEBUG o.s.c.e.PropertySourcesPropertyResolver - Found key 'adapter.connection.timeout.millisec' in [class path resource [application-test.properties]] with type [String] and value '5000'
15:50:17.499 [Test worker] DEBUG o.s.c.e.PropertySourcesPropertyResolver - Searching for key 'server.contextPath' in [systemProperties]
15:50:17.499 [Test worker] DEBUG o.s.c.e.PropertySourcesPropertyResolver - Searching for key 'server.contextPath' in [systemEnvironment]
15:50:17.499 [Test worker] DEBUG o.s.c.e.PropertySourcesPropertyResolver - Searching for key 'server.contextPath' in [class path resource [application-test.properties]]
15:50:17.499 [Test worker] DEBUG o.s.c.e.PropertySourcesPropertyResolver - Found key 'server.contextPath' in [class path resource [application-test.properties]] with type [String] and value '/movies-adapter'
15:50:17.500 [Test worker] DEBUG o.s.c.e.PropertySourcesPropertyResolver - Searching for key 'movies.searchMovieUri' in [systemProperties]
15:50:17.500 [Test worker] DEBUG o.s.c.e.PropertySourcesPropertyResolver - Searching for key 'movies.searchMovieUri' in [systemEnvironment]
15:50:17.500 [Test worker] DEBUG o.s.c.e.PropertySourcesPropertyResolver - Searching for key 'movies.searchMovieUri' in [class path resource [application-test.properties]]
15:50:17.500 [Test worker] DEBUG o.s.c.e.PropertySourcesPropertyResolver - Found key 'movies.searchMovieUri' in [class path resource [application-test.properties]] with type [String] and value '/search/movie'
15:50:17.500 [Test worker] DEBUG o.s.c.e.PropertySourcesPropertyResolver - Searching for key 'adapter.pooling.connection.defaultMaxPerRoute' in [systemProperties]
15:50:17.500 [Test worker] DEBUG o.s.c.e.PropertySourcesPropertyResolver - Searching for key 'adapter.pooling.connection.defaultMaxPerRoute' in [systemEnvironment]
15:50:17.500 [Test worker] DEBUG o.s.c.e.PropertySourcesPropertyResolver - Searching for key 'adapter.pooling.connection.defaultMaxPerRoute' in [class path resource [application-test.properties]]
15:50:17.500 [Test worker] DEBUG o.s.c.e.PropertySourcesPropertyResolver - Found key 'adapter.pooling.connection.defaultMaxPerRoute' in [class path resource [application-test.properties]] with type [String] and value '100'
15:50:17.500 [Test worker] DEBUG o.s.c.e.PropertySourcesPropertyResolver - Searching for key 'movies.apiUri' in [systemProperties]
15:50:17.500 [Test worker] DEBUG o.s.c.e.PropertySourcesPropertyResolver - Searching for key 'movies.apiUri' in [systemEnvironment]
15:50:17.500 [Test worker] DEBUG o.s.c.e.PropertySourcesPropertyResolver - Searching for key 'movies.apiUri' in [class path resource [application-test.properties]]
15:50:17.500 [Test worker] DEBUG o.s.c.e.PropertySourcesPropertyResolver - Found key 'movies.apiUri' in [class path resource [application-test.properties]] with type [String] and value 'http://api.themoviedb.org/3'
15:50:17.500 [Test worker] DEBUG o.s.c.e.PropertySourcesPropertyResolver - Searching for key 'adapter.pooling.connection.maxTotal' in [systemProperties]
15:50:17.500 [Test worker] DEBUG o.s.c.e.PropertySourcesPropertyResolver - Searching for key 'adapter.pooling.connection.maxTotal' in [systemEnvironment]
15:50:17.500 [Test worker] DEBUG o.s.c.e.PropertySourcesPropertyResolver - Searching for key 'adapter.pooling.connection.maxTotal' in [class path resource [application-test.properties]]
15:50:17.500 [Test worker] DEBUG o.s.c.e.PropertySourcesPropertyResolver - Found key 'adapter.pooling.connection.maxTotal' in [class path resource [application-test.properties]] with type [String] and value '500'
15:50:17.500 [Test worker] DEBUG o.s.c.e.PropertySourcesPropertyResolver - Searching for key 'adapter.read.timeout.millisec' in [systemProperties]
15:50:17.500 [Test worker] DEBUG o.s.c.e.PropertySourcesPropertyResolver - Searching for key 'adapter.read.timeout.millisec' in [systemEnvironment]
15:50:17.501 [Test worker] DEBUG o.s.c.e.PropertySourcesPropertyResolver - Searching for key 'adapter.read.timeout.millisec' in [class path resource [application-test.properties]]
15:50:17.501 [Test worker] DEBUG o.s.c.e.PropertySourcesPropertyResolver - Found key 'adapter.read.timeout.millisec' in [class path resource [application-test.properties]] with type [String] and value '30000'
15:50:17.504 [Test worker] DEBUG o.s.b.f.s.DefaultListableBeanFactory - Eagerly caching bean 'infoEndpoint' to allow for resolving potential circular references
15:50:17.506 [Test worker] DEBUG o.s.core.env.MutablePropertySources - Adding [systemProperties] PropertySource with lowest search precedence
15:50:17.506 [Test worker] DEBUG o.s.core.env.MutablePropertySources - Adding [systemEnvironment] PropertySource with lowest search precedence
15:50:17.506 [Test worker] DEBUG o.s.core.env.MutablePropertySources - Adding [class path resource [application-test.properties]] PropertySource with lowest search precedence
15:50:17.506 [Test worker] DEBUG o.s.core.env.MutablePropertySources - Adding [localProperties] PropertySource with lowest search precedence
15:50:17.507 [Test worker] DEBUG o.s.core.env.MutablePropertySources - Adding [systemProperties] PropertySource with lowest search precedence
15:50:17.507 [Test worker] DEBUG o.s.core.env.MutablePropertySources - Adding [systemEnvironment] PropertySource with lowest search precedence
15:50:17.507 [Test worker] DEBUG o.s.core.env.MutablePropertySources - Adding [class path resource [application-test.properties]] PropertySource with lowest search precedence
15:50:17.507 [Test worker] DEBUG o.s.core.env.MutablePropertySources - Adding [localProperties] PropertySource with lowest search precedence
15:50:17.507 [Test worker] DEBUG o.s.c.e.PropertySourcesPropertyResolver - Searching for key 'movies.apiKey' in [systemProperties]
15:50:17.507 [Test worker] DEBUG o.s.c.e.PropertySourcesPropertyResolver - Searching for key 'movies.apiKey' in [systemEnvironment]
15:50:17.507 [Test worker] DEBUG o.s.c.e.PropertySourcesPropertyResolver - Searching for key 'movies.apiKey' in [class path resource [application-test.properties]]
15:50:17.507 [Test worker] DEBUG o.s.c.e.PropertySourcesPropertyResolver - Found key 'movies.apiKey' in [class path resource [application-test.properties]] with type [String] and value 'your_key_here'
15:50:17.507 [Test worker] DEBUG o.s.core.env.MutablePropertySources - Adding [systemProperties] PropertySource with lowest search precedence
15:50:17.507 [Test worker] DEBUG o.s.core.env.MutablePropertySources - Adding [systemEnvironment] PropertySource with lowest search precedence
15:50:17.507 [Test worker] DEBUG o.s.core.env.MutablePropertySources - Adding [class path resource [application-test.properties]] PropertySource with lowest search precedence
15:50:17.507 [Test worker] DEBUG o.s.core.env.MutablePropertySources - Adding [localProperties] PropertySource with lowest search precedence
15:50:17.507 [Test worker] DEBUG o.s.c.e.PropertySourcesPropertyResolver - Searching for key 'server.port' in [systemProperties]
15:50:17.507 [Test worker] DEBUG o.s.c.e.PropertySourcesPropertyResolver - Searching for key 'server.port' in [systemEnvironment]
15:50:17.507 [Test worker] DEBUG o.s.c.e.PropertySourcesPropertyResolver - Searching for key 'server.port' in [class path resource [application-test.properties]]
15:50:17.507 [Test worker] DEBUG o.s.c.e.PropertySourcesPropertyResolver - Found key 'server.port' in [class path resource [application-test.properties]] with type [String] and value '8080'
15:50:17.507 [Test worker] DEBUG o.s.core.env.MutablePropertySources - Adding [systemProperties] PropertySource with lowest search precedence
15:50:17.507 [Test worker] DEBUG o.s.core.env.MutablePropertySources - Adding [systemEnvironment] PropertySource with lowest search precedence
15:50:17.508 [Test worker] DEBUG o.s.core.env.MutablePropertySources - Adding [class path resource [application-test.properties]] PropertySource with lowest search precedence
15:50:17.508 [Test worker] DEBUG o.s.core.env.MutablePropertySources - Adding [localProperties] PropertySource with lowest search precedence
15:50:17.508 [Test worker] DEBUG o.s.c.e.PropertySourcesPropertyResolver - Searching for key 'adapter.connection.timeout.millisec' in [systemProperties]
15:50:17.508 [Test worker] DEBUG o.s.c.e.PropertySourcesPropertyResolver - Searching for key 'adapter.connection.timeout.millisec' in [systemEnvironment]
15:50:17.508 [Test worker] DEBUG o.s.c.e.PropertySourcesPropertyResolver - Searching for key 'adapter.connection.timeout.millisec' in [class path resource [application-test.properties]]
15:50:17.508 [Test worker] DEBUG o.s.c.e.PropertySourcesPropertyResolver - Found key 'adapter.connection.timeout.millisec' in [class path resource [application-test.properties]] with type [String] and value '5000'
15:50:17.508 [Test worker] DEBUG o.s.core.env.MutablePropertySources - Adding [systemProperties] PropertySource with lowest search precedence
15:50:17.508 [Test worker] DEBUG o.s.core.env.MutablePropertySources - Adding [systemEnvironment] PropertySource with lowest search precedence
15:50:17.508 [Test worker] DEBUG o.s.core.env.MutablePropertySources - Adding [class path resource [application-test.properties]] PropertySource with lowest search precedence
15:50:17.508 [Test worker] DEBUG o.s.core.env.MutablePropertySources - Adding [localProperties] PropertySource with lowest search precedence
15:50:17.508 [Test worker] DEBUG o.s.c.e.PropertySourcesPropertyResolver - Searching for key 'server.contextPath' in [systemProperties]
15:50:17.508 [Test worker] DEBUG o.s.c.e.PropertySourcesPropertyResolver - Searching for key 'server.contextPath' in [systemEnvironment]
15:50:17.508 [Test worker] DEBUG o.s.c.e.PropertySourcesPropertyResolver - Searching for key 'server.contextPath' in [class path resource [application-test.properties]]
15:50:17.508 [Test worker] DEBUG o.s.c.e.PropertySourcesPropertyResolver - Found key 'server.contextPath' in [class path resource [application-test.properties]] with type [String] and value '/movies-adapter'
15:50:17.508 [Test worker] DEBUG o.s.core.env.MutablePropertySources - Adding [systemProperties] PropertySource with lowest search precedence
15:50:17.508 [Test worker] DEBUG o.s.core.env.MutablePropertySources - Adding [systemEnvironment] PropertySource with lowest search precedence
15:50:17.508 [Test worker] DEBUG o.s.core.env.MutablePropertySources - Adding [class path resource [application-test.properties]] PropertySource with lowest search precedence
15:50:17.508 [Test worker] DEBUG o.s.core.env.MutablePropertySources - Adding [localProperties] PropertySource with lowest search precedence
15:50:17.508 [Test worker] DEBUG o.s.c.e.PropertySourcesPropertyResolver - Searching for key 'movies.searchMovieUri' in [systemProperties]
15:50:17.508 [Test worker] DEBUG o.s.c.e.PropertySourcesPropertyResolver - Searching for key 'movies.searchMovieUri' in [systemEnvironment]
15:50:17.508 [Test worker] DEBUG o.s.c.e.PropertySourcesPropertyResolver - Searching for key 'movies.searchMovieUri' in [class path resource [application-test.properties]]
15:50:17.508 [Test worker] DEBUG o.s.c.e.PropertySourcesPropertyResolver - Found key 'movies.searchMovieUri' in [class path resource [application-test.properties]] with type [String] and value '/search/movie'
15:50:17.508 [Test worker] DEBUG o.s.core.env.MutablePropertySources - Adding [systemProperties] PropertySource with lowest search precedence
15:50:17.508 [Test worker] DEBUG o.s.core.env.MutablePropertySources - Adding [systemEnvironment] PropertySource with lowest search precedence
15:50:17.508 [Test worker] DEBUG o.s.core.env.MutablePropertySources - Adding [class path resource [application-test.properties]] PropertySource with lowest search precedence
15:50:17.509 [Test worker] DEBUG o.s.core.env.MutablePropertySources - Adding [localProperties] PropertySource with lowest search precedence
15:50:17.509 [Test worker] DEBUG o.s.c.e.PropertySourcesPropertyResolver - Searching for key 'adapter.pooling.connection.defaultMaxPerRoute' in [systemProperties]
15:50:17.509 [Test worker] DEBUG o.s.c.e.PropertySourcesPropertyResolver - Searching for key 'adapter.pooling.connection.defaultMaxPerRoute' in [systemEnvironment]
15:50:17.509 [Test worker] DEBUG o.s.c.e.PropertySourcesPropertyResolver - Searching for key 'adapter.pooling.connection.defaultMaxPerRoute' in [class path resource [application-test.properties]]
15:50:17.509 [Test worker] DEBUG o.s.c.e.PropertySourcesPropertyResolver - Found key 'adapter.pooling.connection.defaultMaxPerRoute' in [class path resource [application-test.properties]] with type [String] and value '100'
15:50:17.509 [Test worker] DEBUG o.s.core.env.MutablePropertySources - Adding [systemProperties] PropertySource with lowest search precedence
15:50:17.509 [Test worker] DEBUG o.s.core.env.MutablePropertySources - Adding [systemEnvironment] PropertySource with lowest search precedence
15:50:17.509 [Test worker] DEBUG o.s.core.env.MutablePropertySources - Adding [class path resource [application-test.properties]] PropertySource with lowest search precedence
15:50:17.509 [Test worker] DEBUG o.s.core.env.MutablePropertySources - Adding [localProperties] PropertySource with lowest search precedence
15:50:17.509 [Test worker] DEBUG o.s.c.e.PropertySourcesPropertyResolver - Searching for key 'movies.apiUri' in [systemProperties]
15:50:17.509 [Test worker] DEBUG o.s.c.e.PropertySourcesPropertyResolver - Searching for key 'movies.apiUri' in [systemEnvironment]
15:50:17.509 [Test worker] DEBUG o.s.c.e.PropertySourcesPropertyResolver - Searching for key 'movies.apiUri' in [class path resource [application-test.properties]]
15:50:17.509 [Test worker] DEBUG o.s.c.e.PropertySourcesPropertyResolver - Found key 'movies.apiUri' in [class path resource [application-test.properties]] with type [String] and value 'http://api.themoviedb.org/3'
15:50:17.509 [Test worker] DEBUG o.s.core.env.MutablePropertySources - Adding [systemProperties] PropertySource with lowest search precedence
15:50:17.509 [Test worker] DEBUG o.s.core.env.MutablePropertySources - Adding [systemEnvironment] PropertySource with lowest search precedence
15:50:17.509 [Test worker] DEBUG o.s.core.env.MutablePropertySources - Adding [class path resource [application-test.properties]] PropertySource with lowest search precedence
15:50:17.509 [Test worker] DEBUG o.s.core.env.MutablePropertySources - Adding [localProperties] PropertySource with lowest search precedence
15:50:17.509 [Test worker] DEBUG o.s.c.e.PropertySourcesPropertyResolver - Searching for key 'adapter.pooling.connection.maxTotal' in [systemProperties]
15:50:17.509 [Test worker] DEBUG o.s.c.e.PropertySourcesPropertyResolver - Searching for key 'adapter.pooling.connection.maxTotal' in [systemEnvironment]
15:50:17.510 [Test worker] DEBUG o.s.c.e.PropertySourcesPropertyResolver - Searching for key 'adapter.pooling.connection.maxTotal' in [class path resource [application-test.properties]]
15:50:17.510 [Test worker] DEBUG o.s.c.e.PropertySourcesPropertyResolver - Found key 'adapter.pooling.connection.maxTotal' in [class path resource [application-test.properties]] with type [String] and value '500'
15:50:17.510 [Test worker] DEBUG o.s.core.env.MutablePropertySources - Adding [systemProperties] PropertySource with lowest search precedence
15:50:17.510 [Test worker] DEBUG o.s.core.env.MutablePropertySources - Adding [systemEnvironment] PropertySource with lowest search precedence
15:50:17.510 [Test worker] DEBUG o.s.core.env.MutablePropertySources - Adding [class path resource [application-test.properties]] PropertySource with lowest search precedence
15:50:17.510 [Test worker] DEBUG o.s.core.env.MutablePropertySources - Adding [localProperties] PropertySource with lowest search precedence
15:50:17.510 [Test worker] DEBUG o.s.c.e.PropertySourcesPropertyResolver - Searching for key 'adapter.read.timeout.millisec' in [systemProperties]
15:50:17.510 [Test worker] DEBUG o.s.c.e.PropertySourcesPropertyResolver - Searching for key 'adapter.read.timeout.millisec' in [systemEnvironment]
15:50:17.510 [Test worker] DEBUG o.s.c.e.PropertySourcesPropertyResolver - Searching for key 'adapter.read.timeout.millisec' in [class path resource [application-test.properties]]
15:50:17.510 [Test worker] DEBUG o.s.c.e.PropertySourcesPropertyResolver - Found key 'adapter.read.timeout.millisec' in [class path resource [application-test.properties]] with type [String] and value '30000'
15:50:17.515 [Test worker] DEBUG o.s.b.f.s.DefaultListableBeanFactory - Returning cached instance of singleton bean 'org.springframework.retry.annotation.RetryConfiguration'
15:50:17.515 [Test worker] DEBUG o.s.b.f.s.DefaultListableBeanFactory - Returning cached instance of singleton bean 'org.springframework.retry.annotation.RetryConfiguration'
15:50:17.516 [Test worker] DEBUG o.s.b.f.s.DefaultListableBeanFactory - Finished creating instance of bean 'infoEndpoint'
15:50:17.516 [Test worker] DEBUG o.s.b.f.s.DefaultListableBeanFactory - Creating shared instance of singleton bean 'metricsEndpoint'
15:50:17.516 [Test worker] DEBUG o.s.b.f.s.DefaultListableBeanFactory - Creating instance of bean 'metricsEndpoint'
15:50:17.516 [Test worker] DEBUG o.s.b.f.s.DefaultListableBeanFactory - Returning cached instance of singleton bean 'org.springframework.retry.annotation.RetryConfiguration'
15:50:17.516 [Test worker] DEBUG o.s.b.f.s.DefaultListableBeanFactory - Returning cached instance of singleton bean 'org.springframework.boot.actuate.autoconfigure.EndpointAutoConfiguration'
15:50:17.517 [Test worker] DEBUG o.s.b.f.s.DefaultListableBeanFactory - Eagerly caching bean 'metricsEndpoint' to allow for resolving potential circular references
15:50:17.519 [Test worker] DEBUG o.s.core.env.MutablePropertySources - Adding [systemProperties] PropertySource with lowest search precedence
15:50:17.519 [Test worker] DEBUG o.s.core.env.MutablePropertySources - Adding [systemEnvironment] PropertySource with lowest search precedence
15:50:17.519 [Test worker] DEBUG o.s.core.env.MutablePropertySources - Adding [class path resource [application-test.properties]] PropertySource with lowest search precedence
15:50:17.519 [Test worker] DEBUG o.s.core.env.MutablePropertySources - Adding [localProperties] PropertySource with lowest search precedence
15:50:17.519 [Test worker] DEBUG o.s.core.env.MutablePropertySources - Adding [systemProperties] PropertySource with lowest search precedence
15:50:17.519 [Test worker] DEBUG o.s.core.env.MutablePropertySources - Adding [systemEnvironment] PropertySource with lowest search precedence
15:50:17.519 [Test worker] DEBUG o.s.core.env.MutablePropertySources - Adding [class path resource [application-test.properties]] PropertySource with lowest search precedence
15:50:17.519 [Test worker] DEBUG o.s.core.env.MutablePropertySources - Adding [localProperties] PropertySource with lowest search precedence
15:50:17.519 [Test worker] DEBUG o.s.c.e.PropertySourcesPropertyResolver - Searching for key 'movies.apiKey' in [systemProperties]
15:50:17.519 [Test worker] DEBUG o.s.c.e.PropertySourcesPropertyResolver - Searching for key 'movies.apiKey' in [systemEnvironment]
15:50:17.519 [Test worker] DEBUG o.s.c.e.PropertySourcesPropertyResolver - Searching for key 'movies.apiKey' in [class path resource [application-test.properties]]
15:50:17.519 [Test worker] DEBUG o.s.c.e.PropertySourcesPropertyResolver - Found key 'movies.apiKey' in [class path resource [application-test.properties]] with type [String] and value 'your_key_here'
15:50:17.520 [Test worker] DEBUG o.s.core.env.MutablePropertySources - Adding [systemProperties] PropertySource with lowest search precedence
15:50:17.520 [Test worker] DEBUG o.s.core.env.MutablePropertySources - Adding [systemEnvironment] PropertySource with lowest search precedence
15:50:17.520 [Test worker] DEBUG o.s.core.env.MutablePropertySources - Adding [class path resource [application-test.properties]] PropertySource with lowest search precedence
15:50:17.520 [Test worker] DEBUG o.s.core.env.MutablePropertySources - Adding [localProperties] PropertySource with lowest search precedence
15:50:17.520 [Test worker] DEBUG o.s.c.e.PropertySourcesPropertyResolver - Searching for key 'server.port' in [systemProperties]
15:50:17.520 [Test worker] DEBUG o.s.c.e.PropertySourcesPropertyResolver - Searching for key 'server.port' in [systemEnvironment]
15:50:17.520 [Test worker] DEBUG o.s.c.e.PropertySourcesPropertyResolver - Searching for key 'server.port' in [class path resource [application-test.properties]]
15:50:17.520 [Test worker] DEBUG o.s.c.e.PropertySourcesPropertyResolver - Found key 'server.port' in [class path resource [application-test.properties]] with type [String] and value '8080'
15:50:17.520 [Test worker] DEBUG o.s.core.env.MutablePropertySources - Adding [systemProperties] PropertySource with lowest search precedence
15:50:17.520 [Test worker] DEBUG o.s.core.env.MutablePropertySources - Adding [systemEnvironment] PropertySource with lowest search precedence
15:50:17.520 [Test worker] DEBUG o.s.core.env.MutablePropertySources - Adding [class path resource [application-test.properties]] PropertySource with lowest search precedence
15:50:17.520 [Test worker] DEBUG o.s.core.env.MutablePropertySources - Adding [localProperties] PropertySource with lowest search precedence
15:50:17.520 [Test worker] DEBUG o.s.c.e.PropertySourcesPropertyResolver - Searching for key 'adapter.connection.timeout.millisec' in [systemProperties]
15:50:17.520 [Test worker] DEBUG o.s.c.e.PropertySourcesPropertyResolver - Searching for key 'adapter.connection.timeout.millisec' in [systemEnvironment]
15:50:17.520 [Test worker] DEBUG o.s.c.e.PropertySourcesPropertyResolver - Searching for key 'adapter.connection.timeout.millisec' in [class path resource [application-test.properties]]
15:50:17.520 [Test worker] DEBUG o.s.c.e.PropertySourcesPropertyResolver - Found key 'adapter.connection.timeout.millisec' in [class path resource [application-test.properties]] with type [String] and value '5000'
15:50:17.520 [Test worker] DEBUG o.s.core.env.MutablePropertySources - Adding [systemProperties] PropertySource with lowest search precedence
15:50:17.520 [Test worker] DEBUG o.s.core.env.MutablePropertySources - Adding [systemEnvironment] PropertySource with lowest search precedence
15:50:17.520 [Test worker] DEBUG o.s.core.env.MutablePropertySources - Adding [class path resource [application-test.properties]] PropertySource with lowest search precedence
15:50:17.520 [Test worker] DEBUG o.s.core.env.MutablePropertySources - Adding [localProperties] PropertySource with lowest search precedence
15:50:17.520 [Test worker] DEBUG o.s.c.e.PropertySourcesPropertyResolver - Searching for key 'server.contextPath' in [systemProperties]
15:50:17.520 [Test worker] DEBUG o.s.c.e.PropertySourcesPropertyResolver - Searching for key 'server.contextPath' in [systemEnvironment]
15:50:17.520 [Test worker] DEBUG o.s.c.e.PropertySourcesPropertyResolver - Searching for key 'server.contextPath' in [class path resource [application-test.properties]]
15:50:17.521 [Test worker] DEBUG o.s.c.e.PropertySourcesPropertyResolver - Found key 'server.contextPath' in [class path resource [application-test.properties]] with type [String] and value '/movies-adapter'
15:50:17.521 [Test worker] DEBUG o.s.core.env.MutablePropertySources - Adding [systemProperties] PropertySource with lowest search precedence
15:50:17.521 [Test worker] DEBUG o.s.core.env.MutablePropertySources - Adding [systemEnvironment] PropertySource with lowest search precedence
15:50:17.521 [Test worker] DEBUG o.s.core.env.MutablePropertySources - Adding [class path resource [application-test.properties]] PropertySource with lowest search precedence
15:50:17.521 [Test worker] DEBUG o.s.core.env.MutablePropertySources - Adding [localProperties] PropertySource with lowest search precedence
15:50:17.521 [Test worker] DEBUG o.s.c.e.PropertySourcesPropertyResolver - Searching for key 'movies.searchMovieUri' in [systemProperties]
15:50:17.521 [Test worker] DEBUG o.s.c.e.PropertySourcesPropertyResolver - Searching for key 'movies.searchMovieUri' in [systemEnvironment]
15:50:17.521 [Test worker] DEBUG o.s.c.e.PropertySourcesPropertyResolver - Searching for key 'movies.searchMovieUri' in [class path resource [application-test.properties]]
15:50:17.521 [Test worker] DEBUG o.s.c.e.PropertySourcesPropertyResolver - Found key 'movies.searchMovieUri' in [class path resource [application-test.properties]] with type [String] and value '/search/movie'
15:50:17.521 [Test worker] DEBUG o.s.core.env.MutablePropertySources - Adding [systemProperties] PropertySource with lowest search precedence
15:50:17.521 [Test worker] DEBUG o.s.core.env.MutablePropertySources - Adding [systemEnvironment] PropertySource with lowest search precedence
15:50:17.521 [Test worker] DEBUG o.s.core.env.MutablePropertySources - Adding [class path resource [application-test.properties]] PropertySource with lowest search precedence
15:50:17.521 [Test worker] DEBUG o.s.core.env.MutablePropertySources - Adding [localProperties] PropertySource with lowest search precedence
15:50:17.521 [Test worker] DEBUG o.s.c.e.PropertySourcesPropertyResolver - Searching for key 'adapter.pooling.connection.defaultMaxPerRoute' in [systemProperties]
15:50:17.521 [Test worker] DEBUG o.s.c.e.PropertySourcesPropertyResolver - Searching for key 'adapter.pooling.connection.defaultMaxPerRoute' in [systemEnvironment]
15:50:17.521 [Test worker] DEBUG o.s.c.e.PropertySourcesPropertyResolver - Searching for key 'adapter.pooling.connection.defaultMaxPerRoute' in [class path resource [application-test.properties]]
15:50:17.521 [Test worker] DEBUG o.s.c.e.PropertySourcesPropertyResolver - Found key 'adapter.pooling.connection.defaultMaxPerRoute' in [class path resource [application-test.properties]] with type [String] and value '100'
15:50:17.521 [Test worker] DEBUG o.s.core.env.MutablePropertySources - Adding [systemProperties] PropertySource with lowest search precedence
15:50:17.521 [Test worker] DEBUG o.s.core.env.MutablePropertySources - Adding [systemEnvironment] PropertySource with lowest search precedence
15:50:17.522 [Test worker] DEBUG o.s.core.env.MutablePropertySources - Adding [class path resource [application-test.properties]] PropertySource with lowest search precedence
15:50:17.522 [Test worker] DEBUG o.s.core.env.MutablePropertySources - Adding [localProperties] PropertySource with lowest search precedence
15:50:17.522 [Test worker] DEBUG o.s.c.e.PropertySourcesPropertyResolver - Searching for key 'movies.apiUri' in [systemProperties]
15:50:17.522 [Test worker] DEBUG o.s.c.e.PropertySourcesPropertyResolver - Searching for key 'movies.apiUri' in [systemEnvironment]
15:50:17.522 [Test worker] DEBUG o.s.c.e.PropertySourcesPropertyResolver - Searching for key 'movies.apiUri' in [class path resource [application-test.properties]]
15:50:17.522 [Test worker] DEBUG o.s.c.e.PropertySourcesPropertyResolver - Found key 'movies.apiUri' in [class path resource [application-test.properties]] with type [String] and value 'http://api.themoviedb.org/3'
15:50:17.522 [Test worker] DEBUG o.s.core.env.MutablePropertySources - Adding [systemProperties] PropertySource with lowest search precedence
15:50:17.522 [Test worker] DEBUG o.s.core.env.MutablePropertySources - Adding [systemEnvironment] PropertySource with lowest search precedence
15:50:17.522 [Test worker] DEBUG o.s.core.env.MutablePropertySources - Adding [class path resource [application-test.properties]] PropertySource with lowest search precedence
15:50:17.522 [Test worker] DEBUG o.s.core.env.MutablePropertySources - Adding [localProperties] PropertySource with lowest search precedence
15:50:17.522 [Test worker] DEBUG o.s.c.e.PropertySourcesPropertyResolver - Searching for key 'adapter.pooling.connection.maxTotal' in [systemProperties]
15:50:17.522 [Test worker] DEBUG o.s.c.e.PropertySourcesPropertyResolver - Searching for key 'adapter.pooling.connection.maxTotal' in [systemEnvironment]
15:50:17.522 [Test worker] DEBUG o.s.c.e.PropertySourcesPropertyResolver - Searching for key 'adapter.pooling.connection.maxTotal' in [class path resource [application-test.properties]]
15:50:17.522 [Test worker] DEBUG o.s.c.e.PropertySourcesPropertyResolver - Found key 'adapter.pooling.connection.maxTotal' in [class path resource [application-test.properties]] with type [String] and value '500'
15:50:17.523 [Test worker] DEBUG o.s.core.env.MutablePropertySources - Adding [systemProperties] PropertySource with lowest search precedence
15:50:17.523 [Test worker] DEBUG o.s.core.env.MutablePropertySources - Adding [systemEnvironment] PropertySource with lowest search precedence
15:50:17.523 [Test worker] DEBUG o.s.core.env.MutablePropertySources - Adding [class path resource [application-test.properties]] PropertySource with lowest search precedence
15:50:17.523 [Test worker] DEBUG o.s.core.env.MutablePropertySources - Adding [localProperties] PropertySource with lowest search precedence
15:50:17.523 [Test worker] DEBUG o.s.c.e.PropertySourcesPropertyResolver - Searching for key 'adapter.read.timeout.millisec' in [systemProperties]
15:50:17.523 [Test worker] DEBUG o.s.c.e.PropertySourcesPropertyResolver - Searching for key 'adapter.read.timeout.millisec' in [systemEnvironment]
15:50:17.523 [Test worker] DEBUG o.s.c.e.PropertySourcesPropertyResolver - Searching for key 'adapter.read.timeout.millisec' in [class path resource [application-test.properties]]
15:50:17.523 [Test worker] DEBUG o.s.c.e.PropertySourcesPropertyResolver - Found key 'adapter.read.timeout.millisec' in [class path resource [application-test.properties]] with type [String] and value '30000'
15:50:17.528 [Test worker] DEBUG o.s.b.f.s.DefaultListableBeanFactory - Returning cached instance of singleton bean 'org.springframework.retry.annotation.RetryConfiguration'
15:50:17.528 [Test worker] DEBUG o.s.b.f.s.DefaultListableBeanFactory - Returning cached instance of singleton bean 'org.springframework.retry.annotation.RetryConfiguration'
15:50:17.529 [Test worker] DEBUG o.s.b.f.s.DefaultListableBeanFactory - Finished creating instance of bean 'metricsEndpoint'
15:50:17.529 [Test worker] DEBUG o.s.b.f.s.DefaultListableBeanFactory - Creating shared instance of singleton bean 'traceEndpoint'
15:50:17.529 [Test worker] DEBUG o.s.b.f.s.DefaultListableBeanFactory - Creating instance of bean 'traceEndpoint'
15:50:17.529 [Test worker] DEBUG o.s.b.f.s.DefaultListableBeanFactory - Returning cached instance of singleton bean 'org.springframework.retry.annotation.RetryConfiguration'
15:50:17.529 [Test worker] DEBUG o.s.b.f.s.DefaultListableBeanFactory - Returning cached instance of singleton bean 'org.springframework.boot.actuate.autoconfigure.EndpointAutoConfiguration'
15:50:17.530 [Test worker] DEBUG o.s.b.f.s.DefaultListableBeanFactory - Eagerly caching bean 'traceEndpoint' to allow for resolving potential circular references
15:50:17.532 [Test worker] DEBUG o.s.core.env.MutablePropertySources - Adding [systemProperties] PropertySource with lowest search precedence
15:50:17.532 [Test worker] DEBUG o.s.core.env.MutablePropertySources - Adding [systemEnvironment] PropertySource with lowest search precedence
15:50:17.532 [Test worker] DEBUG o.s.core.env.MutablePropertySources - Adding [class path resource [application-test.properties]] PropertySource with lowest search precedence
15:50:17.532 [Test worker] DEBUG o.s.core.env.MutablePropertySources - Adding [localProperties] PropertySource with lowest search precedence
15:50:17.532 [Test worker] DEBUG o.s.core.env.MutablePropertySources - Adding [systemProperties] PropertySource with lowest search precedence
15:50:17.532 [Test worker] DEBUG o.s.core.env.MutablePropertySources - Adding [systemEnvironment] PropertySource with lowest search precedence
15:50:17.532 [Test worker] DEBUG o.s.core.env.MutablePropertySources - Adding [class path resource [application-test.properties]] PropertySource with lowest search precedence
15:50:17.532 [Test worker] DEBUG o.s.core.env.MutablePropertySources - Adding [localProperties] PropertySource with lowest search precedence
15:50:17.532 [Test worker] DEBUG o.s.c.e.PropertySourcesPropertyResolver - Searching for key 'movies.apiKey' in [systemProperties]
15:50:17.532 [Test worker] DEBUG o.s.c.e.PropertySourcesPropertyResolver - Searching for key 'movies.apiKey' in [systemEnvironment]
15:50:17.532 [Test worker] DEBUG o.s.c.e.PropertySourcesPropertyResolver - Searching for key 'movies.apiKey' in [class path resource [application-test.properties]]
15:50:17.533 [Test worker] DEBUG o.s.c.e.PropertySourcesPropertyResolver - Found key 'movies.apiKey' in [class path resource [application-test.properties]] with type [String] and value 'your_key_here'
15:50:17.533 [Test worker] DEBUG o.s.core.env.MutablePropertySources - Adding [systemProperties] PropertySource with lowest search precedence
15:50:17.533 [Test worker] DEBUG o.s.core.env.MutablePropertySources - Adding [systemEnvironment] PropertySource with lowest search precedence
15:50:17.533 [Test worker] DEBUG o.s.core.env.MutablePropertySources - Adding [class path resource [application-test.properties]] PropertySource with lowest search precedence
15:50:17.533 [Test worker] DEBUG o.s.core.env.MutablePropertySources - Adding [localProperties] PropertySource with lowest search precedence
15:50:17.533 [Test worker] DEBUG o.s.c.e.PropertySourcesPropertyResolver - Searching for key 'server.port' in [systemProperties]
15:50:17.533 [Test worker] DEBUG o.s.c.e.PropertySourcesPropertyResolver - Searching for key 'server.port' in [systemEnvironment]
15:50:17.533 [Test worker] DEBUG o.s.c.e.PropertySourcesPropertyResolver - Searching for key 'server.port' in [class path resource [application-test.properties]]
15:50:17.533 [Test worker] DEBUG o.s.c.e.PropertySourcesPropertyResolver - Found key 'server.port' in [class path resource [application-test.properties]] with type [String] and value '8080'
15:50:17.533 [Test worker] DEBUG o.s.core.env.MutablePropertySources - Adding [systemProperties] PropertySource with lowest search precedence
15:50:17.533 [Test worker] DEBUG o.s.core.env.MutablePropertySources - Adding [systemEnvironment] PropertySource with lowest search precedence
15:50:17.533 [Test worker] DEBUG o.s.core.env.MutablePropertySources - Adding [class path resource [application-test.properties]] PropertySource with lowest search precedence
15:50:17.533 [Test worker] DEBUG o.s.core.env.MutablePropertySources - Adding [localProperties] PropertySource with lowest search precedence
15:50:17.533 [Test worker] DEBUG o.s.c.e.PropertySourcesPropertyResolver - Searching for key 'adapter.connection.timeout.millisec' in [systemProperties]
15:50:17.533 [Test worker] DEBUG o.s.c.e.PropertySourcesPropertyResolver - Searching for key 'adapter.connection.timeout.millisec' in [systemEnvironment]
15:50:17.533 [Test worker] DEBUG o.s.c.e.PropertySourcesPropertyResolver - Searching for key 'adapter.connection.timeout.millisec' in [class path resource [application-test.properties]]
15:50:17.534 [Test worker] DEBUG o.s.c.e.PropertySourcesPropertyResolver - Found key 'adapter.connection.timeout.millisec' in [class path resource [application-test.properties]] with type [String] and value '5000'
15:50:17.534 [Test worker] DEBUG o.s.core.env.MutablePropertySources - Adding [systemProperties] PropertySource with lowest search precedence
15:50:17.534 [Test worker] DEBUG o.s.core.env.MutablePropertySources - Adding [systemEnvironment] PropertySource with lowest search precedence
15:50:17.534 [Test worker] DEBUG o.s.core.env.MutablePropertySources - Adding [class path resource [application-test.properties]] PropertySource with lowest search precedence
15:50:17.534 [Test worker] DEBUG o.s.core.env.MutablePropertySources - Adding [localProperties] PropertySource with lowest search precedence
15:50:17.534 [Test worker] DEBUG o.s.c.e.PropertySourcesPropertyResolver - Searching for key 'server.contextPath' in [systemProperties]
15:50:17.534 [Test worker] DEBUG o.s.c.e.PropertySourcesPropertyResolver - Searching for key 'server.contextPath' in [systemEnvironment]
15:50:17.534 [Test worker] DEBUG o.s.c.e.PropertySourcesPropertyResolver - Searching for key 'server.contextPath' in [class path resource [application-test.properties]]
15:50:17.534 [Test worker] DEBUG o.s.c.e.PropertySourcesPropertyResolver - Found key 'server.contextPath' in [class path resource [application-test.properties]] with type [String] and value '/movies-adapter'
15:50:17.534 [Test worker] DEBUG o.s.core.env.MutablePropertySources - Adding [systemProperties] PropertySource with lowest search precedence
15:50:17.534 [Test worker] DEBUG o.s.core.env.MutablePropertySources - Adding [systemEnvironment] PropertySource with lowest search precedence
15:50:17.534 [Test worker] DEBUG o.s.core.env.MutablePropertySources - Adding [class path resource [application-test.properties]] PropertySource with lowest search precedence
15:50:17.534 [Test worker] DEBUG o.s.core.env.MutablePropertySources - Adding [localProperties] PropertySource with lowest search precedence
15:50:17.534 [Test worker] DEBUG o.s.c.e.PropertySourcesPropertyResolver - Searching for key 'movies.searchMovieUri' in [systemProperties]
15:50:17.534 [Test worker] DEBUG o.s.c.e.PropertySourcesPropertyResolver - Searching for key 'movies.searchMovieUri' in [systemEnvironment]
15:50:17.534 [Test worker] DEBUG o.s.c.e.PropertySourcesPropertyResolver - Searching for key 'movies.searchMovieUri' in [class path resource [application-test.properties]]
15:50:17.534 [Test worker] DEBUG o.s.c.e.PropertySourcesPropertyResolver - Found key 'movies.searchMovieUri' in [class path resource [application-test.properties]] with type [String] and value '/search/movie'
15:50:17.534 [Test worker] DEBUG o.s.core.env.MutablePropertySources - Adding [systemProperties] PropertySource with lowest search precedence
15:50:17.534 [Test worker] DEBUG o.s.core.env.MutablePropertySources - Adding [systemEnvironment] PropertySource with lowest search precedence
15:50:17.534 [Test worker] DEBUG o.s.core.env.MutablePropertySources - Adding [class path resource [application-test.properties]] PropertySource with lowest search precedence
15:50:17.535 [Test worker] DEBUG o.s.core.env.MutablePropertySources - Adding [localProperties] PropertySource with lowest search precedence
15:50:17.535 [Test worker] DEBUG o.s.c.e.PropertySourcesPropertyResolver - Searching for key 'adapter.pooling.connection.defaultMaxPerRoute' in [systemProperties]
15:50:17.535 [Test worker] DEBUG o.s.c.e.PropertySourcesPropertyResolver - Searching for key 'adapter.pooling.connection.defaultMaxPerRoute' in [systemEnvironment]
15:50:17.535 [Test worker] DEBUG o.s.c.e.PropertySourcesPropertyResolver - Searching for key 'adapter.pooling.connection.defaultMaxPerRoute' in [class path resource [application-test.properties]]
15:50:17.535 [Test worker] DEBUG o.s.c.e.PropertySourcesPropertyResolver - Found key 'adapter.pooling.connection.defaultMaxPerRoute' in [class path resource [application-test.properties]] with type [String] and value '100'
15:50:17.535 [Test worker] DEBUG o.s.core.env.MutablePropertySources - Adding [systemProperties] PropertySource with lowest search precedence
15:50:17.535 [Test worker] DEBUG o.s.core.env.MutablePropertySources - Adding [systemEnvironment] PropertySource with lowest search precedence
15:50:17.535 [Test worker] DEBUG o.s.core.env.MutablePropertySources - Adding [class path resource [application-test.properties]] PropertySource with lowest search precedence
15:50:17.535 [Test worker] DEBUG o.s.core.env.MutablePropertySources - Adding [localProperties] PropertySource with lowest search precedence
15:50:17.535 [Test worker] DEBUG o.s.c.e.PropertySourcesPropertyResolver - Searching for key 'movies.apiUri' in [systemProperties]
15:50:17.535 [Test worker] DEBUG o.s.c.e.PropertySourcesPropertyResolver - Searching for key 'movies.apiUri' in [systemEnvironment]
15:50:17.535 [Test worker] DEBUG o.s.c.e.PropertySourcesPropertyResolver - Searching for key 'movies.apiUri' in [class path resource [application-test.properties]]
15:50:17.535 [Test worker] DEBUG o.s.c.e.PropertySourcesPropertyResolver - Found key 'movies.apiUri' in [class path resource [application-test.properties]] with type [String] and value 'http://api.themoviedb.org/3'
15:50:17.535 [Test worker] DEBUG o.s.core.env.MutablePropertySources - Adding [systemProperties] PropertySource with lowest search precedence
15:50:17.535 [Test worker] DEBUG o.s.core.env.MutablePropertySources - Adding [systemEnvironment] PropertySource with lowest search precedence
15:50:17.535 [Test worker] DEBUG o.s.core.env.MutablePropertySources - Adding [class path resource [application-test.properties]] PropertySource with lowest search precedence
15:50:17.535 [Test worker] DEBUG o.s.core.env.MutablePropertySources - Adding [localProperties] PropertySource with lowest search precedence
15:50:17.536 [Test worker] DEBUG o.s.c.e.PropertySourcesPropertyResolver - Searching for key 'adapter.pooling.connection.maxTotal' in [systemProperties]
15:50:17.536 [Test worker] DEBUG o.s.c.e.PropertySourcesPropertyResolver - Searching for key 'adapter.pooling.connection.maxTotal' in [systemEnvironment]
15:50:17.536 [Test worker] DEBUG o.s.c.e.PropertySourcesPropertyResolver - Searching for key 'adapter.pooling.connection.maxTotal' in [class path resource [application-test.properties]]
15:50:17.536 [Test worker] DEBUG o.s.c.e.PropertySourcesPropertyResolver - Found key 'adapter.pooling.connection.maxTotal' in [class path resource [application-test.properties]] with type [String] and value '500'
15:50:17.536 [Test worker] DEBUG o.s.core.env.MutablePropertySources - Adding [systemProperties] PropertySource with lowest search precedence
15:50:17.536 [Test worker] DEBUG o.s.core.env.MutablePropertySources - Adding [systemEnvironment] PropertySource with lowest search precedence
15:50:17.536 [Test worker] DEBUG o.s.core.env.MutablePropertySources - Adding [class path resource [application-test.properties]] PropertySource with lowest search precedence
15:50:17.536 [Test worker] DEBUG o.s.core.env.MutablePropertySources - Adding [localProperties] PropertySource with lowest search precedence
15:50:17.536 [Test worker] DEBUG o.s.c.e.PropertySourcesPropertyResolver - Searching for key 'adapter.read.timeout.millisec' in [systemProperties]
15:50:17.536 [Test worker] DEBUG o.s.c.e.PropertySourcesPropertyResolver - Searching for key 'adapter.read.timeout.millisec' in [systemEnvironment]
15:50:17.536 [Test worker] DEBUG o.s.c.e.PropertySourcesPropertyResolver - Searching for key 'adapter.read.timeout.millisec' in [class path resource [application-test.properties]]
15:50:17.536 [Test worker] DEBUG o.s.c.e.PropertySourcesPropertyResolver - Found key 'adapter.read.timeout.millisec' in [class path resource [application-test.properties]] with type [String] and value '30000'
15:50:17.544 [Test worker] DEBUG o.s.b.f.s.DefaultListableBeanFactory - Returning cached instance of singleton bean 'org.springframework.retry.annotation.RetryConfiguration'
15:50:17.544 [Test worker] DEBUG o.s.b.f.s.DefaultListableBeanFactory - Returning cached instance of singleton bean 'org.springframework.retry.annotation.RetryConfiguration'
15:50:17.544 [Test worker] DEBUG o.s.b.f.s.DefaultListableBeanFactory - Finished creating instance of bean 'traceEndpoint'
15:50:17.544 [Test worker] DEBUG o.s.b.f.s.DefaultListableBeanFactory - Creating shared instance of singleton bean 'dumpEndpoint'
15:50:17.545 [Test worker] DEBUG o.s.b.f.s.DefaultListableBeanFactory - Creating instance of bean 'dumpEndpoint'
15:50:17.545 [Test worker] DEBUG o.s.b.f.s.DefaultListableBeanFactory - Returning cached instance of singleton bean 'org.springframework.retry.annotation.RetryConfiguration'
15:50:17.545 [Test worker] DEBUG o.s.b.f.s.DefaultListableBeanFactory - Returning cached instance of singleton bean 'org.springframework.boot.actuate.autoconfigure.EndpointAutoConfiguration'
15:50:17.546 [Test worker] DEBUG o.s.b.f.s.DefaultListableBeanFactory - Eagerly caching bean 'dumpEndpoint' to allow for resolving potential circular references
15:50:17.548 [Test worker] DEBUG o.s.core.env.MutablePropertySources - Adding [systemProperties] PropertySource with lowest search precedence
15:50:17.548 [Test worker] DEBUG o.s.core.env.MutablePropertySources - Adding [systemEnvironment] PropertySource with lowest search precedence
15:50:17.548 [Test worker] DEBUG o.s.core.env.MutablePropertySources - Adding [class path resource [application-test.properties]] PropertySource with lowest search precedence
15:50:17.548 [Test worker] DEBUG o.s.core.env.MutablePropertySources - Adding [localProperties] PropertySource with lowest search precedence
15:50:17.548 [Test worker] DEBUG o.s.core.env.MutablePropertySources - Adding [systemProperties] PropertySource with lowest search precedence
15:50:17.548 [Test worker] DEBUG o.s.core.env.MutablePropertySources - Adding [systemEnvironment] PropertySource with lowest search precedence
15:50:17.548 [Test worker] DEBUG o.s.core.env.MutablePropertySources - Adding [class path resource [application-test.properties]] PropertySource with lowest search precedence
15:50:17.549 [Test worker] DEBUG o.s.core.env.MutablePropertySources - Adding [localProperties] PropertySource with lowest search precedence
15:50:17.549 [Test worker] DEBUG o.s.c.e.PropertySourcesPropertyResolver - Searching for key 'movies.apiKey' in [systemProperties]
15:50:17.549 [Test worker] DEBUG o.s.c.e.PropertySourcesPropertyResolver - Searching for key 'movies.apiKey' in [systemEnvironment]
15:50:17.549 [Test worker] DEBUG o.s.c.e.PropertySourcesPropertyResolver - Searching for key 'movies.apiKey' in [class path resource [application-test.properties]]
15:50:17.549 [Test worker] DEBUG o.s.c.e.PropertySourcesPropertyResolver - Found key 'movies.apiKey' in [class path resource [application-test.properties]] with type [String] and value 'your_key_here'
15:50:17.549 [Test worker] DEBUG o.s.core.env.MutablePropertySources - Adding [systemProperties] PropertySource with lowest search precedence
15:50:17.549 [Test worker] DEBUG o.s.core.env.MutablePropertySources - Adding [systemEnvironment] PropertySource with lowest search precedence
15:50:17.549 [Test worker] DEBUG o.s.core.env.MutablePropertySources - Adding [class path resource [application-test.properties]] PropertySource with lowest search precedence
15:50:17.549 [Test worker] DEBUG o.s.core.env.MutablePropertySources - Adding [localProperties] PropertySource with lowest search precedence
15:50:17.549 [Test worker] DEBUG o.s.c.e.PropertySourcesPropertyResolver - Searching for key 'server.port' in [systemProperties]
15:50:17.549 [Test worker] DEBUG o.s.c.e.PropertySourcesPropertyResolver - Searching for key 'server.port' in [systemEnvironment]
15:50:17.549 [Test worker] DEBUG o.s.c.e.PropertySourcesPropertyResolver - Searching for key 'server.port' in [class path resource [application-test.properties]]
15:50:17.549 [Test worker] DEBUG o.s.c.e.PropertySourcesPropertyResolver - Found key 'server.port' in [class path resource [application-test.properties]] with type [String] and value '8080'
15:50:17.550 [Test worker] DEBUG o.s.core.env.MutablePropertySources - Adding [systemProperties] PropertySource with lowest search precedence
15:50:17.550 [Test worker] DEBUG o.s.core.env.MutablePropertySources - Adding [systemEnvironment] PropertySource with lowest search precedence
15:50:17.550 [Test worker] DEBUG o.s.core.env.MutablePropertySources - Adding [class path resource [application-test.properties]] PropertySource with lowest search precedence
15:50:17.550 [Test worker] DEBUG o.s.core.env.MutablePropertySources - Adding [localProperties] PropertySource with lowest search precedence
15:50:17.550 [Test worker] DEBUG o.s.c.e.PropertySourcesPropertyResolver - Searching for key 'adapter.connection.timeout.millisec' in [systemProperties]
15:50:17.550 [Test worker] DEBUG o.s.c.e.PropertySourcesPropertyResolver - Searching for key 'adapter.connection.timeout.millisec' in [systemEnvironment]
15:50:17.550 [Test worker] DEBUG o.s.c.e.PropertySourcesPropertyResolver - Searching for key 'adapter.connection.timeout.millisec' in [class path resource [application-test.properties]]
15:50:17.550 [Test worker] DEBUG o.s.c.e.PropertySourcesPropertyResolver - Found key 'adapter.connection.timeout.millisec' in [class path resource [application-test.properties]] with type [String] and value '5000'
15:50:17.550 [Test worker] DEBUG o.s.core.env.MutablePropertySources - Adding [systemProperties] PropertySource with lowest search precedence
15:50:17.550 [Test worker] DEBUG o.s.core.env.MutablePropertySources - Adding [systemEnvironment] PropertySource with lowest search precedence
15:50:17.550 [Test worker] DEBUG o.s.core.env.MutablePropertySources - Adding [class path resource [application-test.properties]] PropertySource with lowest search precedence
15:50:17.550 [Test worker] DEBUG o.s.core.env.MutablePropertySources - Adding [localProperties] PropertySource with lowest search precedence
15:50:17.550 [Test worker] DEBUG o.s.c.e.PropertySourcesPropertyResolver - Searching for key 'server.contextPath' in [systemProperties]
15:50:17.550 [Test worker] DEBUG o.s.c.e.PropertySourcesPropertyResolver - Searching for key 'server.contextPath' in [systemEnvironment]
15:50:17.551 [Test worker] DEBUG o.s.c.e.PropertySourcesPropertyResolver - Searching for key 'server.contextPath' in [class path resource [application-test.properties]]
15:50:17.551 [Test worker] DEBUG o.s.c.e.PropertySourcesPropertyResolver - Found key 'server.contextPath' in [class path resource [application-test.properties]] with type [String] and value '/movies-adapter'
15:50:17.551 [Test worker] DEBUG o.s.core.env.MutablePropertySources - Adding [systemProperties] PropertySource with lowest search precedence
15:50:17.551 [Test worker] DEBUG o.s.core.env.MutablePropertySources - Adding [systemEnvironment] PropertySource with lowest search precedence
15:50:17.551 [Test worker] DEBUG o.s.core.env.MutablePropertySources - Adding [class path resource [application-test.properties]] PropertySource with lowest search precedence
15:50:17.551 [Test worker] DEBUG o.s.core.env.MutablePropertySources - Adding [localProperties] PropertySource with lowest search precedence
15:50:17.551 [Test worker] DEBUG o.s.c.e.PropertySourcesPropertyResolver - Searching for key 'movies.searchMovieUri' in [systemProperties]
15:50:17.551 [Test worker] DEBUG o.s.c.e.PropertySourcesPropertyResolver - Searching for key 'movies.searchMovieUri' in [systemEnvironment]
15:50:17.551 [Test worker] DEBUG o.s.c.e.PropertySourcesPropertyResolver - Searching for key 'movies.searchMovieUri' in [class path resource [application-test.properties]]
15:50:17.551 [Test worker] DEBUG o.s.c.e.PropertySourcesPropertyResolver - Found key 'movies.searchMovieUri' in [class path resource [application-test.properties]] with type [String] and value '/search/movie'
15:50:17.551 [Test worker] DEBUG o.s.core.env.MutablePropertySources - Adding [systemProperties] PropertySource with lowest search precedence
15:50:17.551 [Test worker] DEBUG o.s.core.env.MutablePropertySources - Adding [systemEnvironment] PropertySource with lowest search precedence
15:50:17.551 [Test worker] DEBUG o.s.core.env.MutablePropertySources - Adding [class path resource [application-test.properties]] PropertySource with lowest search precedence
15:50:17.551 [Test worker] DEBUG o.s.core.env.MutablePropertySources - Adding [localProperties] PropertySource with lowest search precedence
15:50:17.551 [Test worker] DEBUG o.s.c.e.PropertySourcesPropertyResolver - Searching for key 'adapter.pooling.connection.defaultMaxPerRoute' in [systemProperties]
15:50:17.551 [Test worker] DEBUG o.s.c.e.PropertySourcesPropertyResolver - Searching for key 'adapter.pooling.connection.defaultMaxPerRoute' in [systemEnvironment]
15:50:17.551 [Test worker] DEBUG o.s.c.e.PropertySourcesPropertyResolver - Searching for key 'adapter.pooling.connection.defaultMaxPerRoute' in [class path resource [application-test.properties]]
15:50:17.551 [Test worker] DEBUG o.s.c.e.PropertySourcesPropertyResolver - Found key 'adapter.pooling.connection.defaultMaxPerRoute' in [class path resource [application-test.properties]] with type [String] and value '100'
15:50:17.551 [Test worker] DEBUG o.s.core.env.MutablePropertySources - Adding [systemProperties] PropertySource with lowest search precedence
15:50:17.552 [Test worker] DEBUG o.s.core.env.MutablePropertySources - Adding [systemEnvironment] PropertySource with lowest search precedence
15:50:17.552 [Test worker] DEBUG o.s.core.env.MutablePropertySources - Adding [class path resource [application-test.properties]] PropertySource with lowest search precedence
15:50:17.552 [Test worker] DEBUG o.s.core.env.MutablePropertySources - Adding [localProperties] PropertySource with lowest search precedence
15:50:17.552 [Test worker] DEBUG o.s.c.e.PropertySourcesPropertyResolver - Searching for key 'movies.apiUri' in [systemProperties]
15:50:17.552 [Test worker] DEBUG o.s.c.e.PropertySourcesPropertyResolver - Searching for key 'movies.apiUri' in [systemEnvironment]
15:50:17.552 [Test worker] DEBUG o.s.c.e.PropertySourcesPropertyResolver - Searching for key 'movies.apiUri' in [class path resource [application-test.properties]]
15:50:17.552 [Test worker] DEBUG o.s.c.e.PropertySourcesPropertyResolver - Found key 'movies.apiUri' in [class path resource [application-test.properties]] with type [String] and value 'http://api.themoviedb.org/3'
15:50:17.552 [Test worker] DEBUG o.s.core.env.MutablePropertySources - Adding [systemProperties] PropertySource with lowest search precedence
15:50:17.552 [Test worker] DEBUG o.s.core.env.MutablePropertySources - Adding [systemEnvironment] PropertySource with lowest search precedence
15:50:17.552 [Test worker] DEBUG o.s.core.env.MutablePropertySources - Adding [class path resource [application-test.properties]] PropertySource with lowest search precedence
15:50:17.552 [Test worker] DEBUG o.s.core.env.MutablePropertySources - Adding [localProperties] PropertySource with lowest search precedence
15:50:17.552 [Test worker] DEBUG o.s.c.e.PropertySourcesPropertyResolver - Searching for key 'adapter.pooling.connection.maxTotal' in [systemProperties]
15:50:17.552 [Test worker] DEBUG o.s.c.e.PropertySourcesPropertyResolver - Searching for key 'adapter.pooling.connection.maxTotal' in [systemEnvironment]
15:50:17.552 [Test worker] DEBUG o.s.c.e.PropertySourcesPropertyResolver - Searching for key 'adapter.pooling.connection.maxTotal' in [class path resource [application-test.properties]]
15:50:17.552 [Test worker] DEBUG o.s.c.e.PropertySourcesPropertyResolver - Found key 'adapter.pooling.connection.maxTotal' in [class path resource [application-test.properties]] with type [String] and value '500'
15:50:17.552 [Test worker] DEBUG o.s.core.env.MutablePropertySources - Adding [systemProperties] PropertySource with lowest search precedence
15:50:17.552 [Test worker] DEBUG o.s.core.env.MutablePropertySources - Adding [systemEnvironment] PropertySource with lowest search precedence
15:50:17.552 [Test worker] DEBUG o.s.core.env.MutablePropertySources - Adding [class path resource [application-test.properties]] PropertySource with lowest search precedence
15:50:17.552 [Test worker] DEBUG o.s.core.env.MutablePropertySources - Adding [localProperties] PropertySource with lowest search precedence
15:50:17.552 [Test worker] DEBUG o.s.c.e.PropertySourcesPropertyResolver - Searching for key 'adapter.read.timeout.millisec' in [systemProperties]
15:50:17.553 [Test worker] DEBUG o.s.c.e.PropertySourcesPropertyResolver - Searching for key 'adapter.read.timeout.millisec' in [systemEnvironment]
15:50:17.553 [Test worker] DEBUG o.s.c.e.PropertySourcesPropertyResolver - Searching for key 'adapter.read.timeout.millisec' in [class path resource [application-test.properties]]
15:50:17.553 [Test worker] DEBUG o.s.c.e.PropertySourcesPropertyResolver - Found key 'adapter.read.timeout.millisec' in [class path resource [application-test.properties]] with type [String] and value '30000'
15:50:17.557 [Test worker] DEBUG o.s.b.f.s.DefaultListableBeanFactory - Returning cached instance of singleton bean 'org.springframework.retry.annotation.RetryConfiguration'
15:50:17.557 [Test worker] DEBUG o.s.b.f.s.DefaultListableBeanFactory - Returning cached instance of singleton bean 'org.springframework.retry.annotation.RetryConfiguration'
15:50:17.557 [Test worker] DEBUG o.s.b.f.s.DefaultListableBeanFactory - Finished creating instance of bean 'dumpEndpoint'
15:50:17.557 [Test worker] DEBUG o.s.b.f.s.DefaultListableBeanFactory - Creating shared instance of singleton bean 'autoConfigurationAuditEndpoint'
15:50:17.557 [Test worker] DEBUG o.s.b.f.s.DefaultListableBeanFactory - Creating instance of bean 'autoConfigurationAuditEndpoint'
15:50:17.558 [Test worker] DEBUG o.s.b.f.s.DefaultListableBeanFactory - Returning cached instance of singleton bean 'org.springframework.retry.annotation.RetryConfiguration'
15:50:17.558 [Test worker] DEBUG o.s.b.f.s.DefaultListableBeanFactory - Returning cached instance of singleton bean 'org.springframework.boot.actuate.autoconfigure.EndpointAutoConfiguration'
15:50:17.559 [Test worker] DEBUG o.s.b.f.annotation.InjectionMetadata - Registered injected element on class [org.springframework.boot.actuate.endpoint.AutoConfigurationReportEndpoint]: AutowiredFieldElement for private org.springframework.boot.autoconfigure.condition.ConditionEvaluationReport org.springframework.boot.actuate.endpoint.AutoConfigurationReportEndpoint.autoConfigurationReport
15:50:17.559 [Test worker] DEBUG o.s.b.f.s.DefaultListableBeanFactory - Eagerly caching bean 'autoConfigurationAuditEndpoint' to allow for resolving potential circular references
15:50:17.561 [Test worker] DEBUG o.s.b.f.annotation.InjectionMetadata - Processing injected element of bean 'autoConfigurationAuditEndpoint': AutowiredFieldElement for private org.springframework.boot.autoconfigure.condition.ConditionEvaluationReport org.springframework.boot.actuate.endpoint.AutoConfigurationReportEndpoint.autoConfigurationReport
15:50:17.562 [Test worker] DEBUG o.s.b.f.s.DefaultListableBeanFactory - Returning cached instance of singleton bean 'autoConfigurationReport'
15:50:17.562 [Test worker] DEBUG o.s.b.f.a.AutowiredAnnotationBeanPostProcessor - Autowiring by type from bean name 'autoConfigurationAuditEndpoint' to bean named 'autoConfigurationReport'
15:50:17.563 [Test worker] DEBUG o.s.core.env.MutablePropertySources - Adding [systemProperties] PropertySource with lowest search precedence
15:50:17.563 [Test worker] DEBUG o.s.core.env.MutablePropertySources - Adding [systemEnvironment] PropertySource with lowest search precedence
15:50:17.563 [Test worker] DEBUG o.s.core.env.MutablePropertySources - Adding [class path resource [application-test.properties]] PropertySource with lowest search precedence
15:50:17.563 [Test worker] DEBUG o.s.core.env.MutablePropertySources - Adding [localProperties] PropertySource with lowest search precedence
15:50:17.563 [Test worker] DEBUG o.s.core.env.MutablePropertySources - Adding [systemProperties] PropertySource with lowest search precedence
15:50:17.563 [Test worker] DEBUG o.s.core.env.MutablePropertySources - Adding [systemEnvironment] PropertySource with lowest search precedence
15:50:17.563 [Test worker] DEBUG o.s.core.env.MutablePropertySources - Adding [class path resource [application-test.properties]] PropertySource with lowest search precedence
15:50:17.563 [Test worker] DEBUG o.s.core.env.MutablePropertySources - Adding [localProperties] PropertySource with lowest search precedence
15:50:17.563 [Test worker] DEBUG o.s.c.e.PropertySourcesPropertyResolver - Searching for key 'movies.apiKey' in [systemProperties]
15:50:17.563 [Test worker] DEBUG o.s.c.e.PropertySourcesPropertyResolver - Searching for key 'movies.apiKey' in [systemEnvironment]
15:50:17.563 [Test worker] DEBUG o.s.c.e.PropertySourcesPropertyResolver - Searching for key 'movies.apiKey' in [class path resource [application-test.properties]]
15:50:17.563 [Test worker] DEBUG o.s.c.e.PropertySourcesPropertyResolver - Found key 'movies.apiKey' in [class path resource [application-test.properties]] with type [String] and value 'your_key_here'
15:50:17.564 [Test worker] DEBUG o.s.core.env.MutablePropertySources - Adding [systemProperties] PropertySource with lowest search precedence
15:50:17.564 [Test worker] DEBUG o.s.core.env.MutablePropertySources - Adding [systemEnvironment] PropertySource with lowest search precedence
15:50:17.564 [Test worker] DEBUG o.s.core.env.MutablePropertySources - Adding [class path resource [application-test.properties]] PropertySource with lowest search precedence
15:50:17.564 [Test worker] DEBUG o.s.core.env.MutablePropertySources - Adding [localProperties] PropertySource with lowest search precedence
15:50:17.564 [Test worker] DEBUG o.s.c.e.PropertySourcesPropertyResolver - Searching for key 'server.port' in [systemProperties]
15:50:17.564 [Test worker] DEBUG o.s.c.e.PropertySourcesPropertyResolver - Searching for key 'server.port' in [systemEnvironment]
15:50:17.564 [Test worker] DEBUG o.s.c.e.PropertySourcesPropertyResolver - Searching for key 'server.port' in [class path resource [application-test.properties]]
15:50:17.564 [Test worker] DEBUG o.s.c.e.PropertySourcesPropertyResolver - Found key 'server.port' in [class path resource [application-test.properties]] with type [String] and value '8080'
15:50:17.564 [Test worker] DEBUG o.s.core.env.MutablePropertySources - Adding [systemProperties] PropertySource with lowest search precedence
15:50:17.564 [Test worker] DEBUG o.s.core.env.MutablePropertySources - Adding [systemEnvironment] PropertySource with lowest search precedence
15:50:17.564 [Test worker] DEBUG o.s.core.env.MutablePropertySources - Adding [class path resource [application-test.properties]] PropertySource with lowest search precedence
15:50:17.564 [Test worker] DEBUG o.s.core.env.MutablePropertySources - Adding [localProperties] PropertySource with lowest search precedence
15:50:17.564 [Test worker] DEBUG o.s.c.e.PropertySourcesPropertyResolver - Searching for key 'adapter.connection.timeout.millisec' in [systemProperties]
15:50:17.564 [Test worker] DEBUG o.s.c.e.PropertySourcesPropertyResolver - Searching for key 'adapter.connection.timeout.millisec' in [systemEnvironment]
15:50:17.564 [Test worker] DEBUG o.s.c.e.PropertySourcesPropertyResolver - Searching for key 'adapter.connection.timeout.millisec' in [class path resource [application-test.properties]]
15:50:17.564 [Test worker] DEBUG o.s.c.e.PropertySourcesPropertyResolver - Found key 'adapter.connection.timeout.millisec' in [class path resource [application-test.properties]] with type [String] and value '5000'
15:50:17.564 [Test worker] DEBUG o.s.core.env.MutablePropertySources - Adding [systemProperties] PropertySource with lowest search precedence
15:50:17.564 [Test worker] DEBUG o.s.core.env.MutablePropertySources - Adding [systemEnvironment] PropertySource with lowest search precedence
15:50:17.564 [Test worker] DEBUG o.s.core.env.MutablePropertySources - Adding [class path resource [application-test.properties]] PropertySource with lowest search precedence
15:50:17.564 [Test worker] DEBUG o.s.core.env.MutablePropertySources - Adding [localProperties] PropertySource with lowest search precedence
15:50:17.565 [Test worker] DEBUG o.s.c.e.PropertySourcesPropertyResolver - Searching for key 'server.contextPath' in [systemProperties]
15:50:17.565 [Test worker] DEBUG o.s.c.e.PropertySourcesPropertyResolver - Searching for key 'server.contextPath' in [systemEnvironment]
15:50:17.565 [Test worker] DEBUG o.s.c.e.PropertySourcesPropertyResolver - Searching for key 'server.contextPath' in [class path resource [application-test.properties]]
15:50:17.565 [Test worker] DEBUG o.s.c.e.PropertySourcesPropertyResolver - Found key 'server.contextPath' in [class path resource [application-test.properties]] with type [String] and value '/movies-adapter'
15:50:17.565 [Test worker] DEBUG o.s.core.env.MutablePropertySources - Adding [systemProperties] PropertySource with lowest search precedence
15:50:17.565 [Test worker] DEBUG o.s.core.env.MutablePropertySources - Adding [systemEnvironment] PropertySource with lowest search precedence
15:50:17.565 [Test worker] DEBUG o.s.core.env.MutablePropertySources - Adding [class path resource [application-test.properties]] PropertySource with lowest search precedence
15:50:17.565 [Test worker] DEBUG o.s.core.env.MutablePropertySources - Adding [localProperties] PropertySource with lowest search precedence
15:50:17.565 [Test worker] DEBUG o.s.c.e.PropertySourcesPropertyResolver - Searching for key 'movies.searchMovieUri' in [systemProperties]
15:50:17.565 [Test worker] DEBUG o.s.c.e.PropertySourcesPropertyResolver - Searching for key 'movies.searchMovieUri' in [systemEnvironment]
15:50:17.565 [Test worker] DEBUG o.s.c.e.PropertySourcesPropertyResolver - Searching for key 'movies.searchMovieUri' in [class path resource [application-test.properties]]
15:50:17.565 [Test worker] DEBUG o.s.c.e.PropertySourcesPropertyResolver - Found key 'movies.searchMovieUri' in [class path resource [application-test.properties]] with type [String] and value '/search/movie'
15:50:17.565 [Test worker] DEBUG o.s.core.env.MutablePropertySources - Adding [systemProperties] PropertySource with lowest search precedence
15:50:17.565 [Test worker] DEBUG o.s.core.env.MutablePropertySources - Adding [systemEnvironment] PropertySource with lowest search precedence
15:50:17.565 [Test worker] DEBUG o.s.core.env.MutablePropertySources - Adding [class path resource [application-test.properties]] PropertySource with lowest search precedence
15:50:17.565 [Test worker] DEBUG o.s.core.env.MutablePropertySources - Adding [localProperties] PropertySource with lowest search precedence
15:50:17.565 [Test worker] DEBUG o.s.c.e.PropertySourcesPropertyResolver - Searching for key 'adapter.pooling.connection.defaultMaxPerRoute' in [systemProperties]
15:50:17.565 [Test worker] DEBUG o.s.c.e.PropertySourcesPropertyResolver - Searching for key 'adapter.pooling.connection.defaultMaxPerRoute' in [systemEnvironment]
15:50:17.565 [Test worker] DEBUG o.s.c.e.PropertySourcesPropertyResolver - Searching for key 'adapter.pooling.connection.defaultMaxPerRoute' in [class path resource [application-test.properties]]
15:50:17.565 [Test worker] DEBUG o.s.c.e.PropertySourcesPropertyResolver - Found key 'adapter.pooling.connection.defaultMaxPerRoute' in [class path resource [application-test.properties]] with type [String] and value '100'
15:50:17.565 [Test worker] DEBUG o.s.core.env.MutablePropertySources - Adding [systemProperties] PropertySource with lowest search precedence
15:50:17.566 [Test worker] DEBUG o.s.core.env.MutablePropertySources - Adding [systemEnvironment] PropertySource with lowest search precedence
15:50:17.566 [Test worker] DEBUG o.s.core.env.MutablePropertySources - Adding [class path resource [application-test.properties]] PropertySource with lowest search precedence
15:50:17.566 [Test worker] DEBUG o.s.core.env.MutablePropertySources - Adding [localProperties] PropertySource with lowest search precedence
15:50:17.566 [Test worker] DEBUG o.s.c.e.PropertySourcesPropertyResolver - Searching for key 'movies.apiUri' in [systemProperties]
15:50:17.566 [Test worker] DEBUG o.s.c.e.PropertySourcesPropertyResolver - Searching for key 'movies.apiUri' in [systemEnvironment]
15:50:17.566 [Test worker] DEBUG o.s.c.e.PropertySourcesPropertyResolver - Searching for key 'movies.apiUri' in [class path resource [application-test.properties]]
15:50:17.566 [Test worker] DEBUG o.s.c.e.PropertySourcesPropertyResolver - Found key 'movies.apiUri' in [class path resource [application-test.properties]] with type [String] and value 'http://api.themoviedb.org/3'
15:50:17.566 [Test worker] DEBUG o.s.core.env.MutablePropertySources - Adding [systemProperties] PropertySource with lowest search precedence
15:50:17.566 [Test worker] DEBUG o.s.core.env.MutablePropertySources - Adding [systemEnvironment] PropertySource with lowest search precedence
15:50:17.566 [Test worker] DEBUG o.s.core.env.MutablePropertySources - Adding [class path resource [application-test.properties]] PropertySource with lowest search precedence
15:50:17.566 [Test worker] DEBUG o.s.core.env.MutablePropertySources - Adding [localProperties] PropertySource with lowest search precedence
15:50:17.566 [Test worker] DEBUG o.s.c.e.PropertySourcesPropertyResolver - Searching for key 'adapter.pooling.connection.maxTotal' in [systemProperties]
15:50:17.566 [Test worker] DEBUG o.s.c.e.PropertySourcesPropertyResolver - Searching for key 'adapter.pooling.connection.maxTotal' in [systemEnvironment]
15:50:17.566 [Test worker] DEBUG o.s.c.e.PropertySourcesPropertyResolver - Searching for key 'adapter.pooling.connection.maxTotal' in [class path resource [application-test.properties]]
15:50:17.566 [Test worker] DEBUG o.s.c.e.PropertySourcesPropertyResolver - Found key 'adapter.pooling.connection.maxTotal' in [class path resource [application-test.properties]] with type [String] and value '500'
15:50:17.566 [Test worker] DEBUG o.s.core.env.MutablePropertySources - Adding [systemProperties] PropertySource with lowest search precedence
15:50:17.566 [Test worker] DEBUG o.s.core.env.MutablePropertySources - Adding [systemEnvironment] PropertySource with lowest search precedence
15:50:17.566 [Test worker] DEBUG o.s.core.env.MutablePropertySources - Adding [class path resource [application-test.properties]] PropertySource with lowest search precedence
15:50:17.566 [Test worker] DEBUG o.s.core.env.MutablePropertySources - Adding [localProperties] PropertySource with lowest search precedence
15:50:17.566 [Test worker] DEBUG o.s.c.e.PropertySourcesPropertyResolver - Searching for key 'adapter.read.timeout.millisec' in [systemProperties]
15:50:17.566 [Test worker] DEBUG o.s.c.e.PropertySourcesPropertyResolver - Searching for key 'adapter.read.timeout.millisec' in [systemEnvironment]
15:50:17.566 [Test worker] DEBUG o.s.c.e.PropertySourcesPropertyResolver - Searching for key 'adapter.read.timeout.millisec' in [class path resource [application-test.properties]]
15:50:17.566 [Test worker] DEBUG o.s.c.e.PropertySourcesPropertyResolver - Found key 'adapter.read.timeout.millisec' in [class path resource [application-test.properties]] with type [String] and value '30000'
15:50:17.573 [Test worker] DEBUG o.s.b.f.s.DefaultListableBeanFactory - Returning cached instance of singleton bean 'org.springframework.retry.annotation.RetryConfiguration'
15:50:17.573 [Test worker] DEBUG o.s.b.f.s.DefaultListableBeanFactory - Returning cached instance of singleton bean 'org.springframework.retry.annotation.RetryConfiguration'
15:50:17.573 [Test worker] DEBUG o.s.b.f.s.DefaultListableBeanFactory - Finished creating instance of bean 'autoConfigurationAuditEndpoint'
15:50:17.573 [Test worker] DEBUG o.s.b.f.s.DefaultListableBeanFactory - Creating shared instance of singleton bean 'shutdownEndpoint'
15:50:17.573 [Test worker] DEBUG o.s.b.f.s.DefaultListableBeanFactory - Creating instance of bean 'shutdownEndpoint'
15:50:17.573 [Test worker] DEBUG o.s.b.f.s.DefaultListableBeanFactory - Returning cached instance of singleton bean 'org.springframework.retry.annotation.RetryConfiguration'
15:50:17.573 [Test worker] DEBUG o.s.b.f.s.DefaultListableBeanFactory - Returning cached instance of singleton bean 'org.springframework.boot.actuate.autoconfigure.EndpointAutoConfiguration'
15:50:17.574 [Test worker] DEBUG o.s.b.f.s.DefaultListableBeanFactory - Eagerly caching bean 'shutdownEndpoint' to allow for resolving potential circular references
15:50:17.578 [Test worker] DEBUG o.s.core.env.MutablePropertySources - Adding [systemProperties] PropertySource with lowest search precedence
15:50:17.578 [Test worker] DEBUG o.s.core.env.MutablePropertySources - Adding [systemEnvironment] PropertySource with lowest search precedence
15:50:17.578 [Test worker] DEBUG o.s.core.env.MutablePropertySources - Adding [class path resource [application-test.properties]] PropertySource with lowest search precedence
15:50:17.578 [Test worker] DEBUG o.s.core.env.MutablePropertySources - Adding [localProperties] PropertySource with lowest search precedence
15:50:17.578 [Test worker] DEBUG o.s.core.env.MutablePropertySources - Adding [systemProperties] PropertySource with lowest search precedence
15:50:17.578 [Test worker] DEBUG o.s.core.env.MutablePropertySources - Adding [systemEnvironment] PropertySource with lowest search precedence
15:50:17.578 [Test worker] DEBUG o.s.core.env.MutablePropertySources - Adding [class path resource [application-test.properties]] PropertySource with lowest search precedence
15:50:17.579 [Test worker] DEBUG o.s.core.env.MutablePropertySources - Adding [localProperties] PropertySource with lowest search precedence
15:50:17.579 [Test worker] DEBUG o.s.c.e.PropertySourcesPropertyResolver - Searching for key 'movies.apiKey' in [systemProperties]
15:50:17.579 [Test worker] DEBUG o.s.c.e.PropertySourcesPropertyResolver - Searching for key 'movies.apiKey' in [systemEnvironment]
15:50:17.579 [Test worker] DEBUG o.s.c.e.PropertySourcesPropertyResolver - Searching for key 'movies.apiKey' in [class path resource [application-test.properties]]
15:50:17.579 [Test worker] DEBUG o.s.c.e.PropertySourcesPropertyResolver - Found key 'movies.apiKey' in [class path resource [application-test.properties]] with type [String] and value 'your_key_here'
15:50:17.579 [Test worker] DEBUG o.s.core.env.MutablePropertySources - Adding [systemProperties] PropertySource with lowest search precedence
15:50:17.579 [Test worker] DEBUG o.s.core.env.MutablePropertySources - Adding [systemEnvironment] PropertySource with lowest search precedence
15:50:17.579 [Test worker] DEBUG o.s.core.env.MutablePropertySources - Adding [class path resource [application-test.properties]] PropertySource with lowest search precedence
15:50:17.579 [Test worker] DEBUG o.s.core.env.MutablePropertySources - Adding [localProperties] PropertySource with lowest search precedence
15:50:17.579 [Test worker] DEBUG o.s.c.e.PropertySourcesPropertyResolver - Searching for key 'server.port' in [systemProperties]
15:50:17.579 [Test worker] DEBUG o.s.c.e.PropertySourcesPropertyResolver - Searching for key 'server.port' in [systemEnvironment]
15:50:17.579 [Test worker] DEBUG o.s.c.e.PropertySourcesPropertyResolver - Searching for key 'server.port' in [class path resource [application-test.properties]]
15:50:17.579 [Test worker] DEBUG o.s.c.e.PropertySourcesPropertyResolver - Found key 'server.port' in [class path resource [application-test.properties]] with type [String] and value '8080'
15:50:17.579 [Test worker] DEBUG o.s.core.env.MutablePropertySources - Adding [systemProperties] PropertySource with lowest search precedence
15:50:17.579 [Test worker] DEBUG o.s.core.env.MutablePropertySources - Adding [systemEnvironment] PropertySource with lowest search precedence
15:50:17.579 [Test worker] DEBUG o.s.core.env.MutablePropertySources - Adding [class path resource [application-test.properties]] PropertySource with lowest search precedence
15:50:17.579 [Test worker] DEBUG o.s.core.env.MutablePropertySources - Adding [localProperties] PropertySource with lowest search precedence
15:50:17.579 [Test worker] DEBUG o.s.c.e.PropertySourcesPropertyResolver - Searching for key 'adapter.connection.timeout.millisec' in [systemProperties]
15:50:17.579 [Test worker] DEBUG o.s.c.e.PropertySourcesPropertyResolver - Searching for key 'adapter.connection.timeout.millisec' in [systemEnvironment]
15:50:17.579 [Test worker] DEBUG o.s.c.e.PropertySourcesPropertyResolver - Searching for key 'adapter.connection.timeout.millisec' in [class path resource [application-test.properties]]
15:50:17.579 [Test worker] DEBUG o.s.c.e.PropertySourcesPropertyResolver - Found key 'adapter.connection.timeout.millisec' in [class path resource [application-test.properties]] with type [String] and value '5000'
15:50:17.580 [Test worker] DEBUG o.s.core.env.MutablePropertySources - Adding [systemProperties] PropertySource with lowest search precedence
15:50:17.580 [Test worker] DEBUG o.s.core.env.MutablePropertySources - Adding [systemEnvironment] PropertySource with lowest search precedence
15:50:17.580 [Test worker] DEBUG o.s.core.env.MutablePropertySources - Adding [class path resource [application-test.properties]] PropertySource with lowest search precedence
15:50:17.580 [Test worker] DEBUG o.s.core.env.MutablePropertySources - Adding [localProperties] PropertySource with lowest search precedence
15:50:17.580 [Test worker] DEBUG o.s.c.e.PropertySourcesPropertyResolver - Searching for key 'server.contextPath' in [systemProperties]
15:50:17.580 [Test worker] DEBUG o.s.c.e.PropertySourcesPropertyResolver - Searching for key 'server.contextPath' in [systemEnvironment]
15:50:17.580 [Test worker] DEBUG o.s.c.e.PropertySourcesPropertyResolver - Searching for key 'server.contextPath' in [class path resource [application-test.properties]]
15:50:17.580 [Test worker] DEBUG o.s.c.e.PropertySourcesPropertyResolver - Found key 'server.contextPath' in [class path resource [application-test.properties]] with type [String] and value '/movies-adapter'
15:50:17.580 [Test worker] DEBUG o.s.core.env.MutablePropertySources - Adding [systemProperties] PropertySource with lowest search precedence
15:50:17.580 [Test worker] DEBUG o.s.core.env.MutablePropertySources - Adding [systemEnvironment] PropertySource with lowest search precedence
15:50:17.580 [Test worker] DEBUG o.s.core.env.MutablePropertySources - Adding [class path resource [application-test.properties]] PropertySource with lowest search precedence
15:50:17.580 [Test worker] DEBUG o.s.core.env.MutablePropertySources - Adding [localProperties] PropertySource with lowest search precedence
15:50:17.580 [Test worker] DEBUG o.s.c.e.PropertySourcesPropertyResolver - Searching for key 'movies.searchMovieUri' in [systemProperties]
15:50:17.580 [Test worker] DEBUG o.s.c.e.PropertySourcesPropertyResolver - Searching for key 'movies.searchMovieUri' in [systemEnvironment]
15:50:17.580 [Test worker] DEBUG o.s.c.e.PropertySourcesPropertyResolver - Searching for key 'movies.searchMovieUri' in [class path resource [application-test.properties]]
15:50:17.580 [Test worker] DEBUG o.s.c.e.PropertySourcesPropertyResolver - Found key 'movies.searchMovieUri' in [class path resource [application-test.properties]] with type [String] and value '/search/movie'
15:50:17.580 [Test worker] DEBUG o.s.core.env.MutablePropertySources - Adding [systemProperties] PropertySource with lowest search precedence
15:50:17.580 [Test worker] DEBUG o.s.core.env.MutablePropertySources - Adding [systemEnvironment] PropertySource with lowest search precedence
15:50:17.580 [Test worker] DEBUG o.s.core.env.MutablePropertySources - Adding [class path resource [application-test.properties]] PropertySource with lowest search precedence
15:50:17.580 [Test worker] DEBUG o.s.core.env.MutablePropertySources - Adding [localProperties] PropertySource with lowest search precedence
15:50:17.580 [Test worker] DEBUG o.s.c.e.PropertySourcesPropertyResolver - Searching for key 'adapter.pooling.connection.defaultMaxPerRoute' in [systemProperties]
15:50:17.580 [Test worker] DEBUG o.s.c.e.PropertySourcesPropertyResolver - Searching for key 'adapter.pooling.connection.defaultMaxPerRoute' in [systemEnvironment]
15:50:17.581 [Test worker] DEBUG o.s.c.e.PropertySourcesPropertyResolver - Searching for key 'adapter.pooling.connection.defaultMaxPerRoute' in [class path resource [application-test.properties]]
15:50:17.581 [Test worker] DEBUG o.s.c.e.PropertySourcesPropertyResolver - Found key 'adapter.pooling.connection.defaultMaxPerRoute' in [class path resource [application-test.properties]] with type [String] and value '100'
15:50:17.581 [Test worker] DEBUG o.s.core.env.MutablePropertySources - Adding [systemProperties] PropertySource with lowest search precedence
15:50:17.581 [Test worker] DEBUG o.s.core.env.MutablePropertySources - Adding [systemEnvironment] PropertySource with lowest search precedence
15:50:17.581 [Test worker] DEBUG o.s.core.env.MutablePropertySources - Adding [class path resource [application-test.properties]] PropertySource with lowest search precedence
15:50:17.581 [Test worker] DEBUG o.s.core.env.MutablePropertySources - Adding [localProperties] PropertySource with lowest search precedence
15:50:17.581 [Test worker] DEBUG o.s.c.e.PropertySourcesPropertyResolver - Searching for key 'movies.apiUri' in [systemProperties]
15:50:17.581 [Test worker] DEBUG o.s.c.e.PropertySourcesPropertyResolver - Searching for key 'movies.apiUri' in [systemEnvironment]
15:50:17.581 [Test worker] DEBUG o.s.c.e.PropertySourcesPropertyResolver - Searching for key 'movies.apiUri' in [class path resource [application-test.properties]]
15:50:17.581 [Test worker] DEBUG o.s.c.e.PropertySourcesPropertyResolver - Found key 'movies.apiUri' in [class path resource [application-test.properties]] with type [String] and value 'http://api.themoviedb.org/3'
15:50:17.581 [Test worker] DEBUG o.s.core.env.MutablePropertySources - Adding [systemProperties] PropertySource with lowest search precedence
15:50:17.581 [Test worker] DEBUG o.s.core.env.MutablePropertySources - Adding [systemEnvironment] PropertySource with lowest search precedence
15:50:17.581 [Test worker] DEBUG o.s.core.env.MutablePropertySources - Adding [class path resource [application-test.properties]] PropertySource with lowest search precedence
15:50:17.581 [Test worker] DEBUG o.s.core.env.MutablePropertySources - Adding [localProperties] PropertySource with lowest search precedence
15:50:17.581 [Test worker] DEBUG o.s.c.e.PropertySourcesPropertyResolver - Searching for key 'adapter.pooling.connection.maxTotal' in [systemProperties]
15:50:17.581 [Test worker] DEBUG o.s.c.e.PropertySourcesPropertyResolver - Searching for key 'adapter.pooling.connection.maxTotal' in [systemEnvironment]
15:50:17.581 [Test worker] DEBUG o.s.c.e.PropertySourcesPropertyResolver - Searching for key 'adapter.pooling.connection.maxTotal' in [class path resource [application-test.properties]]
15:50:17.581 [Test worker] DEBUG o.s.c.e.PropertySourcesPropertyResolver - Found key 'adapter.pooling.connection.maxTotal' in [class path resource [application-test.properties]] with type [String] and value '500'
15:50:17.581 [Test worker] DEBUG o.s.core.env.MutablePropertySources - Adding [systemProperties] PropertySource with lowest search precedence
15:50:17.581 [Test worker] DEBUG o.s.core.env.MutablePropertySources - Adding [systemEnvironment] PropertySource with lowest search precedence
15:50:17.581 [Test worker] DEBUG o.s.core.env.MutablePropertySources - Adding [class path resource [application-test.properties]] PropertySource with lowest search precedence
15:50:17.581 [Test worker] DEBUG o.s.core.env.MutablePropertySources - Adding [localProperties] PropertySource with lowest search precedence
15:50:17.581 [Test worker] DEBUG o.s.c.e.PropertySourcesPropertyResolver - Searching for key 'adapter.read.timeout.millisec' in [systemProperties]
15:50:17.581 [Test worker] DEBUG o.s.c.e.PropertySourcesPropertyResolver - Searching for key 'adapter.read.timeout.millisec' in [systemEnvironment]
15:50:17.581 [Test worker] DEBUG o.s.c.e.PropertySourcesPropertyResolver - Searching for key 'adapter.read.timeout.millisec' in [class path resource [application-test.properties]]
15:50:17.581 [Test worker] DEBUG o.s.c.e.PropertySourcesPropertyResolver - Found key 'adapter.read.timeout.millisec' in [class path resource [application-test.properties]] with type [String] and value '30000'
15:50:17.590 [Test worker] DEBUG o.s.b.f.s.DefaultListableBeanFactory - Returning cached instance of singleton bean 'org.springframework.retry.annotation.RetryConfiguration'
15:50:17.590 [Test worker] DEBUG o.s.b.f.s.DefaultListableBeanFactory - Returning cached instance of singleton bean 'org.springframework.retry.annotation.RetryConfiguration'
15:50:17.591 [Test worker] DEBUG o.s.b.f.s.DefaultListableBeanFactory - Finished creating instance of bean 'shutdownEndpoint'
15:50:17.591 [Test worker] DEBUG o.s.b.f.s.DefaultListableBeanFactory - Creating shared instance of singleton bean 'configurationPropertiesReportEndpoint'
15:50:17.591 [Test worker] DEBUG o.s.b.f.s.DefaultListableBeanFactory - Creating instance of bean 'configurationPropertiesReportEndpoint'
15:50:17.591 [Test worker] DEBUG o.s.b.f.s.DefaultListableBeanFactory - Returning cached instance of singleton bean 'org.springframework.retry.annotation.RetryConfiguration'
15:50:17.591 [Test worker] DEBUG o.s.b.f.s.DefaultListableBeanFactory - Returning cached instance of singleton bean 'org.springframework.boot.actuate.autoconfigure.EndpointAutoConfiguration'
15:50:17.597 [Test worker] DEBUG o.s.b.f.s.DefaultListableBeanFactory - Eagerly caching bean 'configurationPropertiesReportEndpoint' to allow for resolving potential circular references
15:50:17.600 [Test worker] DEBUG o.s.core.env.MutablePropertySources - Adding [systemProperties] PropertySource with lowest search precedence
15:50:17.600 [Test worker] DEBUG o.s.core.env.MutablePropertySources - Adding [systemEnvironment] PropertySource with lowest search precedence
15:50:17.600 [Test worker] DEBUG o.s.core.env.MutablePropertySources - Adding [class path resource [application-test.properties]] PropertySource with lowest search precedence
15:50:17.600 [Test worker] DEBUG o.s.core.env.MutablePropertySources - Adding [localProperties] PropertySource with lowest search precedence
15:50:17.600 [Test worker] DEBUG o.s.core.env.MutablePropertySources - Adding [systemProperties] PropertySource with lowest search precedence
15:50:17.600 [Test worker] DEBUG o.s.core.env.MutablePropertySources - Adding [systemEnvironment] PropertySource with lowest search precedence
15:50:17.600 [Test worker] DEBUG o.s.core.env.MutablePropertySources - Adding [class path resource [application-test.properties]] PropertySource with lowest search precedence
15:50:17.600 [Test worker] DEBUG o.s.core.env.MutablePropertySources - Adding [localProperties] PropertySource with lowest search precedence
15:50:17.600 [Test worker] DEBUG o.s.c.e.PropertySourcesPropertyResolver - Searching for key 'movies.apiKey' in [systemProperties]
15:50:17.600 [Test worker] DEBUG o.s.c.e.PropertySourcesPropertyResolver - Searching for key 'movies.apiKey' in [systemEnvironment]
15:50:17.600 [Test worker] DEBUG o.s.c.e.PropertySourcesPropertyResolver - Searching for key 'movies.apiKey' in [class path resource [application-test.properties]]
15:50:17.600 [Test worker] DEBUG o.s.c.e.PropertySourcesPropertyResolver - Found key 'movies.apiKey' in [class path resource [application-test.properties]] with type [String] and value 'your_key_here'
15:50:17.600 [Test worker] DEBUG o.s.core.env.MutablePropertySources - Adding [systemProperties] PropertySource with lowest search precedence
15:50:17.600 [Test worker] DEBUG o.s.core.env.MutablePropertySources - Adding [systemEnvironment] PropertySource with lowest search precedence
15:50:17.600 [Test worker] DEBUG o.s.core.env.MutablePropertySources - Adding [class path resource [application-test.properties]] PropertySource with lowest search precedence
15:50:17.600 [Test worker] DEBUG o.s.core.env.MutablePropertySources - Adding [localProperties] PropertySource with lowest search precedence
15:50:17.600 [Test worker] DEBUG o.s.c.e.PropertySourcesPropertyResolver - Searching for key 'server.port' in [systemProperties]
15:50:17.601 [Test worker] DEBUG o.s.c.e.PropertySourcesPropertyResolver - Searching for key 'server.port' in [systemEnvironment]
15:50:17.601 [Test worker] DEBUG o.s.c.e.PropertySourcesPropertyResolver - Searching for key 'server.port' in [class path resource [application-test.properties]]
15:50:17.601 [Test worker] DEBUG o.s.c.e.PropertySourcesPropertyResolver - Found key 'server.port' in [class path resource [application-test.properties]] with type [String] and value '8080'
15:50:17.601 [Test worker] DEBUG o.s.core.env.MutablePropertySources - Adding [systemProperties] PropertySource with lowest search precedence
15:50:17.601 [Test worker] DEBUG o.s.core.env.MutablePropertySources - Adding [systemEnvironment] PropertySource with lowest search precedence
15:50:17.601 [Test worker] DEBUG o.s.core.env.MutablePropertySources - Adding [class path resource [application-test.properties]] PropertySource with lowest search precedence
15:50:17.601 [Test worker] DEBUG o.s.core.env.MutablePropertySources - Adding [localProperties] PropertySource with lowest search precedence
15:50:17.601 [Test worker] DEBUG o.s.c.e.PropertySourcesPropertyResolver - Searching for key 'adapter.connection.timeout.millisec' in [systemProperties]
15:50:17.601 [Test worker] DEBUG o.s.c.e.PropertySourcesPropertyResolver - Searching for key 'adapter.connection.timeout.millisec' in [systemEnvironment]
15:50:17.601 [Test worker] DEBUG o.s.c.e.PropertySourcesPropertyResolver - Searching for key 'adapter.connection.timeout.millisec' in [class path resource [application-test.properties]]
15:50:17.601 [Test worker] DEBUG o.s.c.e.PropertySourcesPropertyResolver - Found key 'adapter.connection.timeout.millisec' in [class path resource [application-test.properties]] with type [String] and value '5000'
15:50:17.601 [Test worker] DEBUG o.s.core.env.MutablePropertySources - Adding [systemProperties] PropertySource with lowest search precedence
15:50:17.601 [Test worker] DEBUG o.s.core.env.MutablePropertySources - Adding [systemEnvironment] PropertySource with lowest search precedence
15:50:17.601 [Test worker] DEBUG o.s.core.env.MutablePropertySources - Adding [class path resource [application-test.properties]] PropertySource with lowest search precedence
15:50:17.601 [Test worker] DEBUG o.s.core.env.MutablePropertySources - Adding [localProperties] PropertySource with lowest search precedence
15:50:17.601 [Test worker] DEBUG o.s.c.e.PropertySourcesPropertyResolver - Searching for key 'server.contextPath' in [systemProperties]
15:50:17.601 [Test worker] DEBUG o.s.c.e.PropertySourcesPropertyResolver - Searching for key 'server.contextPath' in [systemEnvironment]
15:50:17.601 [Test worker] DEBUG o.s.c.e.PropertySourcesPropertyResolver - Searching for key 'server.contextPath' in [class path resource [application-test.properties]]
15:50:17.601 [Test worker] DEBUG o.s.c.e.PropertySourcesPropertyResolver - Found key 'server.contextPath' in [class path resource [application-test.properties]] with type [String] and value '/movies-adapter'
15:50:17.601 [Test worker] DEBUG o.s.core.env.MutablePropertySources - Adding [systemProperties] PropertySource with lowest search precedence
15:50:17.601 [Test worker] DEBUG o.s.core.env.MutablePropertySources - Adding [systemEnvironment] PropertySource with lowest search precedence
15:50:17.601 [Test worker] DEBUG o.s.core.env.MutablePropertySources - Adding [class path resource [application-test.properties]] PropertySource with lowest search precedence
15:50:17.601 [Test worker] DEBUG o.s.core.env.MutablePropertySources - Adding [localProperties] PropertySource with lowest search precedence
15:50:17.602 [Test worker] DEBUG o.s.c.e.PropertySourcesPropertyResolver - Searching for key 'movies.searchMovieUri' in [systemProperties]
15:50:17.602 [Test worker] DEBUG o.s.c.e.PropertySourcesPropertyResolver - Searching for key 'movies.searchMovieUri' in [systemEnvironment]
15:50:17.602 [Test worker] DEBUG o.s.c.e.PropertySourcesPropertyResolver - Searching for key 'movies.searchMovieUri' in [class path resource [application-test.properties]]
15:50:17.602 [Test worker] DEBUG o.s.c.e.PropertySourcesPropertyResolver - Found key 'movies.searchMovieUri' in [class path resource [application-test.properties]] with type [String] and value '/search/movie'
15:50:17.602 [Test worker] DEBUG o.s.core.env.MutablePropertySources - Adding [systemProperties] PropertySource with lowest search precedence
15:50:17.602 [Test worker] DEBUG o.s.core.env.MutablePropertySources - Adding [systemEnvironment] PropertySource with lowest search precedence
15:50:17.602 [Test worker] DEBUG o.s.core.env.MutablePropertySources - Adding [class path resource [application-test.properties]] PropertySource with lowest search precedence
15:50:17.602 [Test worker] DEBUG o.s.core.env.MutablePropertySources - Adding [localProperties] PropertySource with lowest search precedence
15:50:17.602 [Test worker] DEBUG o.s.c.e.PropertySourcesPropertyResolver - Searching for key 'adapter.pooling.connection.defaultMaxPerRoute' in [systemProperties]
15:50:17.602 [Test worker] DEBUG o.s.c.e.PropertySourcesPropertyResolver - Searching for key 'adapter.pooling.connection.defaultMaxPerRoute' in [systemEnvironment]
15:50:17.602 [Test worker] DEBUG o.s.c.e.PropertySourcesPropertyResolver - Searching for key 'adapter.pooling.connection.defaultMaxPerRoute' in [class path resource [application-test.properties]]
15:50:17.602 [Test worker] DEBUG o.s.c.e.PropertySourcesPropertyResolver - Found key 'adapter.pooling.connection.defaultMaxPerRoute' in [class path resource [application-test.properties]] with type [String] and value '100'
15:50:17.602 [Test worker] DEBUG o.s.core.env.MutablePropertySources - Adding [systemProperties] PropertySource with lowest search precedence
15:50:17.602 [Test worker] DEBUG o.s.core.env.MutablePropertySources - Adding [systemEnvironment] PropertySource with lowest search precedence
15:50:17.602 [Test worker] DEBUG o.s.core.env.MutablePropertySources - Adding [class path resource [application-test.properties]] PropertySource with lowest search precedence
15:50:17.602 [Test worker] DEBUG o.s.core.env.MutablePropertySources - Adding [localProperties] PropertySource with lowest search precedence
15:50:17.602 [Test worker] DEBUG o.s.c.e.PropertySourcesPropertyResolver - Searching for key 'movies.apiUri' in [systemProperties]
15:50:17.602 [Test worker] DEBUG o.s.c.e.PropertySourcesPropertyResolver - Searching for key 'movies.apiUri' in [systemEnvironment]
15:50:17.602 [Test worker] DEBUG o.s.c.e.PropertySourcesPropertyResolver - Searching for key 'movies.apiUri' in [class path resource [application-test.properties]]
15:50:17.602 [Test worker] DEBUG o.s.c.e.PropertySourcesPropertyResolver - Found key 'movies.apiUri' in [class path resource [application-test.properties]] with type [String] and value 'http://api.themoviedb.org/3'
15:50:17.602 [Test worker] DEBUG o.s.core.env.MutablePropertySources - Adding [systemProperties] PropertySource with lowest search precedence
15:50:17.602 [Test worker] DEBUG o.s.core.env.MutablePropertySources - Adding [systemEnvironment] PropertySource with lowest search precedence
15:50:17.603 [Test worker] DEBUG o.s.core.env.MutablePropertySources - Adding [class path resource [application-test.properties]] PropertySource with lowest search precedence
15:50:17.603 [Test worker] DEBUG o.s.core.env.MutablePropertySources - Adding [localProperties] PropertySource with lowest search precedence
15:50:17.603 [Test worker] DEBUG o.s.c.e.PropertySourcesPropertyResolver - Searching for key 'adapter.pooling.connection.maxTotal' in [systemProperties]
15:50:17.603 [Test worker] DEBUG o.s.c.e.PropertySourcesPropertyResolver - Searching for key 'adapter.pooling.connection.maxTotal' in [systemEnvironment]
15:50:17.603 [Test worker] DEBUG o.s.c.e.PropertySourcesPropertyResolver - Searching for key 'adapter.pooling.connection.maxTotal' in [class path resource [application-test.properties]]
15:50:17.603 [Test worker] DEBUG o.s.c.e.PropertySourcesPropertyResolver - Found key 'adapter.pooling.connection.maxTotal' in [class path resource [application-test.properties]] with type [String] and value '500'
15:50:17.603 [Test worker] DEBUG o.s.core.env.MutablePropertySources - Adding [systemProperties] PropertySource with lowest search precedence
15:50:17.603 [Test worker] DEBUG o.s.core.env.MutablePropertySources - Adding [systemEnvironment] PropertySource with lowest search precedence
15:50:17.603 [Test worker] DEBUG o.s.core.env.MutablePropertySources - Adding [class path resource [application-test.properties]] PropertySource with lowest search precedence
15:50:17.603 [Test worker] DEBUG o.s.core.env.MutablePropertySources - Adding [localProperties] PropertySource with lowest search precedence
15:50:17.603 [Test worker] DEBUG o.s.c.e.PropertySourcesPropertyResolver - Searching for key 'adapter.read.timeout.millisec' in [systemProperties]
15:50:17.603 [Test worker] DEBUG o.s.c.e.PropertySourcesPropertyResolver - Searching for key 'adapter.read.timeout.millisec' in [systemEnvironment]
15:50:17.603 [Test worker] DEBUG o.s.c.e.PropertySourcesPropertyResolver - Searching for key 'adapter.read.timeout.millisec' in [class path resource [application-test.properties]]
15:50:17.603 [Test worker] DEBUG o.s.c.e.PropertySourcesPropertyResolver - Found key 'adapter.read.timeout.millisec' in [class path resource [application-test.properties]] with type [String] and value '30000'
15:50:17.613 [Test worker] DEBUG o.s.b.f.s.DefaultListableBeanFactory - Returning cached instance of singleton bean 'org.springframework.retry.annotation.RetryConfiguration'
15:50:17.613 [Test worker] DEBUG o.s.b.f.s.DefaultListableBeanFactory - Returning cached instance of singleton bean 'org.springframework.retry.annotation.RetryConfiguration'
15:50:17.614 [Test worker] DEBUG o.s.b.f.s.DefaultListableBeanFactory - Finished creating instance of bean 'configurationPropertiesReportEndpoint'
15:50:17.614 [Test worker] DEBUG o.s.b.f.s.DefaultListableBeanFactory - Creating shared instance of singleton bean 'org.springframework.boot.autoconfigure.jmx.JmxAutoConfiguration'
15:50:17.614 [Test worker] DEBUG o.s.b.f.s.DefaultListableBeanFactory - Creating instance of bean 'org.springframework.boot.autoconfigure.jmx.JmxAutoConfiguration'
15:50:17.615 [Test worker] DEBUG o.s.b.f.s.DefaultListableBeanFactory - Returning cached instance of singleton bean 'org.springframework.retry.annotation.RetryConfiguration'
15:50:17.615 [Test worker] DEBUG o.s.b.f.s.DefaultListableBeanFactory - Eagerly caching bean 'org.springframework.boot.autoconfigure.jmx.JmxAutoConfiguration' to allow for resolving potential circular references
15:50:17.623 [Test worker] DEBUG o.s.b.f.s.DefaultListableBeanFactory - Returning cached instance of singleton bean 'org.springframework.retry.annotation.RetryConfiguration'
15:50:17.623 [Test worker] DEBUG o.s.b.f.s.DefaultListableBeanFactory - Returning cached instance of singleton bean 'org.springframework.retry.annotation.RetryConfiguration'
15:50:17.624 [Test worker] DEBUG o.s.b.f.s.DefaultListableBeanFactory - Finished creating instance of bean 'org.springframework.boot.autoconfigure.jmx.JmxAutoConfiguration'
15:50:17.624 [Test worker] DEBUG o.s.b.f.s.DefaultListableBeanFactory - Creating shared instance of singleton bean 'mbeanExporter'
15:50:17.624 [Test worker] DEBUG o.s.b.f.s.DefaultListableBeanFactory - Creating instance of bean 'mbeanExporter'
15:50:17.624 [Test worker] DEBUG o.s.b.f.s.DefaultListableBeanFactory - Returning cached instance of singleton bean 'org.springframework.retry.annotation.RetryConfiguration'
15:50:17.624 [Test worker] DEBUG o.s.b.f.s.DefaultListableBeanFactory - Returning cached instance of singleton bean 'org.springframework.boot.autoconfigure.jmx.JmxAutoConfiguration'
15:50:17.626 [Test worker] DEBUG o.s.b.f.s.DefaultListableBeanFactory - Creating shared instance of singleton bean 'objectNamingStrategy'
15:50:17.626 [Test worker] DEBUG o.s.b.f.s.DefaultListableBeanFactory - Creating instance of bean 'objectNamingStrategy'
15:50:17.626 [Test worker] DEBUG o.s.b.f.s.DefaultListableBeanFactory - Returning cached instance of singleton bean 'org.springframework.retry.annotation.RetryConfiguration'
15:50:17.626 [Test worker] DEBUG o.s.b.f.s.DefaultListableBeanFactory - Returning cached instance of singleton bean 'org.springframework.boot.autoconfigure.jmx.JmxAutoConfiguration'
15:50:17.630 [Test worker] DEBUG o.s.b.f.s.DefaultListableBeanFactory - Eagerly caching bean 'objectNamingStrategy' to allow for resolving potential circular references
15:50:17.633 [Test worker] DEBUG o.s.b.f.s.DefaultListableBeanFactory - Invoking afterPropertiesSet() on bean with name 'objectNamingStrategy'
15:50:17.633 [Test worker] DEBUG o.s.b.f.s.DefaultListableBeanFactory - Returning cached instance of singleton bean 'org.springframework.retry.annotation.RetryConfiguration'
15:50:17.633 [Test worker] DEBUG o.s.b.f.s.DefaultListableBeanFactory - Returning cached instance of singleton bean 'org.springframework.retry.annotation.RetryConfiguration'
15:50:17.633 [Test worker] DEBUG o.s.b.f.s.DefaultListableBeanFactory - Finished creating instance of bean 'objectNamingStrategy'
15:50:17.633 [Test worker] DEBUG o.s.b.f.s.DefaultListableBeanFactory - Autowiring by type from bean name 'mbeanExporter' via factory method to bean named 'objectNamingStrategy'
15:50:17.646 [Test worker] DEBUG o.s.b.f.s.DefaultListableBeanFactory - Creating shared instance of singleton bean 'mbeanServer'
15:50:17.646 [Test worker] DEBUG o.s.b.f.s.DefaultListableBeanFactory - Creating instance of bean 'mbeanServer'
15:50:17.646 [Test worker] DEBUG o.s.b.f.s.DefaultListableBeanFactory - Returning cached instance of singleton bean 'org.springframework.retry.annotation.RetryConfiguration'
15:50:17.647 [Test worker] DEBUG o.s.b.f.s.DefaultListableBeanFactory - Returning cached instance of singleton bean 'org.springframework.boot.autoconfigure.jmx.JmxAutoConfiguration'
15:50:17.699 [Test worker] DEBUG o.s.jmx.support.JmxUtils - Found MBeanServer: com.sun.jmx.mbeanserver.JmxMBeanServer@3a0d61d0
15:50:17.701 [Test worker] DEBUG o.s.b.f.s.DefaultListableBeanFactory - Eagerly caching bean 'mbeanServer' to allow for resolving potential circular references
15:50:17.703 [Test worker] DEBUG o.s.b.f.s.DefaultListableBeanFactory - Returning cached instance of singleton bean 'org.springframework.retry.annotation.RetryConfiguration'
15:50:17.703 [Test worker] DEBUG o.s.b.f.s.DefaultListableBeanFactory - Returning cached instance of singleton bean 'org.springframework.retry.annotation.RetryConfiguration'
15:50:17.704 [Test worker] DEBUG o.s.b.f.s.DefaultListableBeanFactory - Finished creating instance of bean 'mbeanServer'
15:50:17.706 [Test worker] DEBUG o.s.b.f.s.DefaultListableBeanFactory - Eagerly caching bean 'mbeanExporter' to allow for resolving potential circular references
15:50:17.710 [Test worker] DEBUG o.s.b.f.s.DefaultListableBeanFactory - Invoking afterPropertiesSet() on bean with name 'mbeanExporter'
15:50:17.711 [Test worker] DEBUG o.s.b.f.s.DefaultListableBeanFactory - Returning cached instance of singleton bean 'org.springframework.retry.annotation.RetryConfiguration'
15:50:17.711 [Test worker] DEBUG o.s.b.f.s.DefaultListableBeanFactory - Returning cached instance of singleton bean 'org.springframework.retry.annotation.RetryConfiguration'
15:50:17.711 [Test worker] DEBUG o.s.b.f.s.DefaultListableBeanFactory - Finished creating instance of bean 'mbeanExporter'
15:50:17.711 [Test worker] DEBUG o.s.b.f.s.DefaultListableBeanFactory - Returning cached instance of singleton bean 'objectNamingStrategy'
15:50:17.711 [Test worker] DEBUG o.s.b.f.s.DefaultListableBeanFactory - Returning cached instance of singleton bean 'mbeanServer'
15:50:17.712 [Test worker] DEBUG o.s.b.f.s.DefaultListableBeanFactory - Creating shared instance of singleton bean 'org.springframework.boot.actuate.autoconfigure.EndpointMBeanExportAutoConfiguration'
15:50:17.712 [Test worker] DEBUG o.s.b.f.s.DefaultListableBeanFactory - Creating instance of bean 'org.springframework.boot.actuate.autoconfigure.EndpointMBeanExportAutoConfiguration'
15:50:17.712 [Test worker] DEBUG o.s.b.f.s.DefaultListableBeanFactory - Returning cached instance of singleton bean 'org.springframework.retry.annotation.RetryConfiguration'
15:50:17.712 [Test worker] DEBUG o.s.b.f.annotation.InjectionMetadata - Registered injected element on class [org.springframework.boot.actuate.autoconfigure.EndpointMBeanExportAutoConfiguration$$EnhancerBySpringCGLIB$$160e4f25]: AutowiredFieldElement for org.springframework.boot.actuate.autoconfigure.EndpointMBeanExportProperties org.springframework.boot.actuate.autoconfigure.EndpointMBeanExportAutoConfiguration.properties
15:50:17.712 [Test worker] DEBUG o.s.b.f.s.DefaultListableBeanFactory - Eagerly caching bean 'org.springframework.boot.actuate.autoconfigure.EndpointMBeanExportAutoConfiguration' to allow for resolving potential circular references
15:50:17.714 [Test worker] DEBUG o.s.b.f.annotation.InjectionMetadata - Processing injected element of bean 'org.springframework.boot.actuate.autoconfigure.EndpointMBeanExportAutoConfiguration': AutowiredFieldElement for org.springframework.boot.actuate.autoconfigure.EndpointMBeanExportProperties org.springframework.boot.actuate.autoconfigure.EndpointMBeanExportAutoConfiguration.properties
15:50:17.715 [Test worker] DEBUG o.s.b.f.s.DefaultListableBeanFactory - Creating shared instance of singleton bean 'endpoints.jmx.CONFIGURATION_PROPERTIES'
15:50:17.715 [Test worker] DEBUG o.s.b.f.s.DefaultListableBeanFactory - Creating instance of bean 'endpoints.jmx.CONFIGURATION_PROPERTIES'
15:50:17.715 [Test worker] DEBUG o.s.b.f.s.DefaultListableBeanFactory - Returning cached instance of singleton bean 'org.springframework.retry.annotation.RetryConfiguration'
15:50:17.715 [Test worker] DEBUG o.s.b.f.annotation.InjectionMetadata - Registered injected element on class [org.springframework.boot.actuate.autoconfigure.EndpointMBeanExportProperties]: AutowiredFieldElement for private java.lang.String org.springframework.boot.actuate.autoconfigure.EndpointMBeanExportProperties.domain
15:50:17.715 [Test worker] DEBUG o.s.b.f.s.DefaultListableBeanFactory - Eagerly caching bean 'endpoints.jmx.CONFIGURATION_PROPERTIES' to allow for resolving potential circular references
15:50:17.716 [Test worker] DEBUG o.s.b.f.annotation.InjectionMetadata - Processing injected element of bean 'endpoints.jmx.CONFIGURATION_PROPERTIES': AutowiredFieldElement for private java.lang.String org.springframework.boot.actuate.autoconfigure.EndpointMBeanExportProperties.domain
15:50:17.717 [Test worker] DEBUG o.s.c.e.PropertySourcesPropertyResolver - Searching for key 'spring.jmx.default-domain:' in [environmentProperties]
15:50:17.717 [Test worker] DEBUG o.s.c.e.PropertySourcesPropertyResolver - Searching for key 'spring.jmx.default-domain:' in [systemProperties]
15:50:17.717 [Test worker] DEBUG o.s.c.e.PropertySourcesPropertyResolver - Searching for key 'spring.jmx.default-domain:' in [systemEnvironment]
15:50:17.717 [Test worker] DEBUG o.s.c.e.PropertySourcesPropertyResolver - Searching for key 'spring.jmx.default-domain:' in [class path resource [application-test.properties]]
15:50:17.717 [Test worker] DEBUG o.s.c.e.PropertySourcesPropertyResolver - Could not find key 'spring.jmx.default-domain:' in any property source. Returning [null]
15:50:17.717 [Test worker] DEBUG o.s.c.e.PropertySourcesPropertyResolver - Searching for key 'spring.jmx.default-domain:' in [localProperties]
15:50:17.717 [Test worker] DEBUG o.s.c.e.PropertySourcesPropertyResolver - Could not find key 'spring.jmx.default-domain:' in any property source. Returning [null]
15:50:17.717 [Test worker] DEBUG o.s.c.e.PropertySourcesPropertyResolver - Searching for key 'spring.jmx.default-domain' in [environmentProperties]
15:50:17.717 [Test worker] DEBUG o.s.c.e.PropertySourcesPropertyResolver - Searching for key 'spring.jmx.default-domain' in [systemProperties]
15:50:17.717 [Test worker] DEBUG o.s.c.e.PropertySourcesPropertyResolver - Searching for key 'spring.jmx.default-domain' in [systemEnvironment]
15:50:17.717 [Test worker] DEBUG o.s.c.e.PropertySourcesPropertyResolver - Searching for key 'spring.jmx.default-domain' in [class path resource [application-test.properties]]
15:50:17.717 [Test worker] DEBUG o.s.c.e.PropertySourcesPropertyResolver - Could not find key 'spring.jmx.default-domain' in any property source. Returning [null]
15:50:17.717 [Test worker] DEBUG o.s.c.e.PropertySourcesPropertyResolver - Searching for key 'spring.jmx.default-domain' in [localProperties]
15:50:17.717 [Test worker] DEBUG o.s.c.e.PropertySourcesPropertyResolver - Could not find key 'spring.jmx.default-domain' in any property source. Returning [null]
15:50:17.718 [Test worker] DEBUG o.s.core.env.MutablePropertySources - Adding [systemProperties] PropertySource with lowest search precedence
15:50:17.718 [Test worker] DEBUG o.s.core.env.MutablePropertySources - Adding [systemEnvironment] PropertySource with lowest search precedence
15:50:17.718 [Test worker] DEBUG o.s.core.env.MutablePropertySources - Adding [class path resource [application-test.properties]] PropertySource with lowest search precedence
15:50:17.718 [Test worker] DEBUG o.s.core.env.MutablePropertySources - Adding [localProperties] PropertySource with lowest search precedence
15:50:17.718 [Test worker] DEBUG o.s.core.env.MutablePropertySources - Adding [systemProperties] PropertySource with lowest search precedence
15:50:17.718 [Test worker] DEBUG o.s.core.env.MutablePropertySources - Adding [systemEnvironment] PropertySource with lowest search precedence
15:50:17.718 [Test worker] DEBUG o.s.core.env.MutablePropertySources - Adding [class path resource [application-test.properties]] PropertySource with lowest search precedence
15:50:17.718 [Test worker] DEBUG o.s.core.env.MutablePropertySources - Adding [localProperties] PropertySource with lowest search precedence
15:50:17.718 [Test worker] DEBUG o.s.c.e.PropertySourcesPropertyResolver - Searching for key 'movies.apiKey' in [systemProperties]
15:50:17.718 [Test worker] DEBUG o.s.c.e.PropertySourcesPropertyResolver - Searching for key 'movies.apiKey' in [systemEnvironment]
15:50:17.718 [Test worker] DEBUG o.s.c.e.PropertySourcesPropertyResolver - Searching for key 'movies.apiKey' in [class path resource [application-test.properties]]
15:50:17.718 [Test worker] DEBUG o.s.c.e.PropertySourcesPropertyResolver - Found key 'movies.apiKey' in [class path resource [application-test.properties]] with type [String] and value 'your_key_here'
15:50:17.719 [Test worker] DEBUG o.s.core.env.MutablePropertySources - Adding [systemProperties] PropertySource with lowest search precedence
15:50:17.719 [Test worker] DEBUG o.s.core.env.MutablePropertySources - Adding [systemEnvironment] PropertySource with lowest search precedence
15:50:17.719 [Test worker] DEBUG o.s.core.env.MutablePropertySources - Adding [class path resource [application-test.properties]] PropertySource with lowest search precedence
15:50:17.719 [Test worker] DEBUG o.s.core.env.MutablePropertySources - Adding [localProperties] PropertySource with lowest search precedence
15:50:17.719 [Test worker] DEBUG o.s.c.e.PropertySourcesPropertyResolver - Searching for key 'server.port' in [systemProperties]
15:50:17.719 [Test worker] DEBUG o.s.c.e.PropertySourcesPropertyResolver - Searching for key 'server.port' in [systemEnvironment]
15:50:17.719 [Test worker] DEBUG o.s.c.e.PropertySourcesPropertyResolver - Searching for key 'server.port' in [class path resource [application-test.properties]]
15:50:17.719 [Test worker] DEBUG o.s.c.e.PropertySourcesPropertyResolver - Found key 'server.port' in [class path resource [application-test.properties]] with type [String] and value '8080'
15:50:17.719 [Test worker] DEBUG o.s.core.env.MutablePropertySources - Adding [systemProperties] PropertySource with lowest search precedence
15:50:17.719 [Test worker] DEBUG o.s.core.env.MutablePropertySources - Adding [systemEnvironment] PropertySource with lowest search precedence
15:50:17.719 [Test worker] DEBUG o.s.core.env.MutablePropertySources - Adding [class path resource [application-test.properties]] PropertySource with lowest search precedence
15:50:17.719 [Test worker] DEBUG o.s.core.env.MutablePropertySources - Adding [localProperties] PropertySource with lowest search precedence
15:50:17.719 [Test worker] DEBUG o.s.c.e.PropertySourcesPropertyResolver - Searching for key 'adapter.connection.timeout.millisec' in [systemProperties]
15:50:17.719 [Test worker] DEBUG o.s.c.e.PropertySourcesPropertyResolver - Searching for key 'adapter.connection.timeout.millisec' in [systemEnvironment]
15:50:17.719 [Test worker] DEBUG o.s.c.e.PropertySourcesPropertyResolver - Searching for key 'adapter.connection.timeout.millisec' in [class path resource [application-test.properties]]
15:50:17.719 [Test worker] DEBUG o.s.c.e.PropertySourcesPropertyResolver - Found key 'adapter.connection.timeout.millisec' in [class path resource [application-test.properties]] with type [String] and value '5000'
15:50:17.719 [Test worker] DEBUG o.s.core.env.MutablePropertySources - Adding [systemProperties] PropertySource with lowest search precedence
15:50:17.719 [Test worker] DEBUG o.s.core.env.MutablePropertySources - Adding [systemEnvironment] PropertySource with lowest search precedence
15:50:17.719 [Test worker] DEBUG o.s.core.env.MutablePropertySources - Adding [class path resource [application-test.properties]] PropertySource with lowest search precedence
15:50:17.719 [Test worker] DEBUG o.s.core.env.MutablePropertySources - Adding [localProperties] PropertySource with lowest search precedence
15:50:17.719 [Test worker] DEBUG o.s.c.e.PropertySourcesPropertyResolver - Searching for key 'server.contextPath' in [systemProperties]
15:50:17.720 [Test worker] DEBUG o.s.c.e.PropertySourcesPropertyResolver - Searching for key 'server.contextPath' in [systemEnvironment]
15:50:17.720 [Test worker] DEBUG o.s.c.e.PropertySourcesPropertyResolver - Searching for key 'server.contextPath' in [class path resource [application-test.properties]]
15:50:17.720 [Test worker] DEBUG o.s.c.e.PropertySourcesPropertyResolver - Found key 'server.contextPath' in [class path resource [application-test.properties]] with type [String] and value '/movies-adapter'
15:50:17.720 [Test worker] DEBUG o.s.core.env.MutablePropertySources - Adding [systemProperties] PropertySource with lowest search precedence
15:50:17.720 [Test worker] DEBUG o.s.core.env.MutablePropertySources - Adding [systemEnvironment] PropertySource with lowest search precedence
15:50:17.720 [Test worker] DEBUG o.s.core.env.MutablePropertySources - Adding [class path resource [application-test.properties]] PropertySource with lowest search precedence
15:50:17.720 [Test worker] DEBUG o.s.core.env.MutablePropertySources - Adding [localProperties] PropertySource with lowest search precedence
15:50:17.720 [Test worker] DEBUG o.s.c.e.PropertySourcesPropertyResolver - Searching for key 'movies.searchMovieUri' in [systemProperties]
15:50:17.720 [Test worker] DEBUG o.s.c.e.PropertySourcesPropertyResolver - Searching for key 'movies.searchMovieUri' in [systemEnvironment]
15:50:17.720 [Test worker] DEBUG o.s.c.e.PropertySourcesPropertyResolver - Searching for key 'movies.searchMovieUri' in [class path resource [application-test.properties]]
15:50:17.720 [Test worker] DEBUG o.s.c.e.PropertySourcesPropertyResolver - Found key 'movies.searchMovieUri' in [class path resource [application-test.properties]] with type [String] and value '/search/movie'
15:50:17.720 [Test worker] DEBUG o.s.core.env.MutablePropertySources - Adding [systemProperties] PropertySource with lowest search precedence
15:50:17.720 [Test worker] DEBUG o.s.core.env.MutablePropertySources - Adding [systemEnvironment] PropertySource with lowest search precedence
15:50:17.720 [Test worker] DEBUG o.s.core.env.MutablePropertySources - Adding [class path resource [application-test.properties]] PropertySource with lowest search precedence
15:50:17.720 [Test worker] DEBUG o.s.core.env.MutablePropertySources - Adding [localProperties] PropertySource with lowest search precedence
15:50:17.720 [Test worker] DEBUG o.s.c.e.PropertySourcesPropertyResolver - Searching for key 'adapter.pooling.connection.defaultMaxPerRoute' in [systemProperties]
15:50:17.720 [Test worker] DEBUG o.s.c.e.PropertySourcesPropertyResolver - Searching for key 'adapter.pooling.connection.defaultMaxPerRoute' in [systemEnvironment]
15:50:17.720 [Test worker] DEBUG o.s.c.e.PropertySourcesPropertyResolver - Searching for key 'adapter.pooling.connection.defaultMaxPerRoute' in [class path resource [application-test.properties]]
15:50:17.720 [Test worker] DEBUG o.s.c.e.PropertySourcesPropertyResolver - Found key 'adapter.pooling.connection.defaultMaxPerRoute' in [class path resource [application-test.properties]] with type [String] and value '100'
15:50:17.720 [Test worker] DEBUG o.s.core.env.MutablePropertySources - Adding [systemProperties] PropertySource with lowest search precedence
15:50:17.720 [Test worker] DEBUG o.s.core.env.MutablePropertySources - Adding [systemEnvironment] PropertySource with lowest search precedence
15:50:17.720 [Test worker] DEBUG o.s.core.env.MutablePropertySources - Adding [class path resource [application-test.properties]] PropertySource with lowest search precedence
15:50:17.720 [Test worker] DEBUG o.s.core.env.MutablePropertySources - Adding [localProperties] PropertySource with lowest search precedence
15:50:17.720 [Test worker] DEBUG o.s.c.e.PropertySourcesPropertyResolver - Searching for key 'movies.apiUri' in [systemProperties]
15:50:17.720 [Test worker] DEBUG o.s.c.e.PropertySourcesPropertyResolver - Searching for key 'movies.apiUri' in [systemEnvironment]
15:50:17.720 [Test worker] DEBUG o.s.c.e.PropertySourcesPropertyResolver - Searching for key 'movies.apiUri' in [class path resource [application-test.properties]]
15:50:17.720 [Test worker] DEBUG o.s.c.e.PropertySourcesPropertyResolver - Found key 'movies.apiUri' in [class path resource [application-test.properties]] with type [String] and value 'http://api.themoviedb.org/3'
15:50:17.721 [Test worker] DEBUG o.s.core.env.MutablePropertySources - Adding [systemProperties] PropertySource with lowest search precedence
15:50:17.721 [Test worker] DEBUG o.s.core.env.MutablePropertySources - Adding [systemEnvironment] PropertySource with lowest search precedence
15:50:17.721 [Test worker] DEBUG o.s.core.env.MutablePropertySources - Adding [class path resource [application-test.properties]] PropertySource with lowest search precedence
15:50:17.721 [Test worker] DEBUG o.s.core.env.MutablePropertySources - Adding [localProperties] PropertySource with lowest search precedence
15:50:17.721 [Test worker] DEBUG o.s.c.e.PropertySourcesPropertyResolver - Searching for key 'adapter.pooling.connection.maxTotal' in [systemProperties]
15:50:17.721 [Test worker] DEBUG o.s.c.e.PropertySourcesPropertyResolver - Searching for key 'adapter.pooling.connection.maxTotal' in [systemEnvironment]
15:50:17.721 [Test worker] DEBUG o.s.c.e.PropertySourcesPropertyResolver - Searching for key 'adapter.pooling.connection.maxTotal' in [class path resource [application-test.properties]]
15:50:17.721 [Test worker] DEBUG o.s.c.e.PropertySourcesPropertyResolver - Found key 'adapter.pooling.connection.maxTotal' in [class path resource [application-test.properties]] with type [String] and value '500'
15:50:17.721 [Test worker] DEBUG o.s.core.env.MutablePropertySources - Adding [systemProperties] PropertySource with lowest search precedence
15:50:17.721 [Test worker] DEBUG o.s.core.env.MutablePropertySources - Adding [systemEnvironment] PropertySource with lowest search precedence
15:50:17.721 [Test worker] DEBUG o.s.core.env.MutablePropertySources - Adding [class path resource [application-test.properties]] PropertySource with lowest search precedence
15:50:17.721 [Test worker] DEBUG o.s.core.env.MutablePropertySources - Adding [localProperties] PropertySource with lowest search precedence
15:50:17.721 [Test worker] DEBUG o.s.c.e.PropertySourcesPropertyResolver - Searching for key 'adapter.read.timeout.millisec' in [systemProperties]
15:50:17.721 [Test worker] DEBUG o.s.c.e.PropertySourcesPropertyResolver - Searching for key 'adapter.read.timeout.millisec' in [systemEnvironment]
15:50:17.721 [Test worker] DEBUG o.s.c.e.PropertySourcesPropertyResolver - Searching for key 'adapter.read.timeout.millisec' in [class path resource [application-test.properties]]
15:50:17.721 [Test worker] DEBUG o.s.c.e.PropertySourcesPropertyResolver - Found key 'adapter.read.timeout.millisec' in [class path resource [application-test.properties]] with type [String] and value '30000'
15:50:17.725 [Test worker] DEBUG o.s.b.f.s.DefaultListableBeanFactory - Returning cached instance of singleton bean 'org.springframework.retry.annotation.RetryConfiguration'
15:50:17.725 [Test worker] DEBUG o.s.b.f.s.DefaultListableBeanFactory - Returning cached instance of singleton bean 'org.springframework.retry.annotation.RetryConfiguration'
15:50:17.726 [Test worker] DEBUG o.s.b.f.s.DefaultListableBeanFactory - Finished creating instance of bean 'endpoints.jmx.CONFIGURATION_PROPERTIES'
15:50:17.726 [Test worker] DEBUG o.s.b.f.a.AutowiredAnnotationBeanPostProcessor - Autowiring by type from bean name 'org.springframework.boot.actuate.autoconfigure.EndpointMBeanExportAutoConfiguration' to bean named 'endpoints.jmx.CONFIGURATION_PROPERTIES'
15:50:17.726 [Test worker] DEBUG o.s.b.f.s.DefaultListableBeanFactory - Returning cached instance of singleton bean 'org.springframework.retry.annotation.RetryConfiguration'
15:50:17.726 [Test worker] DEBUG o.s.b.f.s.DefaultListableBeanFactory - Returning cached instance of singleton bean 'org.springframework.retry.annotation.RetryConfiguration'
15:50:17.726 [Test worker] DEBUG o.s.b.f.s.DefaultListableBeanFactory - Finished creating instance of bean 'org.springframework.boot.actuate.autoconfigure.EndpointMBeanExportAutoConfiguration'
15:50:17.726 [Test worker] DEBUG o.s.b.f.s.DefaultListableBeanFactory - Creating shared instance of singleton bean 'endpointMBeanExporter'
15:50:17.726 [Test worker] DEBUG o.s.b.f.s.DefaultListableBeanFactory - Creating instance of bean 'endpointMBeanExporter'
15:50:17.726 [Test worker] DEBUG o.s.b.f.s.DefaultListableBeanFactory - Returning cached instance of singleton bean 'org.springframework.retry.annotation.RetryConfiguration'
15:50:17.726 [Test worker] DEBUG o.s.b.f.s.DefaultListableBeanFactory - Returning cached instance of singleton bean 'org.springframework.boot.actuate.autoconfigure.EndpointMBeanExportAutoConfiguration'
15:50:17.728 [Test worker] DEBUG o.s.b.f.s.DefaultListableBeanFactory - Returning cached instance of singleton bean 'mbeanServer'
15:50:17.728 [Test worker] DEBUG o.s.b.f.s.DefaultListableBeanFactory - Autowiring by type from bean name 'endpointMBeanExporter' via factory method to bean named 'mbeanServer'
15:50:17.733 [Test worker] DEBUG o.s.b.f.s.DefaultListableBeanFactory - Eagerly caching bean 'endpointMBeanExporter' to allow for resolving potential circular references
15:50:17.736 [Test worker] DEBUG o.s.b.f.s.DefaultListableBeanFactory - Invoking afterPropertiesSet() on bean with name 'endpointMBeanExporter'
15:50:17.736 [Test worker] DEBUG o.s.b.f.s.DefaultListableBeanFactory - Returning cached instance of singleton bean 'org.springframework.retry.annotation.RetryConfiguration'
15:50:17.736 [Test worker] DEBUG o.s.b.f.s.DefaultListableBeanFactory - Returning cached instance of singleton bean 'org.springframework.retry.annotation.RetryConfiguration'
15:50:17.738 [Test worker] DEBUG o.s.b.f.s.DefaultListableBeanFactory - Finished creating instance of bean 'endpointMBeanExporter'
15:50:17.738 [Test worker] DEBUG o.s.b.f.s.DefaultListableBeanFactory - Returning cached instance of singleton bean 'endpoints.jmx.CONFIGURATION_PROPERTIES'
15:50:17.738 [Test worker] DEBUG o.s.b.f.s.DefaultListableBeanFactory - Creating shared instance of singleton bean 'org.springframework.boot.actuate.autoconfigure.ManagementServerPropertiesAutoConfiguration'
15:50:17.738 [Test worker] DEBUG o.s.b.f.s.DefaultListableBeanFactory - Creating instance of bean 'org.springframework.boot.actuate.autoconfigure.ManagementServerPropertiesAutoConfiguration'
15:50:17.738 [Test worker] DEBUG o.s.b.f.s.DefaultListableBeanFactory - Returning cached instance of singleton bean 'org.springframework.retry.annotation.RetryConfiguration'
15:50:17.738 [Test worker] DEBUG o.s.b.f.s.DefaultListableBeanFactory - Eagerly caching bean 'org.springframework.boot.actuate.autoconfigure.ManagementServerPropertiesAutoConfiguration' to allow for resolving potential circular references
15:50:17.740 [Test worker] DEBUG o.s.b.f.s.DefaultListableBeanFactory - Returning cached instance of singleton bean 'org.springframework.retry.annotation.RetryConfiguration'
15:50:17.740 [Test worker] DEBUG o.s.b.f.s.DefaultListableBeanFactory - Returning cached instance of singleton bean 'org.springframework.retry.annotation.RetryConfiguration'
15:50:17.740 [Test worker] DEBUG o.s.b.f.s.DefaultListableBeanFactory - Finished creating instance of bean 'org.springframework.boot.actuate.autoconfigure.ManagementServerPropertiesAutoConfiguration'
15:50:17.740 [Test worker] DEBUG o.s.b.f.s.DefaultListableBeanFactory - Creating shared instance of singleton bean 'managementServerProperties'
15:50:17.740 [Test worker] DEBUG o.s.b.f.s.DefaultListableBeanFactory - Creating instance of bean 'managementServerProperties'
15:50:17.741 [Test worker] DEBUG o.s.b.f.s.DefaultListableBeanFactory - Returning cached instance of singleton bean 'org.springframework.retry.annotation.RetryConfiguration'
15:50:17.741 [Test worker] DEBUG o.s.b.f.s.DefaultListableBeanFactory - Returning cached instance of singleton bean 'org.springframework.boot.actuate.autoconfigure.ManagementServerPropertiesAutoConfiguration'
15:50:17.746 [Test worker] DEBUG o.s.b.f.s.DefaultListableBeanFactory - Eagerly caching bean 'managementServerProperties' to allow for resolving potential circular references
15:50:17.748 [Test worker] DEBUG o.s.core.env.MutablePropertySources - Adding [systemProperties] PropertySource with lowest search precedence
15:50:17.748 [Test worker] DEBUG o.s.core.env.MutablePropertySources - Adding [systemEnvironment] PropertySource with lowest search precedence
15:50:17.748 [Test worker] DEBUG o.s.core.env.MutablePropertySources - Adding [class path resource [application-test.properties]] PropertySource with lowest search precedence
15:50:17.748 [Test worker] DEBUG o.s.core.env.MutablePropertySources - Adding [localProperties] PropertySource with lowest search precedence
15:50:17.748 [Test worker] DEBUG o.s.core.env.MutablePropertySources - Adding [systemProperties] PropertySource with lowest search precedence
15:50:17.748 [Test worker] DEBUG o.s.core.env.MutablePropertySources - Adding [systemEnvironment] PropertySource with lowest search precedence
15:50:17.748 [Test worker] DEBUG o.s.core.env.MutablePropertySources - Adding [class path resource [application-test.properties]] PropertySource with lowest search precedence
15:50:17.748 [Test worker] DEBUG o.s.core.env.MutablePropertySources - Adding [localProperties] PropertySource with lowest search precedence
15:50:17.748 [Test worker] DEBUG o.s.c.e.PropertySourcesPropertyResolver - Searching for key 'movies.apiKey' in [systemProperties]
15:50:17.748 [Test worker] DEBUG o.s.c.e.PropertySourcesPropertyResolver - Searching for key 'movies.apiKey' in [systemEnvironment]
15:50:17.748 [Test worker] DEBUG o.s.c.e.PropertySourcesPropertyResolver - Searching for key 'movies.apiKey' in [class path resource [application-test.properties]]
15:50:17.748 [Test worker] DEBUG o.s.c.e.PropertySourcesPropertyResolver - Found key 'movies.apiKey' in [class path resource [application-test.properties]] with type [String] and value 'your_key_here'
15:50:17.749 [Test worker] DEBUG o.s.core.env.MutablePropertySources - Adding [systemProperties] PropertySource with lowest search precedence
15:50:17.749 [Test worker] DEBUG o.s.core.env.MutablePropertySources - Adding [systemEnvironment] PropertySource with lowest search precedence
15:50:17.749 [Test worker] DEBUG o.s.core.env.MutablePropertySources - Adding [class path resource [application-test.properties]] PropertySource with lowest search precedence
15:50:17.749 [Test worker] DEBUG o.s.core.env.MutablePropertySources - Adding [localProperties] PropertySource with lowest search precedence
15:50:17.749 [Test worker] DEBUG o.s.c.e.PropertySourcesPropertyResolver - Searching for key 'server.port' in [systemProperties]
15:50:17.749 [Test worker] DEBUG o.s.c.e.PropertySourcesPropertyResolver - Searching for key 'server.port' in [systemEnvironment]
15:50:17.749 [Test worker] DEBUG o.s.c.e.PropertySourcesPropertyResolver - Searching for key 'server.port' in [class path resource [application-test.properties]]
15:50:17.749 [Test worker] DEBUG o.s.c.e.PropertySourcesPropertyResolver - Found key 'server.port' in [class path resource [application-test.properties]] with type [String] and value '8080'
15:50:17.749 [Test worker] DEBUG o.s.core.env.MutablePropertySources - Adding [systemProperties] PropertySource with lowest search precedence
15:50:17.749 [Test worker] DEBUG o.s.core.env.MutablePropertySources - Adding [systemEnvironment] PropertySource with lowest search precedence
15:50:17.749 [Test worker] DEBUG o.s.core.env.MutablePropertySources - Adding [class path resource [application-test.properties]] PropertySource with lowest search precedence
15:50:17.749 [Test worker] DEBUG o.s.core.env.MutablePropertySources - Adding [localProperties] PropertySource with lowest search precedence
15:50:17.749 [Test worker] DEBUG o.s.c.e.PropertySourcesPropertyResolver - Searching for key 'adapter.connection.timeout.millisec' in [systemProperties]
15:50:17.749 [Test worker] DEBUG o.s.c.e.PropertySourcesPropertyResolver - Searching for key 'adapter.connection.timeout.millisec' in [systemEnvironment]
15:50:17.749 [Test worker] DEBUG o.s.c.e.PropertySourcesPropertyResolver - Searching for key 'adapter.connection.timeout.millisec' in [class path resource [application-test.properties]]
15:50:17.749 [Test worker] DEBUG o.s.c.e.PropertySourcesPropertyResolver - Found key 'adapter.connection.timeout.millisec' in [class path resource [application-test.properties]] with type [String] and value '5000'
15:50:17.749 [Test worker] DEBUG o.s.core.env.MutablePropertySources - Adding [systemProperties] PropertySource with lowest search precedence
15:50:17.749 [Test worker] DEBUG o.s.core.env.MutablePropertySources - Adding [systemEnvironment] PropertySource with lowest search precedence
15:50:17.749 [Test worker] DEBUG o.s.core.env.MutablePropertySources - Adding [class path resource [application-test.properties]] PropertySource with lowest search precedence
15:50:17.749 [Test worker] DEBUG o.s.core.env.MutablePropertySources - Adding [localProperties] PropertySource with lowest search precedence
15:50:17.749 [Test worker] DEBUG o.s.c.e.PropertySourcesPropertyResolver - Searching for key 'server.contextPath' in [systemProperties]
15:50:17.749 [Test worker] DEBUG o.s.c.e.PropertySourcesPropertyResolver - Searching for key 'server.contextPath' in [systemEnvironment]
15:50:17.749 [Test worker] DEBUG o.s.c.e.PropertySourcesPropertyResolver - Searching for key 'server.contextPath' in [class path resource [application-test.properties]]
15:50:17.749 [Test worker] DEBUG o.s.c.e.PropertySourcesPropertyResolver - Found key 'server.contextPath' in [class path resource [application-test.properties]] with type [String] and value '/movies-adapter'
15:50:17.749 [Test worker] DEBUG o.s.core.env.MutablePropertySources - Adding [systemProperties] PropertySource with lowest search precedence
15:50:17.749 [Test worker] DEBUG o.s.core.env.MutablePropertySources - Adding [systemEnvironment] PropertySource with lowest search precedence
15:50:17.749 [Test worker] DEBUG o.s.core.env.MutablePropertySources - Adding [class path resource [application-test.properties]] PropertySource with lowest search precedence
15:50:17.749 [Test worker] DEBUG o.s.core.env.MutablePropertySources - Adding [localProperties] PropertySource with lowest search precedence
15:50:17.750 [Test worker] DEBUG o.s.c.e.PropertySourcesPropertyResolver - Searching for key 'movies.searchMovieUri' in [systemProperties]
15:50:17.750 [Test worker] DEBUG o.s.c.e.PropertySourcesPropertyResolver - Searching for key 'movies.searchMovieUri' in [systemEnvironment]
15:50:17.750 [Test worker] DEBUG o.s.c.e.PropertySourcesPropertyResolver - Searching for key 'movies.searchMovieUri' in [class path resource [application-test.properties]]
15:50:17.750 [Test worker] DEBUG o.s.c.e.PropertySourcesPropertyResolver - Found key 'movies.searchMovieUri' in [class path resource [application-test.properties]] with type [String] and value '/search/movie'
15:50:17.750 [Test worker] DEBUG o.s.core.env.MutablePropertySources - Adding [systemProperties] PropertySource with lowest search precedence
15:50:17.750 [Test worker] DEBUG o.s.core.env.MutablePropertySources - Adding [systemEnvironment] PropertySource with lowest search precedence
15:50:17.750 [Test worker] DEBUG o.s.core.env.MutablePropertySources - Adding [class path resource [application-test.properties]] PropertySource with lowest search precedence
15:50:17.750 [Test worker] DEBUG o.s.core.env.MutablePropertySources - Adding [localProperties] PropertySource with lowest search precedence
15:50:17.750 [Test worker] DEBUG o.s.c.e.PropertySourcesPropertyResolver - Searching for key 'adapter.pooling.connection.defaultMaxPerRoute' in [systemProperties]
15:50:17.750 [Test worker] DEBUG o.s.c.e.PropertySourcesPropertyResolver - Searching for key 'adapter.pooling.connection.defaultMaxPerRoute' in [systemEnvironment]
15:50:17.750 [Test worker] DEBUG o.s.c.e.PropertySourcesPropertyResolver - Searching for key 'adapter.pooling.connection.defaultMaxPerRoute' in [class path resource [application-test.properties]]
15:50:17.750 [Test worker] DEBUG o.s.c.e.PropertySourcesPropertyResolver - Found key 'adapter.pooling.connection.defaultMaxPerRoute' in [class path resource [application-test.properties]] with type [String] and value '100'
15:50:17.750 [Test worker] DEBUG o.s.core.env.MutablePropertySources - Adding [systemProperties] PropertySource with lowest search precedence
15:50:17.750 [Test worker] DEBUG o.s.core.env.MutablePropertySources - Adding [systemEnvironment] PropertySource with lowest search precedence
15:50:17.750 [Test worker] DEBUG o.s.core.env.MutablePropertySources - Adding [class path resource [application-test.properties]] PropertySource with lowest search precedence
15:50:17.750 [Test worker] DEBUG o.s.core.env.MutablePropertySources - Adding [localProperties] PropertySource with lowest search precedence
15:50:17.750 [Test worker] DEBUG o.s.c.e.PropertySourcesPropertyResolver - Searching for key 'movies.apiUri' in [systemProperties]
15:50:17.750 [Test worker] DEBUG o.s.c.e.PropertySourcesPropertyResolver - Searching for key 'movies.apiUri' in [systemEnvironment]
15:50:17.750 [Test worker] DEBUG o.s.c.e.PropertySourcesPropertyResolver - Searching for key 'movies.apiUri' in [class path resource [application-test.properties]]
15:50:17.750 [Test worker] DEBUG o.s.c.e.PropertySourcesPropertyResolver - Found key 'movies.apiUri' in [class path resource [application-test.properties]] with type [String] and value 'http://api.themoviedb.org/3'
15:50:17.750 [Test worker] DEBUG o.s.core.env.MutablePropertySources - Adding [systemProperties] PropertySource with lowest search precedence
15:50:17.750 [Test worker] DEBUG o.s.core.env.MutablePropertySources - Adding [systemEnvironment] PropertySource with lowest search precedence
15:50:17.750 [Test worker] DEBUG o.s.core.env.MutablePropertySources - Adding [class path resource [application-test.properties]] PropertySource with lowest search precedence
15:50:17.750 [Test worker] DEBUG o.s.core.env.MutablePropertySources - Adding [localProperties] PropertySource with lowest search precedence
15:50:17.750 [Test worker] DEBUG o.s.c.e.PropertySourcesPropertyResolver - Searching for key 'adapter.pooling.connection.maxTotal' in [systemProperties]
15:50:17.750 [Test worker] DEBUG o.s.c.e.PropertySourcesPropertyResolver - Searching for key 'adapter.pooling.connection.maxTotal' in [systemEnvironment]
15:50:17.750 [Test worker] DEBUG o.s.c.e.PropertySourcesPropertyResolver - Searching for key 'adapter.pooling.connection.maxTotal' in [class path resource [application-test.properties]]
15:50:17.750 [Test worker] DEBUG o.s.c.e.PropertySourcesPropertyResolver - Found key 'adapter.pooling.connection.maxTotal' in [class path resource [application-test.properties]] with type [String] and value '500'
15:50:17.751 [Test worker] DEBUG o.s.core.env.MutablePropertySources - Adding [systemProperties] PropertySource with lowest search precedence
15:50:17.751 [Test worker] DEBUG o.s.core.env.MutablePropertySources - Adding [systemEnvironment] PropertySource with lowest search precedence
15:50:17.751 [Test worker] DEBUG o.s.core.env.MutablePropertySources - Adding [class path resource [application-test.properties]] PropertySource with lowest search precedence
15:50:17.751 [Test worker] DEBUG o.s.core.env.MutablePropertySources - Adding [localProperties] PropertySource with lowest search precedence
15:50:17.751 [Test worker] DEBUG o.s.c.e.PropertySourcesPropertyResolver - Searching for key 'adapter.read.timeout.millisec' in [systemProperties]
15:50:17.751 [Test worker] DEBUG o.s.c.e.PropertySourcesPropertyResolver - Searching for key 'adapter.read.timeout.millisec' in [systemEnvironment]
15:50:17.751 [Test worker] DEBUG o.s.c.e.PropertySourcesPropertyResolver - Searching for key 'adapter.read.timeout.millisec' in [class path resource [application-test.properties]]
15:50:17.751 [Test worker] DEBUG o.s.c.e.PropertySourcesPropertyResolver - Found key 'adapter.read.timeout.millisec' in [class path resource [application-test.properties]] with type [String] and value '30000'
15:50:17.754 [Test worker] DEBUG o.s.b.f.s.DefaultListableBeanFactory - Returning cached instance of singleton bean 'org.springframework.retry.annotation.RetryConfiguration'
15:50:17.754 [Test worker] DEBUG o.s.b.f.s.DefaultListableBeanFactory - Returning cached instance of singleton bean 'org.springframework.retry.annotation.RetryConfiguration'
15:50:17.754 [Test worker] DEBUG o.s.b.f.s.DefaultListableBeanFactory - Finished creating instance of bean 'managementServerProperties'
15:50:17.754 [Test worker] DEBUG o.s.b.f.s.DefaultListableBeanFactory - Creating shared instance of singleton bean 'org.springframework.boot.actuate.autoconfigure.MetricFilterAutoConfiguration'
15:50:17.754 [Test worker] DEBUG o.s.b.f.s.DefaultListableBeanFactory - Creating instance of bean 'org.springframework.boot.actuate.autoconfigure.MetricFilterAutoConfiguration'
15:50:17.754 [Test worker] DEBUG o.s.b.f.s.DefaultListableBeanFactory - Returning cached instance of singleton bean 'org.springframework.retry.annotation.RetryConfiguration'
15:50:17.755 [Test worker] DEBUG o.s.b.f.annotation.InjectionMetadata - Registered injected element on class [org.springframework.boot.actuate.autoconfigure.MetricFilterAutoConfiguration$$EnhancerBySpringCGLIB$$5a79f9e3]: AutowiredFieldElement for private org.springframework.boot.actuate.metrics.CounterService org.springframework.boot.actuate.autoconfigure.MetricFilterAutoConfiguration.counterService
15:50:17.755 [Test worker] DEBUG o.s.b.f.annotation.InjectionMetadata - Registered injected element on class [org.springframework.boot.actuate.autoconfigure.MetricFilterAutoConfiguration$$EnhancerBySpringCGLIB$$5a79f9e3]: AutowiredFieldElement for private org.springframework.boot.actuate.metrics.GaugeService org.springframework.boot.actuate.autoconfigure.MetricFilterAutoConfiguration.gaugeService
15:50:17.755 [Test worker] DEBUG o.s.b.f.s.DefaultListableBeanFactory - Eagerly caching bean 'org.springframework.boot.actuate.autoconfigure.MetricFilterAutoConfiguration' to allow for resolving potential circular references
15:50:17.757 [Test worker] DEBUG o.s.b.f.annotation.InjectionMetadata - Processing injected element of bean 'org.springframework.boot.actuate.autoconfigure.MetricFilterAutoConfiguration': AutowiredFieldElement for private org.springframework.boot.actuate.metrics.CounterService org.springframework.boot.actuate.autoconfigure.MetricFilterAutoConfiguration.counterService
15:50:17.758 [Test worker] DEBUG o.s.b.f.s.DefaultListableBeanFactory - Returning cached instance of singleton bean 'counterService'
15:50:17.758 [Test worker] DEBUG o.s.b.f.a.AutowiredAnnotationBeanPostProcessor - Autowiring by type from bean name 'org.springframework.boot.actuate.autoconfigure.MetricFilterAutoConfiguration' to bean named 'counterService'
15:50:17.758 [Test worker] DEBUG o.s.b.f.annotation.InjectionMetadata - Processing injected element of bean 'org.springframework.boot.actuate.autoconfigure.MetricFilterAutoConfiguration': AutowiredFieldElement for private org.springframework.boot.actuate.metrics.GaugeService org.springframework.boot.actuate.autoconfigure.MetricFilterAutoConfiguration.gaugeService
15:50:17.758 [Test worker] DEBUG o.s.b.f.s.DefaultListableBeanFactory - Returning cached instance of singleton bean 'gaugeService'
15:50:17.758 [Test worker] DEBUG o.s.b.f.a.AutowiredAnnotationBeanPostProcessor - Autowiring by type from bean name 'org.springframework.boot.actuate.autoconfigure.MetricFilterAutoConfiguration' to bean named 'gaugeService'
15:50:17.759 [Test worker] DEBUG o.s.b.f.s.DefaultListableBeanFactory - Returning cached instance of singleton bean 'org.springframework.retry.annotation.RetryConfiguration'
15:50:17.759 [Test worker] DEBUG o.s.b.f.s.DefaultListableBeanFactory - Returning cached instance of singleton bean 'org.springframework.retry.annotation.RetryConfiguration'
15:50:17.759 [Test worker] DEBUG o.s.b.f.s.DefaultListableBeanFactory - Finished creating instance of bean 'org.springframework.boot.actuate.autoconfigure.MetricFilterAutoConfiguration'
15:50:17.759 [Test worker] DEBUG o.s.b.f.s.DefaultListableBeanFactory - Creating shared instance of singleton bean 'metricFilter'
15:50:17.759 [Test worker] DEBUG o.s.b.f.s.DefaultListableBeanFactory - Creating instance of bean 'metricFilter'
15:50:17.759 [Test worker] DEBUG o.s.b.f.s.DefaultListableBeanFactory - Returning cached instance of singleton bean 'org.springframework.retry.annotation.RetryConfiguration'
15:50:17.759 [Test worker] DEBUG o.s.b.f.s.DefaultListableBeanFactory - Returning cached instance of singleton bean 'org.springframework.boot.actuate.autoconfigure.MetricFilterAutoConfiguration'
15:50:17.766 [Test worker] DEBUG o.s.w.c.s.StandardServletEnvironment - Adding [servletConfigInitParams] PropertySource with lowest search precedence
15:50:17.766 [Test worker] DEBUG o.s.w.c.s.StandardServletEnvironment - Adding [servletContextInitParams] PropertySource with lowest search precedence
15:50:17.770 [Test worker] DEBUG o.s.w.c.s.StandardServletEnvironment - Adding [systemProperties] PropertySource with lowest search precedence
15:50:17.770 [Test worker] DEBUG o.s.w.c.s.StandardServletEnvironment - Adding [systemEnvironment] PropertySource with lowest search precedence
15:50:17.770 [Test worker] DEBUG o.s.w.c.s.StandardServletEnvironment - Initialized StandardServletEnvironment with PropertySources [servletConfigInitParams,servletContextInitParams,systemProperties,systemEnvironment]
15:50:17.771 [Test worker] DEBUG o.s.b.f.s.DefaultListableBeanFactory - Eagerly caching bean 'metricFilter' to allow for resolving potential circular references
15:50:17.775 [Test worker] DEBUG o.s.b.f.s.DefaultListableBeanFactory - Invoking afterPropertiesSet() on bean with name 'metricFilter'
15:50:17.775 [Test worker] DEBUG o.s.b.f.s.DefaultListableBeanFactory - Returning cached instance of singleton bean 'org.springframework.retry.annotation.RetryConfiguration'
15:50:17.775 [Test worker] DEBUG o.s.b.f.s.DefaultListableBeanFactory - Returning cached instance of singleton bean 'org.springframework.retry.annotation.RetryConfiguration'
15:50:17.776 [Test worker] DEBUG o.s.b.f.s.DefaultListableBeanFactory - Finished creating instance of bean 'metricFilter'
15:50:17.776 [Test worker] DEBUG o.s.b.f.s.DefaultListableBeanFactory - Returning cached instance of singleton bean 'org.springframework.boot.actuate.autoconfigure.TraceRepositoryAutoConfiguration'
15:50:17.776 [Test worker] DEBUG o.s.b.f.s.DefaultListableBeanFactory - Returning cached instance of singleton bean 'traceRepository'
15:50:17.776 [Test worker] DEBUG o.s.b.f.s.DefaultListableBeanFactory - Creating shared instance of singleton bean 'org.springframework.boot.actuate.autoconfigure.TraceWebFilterAutoConfiguration'
15:50:17.776 [Test worker] DEBUG o.s.b.f.s.DefaultListableBeanFactory - Creating instance of bean 'org.springframework.boot.actuate.autoconfigure.TraceWebFilterAutoConfiguration'
15:50:17.776 [Test worker] DEBUG o.s.b.f.s.DefaultListableBeanFactory - Returning cached instance of singleton bean 'org.springframework.retry.annotation.RetryConfiguration'
15:50:17.777 [Test worker] DEBUG o.s.b.f.annotation.InjectionMetadata - Registered injected element on class [org.springframework.boot.actuate.autoconfigure.TraceWebFilterAutoConfiguration]: AutowiredFieldElement for private org.springframework.boot.actuate.trace.TraceRepository org.springframework.boot.actuate.autoconfigure.TraceWebFilterAutoConfiguration.traceRepository
15:50:17.777 [Test worker] DEBUG o.s.b.f.annotation.InjectionMetadata - Registered injected element on class [org.springframework.boot.actuate.autoconfigure.TraceWebFilterAutoConfiguration]: AutowiredFieldElement for private org.springframework.boot.autoconfigure.web.ErrorAttributes org.springframework.boot.actuate.autoconfigure.TraceWebFilterAutoConfiguration.errorAttributes
15:50:17.777 [Test worker] DEBUG o.s.b.f.annotation.InjectionMetadata - Registered injected element on class [org.springframework.boot.actuate.autoconfigure.TraceWebFilterAutoConfiguration]: AutowiredFieldElement for private boolean org.springframework.boot.actuate.autoconfigure.TraceWebFilterAutoConfiguration.dumpRequests
15:50:17.777 [Test worker] DEBUG o.s.b.f.s.DefaultListableBeanFactory - Eagerly caching bean 'org.springframework.boot.actuate.autoconfigure.TraceWebFilterAutoConfiguration' to allow for resolving potential circular references
15:50:17.779 [Test worker] DEBUG o.s.b.f.annotation.InjectionMetadata - Processing injected element of bean 'org.springframework.boot.actuate.autoconfigure.TraceWebFilterAutoConfiguration': AutowiredFieldElement for private org.springframework.boot.actuate.trace.TraceRepository org.springframework.boot.actuate.autoconfigure.TraceWebFilterAutoConfiguration.traceRepository
15:50:17.779 [Test worker] DEBUG o.s.b.f.s.DefaultListableBeanFactory - Returning cached instance of singleton bean 'traceRepository'
15:50:17.779 [Test worker] DEBUG o.s.b.f.a.AutowiredAnnotationBeanPostProcessor - Autowiring by type from bean name 'org.springframework.boot.actuate.autoconfigure.TraceWebFilterAutoConfiguration' to bean named 'traceRepository'
15:50:17.779 [Test worker] DEBUG o.s.b.f.annotation.InjectionMetadata - Processing injected element of bean 'org.springframework.boot.actuate.autoconfigure.TraceWebFilterAutoConfiguration': AutowiredFieldElement for private org.springframework.boot.autoconfigure.web.ErrorAttributes org.springframework.boot.actuate.autoconfigure.TraceWebFilterAutoConfiguration.errorAttributes
15:50:17.780 [Test worker] DEBUG o.s.b.f.annotation.InjectionMetadata - Processing injected element of bean 'org.springframework.boot.actuate.autoconfigure.TraceWebFilterAutoConfiguration': AutowiredFieldElement for private boolean org.springframework.boot.actuate.autoconfigure.TraceWebFilterAutoConfiguration.dumpRequests
15:50:17.780 [Test worker] DEBUG o.s.c.e.PropertySourcesPropertyResolver - Searching for key 'management.dump_requests:false' in [environmentProperties]
15:50:17.780 [Test worker] DEBUG o.s.c.e.PropertySourcesPropertyResolver - Searching for key 'management.dump_requests:false' in [systemProperties]
15:50:17.780 [Test worker] DEBUG o.s.c.e.PropertySourcesPropertyResolver - Searching for key 'management.dump_requests:false' in [systemEnvironment]
15:50:17.780 [Test worker] DEBUG o.s.c.e.PropertySourcesPropertyResolver - Searching for key 'management.dump_requests:false' in [class path resource [application-test.properties]]
15:50:17.780 [Test worker] DEBUG o.s.c.e.PropertySourcesPropertyResolver - Could not find key 'management.dump_requests:false' in any property source. Returning [null]
15:50:17.780 [Test worker] DEBUG o.s.c.e.PropertySourcesPropertyResolver - Searching for key 'management.dump_requests:false' in [localProperties]
15:50:17.780 [Test worker] DEBUG o.s.c.e.PropertySourcesPropertyResolver - Could not find key 'management.dump_requests:false' in any property source. Returning [null]
15:50:17.780 [Test worker] DEBUG o.s.c.e.PropertySourcesPropertyResolver - Searching for key 'management.dump_requests' in [environmentProperties]
15:50:17.780 [Test worker] DEBUG o.s.c.e.PropertySourcesPropertyResolver - Searching for key 'management.dump_requests' in [systemProperties]
15:50:17.780 [Test worker] DEBUG o.s.c.e.PropertySourcesPropertyResolver - Searching for key 'management.dump_requests' in [systemEnvironment]
15:50:17.780 [Test worker] DEBUG o.s.c.e.PropertySourcesPropertyResolver - Searching for key 'management.dump_requests' in [class path resource [application-test.properties]]
15:50:17.780 [Test worker] DEBUG o.s.c.e.PropertySourcesPropertyResolver - Could not find key 'management.dump_requests' in any property source. Returning [null]
15:50:17.780 [Test worker] DEBUG o.s.c.e.PropertySourcesPropertyResolver - Searching for key 'management.dump_requests' in [localProperties]
15:50:17.780 [Test worker] DEBUG o.s.c.e.PropertySourcesPropertyResolver - Could not find key 'management.dump_requests' in any property source. Returning [null]
15:50:17.781 [Test worker] DEBUG o.s.b.f.s.DefaultListableBeanFactory - Returning cached instance of singleton bean 'org.springframework.retry.annotation.RetryConfiguration'
15:50:17.781 [Test worker] DEBUG o.s.b.f.s.DefaultListableBeanFactory - Returning cached instance of singleton bean 'org.springframework.retry.annotation.RetryConfiguration'
15:50:17.781 [Test worker] DEBUG o.s.b.f.s.DefaultListableBeanFactory - Finished creating instance of bean 'org.springframework.boot.actuate.autoconfigure.TraceWebFilterAutoConfiguration'
15:50:17.781 [Test worker] DEBUG o.s.b.f.s.DefaultListableBeanFactory - Creating shared instance of singleton bean 'webRequestLoggingFilter'
15:50:17.781 [Test worker] DEBUG o.s.b.f.s.DefaultListableBeanFactory - Creating instance of bean 'webRequestLoggingFilter'
15:50:17.781 [Test worker] DEBUG o.s.b.f.s.DefaultListableBeanFactory - Returning cached instance of singleton bean 'org.springframework.retry.annotation.RetryConfiguration'
15:50:17.781 [Test worker] DEBUG o.s.b.f.s.DefaultListableBeanFactory - Returning cached instance of singleton bean 'org.springframework.boot.actuate.autoconfigure.TraceWebFilterAutoConfiguration'
15:50:17.782 [Test worker] DEBUG o.s.b.f.s.DefaultListableBeanFactory - Autowiring by type from bean name 'webRequestLoggingFilter' via factory method to bean named 'org.springframework.beans.factory.support.DefaultListableBeanFactory@463d99c0'
15:50:17.783 [Test worker] DEBUG o.s.w.c.s.StandardServletEnvironment - Adding [servletConfigInitParams] PropertySource with lowest search precedence
15:50:17.783 [Test worker] DEBUG o.s.w.c.s.StandardServletEnvironment - Adding [servletContextInitParams] PropertySource with lowest search precedence
15:50:17.783 [Test worker] DEBUG o.s.w.c.s.StandardServletEnvironment - Adding [systemProperties] PropertySource with lowest search precedence
15:50:17.783 [Test worker] DEBUG o.s.w.c.s.StandardServletEnvironment - Adding [systemEnvironment] PropertySource with lowest search precedence
15:50:17.783 [Test worker] DEBUG o.s.w.c.s.StandardServletEnvironment - Initialized StandardServletEnvironment with PropertySources [servletConfigInitParams,servletContextInitParams,systemProperties,systemEnvironment]
15:50:17.783 [Test worker] DEBUG o.s.b.f.s.DefaultListableBeanFactory - Eagerly caching bean 'webRequestLoggingFilter' to allow for resolving potential circular references
15:50:17.785 [Test worker] DEBUG o.s.b.f.s.DefaultListableBeanFactory - Invoking afterPropertiesSet() on bean with name 'webRequestLoggingFilter'
15:50:17.785 [Test worker] DEBUG o.s.b.f.s.DefaultListableBeanFactory - Returning cached instance of singleton bean 'org.springframework.retry.annotation.RetryConfiguration'
15:50:17.785 [Test worker] DEBUG o.s.b.f.s.DefaultListableBeanFactory - Returning cached instance of singleton bean 'org.springframework.retry.annotation.RetryConfiguration'
15:50:17.785 [Test worker] DEBUG o.s.b.f.s.DefaultListableBeanFactory - Finished creating instance of bean 'webRequestLoggingFilter'
15:50:17.785 [Test worker] DEBUG o.s.b.f.s.DefaultListableBeanFactory - Creating shared instance of singleton bean 'org.springframework.boot.autoconfigure.aop.AopAutoConfiguration$JdkDynamicAutoProxyConfiguration'
15:50:17.785 [Test worker] DEBUG o.s.b.f.s.DefaultListableBeanFactory - Creating instance of bean 'org.springframework.boot.autoconfigure.aop.AopAutoConfiguration$JdkDynamicAutoProxyConfiguration'
15:50:17.785 [Test worker] DEBUG o.s.b.f.s.DefaultListableBeanFactory - Returning cached instance of singleton bean 'org.springframework.retry.annotation.RetryConfiguration'
15:50:17.786 [Test worker] DEBUG o.s.b.f.s.DefaultListableBeanFactory - Eagerly caching bean 'org.springframework.boot.autoconfigure.aop.AopAutoConfiguration$JdkDynamicAutoProxyConfiguration' to allow for resolving potential circular references
15:50:17.788 [Test worker] DEBUG o.s.b.f.s.DefaultListableBeanFactory - Returning cached instance of singleton bean 'org.springframework.retry.annotation.RetryConfiguration'
15:50:17.788 [Test worker] DEBUG o.s.b.f.s.DefaultListableBeanFactory - Returning cached instance of singleton bean 'org.springframework.retry.annotation.RetryConfiguration'
15:50:17.788 [Test worker] DEBUG o.s.b.f.s.DefaultListableBeanFactory - Finished creating instance of bean 'org.springframework.boot.autoconfigure.aop.AopAutoConfiguration$JdkDynamicAutoProxyConfiguration'
15:50:17.788 [Test worker] DEBUG o.s.b.f.s.DefaultListableBeanFactory - Creating shared instance of singleton bean 'org.springframework.boot.autoconfigure.aop.AopAutoConfiguration'
15:50:17.788 [Test worker] DEBUG o.s.b.f.s.DefaultListableBeanFactory - Creating instance of bean 'org.springframework.boot.autoconfigure.aop.AopAutoConfiguration'
15:50:17.788 [Test worker] DEBUG o.s.b.f.s.DefaultListableBeanFactory - Returning cached instance of singleton bean 'org.springframework.retry.annotation.RetryConfiguration'
15:50:17.788 [Test worker] DEBUG o.s.b.f.s.DefaultListableBeanFactory - Eagerly caching bean 'org.springframework.boot.autoconfigure.aop.AopAutoConfiguration' to allow for resolving potential circular references
15:50:17.790 [Test worker] DEBUG o.s.b.f.s.DefaultListableBeanFactory - Returning cached instance of singleton bean 'org.springframework.retry.annotation.RetryConfiguration'
15:50:17.790 [Test worker] DEBUG o.s.b.f.s.DefaultListableBeanFactory - Returning cached instance of singleton bean 'org.springframework.retry.annotation.RetryConfiguration'
15:50:17.791 [Test worker] DEBUG o.s.b.f.s.DefaultListableBeanFactory - Finished creating instance of bean 'org.springframework.boot.autoconfigure.aop.AopAutoConfiguration'
15:50:17.791 [Test worker] DEBUG o.s.b.f.s.DefaultListableBeanFactory - Creating shared instance of singleton bean 'org.springframework.boot.autoconfigure.jackson.JacksonAutoConfiguration$JacksonObjectMapperBuilderConfiguration'
15:50:17.791 [Test worker] DEBUG o.s.b.f.s.DefaultListableBeanFactory - Creating instance of bean 'org.springframework.boot.autoconfigure.jackson.JacksonAutoConfiguration$JacksonObjectMapperBuilderConfiguration'
15:50:17.791 [Test worker] DEBUG o.s.b.f.s.DefaultListableBeanFactory - Returning cached instance of singleton bean 'org.springframework.retry.annotation.RetryConfiguration'
15:50:17.791 [Test worker] DEBUG o.s.b.f.annotation.InjectionMetadata - Registered injected element on class [org.springframework.boot.autoconfigure.jackson.JacksonAutoConfiguration$JacksonObjectMapperBuilderConfiguration$$EnhancerBySpringCGLIB$$495e2474]: AutowiredFieldElement for private org.springframework.boot.autoconfigure.jackson.JacksonProperties org.springframework.boot.autoconfigure.jackson.JacksonAutoConfiguration$JacksonObjectMapperBuilderConfiguration.jacksonProperties
15:50:17.791 [Test worker] DEBUG o.s.b.f.annotation.InjectionMetadata - Registered injected element on class [org.springframework.boot.autoconfigure.jackson.JacksonAutoConfiguration$JacksonObjectMapperBuilderConfiguration$$EnhancerBySpringCGLIB$$495e2474]: AutowiredFieldElement for private org.springframework.boot.autoconfigure.web.HttpMapperProperties org.springframework.boot.autoconfigure.jackson.JacksonAutoConfiguration$JacksonObjectMapperBuilderConfiguration.httpMapperProperties
15:50:17.791 [Test worker] DEBUG o.s.b.f.s.DefaultListableBeanFactory - Eagerly caching bean 'org.springframework.boot.autoconfigure.jackson.JacksonAutoConfiguration$JacksonObjectMapperBuilderConfiguration' to allow for resolving potential circular references
15:50:17.794 [Test worker] DEBUG o.s.b.f.annotation.InjectionMetadata - Processing injected element of bean 'org.springframework.boot.autoconfigure.jackson.JacksonAutoConfiguration$JacksonObjectMapperBuilderConfiguration': AutowiredFieldElement for private org.springframework.boot.autoconfigure.jackson.JacksonProperties org.springframework.boot.autoconfigure.jackson.JacksonAutoConfiguration$JacksonObjectMapperBuilderConfiguration.jacksonProperties
15:50:17.794 [Test worker] DEBUG o.s.b.f.s.DefaultListableBeanFactory - Creating shared instance of singleton bean 'spring.jackson.CONFIGURATION_PROPERTIES'
15:50:17.794 [Test worker] DEBUG o.s.b.f.s.DefaultListableBeanFactory - Creating instance of bean 'spring.jackson.CONFIGURATION_PROPERTIES'
15:50:17.794 [Test worker] DEBUG o.s.b.f.s.DefaultListableBeanFactory - Returning cached instance of singleton bean 'org.springframework.retry.annotation.RetryConfiguration'
15:50:17.795 [Test worker] DEBUG o.s.b.f.s.DefaultListableBeanFactory - Eagerly caching bean 'spring.jackson.CONFIGURATION_PROPERTIES' to allow for resolving potential circular references
15:50:17.797 [Test worker] DEBUG o.s.core.env.MutablePropertySources - Adding [systemProperties] PropertySource with lowest search precedence
15:50:17.797 [Test worker] DEBUG o.s.core.env.MutablePropertySources - Adding [systemEnvironment] PropertySource with lowest search precedence
15:50:17.797 [Test worker] DEBUG o.s.core.env.MutablePropertySources - Adding [class path resource [application-test.properties]] PropertySource with lowest search precedence
15:50:17.797 [Test worker] DEBUG o.s.core.env.MutablePropertySources - Adding [localProperties] PropertySource with lowest search precedence
15:50:17.798 [Test worker] DEBUG o.s.core.env.MutablePropertySources - Adding [systemProperties] PropertySource with lowest search precedence
15:50:17.798 [Test worker] DEBUG o.s.core.env.MutablePropertySources - Adding [systemEnvironment] PropertySource with lowest search precedence
15:50:17.798 [Test worker] DEBUG o.s.core.env.MutablePropertySources - Adding [class path resource [application-test.properties]] PropertySource with lowest search precedence
15:50:17.798 [Test worker] DEBUG o.s.core.env.MutablePropertySources - Adding [localProperties] PropertySource with lowest search precedence
15:50:17.798 [Test worker] DEBUG o.s.c.e.PropertySourcesPropertyResolver - Searching for key 'movies.apiKey' in [systemProperties]
15:50:17.798 [Test worker] DEBUG o.s.c.e.PropertySourcesPropertyResolver - Searching for key 'movies.apiKey' in [systemEnvironment]
15:50:17.798 [Test worker] DEBUG o.s.c.e.PropertySourcesPropertyResolver - Searching for key 'movies.apiKey' in [class path resource [application-test.properties]]
15:50:17.798 [Test worker] DEBUG o.s.c.e.PropertySourcesPropertyResolver - Found key 'movies.apiKey' in [class path resource [application-test.properties]] with type [String] and value 'your_key_here'
15:50:17.799 [Test worker] DEBUG o.s.core.env.MutablePropertySources - Adding [systemProperties] PropertySource with lowest search precedence
15:50:17.799 [Test worker] DEBUG o.s.core.env.MutablePropertySources - Adding [systemEnvironment] PropertySource with lowest search precedence
15:50:17.799 [Test worker] DEBUG o.s.core.env.MutablePropertySources - Adding [class path resource [application-test.properties]] PropertySource with lowest search precedence
15:50:17.799 [Test worker] DEBUG o.s.core.env.MutablePropertySources - Adding [localProperties] PropertySource with lowest search precedence
15:50:17.799 [Test worker] DEBUG o.s.c.e.PropertySourcesPropertyResolver - Searching for key 'server.port' in [systemProperties]
15:50:17.799 [Test worker] DEBUG o.s.c.e.PropertySourcesPropertyResolver - Searching for key 'server.port' in [systemEnvironment]
15:50:17.799 [Test worker] DEBUG o.s.c.e.PropertySourcesPropertyResolver - Searching for key 'server.port' in [class path resource [application-test.properties]]
15:50:17.799 [Test worker] DEBUG o.s.c.e.PropertySourcesPropertyResolver - Found key 'server.port' in [class path resource [application-test.properties]] with type [String] and value '8080'
15:50:17.799 [Test worker] DEBUG o.s.core.env.MutablePropertySources - Adding [systemProperties] PropertySource with lowest search precedence
15:50:17.799 [Test worker] DEBUG o.s.core.env.MutablePropertySources - Adding [systemEnvironment] PropertySource with lowest search precedence
15:50:17.799 [Test worker] DEBUG o.s.core.env.MutablePropertySources - Adding [class path resource [application-test.properties]] PropertySource with lowest search precedence
15:50:17.799 [Test worker] DEBUG o.s.core.env.MutablePropertySources - Adding [localProperties] PropertySource with lowest search precedence
15:50:17.799 [Test worker] DEBUG o.s.c.e.PropertySourcesPropertyResolver - Searching for key 'adapter.connection.timeout.millisec' in [systemProperties]
15:50:17.799 [Test worker] DEBUG o.s.c.e.PropertySourcesPropertyResolver - Searching for key 'adapter.connection.timeout.millisec' in [systemEnvironment]
15:50:17.799 [Test worker] DEBUG o.s.c.e.PropertySourcesPropertyResolver - Searching for key 'adapter.connection.timeout.millisec' in [class path resource [application-test.properties]]
15:50:17.799 [Test worker] DEBUG o.s.c.e.PropertySourcesPropertyResolver - Found key 'adapter.connection.timeout.millisec' in [class path resource [application-test.properties]] with type [String] and value '5000'
15:50:17.799 [Test worker] DEBUG o.s.core.env.MutablePropertySources - Adding [systemProperties] PropertySource with lowest search precedence
15:50:17.799 [Test worker] DEBUG o.s.core.env.MutablePropertySources - Adding [systemEnvironment] PropertySource with lowest search precedence
15:50:17.799 [Test worker] DEBUG o.s.core.env.MutablePropertySources - Adding [class path resource [application-test.properties]] PropertySource with lowest search precedence
15:50:17.799 [Test worker] DEBUG o.s.core.env.MutablePropertySources - Adding [localProperties] PropertySource with lowest search precedence
15:50:17.799 [Test worker] DEBUG o.s.c.e.PropertySourcesPropertyResolver - Searching for key 'server.contextPath' in [systemProperties]
15:50:17.799 [Test worker] DEBUG o.s.c.e.PropertySourcesPropertyResolver - Searching for key 'server.contextPath' in [systemEnvironment]
15:50:17.799 [Test worker] DEBUG o.s.c.e.PropertySourcesPropertyResolver - Searching for key 'server.contextPath' in [class path resource [application-test.properties]]
15:50:17.799 [Test worker] DEBUG o.s.c.e.PropertySourcesPropertyResolver - Found key 'server.contextPath' in [class path resource [application-test.properties]] with type [String] and value '/movies-adapter'
15:50:17.799 [Test worker] DEBUG o.s.core.env.MutablePropertySources - Adding [systemProperties] PropertySource with lowest search precedence
15:50:17.799 [Test worker] DEBUG o.s.core.env.MutablePropertySources - Adding [systemEnvironment] PropertySource with lowest search precedence
15:50:17.799 [Test worker] DEBUG o.s.core.env.MutablePropertySources - Adding [class path resource [application-test.properties]] PropertySource with lowest search precedence
15:50:17.799 [Test worker] DEBUG o.s.core.env.MutablePropertySources - Adding [localProperties] PropertySource with lowest search precedence
15:50:17.799 [Test worker] DEBUG o.s.c.e.PropertySourcesPropertyResolver - Searching for key 'movies.searchMovieUri' in [systemProperties]
15:50:17.799 [Test worker] DEBUG o.s.c.e.PropertySourcesPropertyResolver - Searching for key 'movies.searchMovieUri' in [systemEnvironment]
15:50:17.799 [Test worker] DEBUG o.s.c.e.PropertySourcesPropertyResolver - Searching for key 'movies.searchMovieUri' in [class path resource [application-test.properties]]
15:50:17.799 [Test worker] DEBUG o.s.c.e.PropertySourcesPropertyResolver - Found key 'movies.searchMovieUri' in [class path resource [application-test.properties]] with type [String] and value '/search/movie'
15:50:17.800 [Test worker] DEBUG o.s.core.env.MutablePropertySources - Adding [systemProperties] PropertySource with lowest search precedence
15:50:17.800 [Test worker] DEBUG o.s.core.env.MutablePropertySources - Adding [systemEnvironment] PropertySource with lowest search precedence
15:50:17.800 [Test worker] DEBUG o.s.core.env.MutablePropertySources - Adding [class path resource [application-test.properties]] PropertySource with lowest search precedence
15:50:17.800 [Test worker] DEBUG o.s.core.env.MutablePropertySources - Adding [localProperties] PropertySource with lowest search precedence
15:50:17.800 [Test worker] DEBUG o.s.c.e.PropertySourcesPropertyResolver - Searching for key 'adapter.pooling.connection.defaultMaxPerRoute' in [systemProperties]
15:50:17.800 [Test worker] DEBUG o.s.c.e.PropertySourcesPropertyResolver - Searching for key 'adapter.pooling.connection.defaultMaxPerRoute' in [systemEnvironment]
15:50:17.800 [Test worker] DEBUG o.s.c.e.PropertySourcesPropertyResolver - Searching for key 'adapter.pooling.connection.defaultMaxPerRoute' in [class path resource [application-test.properties]]
15:50:17.800 [Test worker] DEBUG o.s.c.e.PropertySourcesPropertyResolver - Found key 'adapter.pooling.connection.defaultMaxPerRoute' in [class path resource [application-test.properties]] with type [String] and value '100'
15:50:17.800 [Test worker] DEBUG o.s.core.env.MutablePropertySources - Adding [systemProperties] PropertySource with lowest search precedence
15:50:17.800 [Test worker] DEBUG o.s.core.env.MutablePropertySources - Adding [systemEnvironment] PropertySource with lowest search precedence
15:50:17.800 [Test worker] DEBUG o.s.core.env.MutablePropertySources - Adding [class path resource [application-test.properties]] PropertySource with lowest search precedence
15:50:17.800 [Test worker] DEBUG o.s.core.env.MutablePropertySources - Adding [localProperties] PropertySource with lowest search precedence
15:50:17.800 [Test worker] DEBUG o.s.c.e.PropertySourcesPropertyResolver - Searching for key 'movies.apiUri' in [systemProperties]
15:50:17.800 [Test worker] DEBUG o.s.c.e.PropertySourcesPropertyResolver - Searching for key 'movies.apiUri' in [systemEnvironment]
15:50:17.800 [Test worker] DEBUG o.s.c.e.PropertySourcesPropertyResolver - Searching for key 'movies.apiUri' in [class path resource [application-test.properties]]
15:50:17.800 [Test worker] DEBUG o.s.c.e.PropertySourcesPropertyResolver - Found key 'movies.apiUri' in [class path resource [application-test.properties]] with type [String] and value 'http://api.themoviedb.org/3'
15:50:17.800 [Test worker] DEBUG o.s.core.env.MutablePropertySources - Adding [systemProperties] PropertySource with lowest search precedence
15:50:17.800 [Test worker] DEBUG o.s.core.env.MutablePropertySources - Adding [systemEnvironment] PropertySource with lowest search precedence
15:50:17.800 [Test worker] DEBUG o.s.core.env.MutablePropertySources - Adding [class path resource [application-test.properties]] PropertySource with lowest search precedence
15:50:17.800 [Test worker] DEBUG o.s.core.env.MutablePropertySources - Adding [localProperties] PropertySource with lowest search precedence
15:50:17.800 [Test worker] DEBUG o.s.c.e.PropertySourcesPropertyResolver - Searching for key 'adapter.pooling.connection.maxTotal' in [systemProperties]
15:50:17.800 [Test worker] DEBUG o.s.c.e.PropertySourcesPropertyResolver - Searching for key 'adapter.pooling.connection.maxTotal' in [systemEnvironment]
15:50:17.800 [Test worker] DEBUG o.s.c.e.PropertySourcesPropertyResolver - Searching for key 'adapter.pooling.connection.maxTotal' in [class path resource [application-test.properties]]
15:50:17.800 [Test worker] DEBUG o.s.c.e.PropertySourcesPropertyResolver - Found key 'adapter.pooling.connection.maxTotal' in [class path resource [application-test.properties]] with type [String] and value '500'
15:50:17.800 [Test worker] DEBUG o.s.core.env.MutablePropertySources - Adding [systemProperties] PropertySource with lowest search precedence
15:50:17.800 [Test worker] DEBUG o.s.core.env.MutablePropertySources - Adding [systemEnvironment] PropertySource with lowest search precedence
15:50:17.800 [Test worker] DEBUG o.s.core.env.MutablePropertySources - Adding [class path resource [application-test.properties]] PropertySource with lowest search precedence
15:50:17.800 [Test worker] DEBUG o.s.core.env.MutablePropertySources - Adding [localProperties] PropertySource with lowest search precedence
15:50:17.800 [Test worker] DEBUG o.s.c.e.PropertySourcesPropertyResolver - Searching for key 'adapter.read.timeout.millisec' in [systemProperties]
15:50:17.800 [Test worker] DEBUG o.s.c.e.PropertySourcesPropertyResolver - Searching for key 'adapter.read.timeout.millisec' in [systemEnvironment]
15:50:17.800 [Test worker] DEBUG o.s.c.e.PropertySourcesPropertyResolver - Searching for key 'adapter.read.timeout.millisec' in [class path resource [application-test.properties]]
15:50:17.800 [Test worker] DEBUG o.s.c.e.PropertySourcesPropertyResolver - Found key 'adapter.read.timeout.millisec' in [class path resource [application-test.properties]] with type [String] and value '30000'
15:50:17.804 [Test worker] DEBUG o.s.b.f.s.DefaultListableBeanFactory - Returning cached instance of singleton bean 'org.springframework.retry.annotation.RetryConfiguration'
15:50:17.804 [Test worker] DEBUG o.s.b.f.s.DefaultListableBeanFactory - Returning cached instance of singleton bean 'org.springframework.retry.annotation.RetryConfiguration'
15:50:17.804 [Test worker] DEBUG o.s.b.f.s.DefaultListableBeanFactory - Finished creating instance of bean 'spring.jackson.CONFIGURATION_PROPERTIES'
15:50:17.804 [Test worker] DEBUG o.s.b.f.a.AutowiredAnnotationBeanPostProcessor - Autowiring by type from bean name 'org.springframework.boot.autoconfigure.jackson.JacksonAutoConfiguration$JacksonObjectMapperBuilderConfiguration' to bean named 'spring.jackson.CONFIGURATION_PROPERTIES'
15:50:17.804 [Test worker] DEBUG o.s.b.f.annotation.InjectionMetadata - Processing injected element of bean 'org.springframework.boot.autoconfigure.jackson.JacksonAutoConfiguration$JacksonObjectMapperBuilderConfiguration': AutowiredFieldElement for private org.springframework.boot.autoconfigure.web.HttpMapperProperties org.springframework.boot.autoconfigure.jackson.JacksonAutoConfiguration$JacksonObjectMapperBuilderConfiguration.httpMapperProperties
15:50:17.804 [Test worker] DEBUG o.s.b.f.s.DefaultListableBeanFactory - Creating shared instance of singleton bean 'http.mappers.CONFIGURATION_PROPERTIES'
15:50:17.804 [Test worker] DEBUG o.s.b.f.s.DefaultListableBeanFactory - Creating instance of bean 'http.mappers.CONFIGURATION_PROPERTIES'
15:50:17.805 [Test worker] DEBUG o.s.b.f.s.DefaultListableBeanFactory - Returning cached instance of singleton bean 'org.springframework.retry.annotation.RetryConfiguration'
15:50:17.805 [Test worker] DEBUG o.s.b.f.s.DefaultListableBeanFactory - Eagerly caching bean 'http.mappers.CONFIGURATION_PROPERTIES' to allow for resolving potential circular references
15:50:17.806 [Test worker] DEBUG o.s.core.env.MutablePropertySources - Adding [systemProperties] PropertySource with lowest search precedence
15:50:17.806 [Test worker] DEBUG o.s.core.env.MutablePropertySources - Adding [systemEnvironment] PropertySource with lowest search precedence
15:50:17.806 [Test worker] DEBUG o.s.core.env.MutablePropertySources - Adding [class path resource [application-test.properties]] PropertySource with lowest search precedence
15:50:17.806 [Test worker] DEBUG o.s.core.env.MutablePropertySources - Adding [localProperties] PropertySource with lowest search precedence
15:50:17.806 [Test worker] DEBUG o.s.core.env.MutablePropertySources - Adding [systemProperties] PropertySource with lowest search precedence
15:50:17.806 [Test worker] DEBUG o.s.core.env.MutablePropertySources - Adding [systemEnvironment] PropertySource with lowest search precedence
15:50:17.806 [Test worker] DEBUG o.s.core.env.MutablePropertySources - Adding [class path resource [application-test.properties]] PropertySource with lowest search precedence
15:50:17.806 [Test worker] DEBUG o.s.core.env.MutablePropertySources - Adding [localProperties] PropertySource with lowest search precedence
15:50:17.806 [Test worker] DEBUG o.s.c.e.PropertySourcesPropertyResolver - Searching for key 'movies.apiKey' in [systemProperties]
15:50:17.806 [Test worker] DEBUG o.s.c.e.PropertySourcesPropertyResolver - Searching for key 'movies.apiKey' in [systemEnvironment]
15:50:17.806 [Test worker] DEBUG o.s.c.e.PropertySourcesPropertyResolver - Searching for key 'movies.apiKey' in [class path resource [application-test.properties]]
15:50:17.807 [Test worker] DEBUG o.s.c.e.PropertySourcesPropertyResolver - Found key 'movies.apiKey' in [class path resource [application-test.properties]] with type [String] and value 'your_key_here'
15:50:17.807 [Test worker] DEBUG o.s.core.env.MutablePropertySources - Adding [systemProperties] PropertySource with lowest search precedence
15:50:17.807 [Test worker] DEBUG o.s.core.env.MutablePropertySources - Adding [systemEnvironment] PropertySource with lowest search precedence
15:50:17.807 [Test worker] DEBUG o.s.core.env.MutablePropertySources - Adding [class path resource [application-test.properties]] PropertySource with lowest search precedence
15:50:17.807 [Test worker] DEBUG o.s.core.env.MutablePropertySources - Adding [localProperties] PropertySource with lowest search precedence
15:50:17.807 [Test worker] DEBUG o.s.c.e.PropertySourcesPropertyResolver - Searching for key 'server.port' in [systemProperties]
15:50:17.807 [Test worker] DEBUG o.s.c.e.PropertySourcesPropertyResolver - Searching for key 'server.port' in [systemEnvironment]
15:50:17.807 [Test worker] DEBUG o.s.c.e.PropertySourcesPropertyResolver - Searching for key 'server.port' in [class path resource [application-test.properties]]
15:50:17.807 [Test worker] DEBUG o.s.c.e.PropertySourcesPropertyResolver - Found key 'server.port' in [class path resource [application-test.properties]] with type [String] and value '8080'
15:50:17.807 [Test worker] DEBUG o.s.core.env.MutablePropertySources - Adding [systemProperties] PropertySource with lowest search precedence
15:50:17.807 [Test worker] DEBUG o.s.core.env.MutablePropertySources - Adding [systemEnvironment] PropertySource with lowest search precedence
15:50:17.807 [Test worker] DEBUG o.s.core.env.MutablePropertySources - Adding [class path resource [application-test.properties]] PropertySource with lowest search precedence
15:50:17.807 [Test worker] DEBUG o.s.core.env.MutablePropertySources - Adding [localProperties] PropertySource with lowest search precedence
15:50:17.807 [Test worker] DEBUG o.s.c.e.PropertySourcesPropertyResolver - Searching for key 'adapter.connection.timeout.millisec' in [systemProperties]
15:50:17.807 [Test worker] DEBUG o.s.c.e.PropertySourcesPropertyResolver - Searching for key 'adapter.connection.timeout.millisec' in [systemEnvironment]
15:50:17.807 [Test worker] DEBUG o.s.c.e.PropertySourcesPropertyResolver - Searching for key 'adapter.connection.timeout.millisec' in [class path resource [application-test.properties]]
15:50:17.807 [Test worker] DEBUG o.s.c.e.PropertySourcesPropertyResolver - Found key 'adapter.connection.timeout.millisec' in [class path resource [application-test.properties]] with type [String] and value '5000'
15:50:17.807 [Test worker] DEBUG o.s.core.env.MutablePropertySources - Adding [systemProperties] PropertySource with lowest search precedence
15:50:17.807 [Test worker] DEBUG o.s.core.env.MutablePropertySources - Adding [systemEnvironment] PropertySource with lowest search precedence
15:50:17.807 [Test worker] DEBUG o.s.core.env.MutablePropertySources - Adding [class path resource [application-test.properties]] PropertySource with lowest search precedence
15:50:17.807 [Test worker] DEBUG o.s.core.env.MutablePropertySources - Adding [localProperties] PropertySource with lowest search precedence
15:50:17.807 [Test worker] DEBUG o.s.c.e.PropertySourcesPropertyResolver - Searching for key 'server.contextPath' in [systemProperties]
15:50:17.807 [Test worker] DEBUG o.s.c.e.PropertySourcesPropertyResolver - Searching for key 'server.contextPath' in [systemEnvironment]
15:50:17.807 [Test worker] DEBUG o.s.c.e.PropertySourcesPropertyResolver - Searching for key 'server.contextPath' in [class path resource [application-test.properties]]
15:50:17.807 [Test worker] DEBUG o.s.c.e.PropertySourcesPropertyResolver - Found key 'server.contextPath' in [class path resource [application-test.properties]] with type [String] and value '/movies-adapter'
15:50:17.807 [Test worker] DEBUG o.s.core.env.MutablePropertySources - Adding [systemProperties] PropertySource with lowest search precedence
15:50:17.807 [Test worker] DEBUG o.s.core.env.MutablePropertySources - Adding [systemEnvironment] PropertySource with lowest search precedence
15:50:17.807 [Test worker] DEBUG o.s.core.env.MutablePropertySources - Adding [class path resource [application-test.properties]] PropertySource with lowest search precedence
15:50:17.807 [Test worker] DEBUG o.s.core.env.MutablePropertySources - Adding [localProperties] PropertySource with lowest search precedence
15:50:17.807 [Test worker] DEBUG o.s.c.e.PropertySourcesPropertyResolver - Searching for key 'movies.searchMovieUri' in [systemProperties]
15:50:17.807 [Test worker] DEBUG o.s.c.e.PropertySourcesPropertyResolver - Searching for key 'movies.searchMovieUri' in [systemEnvironment]
15:50:17.807 [Test worker] DEBUG o.s.c.e.PropertySourcesPropertyResolver - Searching for key 'movies.searchMovieUri' in [class path resource [application-test.properties]]
15:50:17.807 [Test worker] DEBUG o.s.c.e.PropertySourcesPropertyResolver - Found key 'movies.searchMovieUri' in [class path resource [application-test.properties]] with type [String] and value '/search/movie'
15:50:17.808 [Test worker] DEBUG o.s.core.env.MutablePropertySources - Adding [systemProperties] PropertySource with lowest search precedence
15:50:17.808 [Test worker] DEBUG o.s.core.env.MutablePropertySources - Adding [systemEnvironment] PropertySource with lowest search precedence
15:50:17.808 [Test worker] DEBUG o.s.core.env.MutablePropertySources - Adding [class path resource [application-test.properties]] PropertySource with lowest search precedence
15:50:17.808 [Test worker] DEBUG o.s.core.env.MutablePropertySources - Adding [localProperties] PropertySource with lowest search precedence
15:50:17.808 [Test worker] DEBUG o.s.c.e.PropertySourcesPropertyResolver - Searching for key 'adapter.pooling.connection.defaultMaxPerRoute' in [systemProperties]
15:50:17.808 [Test worker] DEBUG o.s.c.e.PropertySourcesPropertyResolver - Searching for key 'adapter.pooling.connection.defaultMaxPerRoute' in [systemEnvironment]
15:50:17.808 [Test worker] DEBUG o.s.c.e.PropertySourcesPropertyResolver - Searching for key 'adapter.pooling.connection.defaultMaxPerRoute' in [class path resource [application-test.properties]]
15:50:17.808 [Test worker] DEBUG o.s.c.e.PropertySourcesPropertyResolver - Found key 'adapter.pooling.connection.defaultMaxPerRoute' in [class path resource [application-test.properties]] with type [String] and value '100'
15:50:17.808 [Test worker] DEBUG o.s.core.env.MutablePropertySources - Adding [systemProperties] PropertySource with lowest search precedence
15:50:17.808 [Test worker] DEBUG o.s.core.env.MutablePropertySources - Adding [systemEnvironment] PropertySource with lowest search precedence
15:50:17.808 [Test worker] DEBUG o.s.core.env.MutablePropertySources - Adding [class path resource [application-test.properties]] PropertySource with lowest search precedence
15:50:17.808 [Test worker] DEBUG o.s.core.env.MutablePropertySources - Adding [localProperties] PropertySource with lowest search precedence
15:50:17.808 [Test worker] DEBUG o.s.c.e.PropertySourcesPropertyResolver - Searching for key 'movies.apiUri' in [systemProperties]
15:50:17.808 [Test worker] DEBUG o.s.c.e.PropertySourcesPropertyResolver - Searching for key 'movies.apiUri' in [systemEnvironment]
15:50:17.808 [Test worker] DEBUG o.s.c.e.PropertySourcesPropertyResolver - Searching for key 'movies.apiUri' in [class path resource [application-test.properties]]
15:50:17.808 [Test worker] DEBUG o.s.c.e.PropertySourcesPropertyResolver - Found key 'movies.apiUri' in [class path resource [application-test.properties]] with type [String] and value 'http://api.themoviedb.org/3'
15:50:17.808 [Test worker] DEBUG o.s.core.env.MutablePropertySources - Adding [systemProperties] PropertySource with lowest search precedence
15:50:17.808 [Test worker] DEBUG o.s.core.env.MutablePropertySources - Adding [systemEnvironment] PropertySource with lowest search precedence
15:50:17.808 [Test worker] DEBUG o.s.core.env.MutablePropertySources - Adding [class path resource [application-test.properties]] PropertySource with lowest search precedence
15:50:17.808 [Test worker] DEBUG o.s.core.env.MutablePropertySources - Adding [localProperties] PropertySource with lowest search precedence
15:50:17.808 [Test worker] DEBUG o.s.c.e.PropertySourcesPropertyResolver - Searching for key 'adapter.pooling.connection.maxTotal' in [systemProperties]
15:50:17.808 [Test worker] DEBUG o.s.c.e.PropertySourcesPropertyResolver - Searching for key 'adapter.pooling.connection.maxTotal' in [systemEnvironment]
15:50:17.808 [Test worker] DEBUG o.s.c.e.PropertySourcesPropertyResolver - Searching for key 'adapter.pooling.connection.maxTotal' in [class path resource [application-test.properties]]
15:50:17.808 [Test worker] DEBUG o.s.c.e.PropertySourcesPropertyResolver - Found key 'adapter.pooling.connection.maxTotal' in [class path resource [application-test.properties]] with type [String] and value '500'
15:50:17.808 [Test worker] DEBUG o.s.core.env.MutablePropertySources - Adding [systemProperties] PropertySource with lowest search precedence
15:50:17.808 [Test worker] DEBUG o.s.core.env.MutablePropertySources - Adding [systemEnvironment] PropertySource with lowest search precedence
15:50:17.808 [Test worker] DEBUG o.s.core.env.MutablePropertySources - Adding [class path resource [application-test.properties]] PropertySource with lowest search precedence
15:50:17.808 [Test worker] DEBUG o.s.core.env.MutablePropertySources - Adding [localProperties] PropertySource with lowest search precedence
15:50:17.808 [Test worker] DEBUG o.s.c.e.PropertySourcesPropertyResolver - Searching for key 'adapter.read.timeout.millisec' in [systemProperties]
15:50:17.808 [Test worker] DEBUG o.s.c.e.PropertySourcesPropertyResolver - Searching for key 'adapter.read.timeout.millisec' in [systemEnvironment]
15:50:17.808 [Test worker] DEBUG o.s.c.e.PropertySourcesPropertyResolver - Searching for key 'adapter.read.timeout.millisec' in [class path resource [application-test.properties]]
15:50:17.808 [Test worker] DEBUG o.s.c.e.PropertySourcesPropertyResolver - Found key 'adapter.read.timeout.millisec' in [class path resource [application-test.properties]] with type [String] and value '30000'
15:50:17.811 [Test worker] DEBUG o.s.b.f.s.DefaultListableBeanFactory - Returning cached instance of singleton bean 'org.springframework.retry.annotation.RetryConfiguration'
15:50:17.812 [Test worker] DEBUG o.s.b.f.s.DefaultListableBeanFactory - Returning cached instance of singleton bean 'org.springframework.retry.annotation.RetryConfiguration'
15:50:17.812 [Test worker] DEBUG o.s.b.f.s.DefaultListableBeanFactory - Finished creating instance of bean 'http.mappers.CONFIGURATION_PROPERTIES'
15:50:17.812 [Test worker] DEBUG o.s.b.f.a.AutowiredAnnotationBeanPostProcessor - Autowiring by type from bean name 'org.springframework.boot.autoconfigure.jackson.JacksonAutoConfiguration$JacksonObjectMapperBuilderConfiguration' to bean named 'http.mappers.CONFIGURATION_PROPERTIES'
15:50:17.812 [Test worker] DEBUG o.s.b.f.s.DefaultListableBeanFactory - Returning cached instance of singleton bean 'org.springframework.retry.annotation.RetryConfiguration'
15:50:17.812 [Test worker] DEBUG o.s.b.f.s.DefaultListableBeanFactory - Returning cached instance of singleton bean 'org.springframework.retry.annotation.RetryConfiguration'
15:50:17.812 [Test worker] DEBUG o.s.b.f.s.DefaultListableBeanFactory - Finished creating instance of bean 'org.springframework.boot.autoconfigure.jackson.JacksonAutoConfiguration$JacksonObjectMapperBuilderConfiguration'
15:50:17.812 [Test worker] DEBUG o.s.b.f.s.DefaultListableBeanFactory - Creating shared instance of singleton bean 'jacksonObjectMapperBuilder'
15:50:17.812 [Test worker] DEBUG o.s.b.f.s.DefaultListableBeanFactory - Creating instance of bean 'jacksonObjectMapperBuilder'
15:50:17.813 [Test worker] DEBUG o.s.b.f.s.DefaultListableBeanFactory - Returning cached instance of singleton bean 'org.springframework.retry.annotation.RetryConfiguration'
15:50:17.813 [Test worker] DEBUG o.s.b.f.s.DefaultListableBeanFactory - Returning cached instance of singleton bean 'org.springframework.boot.autoconfigure.jackson.JacksonAutoConfiguration$JacksonObjectMapperBuilderConfiguration'
15:50:17.817 [Test worker] DEBUG o.s.b.f.s.DefaultListableBeanFactory - Eagerly caching bean 'jacksonObjectMapperBuilder' to allow for resolving potential circular references
15:50:17.820 [Test worker] DEBUG o.s.b.f.s.DefaultListableBeanFactory - Returning cached instance of singleton bean 'org.springframework.retry.annotation.RetryConfiguration'
15:50:17.820 [Test worker] DEBUG o.s.b.f.s.DefaultListableBeanFactory - Returning cached instance of singleton bean 'org.springframework.retry.annotation.RetryConfiguration'
15:50:17.820 [Test worker] DEBUG o.s.b.f.s.DefaultListableBeanFactory - Finished creating instance of bean 'jacksonObjectMapperBuilder'
15:50:17.820 [Test worker] DEBUG o.s.b.f.s.DefaultListableBeanFactory - Returning cached instance of singleton bean 'http.mappers.CONFIGURATION_PROPERTIES'
15:50:17.820 [Test worker] DEBUG o.s.b.f.s.DefaultListableBeanFactory - Returning cached instance of singleton bean 'spring.jackson.CONFIGURATION_PROPERTIES'
15:50:17.820 [Test worker] DEBUG o.s.b.f.s.DefaultListableBeanFactory - Creating shared instance of singleton bean 'org.springframework.boot.autoconfigure.jackson.JacksonAutoConfiguration$JacksonObjectMapperConfiguration'
15:50:17.820 [Test worker] DEBUG o.s.b.f.s.DefaultListableBeanFactory - Creating instance of bean 'org.springframework.boot.autoconfigure.jackson.JacksonAutoConfiguration$JacksonObjectMapperConfiguration'
15:50:17.820 [Test worker] DEBUG o.s.b.f.s.DefaultListableBeanFactory - Returning cached instance of singleton bean 'org.springframework.retry.annotation.RetryConfiguration'
15:50:17.821 [Test worker] DEBUG o.s.b.f.s.DefaultListableBeanFactory - Eagerly caching bean 'org.springframework.boot.autoconfigure.jackson.JacksonAutoConfiguration$JacksonObjectMapperConfiguration' to allow for resolving potential circular references
15:50:17.823 [Test worker] DEBUG o.s.b.f.s.DefaultListableBeanFactory - Returning cached instance of singleton bean 'org.springframework.retry.annotation.RetryConfiguration'
15:50:17.823 [Test worker] DEBUG o.s.b.f.s.DefaultListableBeanFactory - Returning cached instance of singleton bean 'org.springframework.retry.annotation.RetryConfiguration'
15:50:17.823 [Test worker] DEBUG o.s.b.f.s.DefaultListableBeanFactory - Finished creating instance of bean 'org.springframework.boot.autoconfigure.jackson.JacksonAutoConfiguration$JacksonObjectMapperConfiguration'
15:50:17.823 [Test worker] DEBUG o.s.b.f.s.DefaultListableBeanFactory - Creating shared instance of singleton bean 'org.springframework.boot.autoconfigure.jackson.JacksonAutoConfiguration'
15:50:17.823 [Test worker] DEBUG o.s.b.f.s.DefaultListableBeanFactory - Creating instance of bean 'org.springframework.boot.autoconfigure.jackson.JacksonAutoConfiguration'
15:50:17.823 [Test worker] DEBUG o.s.b.f.s.DefaultListableBeanFactory - Returning cached instance of singleton bean 'org.springframework.retry.annotation.RetryConfiguration'
15:50:17.824 [Test worker] DEBUG o.s.c.a.CommonAnnotationBeanPostProcessor - Found init method on class [org.springframework.boot.autoconfigure.jackson.JacksonAutoConfiguration$$EnhancerBySpringCGLIB$$319ec92a]: private void org.springframework.boot.autoconfigure.jackson.JacksonAutoConfiguration.registerModulesWithObjectMappers()
15:50:17.824 [Test worker] DEBUG o.s.c.a.CommonAnnotationBeanPostProcessor - Registered init method on class [org.springframework.boot.autoconfigure.jackson.JacksonAutoConfiguration$$EnhancerBySpringCGLIB$$319ec92a]: org.springframework.beans.factory.annotation.InitDestroyAnnotationBeanPostProcessor$LifecycleElement@927d7c4
15:50:17.824 [Test worker] DEBUG o.s.b.f.annotation.InjectionMetadata - Registered injected element on class [org.springframework.boot.autoconfigure.jackson.JacksonAutoConfiguration$$EnhancerBySpringCGLIB$$319ec92a]: AutowiredFieldElement for private org.springframework.beans.factory.ListableBeanFactory org.springframework.boot.autoconfigure.jackson.JacksonAutoConfiguration.beanFactory
15:50:17.824 [Test worker] DEBUG o.s.b.f.s.DefaultListableBeanFactory - Eagerly caching bean 'org.springframework.boot.autoconfigure.jackson.JacksonAutoConfiguration' to allow for resolving potential circular references
15:50:17.826 [Test worker] DEBUG o.s.b.f.annotation.InjectionMetadata - Processing injected element of bean 'org.springframework.boot.autoconfigure.jackson.JacksonAutoConfiguration': AutowiredFieldElement for private org.springframework.beans.factory.ListableBeanFactory org.springframework.boot.autoconfigure.jackson.JacksonAutoConfiguration.beanFactory
15:50:17.826 [Test worker] DEBUG o.s.b.f.a.AutowiredAnnotationBeanPostProcessor - Autowiring by type from bean name 'org.springframework.boot.autoconfigure.jackson.JacksonAutoConfiguration' to bean named 'org.springframework.beans.factory.support.DefaultListableBeanFactory@463d99c0'
15:50:17.826 [Test worker] DEBUG o.s.c.a.CommonAnnotationBeanPostProcessor - Invoking init method on bean 'org.springframework.boot.autoconfigure.jackson.JacksonAutoConfiguration': private void org.springframework.boot.autoconfigure.jackson.JacksonAutoConfiguration.registerModulesWithObjectMappers()
15:50:17.826 [Test worker] DEBUG o.s.b.f.s.DefaultListableBeanFactory - Returning cached instance of singleton bean 'objectMapper'
15:50:17.826 [Test worker] DEBUG o.s.b.f.s.DefaultListableBeanFactory - Returning cached instance of singleton bean 'org.springframework.retry.annotation.RetryConfiguration'
15:50:17.826 [Test worker] DEBUG o.s.b.f.s.DefaultListableBeanFactory - Returning cached instance of singleton bean 'org.springframework.retry.annotation.RetryConfiguration'
15:50:17.827 [Test worker] DEBUG o.s.b.f.s.DefaultListableBeanFactory - Finished creating instance of bean 'org.springframework.boot.autoconfigure.jackson.JacksonAutoConfiguration'
15:50:17.827 [Test worker] DEBUG o.s.b.f.s.DefaultListableBeanFactory - Creating shared instance of singleton bean 'org.springframework.boot.autoconfigure.web.HttpMessageConvertersAutoConfiguration$StringHttpMessageConverterConfiguration'
15:50:17.827 [Test worker] DEBUG o.s.b.f.s.DefaultListableBeanFactory - Creating instance of bean 'org.springframework.boot.autoconfigure.web.HttpMessageConvertersAutoConfiguration$StringHttpMessageConverterConfiguration'
15:50:17.827 [Test worker] DEBUG o.s.b.f.s.DefaultListableBeanFactory - Returning cached instance of singleton bean 'org.springframework.retry.annotation.RetryConfiguration'
15:50:17.827 [Test worker] DEBUG o.s.b.f.annotation.InjectionMetadata - Registered injected element on class [org.springframework.boot.autoconfigure.web.HttpMessageConvertersAutoConfiguration$StringHttpMessageConverterConfiguration$$EnhancerBySpringCGLIB$$9b9d90a]: AutowiredFieldElement for private org.springframework.boot.autoconfigure.web.HttpEncodingProperties org.springframework.boot.autoconfigure.web.HttpMessageConvertersAutoConfiguration$StringHttpMessageConverterConfiguration.encodingProperties
15:50:17.827 [Test worker] DEBUG o.s.b.f.s.DefaultListableBeanFactory - Eagerly caching bean 'org.springframework.boot.autoconfigure.web.HttpMessageConvertersAutoConfiguration$StringHttpMessageConverterConfiguration' to allow for resolving potential circular references
15:50:17.829 [Test worker] DEBUG o.s.b.f.annotation.InjectionMetadata - Processing injected element of bean 'org.springframework.boot.autoconfigure.web.HttpMessageConvertersAutoConfiguration$StringHttpMessageConverterConfiguration': AutowiredFieldElement for private org.springframework.boot.autoconfigure.web.HttpEncodingProperties org.springframework.boot.autoconfigure.web.HttpMessageConvertersAutoConfiguration$StringHttpMessageConverterConfiguration.encodingProperties
15:50:17.830 [Test worker] DEBUG o.s.b.f.s.DefaultListableBeanFactory - Creating shared instance of singleton bean 'spring.http.encoding.CONFIGURATION_PROPERTIES'
15:50:17.830 [Test worker] DEBUG o.s.b.f.s.DefaultListableBeanFactory - Creating instance of bean 'spring.http.encoding.CONFIGURATION_PROPERTIES'
15:50:17.830 [Test worker] DEBUG o.s.b.f.s.DefaultListableBeanFactory - Returning cached instance of singleton bean 'org.springframework.retry.annotation.RetryConfiguration'
15:50:17.830 [Test worker] DEBUG o.s.b.f.s.DefaultListableBeanFactory - Eagerly caching bean 'spring.http.encoding.CONFIGURATION_PROPERTIES' to allow for resolving potential circular references
15:50:17.832 [Test worker] DEBUG o.s.core.env.MutablePropertySources - Adding [systemProperties] PropertySource with lowest search precedence
15:50:17.832 [Test worker] DEBUG o.s.core.env.MutablePropertySources - Adding [systemEnvironment] PropertySource with lowest search precedence
15:50:17.832 [Test worker] DEBUG o.s.core.env.MutablePropertySources - Adding [class path resource [application-test.properties]] PropertySource with lowest search precedence
15:50:17.832 [Test worker] DEBUG o.s.core.env.MutablePropertySources - Adding [localProperties] PropertySource with lowest search precedence
15:50:17.832 [Test worker] DEBUG o.s.core.env.MutablePropertySources - Adding [systemProperties] PropertySource with lowest search precedence
15:50:17.832 [Test worker] DEBUG o.s.core.env.MutablePropertySources - Adding [systemEnvironment] PropertySource with lowest search precedence
15:50:17.832 [Test worker] DEBUG o.s.core.env.MutablePropertySources - Adding [class path resource [application-test.properties]] PropertySource with lowest search precedence
15:50:17.832 [Test worker] DEBUG o.s.core.env.MutablePropertySources - Adding [localProperties] PropertySource with lowest search precedence
15:50:17.832 [Test worker] DEBUG o.s.c.e.PropertySourcesPropertyResolver - Searching for key 'movies.apiKey' in [systemProperties]
15:50:17.832 [Test worker] DEBUG o.s.c.e.PropertySourcesPropertyResolver - Searching for key 'movies.apiKey' in [systemEnvironment]
15:50:17.832 [Test worker] DEBUG o.s.c.e.PropertySourcesPropertyResolver - Searching for key 'movies.apiKey' in [class path resource [application-test.properties]]
15:50:17.832 [Test worker] DEBUG o.s.c.e.PropertySourcesPropertyResolver - Found key 'movies.apiKey' in [class path resource [application-test.properties]] with type [String] and value 'your_key_here'
15:50:17.832 [Test worker] DEBUG o.s.core.env.MutablePropertySources - Adding [systemProperties] PropertySource with lowest search precedence
15:50:17.832 [Test worker] DEBUG o.s.core.env.MutablePropertySources - Adding [systemEnvironment] PropertySource with lowest search precedence
15:50:17.832 [Test worker] DEBUG o.s.core.env.MutablePropertySources - Adding [class path resource [application-test.properties]] PropertySource with lowest search precedence
15:50:17.832 [Test worker] DEBUG o.s.core.env.MutablePropertySources - Adding [localProperties] PropertySource with lowest search precedence
15:50:17.832 [Test worker] DEBUG o.s.c.e.PropertySourcesPropertyResolver - Searching for key 'server.port' in [systemProperties]
15:50:17.832 [Test worker] DEBUG o.s.c.e.PropertySourcesPropertyResolver - Searching for key 'server.port' in [systemEnvironment]
15:50:17.832 [Test worker] DEBUG o.s.c.e.PropertySourcesPropertyResolver - Searching for key 'server.port' in [class path resource [application-test.properties]]
15:50:17.832 [Test worker] DEBUG o.s.c.e.PropertySourcesPropertyResolver - Found key 'server.port' in [class path resource [application-test.properties]] with type [String] and value '8080'
15:50:17.832 [Test worker] DEBUG o.s.core.env.MutablePropertySources - Adding [systemProperties] PropertySource with lowest search precedence
15:50:17.833 [Test worker] DEBUG o.s.core.env.MutablePropertySources - Adding [systemEnvironment] PropertySource with lowest search precedence
15:50:17.833 [Test worker] DEBUG o.s.core.env.MutablePropertySources - Adding [class path resource [application-test.properties]] PropertySource with lowest search precedence
15:50:17.833 [Test worker] DEBUG o.s.core.env.MutablePropertySources - Adding [localProperties] PropertySource with lowest search precedence
15:50:17.833 [Test worker] DEBUG o.s.c.e.PropertySourcesPropertyResolver - Searching for key 'adapter.connection.timeout.millisec' in [systemProperties]
15:50:17.833 [Test worker] DEBUG o.s.c.e.PropertySourcesPropertyResolver - Searching for key 'adapter.connection.timeout.millisec' in [systemEnvironment]
15:50:17.833 [Test worker] DEBUG o.s.c.e.PropertySourcesPropertyResolver - Searching for key 'adapter.connection.timeout.millisec' in [class path resource [application-test.properties]]
15:50:17.833 [Test worker] DEBUG o.s.c.e.PropertySourcesPropertyResolver - Found key 'adapter.connection.timeout.millisec' in [class path resource [application-test.properties]] with type [String] and value '5000'
15:50:17.833 [Test worker] DEBUG o.s.core.env.MutablePropertySources - Adding [systemProperties] PropertySource with lowest search precedence
15:50:17.833 [Test worker] DEBUG o.s.core.env.MutablePropertySources - Adding [systemEnvironment] PropertySource with lowest search precedence
15:50:17.833 [Test worker] DEBUG o.s.core.env.MutablePropertySources - Adding [class path resource [application-test.properties]] PropertySource with lowest search precedence
15:50:17.833 [Test worker] DEBUG o.s.core.env.MutablePropertySources - Adding [localProperties] PropertySource with lowest search precedence
15:50:17.833 [Test worker] DEBUG o.s.c.e.PropertySourcesPropertyResolver - Searching for key 'server.contextPath' in [systemProperties]
15:50:17.833 [Test worker] DEBUG o.s.c.e.PropertySourcesPropertyResolver - Searching for key 'server.contextPath' in [systemEnvironment]
15:50:17.833 [Test worker] DEBUG o.s.c.e.PropertySourcesPropertyResolver - Searching for key 'server.contextPath' in [class path resource [application-test.properties]]
15:50:17.833 [Test worker] DEBUG o.s.c.e.PropertySourcesPropertyResolver - Found key 'server.contextPath' in [class path resource [application-test.properties]] with type [String] and value '/movies-adapter'
15:50:17.833 [Test worker] DEBUG o.s.core.env.MutablePropertySources - Adding [systemProperties] PropertySource with lowest search precedence
15:50:17.833 [Test worker] DEBUG o.s.core.env.MutablePropertySources - Adding [systemEnvironment] PropertySource with lowest search precedence
15:50:17.833 [Test worker] DEBUG o.s.core.env.MutablePropertySources - Adding [class path resource [application-test.properties]] PropertySource with lowest search precedence
15:50:17.833 [Test worker] DEBUG o.s.core.env.MutablePropertySources - Adding [localProperties] PropertySource with lowest search precedence
15:50:17.833 [Test worker] DEBUG o.s.c.e.PropertySourcesPropertyResolver - Searching for key 'movies.searchMovieUri' in [systemProperties]
15:50:17.833 [Test worker] DEBUG o.s.c.e.PropertySourcesPropertyResolver - Searching for key 'movies.searchMovieUri' in [systemEnvironment]
15:50:17.833 [Test worker] DEBUG o.s.c.e.PropertySourcesPropertyResolver - Searching for key 'movies.searchMovieUri' in [class path resource [application-test.properties]]
15:50:17.833 [Test worker] DEBUG o.s.c.e.PropertySourcesPropertyResolver - Found key 'movies.searchMovieUri' in [class path resource [application-test.properties]] with type [String] and value '/search/movie'
15:50:17.833 [Test worker] DEBUG o.s.core.env.MutablePropertySources - Adding [systemProperties] PropertySource with lowest search precedence
15:50:17.833 [Test worker] DEBUG o.s.core.env.MutablePropertySources - Adding [systemEnvironment] PropertySource with lowest search precedence
15:50:17.833 [Test worker] DEBUG o.s.core.env.MutablePropertySources - Adding [class path resource [application-test.properties]] PropertySource with lowest search precedence
15:50:17.833 [Test worker] DEBUG o.s.core.env.MutablePropertySources - Adding [localProperties] PropertySource with lowest search precedence
15:50:17.833 [Test worker] DEBUG o.s.c.e.PropertySourcesPropertyResolver - Searching for key 'adapter.pooling.connection.defaultMaxPerRoute' in [systemProperties]
15:50:17.833 [Test worker] DEBUG o.s.c.e.PropertySourcesPropertyResolver - Searching for key 'adapter.pooling.connection.defaultMaxPerRoute' in [systemEnvironment]
15:50:17.834 [Test worker] DEBUG o.s.c.e.PropertySourcesPropertyResolver - Searching for key 'adapter.pooling.connection.defaultMaxPerRoute' in [class path resource [application-test.properties]]
15:50:17.834 [Test worker] DEBUG o.s.c.e.PropertySourcesPropertyResolver - Found key 'adapter.pooling.connection.defaultMaxPerRoute' in [class path resource [application-test.properties]] with type [String] and value '100'
15:50:17.834 [Test worker] DEBUG o.s.core.env.MutablePropertySources - Adding [systemProperties] PropertySource with lowest search precedence
15:50:17.834 [Test worker] DEBUG o.s.core.env.MutablePropertySources - Adding [systemEnvironment] PropertySource with lowest search precedence
15:50:17.834 [Test worker] DEBUG o.s.core.env.MutablePropertySources - Adding [class path resource [application-test.properties]] PropertySource with lowest search precedence
15:50:17.834 [Test worker] DEBUG o.s.core.env.MutablePropertySources - Adding [localProperties] PropertySource with lowest search precedence
15:50:17.834 [Test worker] DEBUG o.s.c.e.PropertySourcesPropertyResolver - Searching for key 'movies.apiUri' in [systemProperties]
15:50:17.834 [Test worker] DEBUG o.s.c.e.PropertySourcesPropertyResolver - Searching for key 'movies.apiUri' in [systemEnvironment]
15:50:17.834 [Test worker] DEBUG o.s.c.e.PropertySourcesPropertyResolver - Searching for key 'movies.apiUri' in [class path resource [application-test.properties]]
15:50:17.834 [Test worker] DEBUG o.s.c.e.PropertySourcesPropertyResolver - Found key 'movies.apiUri' in [class path resource [application-test.properties]] with type [String] and value 'http://api.themoviedb.org/3'
15:50:17.834 [Test worker] DEBUG o.s.core.env.MutablePropertySources - Adding [systemProperties] PropertySource with lowest search precedence
15:50:17.834 [Test worker] DEBUG o.s.core.env.MutablePropertySources - Adding [systemEnvironment] PropertySource with lowest search precedence
15:50:17.834 [Test worker] DEBUG o.s.core.env.MutablePropertySources - Adding [class path resource [application-test.properties]] PropertySource with lowest search precedence
15:50:17.834 [Test worker] DEBUG o.s.core.env.MutablePropertySources - Adding [localProperties] PropertySource with lowest search precedence
15:50:17.834 [Test worker] DEBUG o.s.c.e.PropertySourcesPropertyResolver - Searching for key 'adapter.pooling.connection.maxTotal' in [systemProperties]
15:50:17.834 [Test worker] DEBUG o.s.c.e.PropertySourcesPropertyResolver - Searching for key 'adapter.pooling.connection.maxTotal' in [systemEnvironment]
15:50:17.834 [Test worker] DEBUG o.s.c.e.PropertySourcesPropertyResolver - Searching for key 'adapter.pooling.connection.maxTotal' in [class path resource [application-test.properties]]
15:50:17.834 [Test worker] DEBUG o.s.c.e.PropertySourcesPropertyResolver - Found key 'adapter.pooling.connection.maxTotal' in [class path resource [application-test.properties]] with type [String] and value '500'
15:50:17.834 [Test worker] DEBUG o.s.core.env.MutablePropertySources - Adding [systemProperties] PropertySource with lowest search precedence
15:50:17.834 [Test worker] DEBUG o.s.core.env.MutablePropertySources - Adding [systemEnvironment] PropertySource with lowest search precedence
15:50:17.834 [Test worker] DEBUG o.s.core.env.MutablePropertySources - Adding [class path resource [application-test.properties]] PropertySource with lowest search precedence
15:50:17.834 [Test worker] DEBUG o.s.core.env.MutablePropertySources - Adding [localProperties] PropertySource with lowest search precedence
15:50:17.834 [Test worker] DEBUG o.s.c.e.PropertySourcesPropertyResolver - Searching for key 'adapter.read.timeout.millisec' in [systemProperties]
15:50:17.834 [Test worker] DEBUG o.s.c.e.PropertySourcesPropertyResolver - Searching for key 'adapter.read.timeout.millisec' in [systemEnvironment]
15:50:17.834 [Test worker] DEBUG o.s.c.e.PropertySourcesPropertyResolver - Searching for key 'adapter.read.timeout.millisec' in [class path resource [application-test.properties]]
15:50:17.834 [Test worker] DEBUG o.s.c.e.PropertySourcesPropertyResolver - Found key 'adapter.read.timeout.millisec' in [class path resource [application-test.properties]] with type [String] and value '30000'
15:50:17.837 [Test worker] DEBUG o.s.b.f.s.DefaultListableBeanFactory - Returning cached instance of singleton bean 'org.springframework.retry.annotation.RetryConfiguration'
15:50:17.837 [Test worker] DEBUG o.s.b.f.s.DefaultListableBeanFactory - Returning cached instance of singleton bean 'org.springframework.retry.annotation.RetryConfiguration'
15:50:17.837 [Test worker] DEBUG o.s.b.f.s.DefaultListableBeanFactory - Finished creating instance of bean 'spring.http.encoding.CONFIGURATION_PROPERTIES'
15:50:17.837 [Test worker] DEBUG o.s.b.f.a.AutowiredAnnotationBeanPostProcessor - Autowiring by type from bean name 'org.springframework.boot.autoconfigure.web.HttpMessageConvertersAutoConfiguration$StringHttpMessageConverterConfiguration' to bean named 'spring.http.encoding.CONFIGURATION_PROPERTIES'
15:50:17.837 [Test worker] DEBUG o.s.b.f.s.DefaultListableBeanFactory - Returning cached instance of singleton bean 'org.springframework.retry.annotation.RetryConfiguration'
15:50:17.837 [Test worker] DEBUG o.s.b.f.s.DefaultListableBeanFactory - Returning cached instance of singleton bean 'org.springframework.retry.annotation.RetryConfiguration'
15:50:17.837 [Test worker] DEBUG o.s.b.f.s.DefaultListableBeanFactory - Finished creating instance of bean 'org.springframework.boot.autoconfigure.web.HttpMessageConvertersAutoConfiguration$StringHttpMessageConverterConfiguration'
15:50:17.837 [Test worker] DEBUG o.s.b.f.s.DefaultListableBeanFactory - Creating shared instance of singleton bean 'stringHttpMessageConverter'
15:50:17.837 [Test worker] DEBUG o.s.b.f.s.DefaultListableBeanFactory - Creating instance of bean 'stringHttpMessageConverter'
15:50:17.837 [Test worker] DEBUG o.s.b.f.s.DefaultListableBeanFactory - Returning cached instance of singleton bean 'org.springframework.retry.annotation.RetryConfiguration'
15:50:17.837 [Test worker] DEBUG o.s.b.f.s.DefaultListableBeanFactory - Returning cached instance of singleton bean 'org.springframework.boot.autoconfigure.web.HttpMessageConvertersAutoConfiguration$StringHttpMessageConverterConfiguration'
15:50:17.842 [Test worker] DEBUG o.s.b.f.s.DefaultListableBeanFactory - Eagerly caching bean 'stringHttpMessageConverter' to allow for resolving potential circular references
15:50:17.843 [Test worker] DEBUG o.s.b.f.s.DefaultListableBeanFactory - Returning cached instance of singleton bean 'org.springframework.retry.annotation.RetryConfiguration'
15:50:17.843 [Test worker] DEBUG o.s.b.f.s.DefaultListableBeanFactory - Returning cached instance of singleton bean 'org.springframework.retry.annotation.RetryConfiguration'
15:50:17.844 [Test worker] DEBUG o.s.b.f.s.DefaultListableBeanFactory - Finished creating instance of bean 'stringHttpMessageConverter'
15:50:17.844 [Test worker] DEBUG o.s.b.f.s.DefaultListableBeanFactory - Returning cached instance of singleton bean 'spring.http.encoding.CONFIGURATION_PROPERTIES'
15:50:17.844 [Test worker] DEBUG o.s.b.f.s.DefaultListableBeanFactory - Creating shared instance of singleton bean 'org.springframework.boot.autoconfigure.web.JacksonHttpMessageConvertersConfiguration$MappingJackson2HttpMessageConverterConfiguration'
15:50:17.844 [Test worker] DEBUG o.s.b.f.s.DefaultListableBeanFactory - Creating instance of bean 'org.springframework.boot.autoconfigure.web.JacksonHttpMessageConvertersConfiguration$MappingJackson2HttpMessageConverterConfiguration'
15:50:17.844 [Test worker] DEBUG o.s.b.f.s.DefaultListableBeanFactory - Returning cached instance of singleton bean 'org.springframework.retry.annotation.RetryConfiguration'
15:50:17.845 [Test worker] DEBUG o.s.b.f.annotation.InjectionMetadata - Registered injected element on class [org.springframework.boot.autoconfigure.web.JacksonHttpMessageConvertersConfiguration$MappingJackson2HttpMessageConverterConfiguration$$EnhancerBySpringCGLIB$$394ac30a]: AutowiredFieldElement for private org.springframework.boot.autoconfigure.web.HttpMapperProperties org.springframework.boot.autoconfigure.web.JacksonHttpMessageConvertersConfiguration$MappingJackson2HttpMessageConverterConfiguration.properties
15:50:17.845 [Test worker] DEBUG o.s.b.f.s.DefaultListableBeanFactory - Eagerly caching bean 'org.springframework.boot.autoconfigure.web.JacksonHttpMessageConvertersConfiguration$MappingJackson2HttpMessageConverterConfiguration' to allow for resolving potential circular references
15:50:17.847 [Test worker] DEBUG o.s.b.f.annotation.InjectionMetadata - Processing injected element of bean 'org.springframework.boot.autoconfigure.web.JacksonHttpMessageConvertersConfiguration$MappingJackson2HttpMessageConverterConfiguration': AutowiredFieldElement for private org.springframework.boot.autoconfigure.web.HttpMapperProperties org.springframework.boot.autoconfigure.web.JacksonHttpMessageConvertersConfiguration$MappingJackson2HttpMessageConverterConfiguration.properties
15:50:17.847 [Test worker] DEBUG o.s.b.f.s.DefaultListableBeanFactory - Returning cached instance of singleton bean 'http.mappers.CONFIGURATION_PROPERTIES'
15:50:17.847 [Test worker] DEBUG o.s.b.f.a.AutowiredAnnotationBeanPostProcessor - Autowiring by type from bean name 'org.springframework.boot.autoconfigure.web.JacksonHttpMessageConvertersConfiguration$MappingJackson2HttpMessageConverterConfiguration' to bean named 'http.mappers.CONFIGURATION_PROPERTIES'
15:50:17.847 [Test worker] DEBUG o.s.b.f.s.DefaultListableBeanFactory - Returning cached instance of singleton bean 'org.springframework.retry.annotation.RetryConfiguration'
15:50:17.847 [Test worker] DEBUG o.s.b.f.s.DefaultListableBeanFactory - Returning cached instance of singleton bean 'org.springframework.retry.annotation.RetryConfiguration'
15:50:17.848 [Test worker] DEBUG o.s.b.f.s.DefaultListableBeanFactory - Finished creating instance of bean 'org.springframework.boot.autoconfigure.web.JacksonHttpMessageConvertersConfiguration$MappingJackson2HttpMessageConverterConfiguration'
15:50:17.848 [Test worker] DEBUG o.s.b.f.s.DefaultListableBeanFactory - Creating shared instance of singleton bean 'mappingJackson2HttpMessageConverter'
15:50:17.848 [Test worker] DEBUG o.s.b.f.s.DefaultListableBeanFactory - Creating instance of bean 'mappingJackson2HttpMessageConverter'
15:50:17.848 [Test worker] DEBUG o.s.b.f.s.DefaultListableBeanFactory - Returning cached instance of singleton bean 'org.springframework.retry.annotation.RetryConfiguration'
15:50:17.848 [Test worker] DEBUG o.s.b.f.s.DefaultListableBeanFactory - Returning cached instance of singleton bean 'org.springframework.boot.autoconfigure.web.JacksonHttpMessageConvertersConfiguration$MappingJackson2HttpMessageConverterConfiguration'
15:50:17.848 [Test worker] DEBUG o.s.b.f.s.DefaultListableBeanFactory - Returning cached instance of singleton bean 'objectMapper'
15:50:17.848 [Test worker] DEBUG o.s.b.f.s.DefaultListableBeanFactory - Autowiring by type from bean name 'mappingJackson2HttpMessageConverter' via factory method to bean named 'objectMapper'
15:50:17.852 [Test worker] DEBUG o.s.b.f.s.DefaultListableBeanFactory - Eagerly caching bean 'mappingJackson2HttpMessageConverter' to allow for resolving potential circular references
15:50:17.852 [Test worker] DEBUG o.s.b.f.s.DefaultListableBeanFactory - Returning cached instance of singleton bean 'org.springframework.retry.annotation.RetryConfiguration'
15:50:17.852 [Test worker] DEBUG o.s.b.f.s.DefaultListableBeanFactory - Returning cached instance of singleton bean 'org.springframework.retry.annotation.RetryConfiguration'
15:50:17.853 [Test worker] DEBUG o.s.b.f.s.DefaultListableBeanFactory - Finished creating instance of bean 'mappingJackson2HttpMessageConverter'
15:50:17.853 [Test worker] DEBUG o.s.b.f.s.DefaultListableBeanFactory - Creating shared instance of singleton bean 'org.springframework.boot.autoconfigure.web.JacksonHttpMessageConvertersConfiguration'
15:50:17.853 [Test worker] DEBUG o.s.b.f.s.DefaultListableBeanFactory - Creating instance of bean 'org.springframework.boot.autoconfigure.web.JacksonHttpMessageConvertersConfiguration'
15:50:17.853 [Test worker] DEBUG o.s.b.f.s.DefaultListableBeanFactory - Returning cached instance of singleton bean 'org.springframework.retry.annotation.RetryConfiguration'
15:50:17.853 [Test worker] DEBUG o.s.b.f.s.DefaultListableBeanFactory - Eagerly caching bean 'org.springframework.boot.autoconfigure.web.JacksonHttpMessageConvertersConfiguration' to allow for resolving potential circular references
15:50:17.855 [Test worker] DEBUG o.s.b.f.s.DefaultListableBeanFactory - Returning cached instance of singleton bean 'org.springframework.retry.annotation.RetryConfiguration'
15:50:17.855 [Test worker] DEBUG o.s.b.f.s.DefaultListableBeanFactory - Returning cached instance of singleton bean 'org.springframework.retry.annotation.RetryConfiguration'
15:50:17.855 [Test worker] DEBUG o.s.b.f.s.DefaultListableBeanFactory - Finished creating instance of bean 'org.springframework.boot.autoconfigure.web.JacksonHttpMessageConvertersConfiguration'
15:50:17.856 [Test worker] DEBUG o.s.b.f.s.DefaultListableBeanFactory - Creating shared instance of singleton bean 'org.springframework.boot.autoconfigure.web.GsonHttpMessageConvertersConfiguration'
15:50:17.856 [Test worker] DEBUG o.s.b.f.s.DefaultListableBeanFactory - Creating instance of bean 'org.springframework.boot.autoconfigure.web.GsonHttpMessageConvertersConfiguration'
15:50:17.856 [Test worker] DEBUG o.s.b.f.s.DefaultListableBeanFactory - Returning cached instance of singleton bean 'org.springframework.retry.annotation.RetryConfiguration'
15:50:17.856 [Test worker] DEBUG o.s.b.f.s.DefaultListableBeanFactory - Eagerly caching bean 'org.springframework.boot.autoconfigure.web.GsonHttpMessageConvertersConfiguration' to allow for resolving potential circular references
15:50:17.858 [Test worker] DEBUG o.s.b.f.s.DefaultListableBeanFactory - Returning cached instance of singleton bean 'org.springframework.retry.annotation.RetryConfiguration'
15:50:17.858 [Test worker] DEBUG o.s.b.f.s.DefaultListableBeanFactory - Returning cached instance of singleton bean 'org.springframework.retry.annotation.RetryConfiguration'
15:50:17.858 [Test worker] DEBUG o.s.b.f.s.DefaultListableBeanFactory - Finished creating instance of bean 'org.springframework.boot.autoconfigure.web.GsonHttpMessageConvertersConfiguration'
15:50:17.858 [Test worker] DEBUG o.s.b.f.s.DefaultListableBeanFactory - Creating shared instance of singleton bean 'org.springframework.boot.autoconfigure.web.HttpMessageConvertersAutoConfiguration'
15:50:17.858 [Test worker] DEBUG o.s.b.f.s.DefaultListableBeanFactory - Creating instance of bean 'org.springframework.boot.autoconfigure.web.HttpMessageConvertersAutoConfiguration'
15:50:17.858 [Test worker] DEBUG o.s.b.f.s.DefaultListableBeanFactory - Returning cached instance of singleton bean 'org.springframework.retry.annotation.RetryConfiguration'
15:50:17.859 [Test worker] DEBUG o.s.b.f.annotation.InjectionMetadata - Registered injected element on class [org.springframework.boot.autoconfigure.web.HttpMessageConvertersAutoConfiguration$$EnhancerBySpringCGLIB$$eeb0a26a]: AutowiredFieldElement for private final java.util.List org.springframework.boot.autoconfigure.web.HttpMessageConvertersAutoConfiguration.converters
15:50:17.859 [Test worker] DEBUG o.s.b.f.s.DefaultListableBeanFactory - Eagerly caching bean 'org.springframework.boot.autoconfigure.web.HttpMessageConvertersAutoConfiguration' to allow for resolving potential circular references
15:50:17.861 [Test worker] DEBUG o.s.b.f.annotation.InjectionMetadata - Processing injected element of bean 'org.springframework.boot.autoconfigure.web.HttpMessageConvertersAutoConfiguration': AutowiredFieldElement for private final java.util.List org.springframework.boot.autoconfigure.web.HttpMessageConvertersAutoConfiguration.converters
15:50:17.864 [Test worker] DEBUG o.s.b.f.s.DefaultListableBeanFactory - Returning cached instance of singleton bean 'stringHttpMessageConverter'
15:50:17.865 [Test worker] DEBUG o.s.b.f.s.DefaultListableBeanFactory - Returning cached instance of singleton bean 'mappingJackson2HttpMessageConverter'
15:50:17.865 [Test worker] DEBUG o.s.b.f.a.AutowiredAnnotationBeanPostProcessor - Autowiring by type from bean name 'org.springframework.boot.autoconfigure.web.HttpMessageConvertersAutoConfiguration' to bean named 'stringHttpMessageConverter'
15:50:17.865 [Test worker] DEBUG o.s.b.f.a.AutowiredAnnotationBeanPostProcessor - Autowiring by type from bean name 'org.springframework.boot.autoconfigure.web.HttpMessageConvertersAutoConfiguration' to bean named 'mappingJackson2HttpMessageConverter'
15:50:17.865 [Test worker] DEBUG o.s.b.f.s.DefaultListableBeanFactory - Returning cached instance of singleton bean 'org.springframework.retry.annotation.RetryConfiguration'
15:50:17.866 [Test worker] DEBUG o.s.b.f.s.DefaultListableBeanFactory - Returning cached instance of singleton bean 'org.springframework.retry.annotation.RetryConfiguration'
15:50:17.866 [Test worker] DEBUG o.s.b.f.s.DefaultListableBeanFactory - Finished creating instance of bean 'org.springframework.boot.autoconfigure.web.HttpMessageConvertersAutoConfiguration'
15:50:17.866 [Test worker] DEBUG o.s.b.f.s.DefaultListableBeanFactory - Creating shared instance of singleton bean 'messageConverters'
15:50:17.866 [Test worker] DEBUG o.s.b.f.s.DefaultListableBeanFactory - Creating instance of bean 'messageConverters'
15:50:17.866 [Test worker] DEBUG o.s.b.f.s.DefaultListableBeanFactory - Returning cached instance of singleton bean 'org.springframework.retry.annotation.RetryConfiguration'
15:50:17.866 [Test worker] DEBUG o.s.b.f.s.DefaultListableBeanFactory - Returning cached instance of singleton bean 'org.springframework.boot.autoconfigure.web.HttpMessageConvertersAutoConfiguration'
15:50:17.880 [Test worker] DEBUG o.s.b.f.s.DefaultListableBeanFactory - Eagerly caching bean 'messageConverters' to allow for resolving potential circular references
15:50:17.883 [Test worker] DEBUG o.s.b.f.s.DefaultListableBeanFactory - Returning cached instance of singleton bean 'org.springframework.retry.annotation.RetryConfiguration'
15:50:17.883 [Test worker] DEBUG o.s.b.f.s.DefaultListableBeanFactory - Returning cached instance of singleton bean 'org.springframework.retry.annotation.RetryConfiguration'
15:50:17.884 [Test worker] DEBUG o.s.b.f.s.DefaultListableBeanFactory - Finished creating instance of bean 'messageConverters'
15:50:17.884 [Test worker] DEBUG o.s.b.f.s.DefaultListableBeanFactory - Creating shared instance of singleton bean 'org.springframework.boot.autoconfigure.web.HttpEncodingAutoConfiguration'
15:50:17.884 [Test worker] DEBUG o.s.b.f.s.DefaultListableBeanFactory - Creating instance of bean 'org.springframework.boot.autoconfigure.web.HttpEncodingAutoConfiguration'
15:50:17.884 [Test worker] DEBUG o.s.b.f.s.DefaultListableBeanFactory - Returning cached instance of singleton bean 'org.springframework.retry.annotation.RetryConfiguration'
15:50:17.885 [Test worker] DEBUG o.s.b.f.annotation.InjectionMetadata - Registered injected element on class [org.springframework.boot.autoconfigure.web.HttpEncodingAutoConfiguration$$EnhancerBySpringCGLIB$$2addbd55]: AutowiredFieldElement for private org.springframework.boot.autoconfigure.web.HttpEncodingProperties org.springframework.boot.autoconfigure.web.HttpEncodingAutoConfiguration.httpEncodingProperties
15:50:17.885 [Test worker] DEBUG o.s.b.f.s.DefaultListableBeanFactory - Eagerly caching bean 'org.springframework.boot.autoconfigure.web.HttpEncodingAutoConfiguration' to allow for resolving potential circular references
15:50:17.886 [Test worker] DEBUG o.s.b.f.annotation.InjectionMetadata - Processing injected element of bean 'org.springframework.boot.autoconfigure.web.HttpEncodingAutoConfiguration': AutowiredFieldElement for private org.springframework.boot.autoconfigure.web.HttpEncodingProperties org.springframework.boot.autoconfigure.web.HttpEncodingAutoConfiguration.httpEncodingProperties
15:50:17.886 [Test worker] DEBUG o.s.b.f.s.DefaultListableBeanFactory - Returning cached instance of singleton bean 'spring.http.encoding.CONFIGURATION_PROPERTIES'
15:50:17.886 [Test worker] DEBUG o.s.b.f.a.AutowiredAnnotationBeanPostProcessor - Autowiring by type from bean name 'org.springframework.boot.autoconfigure.web.HttpEncodingAutoConfiguration' to bean named 'spring.http.encoding.CONFIGURATION_PROPERTIES'
15:50:17.886 [Test worker] DEBUG o.s.b.f.s.DefaultListableBeanFactory - Returning cached instance of singleton bean 'org.springframework.retry.annotation.RetryConfiguration'
15:50:17.886 [Test worker] DEBUG o.s.b.f.s.DefaultListableBeanFactory - Returning cached instance of singleton bean 'org.springframework.retry.annotation.RetryConfiguration'
15:50:17.887 [Test worker] DEBUG o.s.b.f.s.DefaultListableBeanFactory - Finished creating instance of bean 'org.springframework.boot.autoconfigure.web.HttpEncodingAutoConfiguration'
15:50:17.887 [Test worker] DEBUG o.s.b.f.s.DefaultListableBeanFactory - Creating shared instance of singleton bean 'characterEncodingFilter'
15:50:17.887 [Test worker] DEBUG o.s.b.f.s.DefaultListableBeanFactory - Creating instance of bean 'characterEncodingFilter'
15:50:17.887 [Test worker] DEBUG o.s.b.f.s.DefaultListableBeanFactory - Returning cached instance of singleton bean 'org.springframework.retry.annotation.RetryConfiguration'
15:50:17.887 [Test worker] DEBUG o.s.b.f.s.DefaultListableBeanFactory - Returning cached instance of singleton bean 'org.springframework.boot.autoconfigure.web.HttpEncodingAutoConfiguration'
15:50:17.890 [Test worker] DEBUG o.s.w.c.s.StandardServletEnvironment - Adding [servletConfigInitParams] PropertySource with lowest search precedence
15:50:17.890 [Test worker] DEBUG o.s.w.c.s.StandardServletEnvironment - Adding [servletContextInitParams] PropertySource with lowest search precedence
15:50:17.890 [Test worker] DEBUG o.s.w.c.s.StandardServletEnvironment - Adding [systemProperties] PropertySource with lowest search precedence
15:50:17.890 [Test worker] DEBUG o.s.w.c.s.StandardServletEnvironment - Adding [systemEnvironment] PropertySource with lowest search precedence
15:50:17.890 [Test worker] DEBUG o.s.w.c.s.StandardServletEnvironment - Initialized StandardServletEnvironment with PropertySources [servletConfigInitParams,servletContextInitParams,systemProperties,systemEnvironment]
15:50:17.891 [Test worker] DEBUG o.s.b.f.s.DefaultListableBeanFactory - Eagerly caching bean 'characterEncodingFilter' to allow for resolving potential circular references
15:50:17.892 [Test worker] DEBUG o.s.b.f.s.DefaultListableBeanFactory - Invoking afterPropertiesSet() on bean with name 'characterEncodingFilter'
15:50:17.892 [Test worker] DEBUG o.s.b.f.s.DefaultListableBeanFactory - Returning cached instance of singleton bean 'org.springframework.retry.annotation.RetryConfiguration'
15:50:17.892 [Test worker] DEBUG o.s.b.f.s.DefaultListableBeanFactory - Returning cached instance of singleton bean 'org.springframework.retry.annotation.RetryConfiguration'
15:50:17.893 [Test worker] DEBUG o.s.b.f.s.DefaultListableBeanFactory - Finished creating instance of bean 'characterEncodingFilter'
15:50:17.893 [Test worker] DEBUG o.s.b.f.s.DefaultListableBeanFactory - Creating shared instance of singleton bean 'org.springframework.boot.autoconfigure.web.MultipartAutoConfiguration'
15:50:17.893 [Test worker] DEBUG o.s.b.f.s.DefaultListableBeanFactory - Creating instance of bean 'org.springframework.boot.autoconfigure.web.MultipartAutoConfiguration'
15:50:17.893 [Test worker] DEBUG o.s.b.f.s.DefaultListableBeanFactory - Returning cached instance of singleton bean 'org.springframework.retry.annotation.RetryConfiguration'
15:50:17.893 [Test worker] DEBUG o.s.b.f.annotation.InjectionMetadata - Registered injected element on class [org.springframework.boot.autoconfigure.web.MultipartAutoConfiguration$$EnhancerBySpringCGLIB$$9d8d9290]: AutowiredFieldElement for private org.springframework.boot.autoconfigure.web.MultipartProperties org.springframework.boot.autoconfigure.web.MultipartAutoConfiguration.multipartProperties
15:50:17.893 [Test worker] DEBUG o.s.b.f.s.DefaultListableBeanFactory - Eagerly caching bean 'org.springframework.boot.autoconfigure.web.MultipartAutoConfiguration' to allow for resolving potential circular references
15:50:17.895 [Test worker] DEBUG o.s.b.f.annotation.InjectionMetadata - Processing injected element of bean 'org.springframework.boot.autoconfigure.web.MultipartAutoConfiguration': AutowiredFieldElement for private org.springframework.boot.autoconfigure.web.MultipartProperties org.springframework.boot.autoconfigure.web.MultipartAutoConfiguration.multipartProperties
15:50:17.896 [Test worker] DEBUG o.s.b.f.s.DefaultListableBeanFactory - Creating shared instance of singleton bean 'multipart.CONFIGURATION_PROPERTIES'
15:50:17.896 [Test worker] DEBUG o.s.b.f.s.DefaultListableBeanFactory - Creating instance of bean 'multipart.CONFIGURATION_PROPERTIES'
15:50:17.896 [Test worker] DEBUG o.s.b.f.s.DefaultListableBeanFactory - Returning cached instance of singleton bean 'org.springframework.retry.annotation.RetryConfiguration'
15:50:17.896 [Test worker] DEBUG o.s.b.f.s.DefaultListableBeanFactory - Eagerly caching bean 'multipart.CONFIGURATION_PROPERTIES' to allow for resolving potential circular references
15:50:17.897 [Test worker] DEBUG o.s.core.env.MutablePropertySources - Adding [systemProperties] PropertySource with lowest search precedence
15:50:17.898 [Test worker] DEBUG o.s.core.env.MutablePropertySources - Adding [systemEnvironment] PropertySource with lowest search precedence
15:50:17.898 [Test worker] DEBUG o.s.core.env.MutablePropertySources - Adding [class path resource [application-test.properties]] PropertySource with lowest search precedence
15:50:17.898 [Test worker] DEBUG o.s.core.env.MutablePropertySources - Adding [localProperties] PropertySource with lowest search precedence
15:50:17.898 [Test worker] DEBUG o.s.core.env.MutablePropertySources - Adding [systemProperties] PropertySource with lowest search precedence
15:50:17.898 [Test worker] DEBUG o.s.core.env.MutablePropertySources - Adding [systemEnvironment] PropertySource with lowest search precedence
15:50:17.898 [Test worker] DEBUG o.s.core.env.MutablePropertySources - Adding [class path resource [application-test.properties]] PropertySource with lowest search precedence
15:50:17.898 [Test worker] DEBUG o.s.core.env.MutablePropertySources - Adding [localProperties] PropertySource with lowest search precedence
15:50:17.898 [Test worker] DEBUG o.s.c.e.PropertySourcesPropertyResolver - Searching for key 'movies.apiKey' in [systemProperties]
15:50:17.898 [Test worker] DEBUG o.s.c.e.PropertySourcesPropertyResolver - Searching for key 'movies.apiKey' in [systemEnvironment]
15:50:17.898 [Test worker] DEBUG o.s.c.e.PropertySourcesPropertyResolver - Searching for key 'movies.apiKey' in [class path resource [application-test.properties]]
15:50:17.898 [Test worker] DEBUG o.s.c.e.PropertySourcesPropertyResolver - Found key 'movies.apiKey' in [class path resource [application-test.properties]] with type [String] and value 'your_key_here'
15:50:17.898 [Test worker] DEBUG o.s.core.env.MutablePropertySources - Adding [systemProperties] PropertySource with lowest search precedence
15:50:17.898 [Test worker] DEBUG o.s.core.env.MutablePropertySources - Adding [systemEnvironment] PropertySource with lowest search precedence
15:50:17.898 [Test worker] DEBUG o.s.core.env.MutablePropertySources - Adding [class path resource [application-test.properties]] PropertySource with lowest search precedence
15:50:17.898 [Test worker] DEBUG o.s.core.env.MutablePropertySources - Adding [localProperties] PropertySource with lowest search precedence
15:50:17.898 [Test worker] DEBUG o.s.c.e.PropertySourcesPropertyResolver - Searching for key 'server.port' in [systemProperties]
15:50:17.898 [Test worker] DEBUG o.s.c.e.PropertySourcesPropertyResolver - Searching for key 'server.port' in [systemEnvironment]
15:50:17.898 [Test worker] DEBUG o.s.c.e.PropertySourcesPropertyResolver - Searching for key 'server.port' in [class path resource [application-test.properties]]
15:50:17.898 [Test worker] DEBUG o.s.c.e.PropertySourcesPropertyResolver - Found key 'server.port' in [class path resource [application-test.properties]] with type [String] and value '8080'
15:50:17.898 [Test worker] DEBUG o.s.core.env.MutablePropertySources - Adding [systemProperties] PropertySource with lowest search precedence
15:50:17.898 [Test worker] DEBUG o.s.core.env.MutablePropertySources - Adding [systemEnvironment] PropertySource with lowest search precedence
15:50:17.898 [Test worker] DEBUG o.s.core.env.MutablePropertySources - Adding [class path resource [application-test.properties]] PropertySource with lowest search precedence
15:50:17.898 [Test worker] DEBUG o.s.core.env.MutablePropertySources - Adding [localProperties] PropertySource with lowest search precedence
15:50:17.898 [Test worker] DEBUG o.s.c.e.PropertySourcesPropertyResolver - Searching for key 'adapter.connection.timeout.millisec' in [systemProperties]
15:50:17.898 [Test worker] DEBUG o.s.c.e.PropertySourcesPropertyResolver - Searching for key 'adapter.connection.timeout.millisec' in [systemEnvironment]
15:50:17.898 [Test worker] DEBUG o.s.c.e.PropertySourcesPropertyResolver - Searching for key 'adapter.connection.timeout.millisec' in [class path resource [application-test.properties]]
15:50:17.898 [Test worker] DEBUG o.s.c.e.PropertySourcesPropertyResolver - Found key 'adapter.connection.timeout.millisec' in [class path resource [application-test.properties]] with type [String] and value '5000'
15:50:17.898 [Test worker] DEBUG o.s.core.env.MutablePropertySources - Adding [systemProperties] PropertySource with lowest search precedence
15:50:17.898 [Test worker] DEBUG o.s.core.env.MutablePropertySources - Adding [systemEnvironment] PropertySource with lowest search precedence
15:50:17.898 [Test worker] DEBUG o.s.core.env.MutablePropertySources - Adding [class path resource [application-test.properties]] PropertySource with lowest search precedence
15:50:17.898 [Test worker] DEBUG o.s.core.env.MutablePropertySources - Adding [localProperties] PropertySource with lowest search precedence
15:50:17.898 [Test worker] DEBUG o.s.c.e.PropertySourcesPropertyResolver - Searching for key 'server.contextPath' in [systemProperties]
15:50:17.898 [Test worker] DEBUG o.s.c.e.PropertySourcesPropertyResolver - Searching for key 'server.contextPath' in [systemEnvironment]
15:50:17.899 [Test worker] DEBUG o.s.c.e.PropertySourcesPropertyResolver - Searching for key 'server.contextPath' in [class path resource [application-test.properties]]
15:50:17.899 [Test worker] DEBUG o.s.c.e.PropertySourcesPropertyResolver - Found key 'server.contextPath' in [class path resource [application-test.properties]] with type [String] and value '/movies-adapter'
15:50:17.899 [Test worker] DEBUG o.s.core.env.MutablePropertySources - Adding [systemProperties] PropertySource with lowest search precedence
15:50:17.899 [Test worker] DEBUG o.s.core.env.MutablePropertySources - Adding [systemEnvironment] PropertySource with lowest search precedence
15:50:17.899 [Test worker] DEBUG o.s.core.env.MutablePropertySources - Adding [class path resource [application-test.properties]] PropertySource with lowest search precedence
15:50:17.899 [Test worker] DEBUG o.s.core.env.MutablePropertySources - Adding [localProperties] PropertySource with lowest search precedence
15:50:17.899 [Test worker] DEBUG o.s.c.e.PropertySourcesPropertyResolver - Searching for key 'movies.searchMovieUri' in [systemProperties]
15:50:17.899 [Test worker] DEBUG o.s.c.e.PropertySourcesPropertyResolver - Searching for key 'movies.searchMovieUri' in [systemEnvironment]
15:50:17.899 [Test worker] DEBUG o.s.c.e.PropertySourcesPropertyResolver - Searching for key 'movies.searchMovieUri' in [class path resource [application-test.properties]]
15:50:17.899 [Test worker] DEBUG o.s.c.e.PropertySourcesPropertyResolver - Found key 'movies.searchMovieUri' in [class path resource [application-test.properties]] with type [String] and value '/search/movie'
15:50:17.899 [Test worker] DEBUG o.s.core.env.MutablePropertySources - Adding [systemProperties] PropertySource with lowest search precedence
15:50:17.899 [Test worker] DEBUG o.s.core.env.MutablePropertySources - Adding [systemEnvironment] PropertySource with lowest search precedence
15:50:17.899 [Test worker] DEBUG o.s.core.env.MutablePropertySources - Adding [class path resource [application-test.properties]] PropertySource with lowest search precedence
15:50:17.899 [Test worker] DEBUG o.s.core.env.MutablePropertySources - Adding [localProperties] PropertySource with lowest search precedence
15:50:17.899 [Test worker] DEBUG o.s.c.e.PropertySourcesPropertyResolver - Searching for key 'adapter.pooling.connection.defaultMaxPerRoute' in [systemProperties]
15:50:17.899 [Test worker] DEBUG o.s.c.e.PropertySourcesPropertyResolver - Searching for key 'adapter.pooling.connection.defaultMaxPerRoute' in [systemEnvironment]
15:50:17.899 [Test worker] DEBUG o.s.c.e.PropertySourcesPropertyResolver - Searching for key 'adapter.pooling.connection.defaultMaxPerRoute' in [class path resource [application-test.properties]]
15:50:17.899 [Test worker] DEBUG o.s.c.e.PropertySourcesPropertyResolver - Found key 'adapter.pooling.connection.defaultMaxPerRoute' in [class path resource [application-test.properties]] with type [String] and value '100'
15:50:17.899 [Test worker] DEBUG o.s.core.env.MutablePropertySources - Adding [systemProperties] PropertySource with lowest search precedence
15:50:17.899 [Test worker] DEBUG o.s.core.env.MutablePropertySources - Adding [systemEnvironment] PropertySource with lowest search precedence
15:50:17.899 [Test worker] DEBUG o.s.core.env.MutablePropertySources - Adding [class path resource [application-test.properties]] PropertySource with lowest search precedence
15:50:17.899 [Test worker] DEBUG o.s.core.env.MutablePropertySources - Adding [localProperties] PropertySource with lowest search precedence
15:50:17.899 [Test worker] DEBUG o.s.c.e.PropertySourcesPropertyResolver - Searching for key 'movies.apiUri' in [systemProperties]
15:50:17.899 [Test worker] DEBUG o.s.c.e.PropertySourcesPropertyResolver - Searching for key 'movies.apiUri' in [systemEnvironment]
15:50:17.899 [Test worker] DEBUG o.s.c.e.PropertySourcesPropertyResolver - Searching for key 'movies.apiUri' in [class path resource [application-test.properties]]
15:50:17.899 [Test worker] DEBUG o.s.c.e.PropertySourcesPropertyResolver - Found key 'movies.apiUri' in [class path resource [application-test.properties]] with type [String] and value 'http://api.themoviedb.org/3'
15:50:17.899 [Test worker] DEBUG o.s.core.env.MutablePropertySources - Adding [systemProperties] PropertySource with lowest search precedence
15:50:17.899 [Test worker] DEBUG o.s.core.env.MutablePropertySources - Adding [systemEnvironment] PropertySource with lowest search precedence
15:50:17.899 [Test worker] DEBUG o.s.core.env.MutablePropertySources - Adding [class path resource [application-test.properties]] PropertySource with lowest search precedence
15:50:17.899 [Test worker] DEBUG o.s.core.env.MutablePropertySources - Adding [localProperties] PropertySource with lowest search precedence
15:50:17.899 [Test worker] DEBUG o.s.c.e.PropertySourcesPropertyResolver - Searching for key 'adapter.pooling.connection.maxTotal' in [systemProperties]
15:50:17.899 [Test worker] DEBUG o.s.c.e.PropertySourcesPropertyResolver - Searching for key 'adapter.pooling.connection.maxTotal' in [systemEnvironment]
15:50:17.899 [Test worker] DEBUG o.s.c.e.PropertySourcesPropertyResolver - Searching for key 'adapter.pooling.connection.maxTotal' in [class path resource [application-test.properties]]
15:50:17.899 [Test worker] DEBUG o.s.c.e.PropertySourcesPropertyResolver - Found key 'adapter.pooling.connection.maxTotal' in [class path resource [application-test.properties]] with type [String] and value '500'
15:50:17.899 [Test worker] DEBUG o.s.core.env.MutablePropertySources - Adding [systemProperties] PropertySource with lowest search precedence
15:50:17.900 [Test worker] DEBUG o.s.core.env.MutablePropertySources - Adding [systemEnvironment] PropertySource with lowest search precedence
15:50:17.900 [Test worker] DEBUG o.s.core.env.MutablePropertySources - Adding [class path resource [application-test.properties]] PropertySource with lowest search precedence
15:50:17.900 [Test worker] DEBUG o.s.core.env.MutablePropertySources - Adding [localProperties] PropertySource with lowest search precedence
15:50:17.900 [Test worker] DEBUG o.s.c.e.PropertySourcesPropertyResolver - Searching for key 'adapter.read.timeout.millisec' in [systemProperties]
15:50:17.900 [Test worker] DEBUG o.s.c.e.PropertySourcesPropertyResolver - Searching for key 'adapter.read.timeout.millisec' in [systemEnvironment]
15:50:17.900 [Test worker] DEBUG o.s.c.e.PropertySourcesPropertyResolver - Searching for key 'adapter.read.timeout.millisec' in [class path resource [application-test.properties]]
15:50:17.900 [Test worker] DEBUG o.s.c.e.PropertySourcesPropertyResolver - Found key 'adapter.read.timeout.millisec' in [class path resource [application-test.properties]] with type [String] and value '30000'
15:50:17.902 [Test worker] DEBUG o.s.b.f.s.DefaultListableBeanFactory - Returning cached instance of singleton bean 'org.springframework.retry.annotation.RetryConfiguration'
15:50:17.902 [Test worker] DEBUG o.s.b.f.s.DefaultListableBeanFactory - Returning cached instance of singleton bean 'org.springframework.retry.annotation.RetryConfiguration'
15:50:17.902 [Test worker] DEBUG o.s.b.f.s.DefaultListableBeanFactory - Finished creating instance of bean 'multipart.CONFIGURATION_PROPERTIES'
15:50:17.902 [Test worker] DEBUG o.s.b.f.a.AutowiredAnnotationBeanPostProcessor - Autowiring by type from bean name 'org.springframework.boot.autoconfigure.web.MultipartAutoConfiguration' to bean named 'multipart.CONFIGURATION_PROPERTIES'
15:50:17.902 [Test worker] DEBUG o.s.b.f.s.DefaultListableBeanFactory - Returning cached instance of singleton bean 'org.springframework.retry.annotation.RetryConfiguration'
15:50:17.902 [Test worker] DEBUG o.s.b.f.s.DefaultListableBeanFactory - Returning cached instance of singleton bean 'org.springframework.retry.annotation.RetryConfiguration'
15:50:17.903 [Test worker] DEBUG o.s.b.f.s.DefaultListableBeanFactory - Finished creating instance of bean 'org.springframework.boot.autoconfigure.web.MultipartAutoConfiguration'
15:50:17.903 [Test worker] DEBUG o.s.b.f.s.DefaultListableBeanFactory - Creating shared instance of singleton bean 'multipartConfigElement'
15:50:17.903 [Test worker] DEBUG o.s.b.f.s.DefaultListableBeanFactory - Creating instance of bean 'multipartConfigElement'
15:50:17.903 [Test worker] DEBUG o.s.b.f.s.DefaultListableBeanFactory - Returning cached instance of singleton bean 'org.springframework.retry.annotation.RetryConfiguration'
15:50:17.903 [Test worker] DEBUG o.s.b.f.s.DefaultListableBeanFactory - Returning cached instance of singleton bean 'org.springframework.boot.autoconfigure.web.MultipartAutoConfiguration'
15:50:17.906 [Test worker] DEBUG o.s.b.f.s.DefaultListableBeanFactory - Eagerly caching bean 'multipartConfigElement' to allow for resolving potential circular references
15:50:17.907 [Test worker] DEBUG o.s.b.f.s.DefaultListableBeanFactory - Returning cached instance of singleton bean 'org.springframework.retry.annotation.RetryConfiguration'
15:50:17.907 [Test worker] DEBUG o.s.b.f.s.DefaultListableBeanFactory - Returning cached instance of singleton bean 'org.springframework.retry.annotation.RetryConfiguration'
15:50:17.907 [Test worker] DEBUG o.s.b.f.s.DefaultListableBeanFactory - Finished creating instance of bean 'multipartConfigElement'
15:50:17.907 [Test worker] DEBUG o.s.b.f.s.DefaultListableBeanFactory - Creating shared instance of singleton bean 'multipartResolver'
15:50:17.907 [Test worker] DEBUG o.s.b.f.s.DefaultListableBeanFactory - Creating instance of bean 'multipartResolver'
15:50:17.907 [Test worker] DEBUG o.s.b.f.s.DefaultListableBeanFactory - Returning cached instance of singleton bean 'org.springframework.retry.annotation.RetryConfiguration'
15:50:17.907 [Test worker] DEBUG o.s.b.f.s.DefaultListableBeanFactory - Returning cached instance of singleton bean 'org.springframework.boot.autoconfigure.web.MultipartAutoConfiguration'
15:50:17.909 [Test worker] DEBUG o.s.b.f.s.DefaultListableBeanFactory - Eagerly caching bean 'multipartResolver' to allow for resolving potential circular references
15:50:17.910 [Test worker] DEBUG o.s.b.f.s.DefaultListableBeanFactory - Returning cached instance of singleton bean 'org.springframework.retry.annotation.RetryConfiguration'
15:50:17.910 [Test worker] DEBUG o.s.b.f.s.DefaultListableBeanFactory - Returning cached instance of singleton bean 'org.springframework.retry.annotation.RetryConfiguration'
15:50:17.910 [Test worker] DEBUG o.s.b.f.s.DefaultListableBeanFactory - Finished creating instance of bean 'multipartResolver'
15:50:17.910 [Test worker] DEBUG o.s.b.f.s.DefaultListableBeanFactory - Returning cached instance of singleton bean 'multipart.CONFIGURATION_PROPERTIES'
15:50:17.910 [Test worker] INFO  o.s.j.e.a.AnnotationMBeanExporter - Registering beans for JMX exposure on startup
15:50:17.910 [Test worker] DEBUG o.s.j.e.a.AnnotationMBeanExporter - Autodetecting user-defined JMX MBeans
15:50:17.915 [Test worker] INFO  o.s.b.a.e.jmx.EndpointMBeanExporter - Registering beans for JMX exposure on startup
15:50:17.917 [Test worker] DEBUG o.s.c.s.GenericApplicationContext - Unable to locate LifecycleProcessor with name 'lifecycleProcessor': using default [org.springframework.context.support.DefaultLifecycleProcessor@4e82f55f]
15:50:17.917 [Test worker] DEBUG o.s.b.f.s.DefaultListableBeanFactory - Returning cached instance of singleton bean 'endpointMBeanExporter'
15:50:17.917 [Test worker] DEBUG o.s.b.f.s.DefaultListableBeanFactory - Returning cached instance of singleton bean 'lifecycleProcessor'
15:50:17.919 [Test worker] INFO  o.s.c.s.DefaultLifecycleProcessor - Starting beans in phase 0
15:50:17.919 [Test worker] DEBUG o.s.c.s.DefaultLifecycleProcessor - Starting bean 'endpointMBeanExporter' of type [class org.springframework.boot.actuate.endpoint.jmx.EndpointMBeanExporter]
15:50:17.920 [Test worker] DEBUG o.s.b.f.s.DefaultListableBeanFactory - Returning cached instance of singleton bean 'requestMappingEndpoint'
15:50:17.920 [Test worker] DEBUG o.s.b.f.s.DefaultListableBeanFactory - Returning cached instance of singleton bean 'environmentEndpoint'
15:50:17.920 [Test worker] DEBUG o.s.b.f.s.DefaultListableBeanFactory - Returning cached instance of singleton bean 'healthEndpoint'
15:50:17.920 [Test worker] DEBUG o.s.b.f.s.DefaultListableBeanFactory - Returning cached instance of singleton bean 'beansEndpoint'
15:50:17.920 [Test worker] DEBUG o.s.b.f.s.DefaultListableBeanFactory - Returning cached instance of singleton bean 'infoEndpoint'
15:50:17.920 [Test worker] DEBUG o.s.b.f.s.DefaultListableBeanFactory - Returning cached instance of singleton bean 'metricsEndpoint'
15:50:17.920 [Test worker] DEBUG o.s.b.f.s.DefaultListableBeanFactory - Returning cached instance of singleton bean 'traceEndpoint'
15:50:17.920 [Test worker] DEBUG o.s.b.f.s.DefaultListableBeanFactory - Returning cached instance of singleton bean 'dumpEndpoint'
15:50:17.920 [Test worker] DEBUG o.s.b.f.s.DefaultListableBeanFactory - Returning cached instance of singleton bean 'autoConfigurationAuditEndpoint'
15:50:17.920 [Test worker] DEBUG o.s.b.f.s.DefaultListableBeanFactory - Returning cached instance of singleton bean 'shutdownEndpoint'
15:50:17.920 [Test worker] DEBUG o.s.b.f.s.DefaultListableBeanFactory - Returning cached instance of singleton bean 'configurationPropertiesReportEndpoint'
15:50:17.922 [Test worker] INFO  o.s.b.a.e.jmx.EndpointMBeanExporter - Located managed bean 'requestMappingEndpoint': registering with JMX server as MBean [org.springframework.boot:type=Endpoint,name=requestMappingEndpoint]
15:50:18.124 [Test worker] INFO  o.s.b.a.e.jmx.EndpointMBeanExporter - Located managed bean 'environmentEndpoint': registering with JMX server as MBean [org.springframework.boot:type=Endpoint,name=environmentEndpoint]
15:50:18.133 [Test worker] INFO  o.s.b.a.e.jmx.EndpointMBeanExporter - Located managed bean 'healthEndpoint': registering with JMX server as MBean [org.springframework.boot:type=Endpoint,name=healthEndpoint]
15:50:18.143 [Test worker] INFO  o.s.b.a.e.jmx.EndpointMBeanExporter - Located managed bean 'beansEndpoint': registering with JMX server as MBean [org.springframework.boot:type=Endpoint,name=beansEndpoint]
15:50:18.155 [Test worker] INFO  o.s.b.a.e.jmx.EndpointMBeanExporter - Located managed bean 'infoEndpoint': registering with JMX server as MBean [org.springframework.boot:type=Endpoint,name=infoEndpoint]
15:50:18.161 [Test worker] INFO  o.s.b.a.e.jmx.EndpointMBeanExporter - Located managed bean 'metricsEndpoint': registering with JMX server as MBean [org.springframework.boot:type=Endpoint,name=metricsEndpoint]
15:50:18.165 [Test worker] INFO  o.s.b.a.e.jmx.EndpointMBeanExporter - Located managed bean 'traceEndpoint': registering with JMX server as MBean [org.springframework.boot:type=Endpoint,name=traceEndpoint]
15:50:18.170 [Test worker] INFO  o.s.b.a.e.jmx.EndpointMBeanExporter - Located managed bean 'dumpEndpoint': registering with JMX server as MBean [org.springframework.boot:type=Endpoint,name=dumpEndpoint]
15:50:18.211 [Test worker] INFO  o.s.b.a.e.jmx.EndpointMBeanExporter - Located managed bean 'autoConfigurationAuditEndpoint': registering with JMX server as MBean [org.springframework.boot:type=Endpoint,name=autoConfigurationAuditEndpoint]
15:50:18.218 [Test worker] INFO  o.s.b.a.e.jmx.EndpointMBeanExporter - Located managed bean 'shutdownEndpoint': registering with JMX server as MBean [org.springframework.boot:type=Endpoint,name=shutdownEndpoint]
15:50:18.228 [Test worker] INFO  o.s.b.a.e.jmx.EndpointMBeanExporter - Located managed bean 'configurationPropertiesReportEndpoint': registering with JMX server as MBean [org.springframework.boot:type=Endpoint,name=configurationPropertiesReportEndpoint]
15:50:18.246 [Test worker] DEBUG o.s.c.s.DefaultLifecycleProcessor - Successfully started bean 'endpointMBeanExporter'
15:50:18.248 [Test worker] DEBUG o.s.c.e.PropertySourcesPropertyResolver - Searching for key 'spring.liveBeansView.mbeanDomain' in [systemProperties]
15:50:18.248 [Test worker] DEBUG o.s.c.e.PropertySourcesPropertyResolver - Searching for key 'spring.liveBeansView.mbeanDomain' in [systemEnvironment]
15:50:18.248 [Test worker] DEBUG o.s.c.e.PropertySourcesPropertyResolver - Searching for key 'spring.liveBeansView.mbeanDomain' in [class path resource [application-test.properties]]
15:50:18.248 [Test worker] DEBUG o.s.c.e.PropertySourcesPropertyResolver - Could not find key 'spring.liveBeansView.mbeanDomain' in any property source. Returning [null]
15:50:18.249 [Test worker] DEBUG o.s.t.c.DefaultCacheAwareContextLoaderDelegate - Storing ApplicationContext in cache under key [[MergedContextConfiguration@501aee8 testClass = SearchMoviesIntegrationTest, locations = '{}', classes = '{class com.susu.movies.integration.IntegrationTestConfiguration, class com.susu.movies.Application}', contextInitializerClasses = '[]', activeProfiles = '{}', propertySourceLocations = '{}', propertySourceProperties = '{}', contextLoader = 'org.springframework.test.context.support.DelegatingSmartContextLoader', parent = [null]]]
15:50:18.249 [Test worker] DEBUG o.springframework.test.context.cache - Spring test ApplicationContext cache statistics: [ContextCache@a0cc3d7 size = 1, hitCount = 0, missCount = 1, parentContextCount = 0]
15:50:18.251 [Test worker] DEBUG o.s.b.f.annotation.InjectionMetadata - Processing injected element of bean 'com.susu.movies.integration.SearchMoviesIntegrationTest': AutowiredFieldElement for private org.springframework.web.client.RestTemplate com.susu.movies.integration.SearchMoviesIntegrationTest.restTemplate
15:50:18.252 [Test worker] DEBUG o.s.b.f.s.DefaultListableBeanFactory - Returning cached instance of singleton bean 'restTemplate'
15:50:18.252 [Test worker] DEBUG o.s.b.f.a.AutowiredAnnotationBeanPostProcessor - Autowiring by type from bean name 'com.susu.movies.integration.SearchMoviesIntegrationTest' to bean named 'restTemplate'
15:50:18.252 [Test worker] DEBUG o.s.b.f.annotation.InjectionMetadata - Processing injected element of bean 'com.susu.movies.integration.SearchMoviesIntegrationTest': AutowiredFieldElement for private com.susu.movies.search.adapter.SearchMoviesAdapter com.susu.movies.integration.SearchMoviesIntegrationTest.searchMoviesAdapter
15:50:18.252 [Test worker] DEBUG o.s.b.f.s.DefaultListableBeanFactory - Returning cached instance of singleton bean 'moviesAdapter'
15:50:18.252 [Test worker] DEBUG o.s.b.f.a.AutowiredAnnotationBeanPostProcessor - Autowiring by type from bean name 'com.susu.movies.integration.SearchMoviesIntegrationTest' to bean named 'moviesAdapter'
15:50:18.253 [Test worker] DEBUG o.s.b.f.s.DefaultListableBeanFactory - Returning cached instance of singleton bean 'org.springframework.retry.annotation.RetryConfiguration'
15:50:18.253 [Test worker] DEBUG o.s.b.f.s.DefaultListableBeanFactory - Returning cached instance of singleton bean 'org.springframework.retry.annotation.RetryConfiguration'
15:50:18.450 [Test worker] DEBUG o.s.retry.support.RetryTemplate - Retry: count=0
15:50:18.470 [Test worker] DEBUG o.s.web.client.RestTemplate - Created GET request for "/search/movie?api_key=your_key_here&query=fight%2Bclub&year=2013"
15:50:18.594 [Test worker] DEBUG o.s.web.client.RestTemplate - Setting request Accept header to [application/json, application/*+json]
15:50:18.668 [Test worker] DEBUG o.a.h.c.protocol.RequestAddCookies - CookieSpec selected: best-match
15:50:18.688 [Test worker] DEBUG o.a.h.c.protocol.RequestAuthCache - Auth cache not set in the context
15:50:18.690 [Test worker] DEBUG o.a.h.i.c.PoolingHttpClientConnectionManager - Connection request: [route: {}->http://api.themoviedb.org:80][total kept alive: 0; route allocated: 0 of 100; total allocated: 0 of 500]
15:50:18.719 [Test worker] DEBUG o.a.h.i.c.PoolingHttpClientConnectionManager - Connection leased: [id: 0][route: {}->http://api.themoviedb.org:80][total kept alive: 0; route allocated: 1 of 100; total allocated: 1 of 500]
15:50:18.725 [Test worker] DEBUG o.a.h.impl.execchain.MainClientExec - Opening connection {}->http://api.themoviedb.org:80
15:50:19.185 [Test worker] DEBUG o.a.h.i.c.HttpClientConnectionOperator - Connecting to api.themoviedb.org/174.129.205.219:80
15:50:19.215 [Test worker] DEBUG o.a.h.i.c.HttpClientConnectionOperator - Connection established 192.168.1.54:49435<->174.129.205.219:80
15:50:19.216 [Test worker] DEBUG o.a.h.impl.execchain.MainClientExec - Executing request GET /3/search/movie?api_key=your_key_here&query=fight%2Bclub&year=2013 HTTP/1.1
15:50:19.216 [Test worker] DEBUG o.a.h.impl.execchain.MainClientExec - Target auth state: UNCHALLENGED
15:50:19.216 [Test worker] DEBUG o.a.h.impl.execchain.MainClientExec - Proxy auth state: UNCHALLENGED
15:50:19.221 [Test worker] DEBUG org.apache.http.headers - http-outgoing-0 >> GET /3/search/movie?api_key=your_key_here&query=fight%2Bclub&year=2013 HTTP/1.1
15:50:19.221 [Test worker] DEBUG org.apache.http.headers - http-outgoing-0 >> Accept: application/json, application/*+json
15:50:19.221 [Test worker] DEBUG org.apache.http.headers - http-outgoing-0 >> Host: api.themoviedb.org
15:50:19.221 [Test worker] DEBUG org.apache.http.headers - http-outgoing-0 >> Connection: Keep-Alive
15:50:19.221 [Test worker] DEBUG org.apache.http.headers - http-outgoing-0 >> User-Agent: Apache-HttpClient/4.3.5 (java 1.5)
15:50:19.221 [Test worker] DEBUG org.apache.http.headers - http-outgoing-0 >> Accept-Encoding: gzip,deflate
15:50:19.221 [Test worker] DEBUG org.apache.http.wire - http-outgoing-0 >> "GET /3/search/movie?api_key=your_key_here&query=fight%2Bclub&year=2013 HTTP/1.1[\r][\n]"
15:50:19.221 [Test worker] DEBUG org.apache.http.wire - http-outgoing-0 >> "Accept: application/json, application/*+json[\r][\n]"
15:50:19.221 [Test worker] DEBUG org.apache.http.wire - http-outgoing-0 >> "Host: api.themoviedb.org[\r][\n]"
15:50:19.221 [Test worker] DEBUG org.apache.http.wire - http-outgoing-0 >> "Connection: Keep-Alive[\r][\n]"
15:50:19.221 [Test worker] DEBUG org.apache.http.wire - http-outgoing-0 >> "User-Agent: Apache-HttpClient/4.3.5 (java 1.5)[\r][\n]"
15:50:19.221 [Test worker] DEBUG org.apache.http.wire - http-outgoing-0 >> "Accept-Encoding: gzip,deflate[\r][\n]"
15:50:19.221 [Test worker] DEBUG org.apache.http.wire - http-outgoing-0 >> "[\r][\n]"
15:50:19.903 [Test worker] DEBUG org.apache.http.wire - http-outgoing-0 << "HTTP/1.1 401 Unauthorized[\r][\n]"
15:50:19.903 [Test worker] DEBUG org.apache.http.wire - http-outgoing-0 << "Content-Type: application/json;charset=utf-8[\r][\n]"
15:50:19.903 [Test worker] DEBUG org.apache.http.wire - http-outgoing-0 << "Date: Tue, 21 Jun 2016 08:50:20 GMT[\r][\n]"
15:50:19.903 [Test worker] DEBUG org.apache.http.wire - http-outgoing-0 << "Server: openresty[\r][\n]"
15:50:19.903 [Test worker] DEBUG org.apache.http.wire - http-outgoing-0 << "X-RateLimit-Limit: 40[\r][\n]"
15:50:19.903 [Test worker] DEBUG org.apache.http.wire - http-outgoing-0 << "X-RateLimit-Remaining: 39[\r][\n]"
15:50:19.903 [Test worker] DEBUG org.apache.http.wire - http-outgoing-0 << "X-RateLimit-Reset: 1466499030[\r][\n]"
15:50:19.903 [Test worker] DEBUG org.apache.http.wire - http-outgoing-0 << "Content-Length: 86[\r][\n]"
15:50:19.903 [Test worker] DEBUG org.apache.http.wire - http-outgoing-0 << "Connection: close[\r][\n]"
15:50:19.903 [Test worker] DEBUG org.apache.http.wire - http-outgoing-0 << "[\r][\n]"
15:50:19.904 [Test worker] DEBUG org.apache.http.wire - http-outgoing-0 << "{"status_code":7,"status_message":"Invalid API key: You must be granted a valid key."}"
15:50:19.907 [Test worker] DEBUG org.apache.http.headers - http-outgoing-0 << HTTP/1.1 401 Unauthorized
15:50:19.907 [Test worker] DEBUG org.apache.http.headers - http-outgoing-0 << Content-Type: application/json;charset=utf-8
15:50:19.907 [Test worker] DEBUG org.apache.http.headers - http-outgoing-0 << Date: Tue, 21 Jun 2016 08:50:20 GMT
15:50:19.907 [Test worker] DEBUG org.apache.http.headers - http-outgoing-0 << Server: openresty
15:50:19.907 [Test worker] DEBUG org.apache.http.headers - http-outgoing-0 << X-RateLimit-Limit: 40
15:50:19.907 [Test worker] DEBUG org.apache.http.headers - http-outgoing-0 << X-RateLimit-Remaining: 39
15:50:19.907 [Test worker] DEBUG org.apache.http.headers - http-outgoing-0 << X-RateLimit-Reset: 1466499030
15:50:19.907 [Test worker] DEBUG org.apache.http.headers - http-outgoing-0 << Content-Length: 86
15:50:19.907 [Test worker] DEBUG org.apache.http.headers - http-outgoing-0 << Connection: close
15:50:19.909 [Test worker] DEBUG o.a.http.impl.auth.HttpAuthenticator - Authentication required
15:50:19.909 [Test worker] DEBUG o.a.http.impl.auth.HttpAuthenticator - api.themoviedb.org:80 requested authentication
15:50:19.909 [Test worker] DEBUG o.a.http.impl.auth.HttpAuthenticator - Response contains no authentication challenges
15:50:19.914 [Test worker] DEBUG o.s.web.client.RestTemplate - GET request for "/search/movie?api_key=your_key_here&query=fight%2Bclub&year=2013" resulted in 401 (Unauthorized); invoking error handler
15:50:19.916 [Test worker] DEBUG o.a.h.i.c.DefaultManagedHttpClientConnection - http-outgoing-0: Shutdown connection
15:50:19.916 [Test worker] DEBUG o.a.h.impl.execchain.MainClientExec - Connection discarded
15:50:19.917 [Test worker] DEBUG o.a.h.i.c.DefaultManagedHttpClientConnection - http-outgoing-0: Close connection
15:50:19.917 [Test worker] DEBUG o.a.h.i.c.PoolingHttpClientConnectionManager - Connection released: [id: 0][route: {}->http://api.themoviedb.org:80][total kept alive: 0; route allocated: 0 of 100; total allocated: 0 of 500]
15:50:19.921 [Test worker] DEBUG o.s.r.b.ExponentialBackOffPolicy - Sleeping for 1000
15:50:20.922 [Test worker] DEBUG o.s.retry.support.RetryTemplate - Checking for rethrow: count=1
15:50:20.922 [Test worker] DEBUG o.s.retry.support.RetryTemplate - Retry: count=1
15:50:20.922 [Test worker] DEBUG o.s.web.client.RestTemplate - Created GET request for "/search/movie?api_key=your_key_here&query=fight%2Bclub&year=2013"
15:50:20.922 [Test worker] DEBUG o.s.web.client.RestTemplate - Setting request Accept header to [application/json, application/*+json]
15:50:20.923 [Test worker] DEBUG o.a.h.c.protocol.RequestAddCookies - CookieSpec selected: best-match
15:50:20.923 [Test worker] DEBUG o.a.h.c.protocol.RequestAuthCache - Auth cache not set in the context
15:50:20.923 [Test worker] DEBUG o.a.h.i.c.PoolingHttpClientConnectionManager - Connection request: [route: {}->http://api.themoviedb.org:80][total kept alive: 0; route allocated: 0 of 100; total allocated: 0 of 500]
15:50:20.923 [Test worker] DEBUG o.a.h.i.c.PoolingHttpClientConnectionManager - Connection leased: [id: 1][route: {}->http://api.themoviedb.org:80][total kept alive: 0; route allocated: 1 of 100; total allocated: 1 of 500]
15:50:20.923 [Test worker] DEBUG o.a.h.impl.execchain.MainClientExec - Opening connection {}->http://api.themoviedb.org:80
15:50:20.923 [Test worker] DEBUG o.a.h.i.c.HttpClientConnectionOperator - Connecting to api.themoviedb.org/174.129.205.219:80
15:50:20.940 [Test worker] DEBUG o.a.h.i.c.HttpClientConnectionOperator - Connection established 192.168.1.54:49436<->174.129.205.219:80
15:50:20.940 [Test worker] DEBUG o.a.h.impl.execchain.MainClientExec - Executing request GET /3/search/movie?api_key=your_key_here&query=fight%2Bclub&year=2013 HTTP/1.1
15:50:20.940 [Test worker] DEBUG o.a.h.impl.execchain.MainClientExec - Target auth state: UNCHALLENGED
15:50:20.940 [Test worker] DEBUG o.a.h.impl.execchain.MainClientExec - Proxy auth state: UNCHALLENGED
15:50:20.940 [Test worker] DEBUG org.apache.http.headers - http-outgoing-1 >> GET /3/search/movie?api_key=your_key_here&query=fight%2Bclub&year=2013 HTTP/1.1
15:50:20.940 [Test worker] DEBUG org.apache.http.headers - http-outgoing-1 >> Accept: application/json, application/*+json
15:50:20.940 [Test worker] DEBUG org.apache.http.headers - http-outgoing-1 >> Host: api.themoviedb.org
15:50:20.940 [Test worker] DEBUG org.apache.http.headers - http-outgoing-1 >> Connection: Keep-Alive
15:50:20.940 [Test worker] DEBUG org.apache.http.headers - http-outgoing-1 >> User-Agent: Apache-HttpClient/4.3.5 (java 1.5)
15:50:20.940 [Test worker] DEBUG org.apache.http.headers - http-outgoing-1 >> Accept-Encoding: gzip,deflate
15:50:20.940 [Test worker] DEBUG org.apache.http.wire - http-outgoing-1 >> "GET /3/search/movie?api_key=your_key_here&query=fight%2Bclub&year=2013 HTTP/1.1[\r][\n]"
15:50:20.940 [Test worker] DEBUG org.apache.http.wire - http-outgoing-1 >> "Accept: application/json, application/*+json[\r][\n]"
15:50:20.940 [Test worker] DEBUG org.apache.http.wire - http-outgoing-1 >> "Host: api.themoviedb.org[\r][\n]"
15:50:20.940 [Test worker] DEBUG org.apache.http.wire - http-outgoing-1 >> "Connection: Keep-Alive[\r][\n]"
15:50:20.940 [Test worker] DEBUG org.apache.http.wire - http-outgoing-1 >> "User-Agent: Apache-HttpClient/4.3.5 (java 1.5)[\r][\n]"
15:50:20.940 [Test worker] DEBUG org.apache.http.wire - http-outgoing-1 >> "Accept-Encoding: gzip,deflate[\r][\n]"
15:50:20.940 [Test worker] DEBUG org.apache.http.wire - http-outgoing-1 >> "[\r][\n]"
15:50:21.513 [Test worker] DEBUG org.apache.http.wire - http-outgoing-1 << "HTTP/1.1 401 Unauthorized[\r][\n]"
15:50:21.513 [Test worker] DEBUG org.apache.http.wire - http-outgoing-1 << "Content-Type: application/json;charset=utf-8[\r][\n]"
15:50:21.513 [Test worker] DEBUG org.apache.http.wire - http-outgoing-1 << "Date: Tue, 21 Jun 2016 08:50:22 GMT[\r][\n]"
15:50:21.513 [Test worker] DEBUG org.apache.http.wire - http-outgoing-1 << "Server: openresty[\r][\n]"
15:50:21.513 [Test worker] DEBUG org.apache.http.wire - http-outgoing-1 << "X-RateLimit-Limit: 40[\r][\n]"
15:50:21.513 [Test worker] DEBUG org.apache.http.wire - http-outgoing-1 << "X-RateLimit-Remaining: 38[\r][\n]"
15:50:21.513 [Test worker] DEBUG org.apache.http.wire - http-outgoing-1 << "X-RateLimit-Reset: 1466499030[\r][\n]"
15:50:21.513 [Test worker] DEBUG org.apache.http.wire - http-outgoing-1 << "Content-Length: 86[\r][\n]"
15:50:21.513 [Test worker] DEBUG org.apache.http.wire - http-outgoing-1 << "Connection: close[\r][\n]"
15:50:21.513 [Test worker] DEBUG org.apache.http.wire - http-outgoing-1 << "[\r][\n]"
15:50:21.513 [Test worker] DEBUG org.apache.http.wire - http-outgoing-1 << "{"status_code":7,"status_message":"Invalid API key: You must be granted a valid key."}"
15:50:21.513 [Test worker] DEBUG org.apache.http.headers - http-outgoing-1 << HTTP/1.1 401 Unauthorized
15:50:21.513 [Test worker] DEBUG org.apache.http.headers - http-outgoing-1 << Content-Type: application/json;charset=utf-8
15:50:21.513 [Test worker] DEBUG org.apache.http.headers - http-outgoing-1 << Date: Tue, 21 Jun 2016 08:50:22 GMT
15:50:21.513 [Test worker] DEBUG org.apache.http.headers - http-outgoing-1 << Server: openresty
15:50:21.513 [Test worker] DEBUG org.apache.http.headers - http-outgoing-1 << X-RateLimit-Limit: 40
15:50:21.513 [Test worker] DEBUG org.apache.http.headers - http-outgoing-1 << X-RateLimit-Remaining: 38
15:50:21.513 [Test worker] DEBUG org.apache.http.headers - http-outgoing-1 << X-RateLimit-Reset: 1466499030
15:50:21.513 [Test worker] DEBUG org.apache.http.headers - http-outgoing-1 << Content-Length: 86
15:50:21.513 [Test worker] DEBUG org.apache.http.headers - http-outgoing-1 << Connection: close
15:50:21.514 [Test worker] DEBUG o.a.http.impl.auth.HttpAuthenticator - Authentication required
15:50:21.514 [Test worker] DEBUG o.a.http.impl.auth.HttpAuthenticator - api.themoviedb.org:80 requested authentication
15:50:21.514 [Test worker] DEBUG o.a.http.impl.auth.HttpAuthenticator - Response contains no authentication challenges
15:50:21.514 [Test worker] DEBUG o.s.web.client.RestTemplate - GET request for "/search/movie?api_key=your_key_here&query=fight%2Bclub&year=2013" resulted in 401 (Unauthorized); invoking error handler
15:50:21.514 [Test worker] DEBUG o.a.h.i.c.DefaultManagedHttpClientConnection - http-outgoing-1: Shutdown connection
15:50:21.514 [Test worker] DEBUG o.a.h.impl.execchain.MainClientExec - Connection discarded
15:50:21.514 [Test worker] DEBUG o.a.h.i.c.DefaultManagedHttpClientConnection - http-outgoing-1: Close connection
15:50:21.514 [Test worker] DEBUG o.a.h.i.c.PoolingHttpClientConnectionManager - Connection released: [id: 1][route: {}->http://api.themoviedb.org:80][total kept alive: 0; route allocated: 0 of 100; total allocated: 0 of 500]
15:50:21.514 [Test worker] DEBUG o.s.r.b.ExponentialBackOffPolicy - Sleeping for 2000
15:50:23.519 [Test worker] DEBUG o.s.retry.support.RetryTemplate - Checking for rethrow: count=2
15:50:23.519 [Test worker] DEBUG o.s.retry.support.RetryTemplate - Retry: count=2
15:50:23.520 [Test worker] DEBUG o.s.web.client.RestTemplate - Created GET request for "/search/movie?api_key=your_key_here&query=fight%2Bclub&year=2013"
15:50:23.520 [Test worker] DEBUG o.s.web.client.RestTemplate - Setting request Accept header to [application/json, application/*+json]
15:50:23.520 [Test worker] DEBUG o.a.h.c.protocol.RequestAddCookies - CookieSpec selected: best-match
15:50:23.520 [Test worker] DEBUG o.a.h.c.protocol.RequestAuthCache - Auth cache not set in the context
15:50:23.521 [Test worker] DEBUG o.a.h.i.c.PoolingHttpClientConnectionManager - Connection request: [route: {}->http://api.themoviedb.org:80][total kept alive: 0; route allocated: 0 of 100; total allocated: 0 of 500]
15:50:23.521 [Test worker] DEBUG o.a.h.i.c.PoolingHttpClientConnectionManager - Connection leased: [id: 2][route: {}->http://api.themoviedb.org:80][total kept alive: 0; route allocated: 1 of 100; total allocated: 1 of 500]
15:50:23.521 [Test worker] DEBUG o.a.h.impl.execchain.MainClientExec - Opening connection {}->http://api.themoviedb.org:80
15:50:23.521 [Test worker] DEBUG o.a.h.i.c.HttpClientConnectionOperator - Connecting to api.themoviedb.org/174.129.205.219:80
15:50:23.864 [Test worker] DEBUG o.a.h.i.c.HttpClientConnectionOperator - Connection established 192.168.1.54:49437<->174.129.205.219:80
15:50:23.865 [Test worker] DEBUG o.a.h.impl.execchain.MainClientExec - Executing request GET /3/search/movie?api_key=your_key_here&query=fight%2Bclub&year=2013 HTTP/1.1
15:50:23.865 [Test worker] DEBUG o.a.h.impl.execchain.MainClientExec - Target auth state: UNCHALLENGED
15:50:23.865 [Test worker] DEBUG o.a.h.impl.execchain.MainClientExec - Proxy auth state: UNCHALLENGED
15:50:23.865 [Test worker] DEBUG org.apache.http.headers - http-outgoing-2 >> GET /3/search/movie?api_key=your_key_here&query=fight%2Bclub&year=2013 HTTP/1.1
15:50:23.865 [Test worker] DEBUG org.apache.http.headers - http-outgoing-2 >> Accept: application/json, application/*+json
15:50:23.865 [Test worker] DEBUG org.apache.http.headers - http-outgoing-2 >> Host: api.themoviedb.org
15:50:23.865 [Test worker] DEBUG org.apache.http.headers - http-outgoing-2 >> Connection: Keep-Alive
15:50:23.865 [Test worker] DEBUG org.apache.http.headers - http-outgoing-2 >> User-Agent: Apache-HttpClient/4.3.5 (java 1.5)
15:50:23.865 [Test worker] DEBUG org.apache.http.headers - http-outgoing-2 >> Accept-Encoding: gzip,deflate
15:50:23.865 [Test worker] DEBUG org.apache.http.wire - http-outgoing-2 >> "GET /3/search/movie?api_key=your_key_here&query=fight%2Bclub&year=2013 HTTP/1.1[\r][\n]"
15:50:23.865 [Test worker] DEBUG org.apache.http.wire - http-outgoing-2 >> "Accept: application/json, application/*+json[\r][\n]"
15:50:23.865 [Test worker] DEBUG org.apache.http.wire - http-outgoing-2 >> "Host: api.themoviedb.org[\r][\n]"
15:50:23.865 [Test worker] DEBUG org.apache.http.wire - http-outgoing-2 >> "Connection: Keep-Alive[\r][\n]"
15:50:23.865 [Test worker] DEBUG org.apache.http.wire - http-outgoing-2 >> "User-Agent: Apache-HttpClient/4.3.5 (java 1.5)[\r][\n]"
15:50:23.865 [Test worker] DEBUG org.apache.http.wire - http-outgoing-2 >> "Accept-Encoding: gzip,deflate[\r][\n]"
15:50:23.865 [Test worker] DEBUG org.apache.http.wire - http-outgoing-2 >> "[\r][\n]"
15:50:24.455 [Test worker] DEBUG org.apache.http.wire - http-outgoing-2 << "HTTP/1.1 401 Unauthorized[\r][\n]"
15:50:24.455 [Test worker] DEBUG org.apache.http.wire - http-outgoing-2 << "Content-Type: application/json;charset=utf-8[\r][\n]"
15:50:24.455 [Test worker] DEBUG org.apache.http.wire - http-outgoing-2 << "Date: Tue, 21 Jun 2016 08:50:25 GMT[\r][\n]"
15:50:24.455 [Test worker] DEBUG org.apache.http.wire - http-outgoing-2 << "Server: openresty[\r][\n]"
15:50:24.455 [Test worker] DEBUG org.apache.http.wire - http-outgoing-2 << "X-RateLimit-Limit: 40[\r][\n]"
15:50:24.455 [Test worker] DEBUG org.apache.http.wire - http-outgoing-2 << "X-RateLimit-Remaining: 37[\r][\n]"
15:50:24.455 [Test worker] DEBUG org.apache.http.wire - http-outgoing-2 << "X-RateLimit-Reset: 1466499030[\r][\n]"
15:50:24.455 [Test worker] DEBUG org.apache.http.wire - http-outgoing-2 << "Content-Length: 86[\r][\n]"
15:50:24.455 [Test worker] DEBUG org.apache.http.wire - http-outgoing-2 << "Connection: close[\r][\n]"
15:50:24.455 [Test worker] DEBUG org.apache.http.wire - http-outgoing-2 << "[\r][\n]"
15:50:24.455 [Test worker] DEBUG org.apache.http.wire - http-outgoing-2 << "{"status_code":7,"status_message":"Invalid API key: You must be granted a valid key."}"
15:50:24.456 [Test worker] DEBUG org.apache.http.headers - http-outgoing-2 << HTTP/1.1 401 Unauthorized
15:50:24.456 [Test worker] DEBUG org.apache.http.headers - http-outgoing-2 << Content-Type: application/json;charset=utf-8
15:50:24.456 [Test worker] DEBUG org.apache.http.headers - http-outgoing-2 << Date: Tue, 21 Jun 2016 08:50:25 GMT
15:50:24.456 [Test worker] DEBUG org.apache.http.headers - http-outgoing-2 << Server: openresty
15:50:24.456 [Test worker] DEBUG org.apache.http.headers - http-outgoing-2 << X-RateLimit-Limit: 40
15:50:24.456 [Test worker] DEBUG org.apache.http.headers - http-outgoing-2 << X-RateLimit-Remaining: 37
15:50:24.456 [Test worker] DEBUG org.apache.http.headers - http-outgoing-2 << X-RateLimit-Reset: 1466499030
15:50:24.456 [Test worker] DEBUG org.apache.http.headers - http-outgoing-2 << Content-Length: 86
15:50:24.456 [Test worker] DEBUG org.apache.http.headers - http-outgoing-2 << Connection: close
15:50:24.456 [Test worker] DEBUG o.a.http.impl.auth.HttpAuthenticator - Authentication required
15:50:24.456 [Test worker] DEBUG o.a.http.impl.auth.HttpAuthenticator - api.themoviedb.org:80 requested authentication
15:50:24.456 [Test worker] DEBUG o.a.http.impl.auth.HttpAuthenticator - Response contains no authentication challenges
15:50:24.456 [Test worker] DEBUG o.s.web.client.RestTemplate - GET request for "/search/movie?api_key=your_key_here&query=fight%2Bclub&year=2013" resulted in 401 (Unauthorized); invoking error handler
15:50:24.456 [Test worker] DEBUG o.a.h.i.c.DefaultManagedHttpClientConnection - http-outgoing-2: Shutdown connection
15:50:24.457 [Test worker] DEBUG o.a.h.impl.execchain.MainClientExec - Connection discarded
15:50:24.457 [Test worker] DEBUG o.a.h.i.c.DefaultManagedHttpClientConnection - http-outgoing-2: Close connection
15:50:24.457 [Test worker] DEBUG o.a.h.i.c.PoolingHttpClientConnectionManager - Connection released: [id: 2][route: {}->http://api.themoviedb.org:80][total kept alive: 0; route allocated: 0 of 100; total allocated: 0 of 500]
15:50:24.457 [Test worker] DEBUG o.s.retry.support.RetryTemplate - Checking for rethrow: count=3
15:50:24.457 [Test worker] DEBUG o.s.retry.support.RetryTemplate - Retry failed last attempt: count=3
15:50:24.463 [Test worker] DEBUG o.s.t.c.s.DirtiesContextTestExecutionListener - After test method: context [DefaultTestContext@6335caa testClass = SearchMoviesIntegrationTest, testInstance = com.susu.movies.integration.SearchMoviesIntegrationTest@42fe8260, testMethod = $spock_feature_0_0@SearchMoviesIntegrationTest, testException = com.susu.movies.search.adapter.SearchMoviesException: Error response from Movies API, mergedContextConfiguration = [MergedContextConfiguration@501aee8 testClass = SearchMoviesIntegrationTest, locations = '{}', classes = '{class com.susu.movies.integration.IntegrationTestConfiguration, class com.susu.movies.Application}', contextInitializerClasses = '[]', activeProfiles = '{}', propertySourceLocations = '{}', propertySourceProperties = '{}', contextLoader = 'org.springframework.test.context.support.DelegatingSmartContextLoader', parent = [null]]], class dirties context [false], class mode [null], method dirties context [false].
15:50:24.464 [Test worker] DEBUG o.s.t.c.s.DirtiesContextTestExecutionListener - After test class: context [DefaultTestContext@6335caa testClass = SearchMoviesIntegrationTest, testInstance = [null], testMethod = [null], testException = [null], mergedContextConfiguration = [MergedContextConfiguration@501aee8 testClass = SearchMoviesIntegrationTest, locations = '{}', classes = '{class com.susu.movies.integration.IntegrationTestConfiguration, class com.susu.movies.Application}', contextInitializerClasses = '[]', activeProfiles = '{}', propertySourceLocations = '{}', propertySourceProperties = '{}', contextLoader = 'org.springframework.test.context.support.DelegatingSmartContextLoader', parent = [null]]], dirtiesContext [false].
]]></system-out>
  <system-err><![CDATA[]]></system-err>
</testsuite>
